Virtual User Script started at: 29.04.2023 10:20:25	[MsgId: MMSG-15967]
Starting action vuser_init.	[MsgId: MMSG-15919]
Web Turbo Replay of LoadRunner 2021.0.0 for Windows 10; build 430 (џэт 05 2021 19:27:22)  	[MsgId: MMSG-26983]
Run mode: HTML  	[MsgId: MMSG-26993]
Replay user agent: Mozilla/5.0 (Windows NT 10.0; Win64; x64) AppleWebKit/537.36 (KHTML, like Gecko) Chrome/111.0.0.0 Safari/537.36  	[MsgId: MMSG-26988]
Runtime Settings file: "C:\Users\svp31\AppData\Local\Temp\lr5tmpdirrIs.740\lrcfgiTo.741\cfgByi.744"  	[MsgId: MMSG-27141]
Ending action vuser_init.	[MsgId: MMSG-15918]
Running Vuser...	[MsgId: MMSG-15964]
Starting iteration 1.	[MsgId: MMSG-15968]
Maximum number of concurrent connections per server: 6  	[MsgId: MMSG-26989]
Starting action Action.	[MsgId: MMSG-15919]
Action.c(4): Notify: Transaction "UC2_Search_Ticket" started.	[MsgId: MMSG-16999]
Action.c(6): Notify: Transaction "open_home_page" started.	[MsgId: MMSG-16999]
Action.c(8): web_reg_find started  	[MsgId: MMSG-26355]
Action.c(8): Registering web_reg_find was successful  	[MsgId: MMSG-26390]
Action.c(11): web_add_auto_header("Sec-Fetch-Dest") started  	[MsgId: MMSG-26355]
Action.c(11): web_add_auto_header("Sec-Fetch-Dest") was successful  	[MsgId: MMSG-26392]
Action.c(14): web_add_auto_header("Sec-Fetch-Mode") started  	[MsgId: MMSG-26355]
Action.c(14): web_add_auto_header("Sec-Fetch-Mode") was successful  	[MsgId: MMSG-26392]
Action.c(17): web_add_auto_header("Sec-Fetch-Site") started  	[MsgId: MMSG-26355]
Action.c(17): web_add_auto_header("Sec-Fetch-Site") was successful  	[MsgId: MMSG-26392]
Action.c(20): web_add_auto_header("Upgrade-Insecure-Requests") started  	[MsgId: MMSG-26355]
Action.c(20): web_add_auto_header("Upgrade-Insecure-Requests") was successful  	[MsgId: MMSG-26392]
Action.c(23): web_add_auto_header("sec-ch-ua") started  	[MsgId: MMSG-26355]
Action.c(23): web_add_auto_header("sec-ch-ua") was successful  	[MsgId: MMSG-26392]
Action.c(26): web_add_auto_header("sec-ch-ua-mobile") started  	[MsgId: MMSG-26355]
Action.c(26): web_add_auto_header("sec-ch-ua-mobile") was successful  	[MsgId: MMSG-26392]
Action.c(29): web_add_auto_header("sec-ch-ua-platform") started  	[MsgId: MMSG-26355]
Action.c(29): web_add_auto_header("sec-ch-ua-platform") was successful  	[MsgId: MMSG-26392]
Action.c(33): web_reg_save_param_attrib started  	[MsgId: MMSG-26355]
Action.c(33): Registering web_reg_save_param_attrib was successful  	[MsgId: MMSG-26390]
Action.c(44): web_url("welcome.pl") started  	[MsgId: MMSG-26355]
Action.c(44): Detected non-resource "http://localhost:1080/cgi-bin/nav.pl?in=home" in "http://localhost:1080/cgi-bin/welcome.pl?signOff=true"  	[MsgId: MMSG-26574]
Action.c(44): Detected non-resource "http://localhost:1080/WebTours/home.html" in "http://localhost:1080/cgi-bin/welcome.pl?signOff=true"  	[MsgId: MMSG-26574]
Action.c(44): Found resource "http://localhost:1080/WebTours/images/mer_login.gif" in HTML "http://localhost:1080/cgi-bin/nav.pl?in=home"  	[MsgId: MMSG-26659]
Action.c(44): Registered web_reg_find successful for "Text=Welcome to the Web Tours site" (count=1)  	[MsgId: MMSG-26364]
Action.c(44): web_url("welcome.pl") was successful, 4216 body bytes, 1182 header bytes, 24 chunking overhead bytes  	[MsgId: MMSG-26385]
Action.c(54): Notify: Transaction "open_home_page" ended with a "Pass" status (Duration: 0,0937).	[MsgId: MMSG-16873]
Action.c(56): lr_think_time: 5,00 seconds.	[MsgId: MMSG-15948]
Action.c(58): Notify: Transaction "enter_login" started.	[MsgId: MMSG-16999]
Action.c(60): web_reg_find started  	[MsgId: MMSG-26355]
Action.c(60): Registering web_reg_find was successful  	[MsgId: MMSG-26390]
Action.c(63): web_add_header("Origin") started  	[MsgId: MMSG-26355]
Action.c(63): web_add_header("Origin") was successful  	[MsgId: MMSG-26392]
Action.c(66): web_add_auto_header("Sec-Fetch-User") started  	[MsgId: MMSG-26355]
Action.c(66): web_add_auto_header("Sec-Fetch-User") was successful  	[MsgId: MMSG-26392]
Action.c(69): web_submit_data("login.pl") started  	[MsgId: MMSG-26355]
Action.c(69): Detected non-resource "http://localhost:1080/cgi-bin/nav.pl?page=menu&in=home" in "http://localhost:1080/cgi-bin/login.pl"  	[MsgId: MMSG-26574]
Action.c(69): Detected non-resource "http://localhost:1080/cgi-bin/login.pl?intro=true" in "http://localhost:1080/cgi-bin/login.pl"  	[MsgId: MMSG-26574]
Action.c(69): Found resource "http://localhost:1080/WebTours/images/flights.gif" in HTML "http://localhost:1080/cgi-bin/nav.pl?page=menu&in=home"  	[MsgId: MMSG-26659]
Action.c(69): Found resource "http://localhost:1080/WebTours/images/itinerary.gif" in HTML "http://localhost:1080/cgi-bin/nav.pl?page=menu&in=home"  	[MsgId: MMSG-26659]
Action.c(69): Found resource "http://localhost:1080/WebTours/images/in_home.gif" in HTML "http://localhost:1080/cgi-bin/nav.pl?page=menu&in=home"  	[MsgId: MMSG-26659]
Action.c(69): Found resource "http://localhost:1080/WebTours/images/signoff.gif" in HTML "http://localhost:1080/cgi-bin/nav.pl?page=menu&in=home"  	[MsgId: MMSG-26659]
Action.c(69): Registered web_reg_find successful for "Text=Welcome, <b>baziliocat</b>, to the Web Tours" (count=1)  	[MsgId: MMSG-26364]
Action.c(69): web_submit_data("login.pl") was successful, 5785 body bytes, 2069 header bytes, 36 chunking overhead bytes  	[MsgId: MMSG-26385]
Action.c(86): Notify: Transaction "enter_login" ended with a "Pass" status (Duration: 0,0937).	[MsgId: MMSG-16873]
Action.c(88): lr_think_time: 5,00 seconds.	[MsgId: MMSG-15948]
Action.c(90): Notify: Transaction "click_flights" started.	[MsgId: MMSG-16999]
Action.c(92): web_reg_find started  	[MsgId: MMSG-26355]
Action.c(92): Registering web_reg_find was successful  	[MsgId: MMSG-26390]
Action.c(95): web_url("Search Flights Button") started  	[MsgId: MMSG-26355]
Action.c(95): Detected non-resource "http://localhost:1080/cgi-bin/nav.pl?page=menu&in=flights" in "http://localhost:1080/cgi-bin/welcome.pl?page=search"  	[MsgId: MMSG-26574]
Action.c(95): Detected non-resource "http://localhost:1080/cgi-bin/reservations.pl?page=welcome" in "http://localhost:1080/cgi-bin/welcome.pl?page=search"  	[MsgId: MMSG-26574]
Action.c(95): Found resource "http://localhost:1080/WebTours/images/in_flights.gif" in HTML "http://localhost:1080/cgi-bin/nav.pl?page=menu&in=flights"  	[MsgId: MMSG-26659]
Action.c(95): Resource "http://localhost:1080/WebTours/images/itinerary.gif" is in the cache already and will not be downloaded again  	[MsgId: MMSG-26655]
Action.c(95): Found resource "http://localhost:1080/WebTours/images/home.gif" in HTML "http://localhost:1080/cgi-bin/nav.pl?page=menu&in=flights"  	[MsgId: MMSG-26659]
Action.c(95): Resource "http://localhost:1080/WebTours/images/signoff.gif" is in the cache already and will not be downloaded again  	[MsgId: MMSG-26655]
Action.c(95): Found resource "http://localhost:1080/WebTours/images/button_next.gif" in HTML "http://localhost:1080/cgi-bin/reservations.pl?page=welcome"  	[MsgId: MMSG-26659]
Action.c(95): Registered web_reg_find successful for "Text=User has returned to the search page" (count=1)  	[MsgId: MMSG-26364]
Action.c(95): web_url("Search Flights Button") was successful, 8516 body bytes, 1623 header bytes, 43 chunking overhead bytes  	[MsgId: MMSG-26385]
Action.c(106): Notify: Transaction "click_flights" ended with a "Pass" status (Duration: 0,1249).	[MsgId: MMSG-16873]
Action.c(108): lr_think_time: 5,00 seconds.	[MsgId: MMSG-15948]
Action.c(110): Notify: Transaction "search_tickets" started.	[MsgId: MMSG-16999]
Action.c(112): web_reg_find started  	[MsgId: MMSG-26355]
Action.c(112): Registering web_reg_find was successful  	[MsgId: MMSG-26390]
Action.c(115): web_reg_find started  	[MsgId: MMSG-26355]
Action.c(115): Registering web_reg_find was successful  	[MsgId: MMSG-26390]
Action.c(118): web_add_header("Origin") started  	[MsgId: MMSG-26355]
Action.c(118): web_add_header("Origin") was successful  	[MsgId: MMSG-26392]
Action.c(122): web_submit_data("reservations.pl") started  	[MsgId: MMSG-26355]
Action.c(122): Resource "http://localhost:1080/WebTours/images/button_next.gif" is in the cache already and will not be downloaded again  	[MsgId: MMSG-26655]
Action.c(122): Registered web_reg_find successful for "Text=Flight departing from <B>Los Angeles</B> to <B>Portland</B> on <B>04/30/2023</B>" (count=1)  	[MsgId: MMSG-26364]
Action.c(122): Registered web_reg_find successful for "Text=Flight departing from <B>Portland</B> to <B>Los Angeles</B> on <B>05/06/2023</B>" (count=1)  	[MsgId: MMSG-26364]
Action.c(122): web_submit_data("reservations.pl") was successful, 3610 body bytes, 256 header bytes, 12 chunking overhead bytes  	[MsgId: MMSG-26385]
Action.c(147): Notify: Transaction "search_tickets" ended with a "Pass" status (Duration: 0,0312).	[MsgId: MMSG-16873]
Action.c(149): lr_think_time: 5,00 seconds.	[MsgId: MMSG-15948]
Action.c(151): Notify: Transaction "choose_ticket" started.	[MsgId: MMSG-16999]
Action.c(153): web_reg_find started  	[MsgId: MMSG-26355]
Action.c(153): Registering web_reg_find was successful  	[MsgId: MMSG-26390]
Action.c(156): web_submit_data("reservations.pl_2") started  	[MsgId: MMSG-26355]
Action.c(156): Resource "http://localhost:1080/WebTours/images/button_next.gif" is in the cache already and will not be downloaded again  	[MsgId: MMSG-26655]
Action.c(156): Registered web_reg_find successful for "Text=Flight Reservation" (count=1)  	[MsgId: MMSG-26364]
Action.c(156): web_submit_data("reservations.pl_2") was successful, 2768 body bytes, 255 header bytes, 12 chunking overhead bytes  	[MsgId: MMSG-26385]
Action.c(174): Notify: Transaction "choose_ticket" ended with a "Pass" status (Duration: 0,0311).	[MsgId: MMSG-16873]
Action.c(176): lr_think_time: 5,00 seconds.	[MsgId: MMSG-15948]
Action.c(178): Notify: Transaction "logout" started.	[MsgId: MMSG-16999]
Action.c(180): web_reg_find started  	[MsgId: MMSG-26355]
Action.c(180): Registering web_reg_find was successful  	[MsgId: MMSG-26390]
Action.c(183): web_url("SignOff Button") started  	[MsgId: MMSG-26355]
Action.c(183): Detected non-resource "http://localhost:1080/cgi-bin/nav.pl?in=home" in "http://localhost:1080/cgi-bin/welcome.pl?signOff=1"  	[MsgId: MMSG-26574]
Action.c(183): Detected non-resource "http://localhost:1080/WebTours/home.html" in "http://localhost:1080/cgi-bin/welcome.pl?signOff=1"  	[MsgId: MMSG-26574]
Action.c(183): Retrieving data from cache for "http://localhost:1080/WebTours/home.html"  	[MsgId: MMSG-26558]
Action.c(183): Resource "http://localhost:1080/WebTours/images/mer_login.gif" is in the cache already and will not be downloaded again  	[MsgId: MMSG-26655]
Action.c(183): Registered web_reg_find successful for "Text=A Session ID has been created and loaded into a cookie called MSO" (count=1)  	[MsgId: MMSG-26364]
Action.c(183): web_url("SignOff Button") was successful, 2175 body bytes, 583 header bytes, 24 chunking overhead bytes  	[MsgId: MMSG-26385]
Action.c(193): Notify: Transaction "logout" ended with a "Pass" status (Duration: 0,0469).	[MsgId: MMSG-16873]
Action.c(195): Notify: Transaction "UC2_Search_Ticket" ended with a "Pass" status (Duration: 25,4587 Think Time: 25,0371).	[MsgId: MMSG-16872]
Ending action Action.	[MsgId: MMSG-15918]
Ending iteration 1.	[MsgId: MMSG-15965]
Waiting 47,5420 seconds for iteration pacing.	[MsgId: MMSG-15996]
Starting iteration 2.	[MsgId: MMSG-15968]
Starting action Action.	[MsgId: MMSG-15919]
Action.c(4): Notify: Transaction "UC2_Search_Ticket" started.	[MsgId: MMSG-16999]
Action.c(6): Notify: Transaction "open_home_page" started.	[MsgId: MMSG-16999]
Action.c(8): web_reg_find started  	[MsgId: MMSG-26355]
Action.c(8): Registering web_reg_find was successful  	[MsgId: MMSG-26390]
Action.c(11): web_add_auto_header("Sec-Fetch-Dest") started  	[MsgId: MMSG-26355]
Action.c(11): web_add_auto_header("Sec-Fetch-Dest") was successful  	[MsgId: MMSG-26392]
Action.c(14): web_add_auto_header("Sec-Fetch-Mode") started  	[MsgId: MMSG-26355]
Action.c(14): web_add_auto_header("Sec-Fetch-Mode") was successful  	[MsgId: MMSG-26392]
Action.c(17): web_add_auto_header("Sec-Fetch-Site") started  	[MsgId: MMSG-26355]
Action.c(17): web_add_auto_header("Sec-Fetch-Site") was successful  	[MsgId: MMSG-26392]
Action.c(20): web_add_auto_header("Upgrade-Insecure-Requests") started  	[MsgId: MMSG-26355]
Action.c(20): web_add_auto_header("Upgrade-Insecure-Requests") was successful  	[MsgId: MMSG-26392]
Action.c(23): web_add_auto_header("sec-ch-ua") started  	[MsgId: MMSG-26355]
Action.c(23): web_add_auto_header("sec-ch-ua") was successful  	[MsgId: MMSG-26392]
Action.c(26): web_add_auto_header("sec-ch-ua-mobile") started  	[MsgId: MMSG-26355]
Action.c(26): web_add_auto_header("sec-ch-ua-mobile") was successful  	[MsgId: MMSG-26392]
Action.c(29): web_add_auto_header("sec-ch-ua-platform") started  	[MsgId: MMSG-26355]
Action.c(29): web_add_auto_header("sec-ch-ua-platform") was successful  	[MsgId: MMSG-26392]
Action.c(33): web_reg_save_param_attrib started  	[MsgId: MMSG-26355]
Action.c(33): Registering web_reg_save_param_attrib was successful  	[MsgId: MMSG-26390]
Action.c(44): web_url("welcome.pl") started  	[MsgId: MMSG-26355]
Action.c(44): Detected non-resource "http://localhost:1080/cgi-bin/nav.pl?in=home" in "http://localhost:1080/cgi-bin/welcome.pl?signOff=true"  	[MsgId: MMSG-26574]
Action.c(44): Detected non-resource "http://localhost:1080/WebTours/home.html" in "http://localhost:1080/cgi-bin/welcome.pl?signOff=true"  	[MsgId: MMSG-26574]
Action.c(44): Found resource "http://localhost:1080/WebTours/images/mer_login.gif" in HTML "http://localhost:1080/cgi-bin/nav.pl?in=home"  	[MsgId: MMSG-26659]
Action.c(44): Registered web_reg_find successful for "Text=Welcome to the Web Tours site" (count=1)  	[MsgId: MMSG-26364]
Action.c(44): web_url("welcome.pl") was successful, 4215 body bytes, 1182 header bytes, 24 chunking overhead bytes  	[MsgId: MMSG-26385]
Action.c(54): Notify: Transaction "open_home_page" ended with a "Pass" status (Duration: 0,0937).	[MsgId: MMSG-16873]
Action.c(56): lr_think_time: 5,00 seconds.	[MsgId: MMSG-15948]
Action.c(58): Notify: Transaction "enter_login" started.	[MsgId: MMSG-16999]
Action.c(60): web_reg_find started  	[MsgId: MMSG-26355]
Action.c(60): Registering web_reg_find was successful  	[MsgId: MMSG-26390]
Action.c(63): web_add_header("Origin") started  	[MsgId: MMSG-26355]
Action.c(63): web_add_header("Origin") was successful  	[MsgId: MMSG-26392]
Action.c(66): web_add_auto_header("Sec-Fetch-User") started  	[MsgId: MMSG-26355]
Action.c(66): web_add_auto_header("Sec-Fetch-User") was successful  	[MsgId: MMSG-26392]
Action.c(69): web_submit_data("login.pl") started  	[MsgId: MMSG-26355]
Action.c(69): Detected non-resource "http://localhost:1080/cgi-bin/nav.pl?page=menu&in=home" in "http://localhost:1080/cgi-bin/login.pl"  	[MsgId: MMSG-26574]
Action.c(69): Detected non-resource "http://localhost:1080/cgi-bin/login.pl?intro=true" in "http://localhost:1080/cgi-bin/login.pl"  	[MsgId: MMSG-26574]
Action.c(69): Found resource "http://localhost:1080/WebTours/images/flights.gif" in HTML "http://localhost:1080/cgi-bin/nav.pl?page=menu&in=home"  	[MsgId: MMSG-26659]
Action.c(69): Found resource "http://localhost:1080/WebTours/images/itinerary.gif" in HTML "http://localhost:1080/cgi-bin/nav.pl?page=menu&in=home"  	[MsgId: MMSG-26659]
Action.c(69): Found resource "http://localhost:1080/WebTours/images/in_home.gif" in HTML "http://localhost:1080/cgi-bin/nav.pl?page=menu&in=home"  	[MsgId: MMSG-26659]
Action.c(69): Found resource "http://localhost:1080/WebTours/images/signoff.gif" in HTML "http://localhost:1080/cgi-bin/nav.pl?page=menu&in=home"  	[MsgId: MMSG-26659]
Action.c(69): Registered web_reg_find successful for "Text=Welcome, <b>baziliocat</b>, to the Web Tours" (count=1)  	[MsgId: MMSG-26364]
Action.c(69): web_submit_data("login.pl") was successful, 5785 body bytes, 2068 header bytes, 36 chunking overhead bytes  	[MsgId: MMSG-26385]
Action.c(86): Notify: Transaction "enter_login" ended with a "Pass" status (Duration: 0,1250).	[MsgId: MMSG-16873]
Action.c(88): lr_think_time: 5,00 seconds.	[MsgId: MMSG-15948]
Action.c(90): Notify: Transaction "click_flights" started.	[MsgId: MMSG-16999]
Action.c(92): web_reg_find started  	[MsgId: MMSG-26355]
Action.c(92): Registering web_reg_find was successful  	[MsgId: MMSG-26390]
Action.c(95): web_url("Search Flights Button") started  	[MsgId: MMSG-26355]
Action.c(95): Detected non-resource "http://localhost:1080/cgi-bin/nav.pl?page=menu&in=flights" in "http://localhost:1080/cgi-bin/welcome.pl?page=search"  	[MsgId: MMSG-26574]
Action.c(95): Detected non-resource "http://localhost:1080/cgi-bin/reservations.pl?page=welcome" in "http://localhost:1080/cgi-bin/welcome.pl?page=search"  	[MsgId: MMSG-26574]
Action.c(95): Found resource "http://localhost:1080/WebTours/images/in_flights.gif" in HTML "http://localhost:1080/cgi-bin/nav.pl?page=menu&in=flights"  	[MsgId: MMSG-26659]
Action.c(95): Resource "http://localhost:1080/WebTours/images/itinerary.gif" is in the cache already and will not be downloaded again  	[MsgId: MMSG-26655]
Action.c(95): Found resource "http://localhost:1080/WebTours/images/home.gif" in HTML "http://localhost:1080/cgi-bin/nav.pl?page=menu&in=flights"  	[MsgId: MMSG-26659]
Action.c(95): Resource "http://localhost:1080/WebTours/images/signoff.gif" is in the cache already and will not be downloaded again  	[MsgId: MMSG-26655]
Action.c(95): Found resource "http://localhost:1080/WebTours/images/button_next.gif" in HTML "http://localhost:1080/cgi-bin/reservations.pl?page=welcome"  	[MsgId: MMSG-26659]
Action.c(95): Registered web_reg_find successful for "Text=User has returned to the search page" (count=1)  	[MsgId: MMSG-26364]
Action.c(95): web_url("Search Flights Button") was successful, 8516 body bytes, 1623 header bytes, 43 chunking overhead bytes  	[MsgId: MMSG-26385]
Action.c(106): Notify: Transaction "click_flights" ended with a "Pass" status (Duration: 0,1249).	[MsgId: MMSG-16873]
Action.c(108): lr_think_time: 5,00 seconds.	[MsgId: MMSG-15948]
Action.c(110): Notify: Transaction "search_tickets" started.	[MsgId: MMSG-16999]
Action.c(112): web_reg_find started  	[MsgId: MMSG-26355]
Action.c(112): Registering web_reg_find was successful  	[MsgId: MMSG-26390]
Action.c(115): web_reg_find started  	[MsgId: MMSG-26355]
Action.c(115): Registering web_reg_find was successful  	[MsgId: MMSG-26390]
Action.c(118): web_add_header("Origin") started  	[MsgId: MMSG-26355]
Action.c(118): web_add_header("Origin") was successful  	[MsgId: MMSG-26392]
Action.c(122): web_submit_data("reservations.pl") started  	[MsgId: MMSG-26355]
Action.c(122): Resource "http://localhost:1080/WebTours/images/button_next.gif" is in the cache already and will not be downloaded again  	[MsgId: MMSG-26655]
Action.c(122): Registered web_reg_find successful for "Text=Flight departing from <B>London</B> to <B>Frankfurt</B> on <B>04/30/2023</B>" (count=1)  	[MsgId: MMSG-26364]
Action.c(122): Registered web_reg_find successful for "Text=Flight departing from <B>Frankfurt</B> to <B>London</B> on <B>05/06/2023</B>" (count=1)  	[MsgId: MMSG-26364]
Action.c(122): web_submit_data("reservations.pl") was successful, 3594 body bytes, 256 header bytes, 12 chunking overhead bytes  	[MsgId: MMSG-26385]
Action.c(147): Notify: Transaction "search_tickets" ended with a "Pass" status (Duration: 0,0312).	[MsgId: MMSG-16873]
Action.c(149): lr_think_time: 5,00 seconds.	[MsgId: MMSG-15948]
Action.c(151): Notify: Transaction "choose_ticket" started.	[MsgId: MMSG-16999]
Action.c(153): web_reg_find started  	[MsgId: MMSG-26355]
Action.c(153): Registering web_reg_find was successful  	[MsgId: MMSG-26390]
Action.c(156): web_submit_data("reservations.pl_2") started  	[MsgId: MMSG-26355]
Action.c(156): Resource "http://localhost:1080/WebTours/images/button_next.gif" is in the cache already and will not be downloaded again  	[MsgId: MMSG-26655]
Action.c(156): Registered web_reg_find successful for "Text=Flight Reservation" (count=1)  	[MsgId: MMSG-26364]
Action.c(156): web_submit_data("reservations.pl_2") was successful, 2768 body bytes, 255 header bytes, 12 chunking overhead bytes  	[MsgId: MMSG-26385]
Action.c(174): Notify: Transaction "choose_ticket" ended with a "Pass" status (Duration: 0,0312).	[MsgId: MMSG-16873]
Action.c(176): lr_think_time: 5,00 seconds.	[MsgId: MMSG-15948]
Action.c(178): Notify: Transaction "logout" started.	[MsgId: MMSG-16999]
Action.c(180): web_reg_find started  	[MsgId: MMSG-26355]
Action.c(180): Registering web_reg_find was successful  	[MsgId: MMSG-26390]
Action.c(183): web_url("SignOff Button") started  	[MsgId: MMSG-26355]
Action.c(183): Detected non-resource "http://localhost:1080/cgi-bin/nav.pl?in=home" in "http://localhost:1080/cgi-bin/welcome.pl?signOff=1"  	[MsgId: MMSG-26574]
Action.c(183): Detected non-resource "http://localhost:1080/WebTours/home.html" in "http://localhost:1080/cgi-bin/welcome.pl?signOff=1"  	[MsgId: MMSG-26574]
Action.c(183): Retrieving data from cache for "http://localhost:1080/WebTours/home.html"  	[MsgId: MMSG-26558]
Action.c(183): Resource "http://localhost:1080/WebTours/images/mer_login.gif" is in the cache already and will not be downloaded again  	[MsgId: MMSG-26655]
Action.c(183): Registered web_reg_find successful for "Text=A Session ID has been created and loaded into a cookie called MSO" (count=1)  	[MsgId: MMSG-26364]
Action.c(183): web_url("SignOff Button") was successful, 2172 body bytes, 583 header bytes, 24 chunking overhead bytes  	[MsgId: MMSG-26385]
Action.c(193): Notify: Transaction "logout" ended with a "Pass" status (Duration: 0,0624).	[MsgId: MMSG-16873]
Action.c(195): Notify: Transaction "UC2_Search_Ticket" ended with a "Pass" status (Duration: 25,5415 Think Time: 25,0731).	[MsgId: MMSG-16872]
Ending action Action.	[MsgId: MMSG-15918]
Ending iteration 2.	[MsgId: MMSG-15965]
Waiting 47,4580 seconds for iteration pacing.	[MsgId: MMSG-15996]
Starting iteration 3.	[MsgId: MMSG-15968]
Starting action Action.	[MsgId: MMSG-15919]
Action.c(4): Notify: Transaction "UC2_Search_Ticket" started.	[MsgId: MMSG-16999]
Action.c(6): Notify: Transaction "open_home_page" started.	[MsgId: MMSG-16999]
Action.c(8): web_reg_find started  	[MsgId: MMSG-26355]
Action.c(8): Registering web_reg_find was successful  	[MsgId: MMSG-26390]
Action.c(11): web_add_auto_header("Sec-Fetch-Dest") started  	[MsgId: MMSG-26355]
Action.c(11): web_add_auto_header("Sec-Fetch-Dest") was successful  	[MsgId: MMSG-26392]
Action.c(14): web_add_auto_header("Sec-Fetch-Mode") started  	[MsgId: MMSG-26355]
Action.c(14): web_add_auto_header("Sec-Fetch-Mode") was successful  	[MsgId: MMSG-26392]
Action.c(17): web_add_auto_header("Sec-Fetch-Site") started  	[MsgId: MMSG-26355]
Action.c(17): web_add_auto_header("Sec-Fetch-Site") was successful  	[MsgId: MMSG-26392]
Action.c(20): web_add_auto_header("Upgrade-Insecure-Requests") started  	[MsgId: MMSG-26355]
Action.c(20): web_add_auto_header("Upgrade-Insecure-Requests") was successful  	[MsgId: MMSG-26392]
Action.c(23): web_add_auto_header("sec-ch-ua") started  	[MsgId: MMSG-26355]
Action.c(23): web_add_auto_header("sec-ch-ua") was successful  	[MsgId: MMSG-26392]
Action.c(26): web_add_auto_header("sec-ch-ua-mobile") started  	[MsgId: MMSG-26355]
Action.c(26): web_add_auto_header("sec-ch-ua-mobile") was successful  	[MsgId: MMSG-26392]
Action.c(29): web_add_auto_header("sec-ch-ua-platform") started  	[MsgId: MMSG-26355]
Action.c(29): web_add_auto_header("sec-ch-ua-platform") was successful  	[MsgId: MMSG-26392]
Action.c(33): web_reg_save_param_attrib started  	[MsgId: MMSG-26355]
Action.c(33): Registering web_reg_save_param_attrib was successful  	[MsgId: MMSG-26390]
Action.c(44): web_url("welcome.pl") started  	[MsgId: MMSG-26355]
Action.c(44): Detected non-resource "http://localhost:1080/cgi-bin/nav.pl?in=home" in "http://localhost:1080/cgi-bin/welcome.pl?signOff=true"  	[MsgId: MMSG-26574]
Action.c(44): Detected non-resource "http://localhost:1080/WebTours/home.html" in "http://localhost:1080/cgi-bin/welcome.pl?signOff=true"  	[MsgId: MMSG-26574]
Action.c(44): Found resource "http://localhost:1080/WebTours/images/mer_login.gif" in HTML "http://localhost:1080/cgi-bin/nav.pl?in=home"  	[MsgId: MMSG-26659]
Action.c(44): Registered web_reg_find successful for "Text=Welcome to the Web Tours site" (count=1)  	[MsgId: MMSG-26364]
Action.c(44): web_url("welcome.pl") was successful, 4212 body bytes, 1182 header bytes, 24 chunking overhead bytes  	[MsgId: MMSG-26385]
Action.c(54): Notify: Transaction "open_home_page" ended with a "Pass" status (Duration: 0,0937).	[MsgId: MMSG-16873]
Action.c(56): lr_think_time: 5,00 seconds.	[MsgId: MMSG-15948]
Action.c(58): Notify: Transaction "enter_login" started.	[MsgId: MMSG-16999]
Action.c(60): web_reg_find started  	[MsgId: MMSG-26355]
Action.c(60): Registering web_reg_find was successful  	[MsgId: MMSG-26390]
Action.c(63): web_add_header("Origin") started  	[MsgId: MMSG-26355]
Action.c(63): web_add_header("Origin") was successful  	[MsgId: MMSG-26392]
Action.c(66): web_add_auto_header("Sec-Fetch-User") started  	[MsgId: MMSG-26355]
Action.c(66): web_add_auto_header("Sec-Fetch-User") was successful  	[MsgId: MMSG-26392]
Action.c(69): web_submit_data("login.pl") started  	[MsgId: MMSG-26355]
Action.c(69): Detected non-resource "http://localhost:1080/cgi-bin/nav.pl?page=menu&in=home" in "http://localhost:1080/cgi-bin/login.pl"  	[MsgId: MMSG-26574]
Action.c(69): Detected non-resource "http://localhost:1080/cgi-bin/login.pl?intro=true" in "http://localhost:1080/cgi-bin/login.pl"  	[MsgId: MMSG-26574]
Action.c(69): Found resource "http://localhost:1080/WebTours/images/flights.gif" in HTML "http://localhost:1080/cgi-bin/nav.pl?page=menu&in=home"  	[MsgId: MMSG-26659]
Action.c(69): Found resource "http://localhost:1080/WebTours/images/itinerary.gif" in HTML "http://localhost:1080/cgi-bin/nav.pl?page=menu&in=home"  	[MsgId: MMSG-26659]
Action.c(69): Found resource "http://localhost:1080/WebTours/images/in_home.gif" in HTML "http://localhost:1080/cgi-bin/nav.pl?page=menu&in=home"  	[MsgId: MMSG-26659]
Action.c(69): Found resource "http://localhost:1080/WebTours/images/signoff.gif" in HTML "http://localhost:1080/cgi-bin/nav.pl?page=menu&in=home"  	[MsgId: MMSG-26659]
Action.c(69): Registered web_reg_find successful for "Text=Welcome, <b>malvina</b>, to the Web Tours" (count=1)  	[MsgId: MMSG-26364]
Action.c(69): web_submit_data("login.pl") was successful, 5782 body bytes, 2081 header bytes, 36 chunking overhead bytes  	[MsgId: MMSG-26385]
Action.c(86): Notify: Transaction "enter_login" ended with a "Pass" status (Duration: 0,0937).	[MsgId: MMSG-16873]
Action.c(88): lr_think_time: 5,00 seconds.	[MsgId: MMSG-15948]
Action.c(90): Notify: Transaction "click_flights" started.	[MsgId: MMSG-16999]
Action.c(92): web_reg_find started  	[MsgId: MMSG-26355]
Action.c(92): Registering web_reg_find was successful  	[MsgId: MMSG-26390]
Action.c(95): web_url("Search Flights Button") started  	[MsgId: MMSG-26355]
Action.c(95): Detected non-resource "http://localhost:1080/cgi-bin/nav.pl?page=menu&in=flights" in "http://localhost:1080/cgi-bin/welcome.pl?page=search"  	[MsgId: MMSG-26574]
Action.c(95): Detected non-resource "http://localhost:1080/cgi-bin/reservations.pl?page=welcome" in "http://localhost:1080/cgi-bin/welcome.pl?page=search"  	[MsgId: MMSG-26574]
Action.c(95): Found resource "http://localhost:1080/WebTours/images/in_flights.gif" in HTML "http://localhost:1080/cgi-bin/nav.pl?page=menu&in=flights"  	[MsgId: MMSG-26659]
Action.c(95): Resource "http://localhost:1080/WebTours/images/itinerary.gif" is in the cache already and will not be downloaded again  	[MsgId: MMSG-26655]
Action.c(95): Found resource "http://localhost:1080/WebTours/images/home.gif" in HTML "http://localhost:1080/cgi-bin/nav.pl?page=menu&in=flights"  	[MsgId: MMSG-26659]
Action.c(95): Resource "http://localhost:1080/WebTours/images/signoff.gif" is in the cache already and will not be downloaded again  	[MsgId: MMSG-26655]
Action.c(95): Found resource "http://localhost:1080/WebTours/images/button_next.gif" in HTML "http://localhost:1080/cgi-bin/reservations.pl?page=welcome"  	[MsgId: MMSG-26659]
Action.c(95): Registered web_reg_find successful for "Text=User has returned to the search page" (count=1)  	[MsgId: MMSG-26364]
Action.c(95): web_url("Search Flights Button") was successful, 8516 body bytes, 1623 header bytes, 43 chunking overhead bytes  	[MsgId: MMSG-26385]
Action.c(106): Notify: Transaction "click_flights" ended with a "Pass" status (Duration: 0,0937).	[MsgId: MMSG-16873]
Action.c(108): lr_think_time: 5,00 seconds.	[MsgId: MMSG-15948]
Action.c(110): Notify: Transaction "search_tickets" started.	[MsgId: MMSG-16999]
Action.c(112): web_reg_find started  	[MsgId: MMSG-26355]
Action.c(112): Registering web_reg_find was successful  	[MsgId: MMSG-26390]
Action.c(115): web_reg_find started  	[MsgId: MMSG-26355]
Action.c(115): Registering web_reg_find was successful  	[MsgId: MMSG-26390]
Action.c(118): web_add_header("Origin") started  	[MsgId: MMSG-26355]
Action.c(118): web_add_header("Origin") was successful  	[MsgId: MMSG-26392]
Action.c(122): web_submit_data("reservations.pl") started  	[MsgId: MMSG-26355]
Action.c(122): Resource "http://localhost:1080/WebTours/images/button_next.gif" is in the cache already and will not be downloaded again  	[MsgId: MMSG-26655]
Action.c(122): Registered web_reg_find successful for "Text=Flight departing from <B>Seattle</B> to <B>Denver</B> on <B>04/30/2023</B>" (count=1)  	[MsgId: MMSG-26364]
Action.c(122): Registered web_reg_find successful for "Text=Flight departing from <B>Denver</B> to <B>Seattle</B> on <B>05/06/2023</B>" (count=1)  	[MsgId: MMSG-26364]
Action.c(122): web_submit_data("reservations.pl") was successful, 3585 body bytes, 256 header bytes, 12 chunking overhead bytes  	[MsgId: MMSG-26385]
Action.c(147): Notify: Transaction "search_tickets" ended with a "Pass" status (Duration: 0,0312).	[MsgId: MMSG-16873]
Action.c(149): lr_think_time: 5,00 seconds.	[MsgId: MMSG-15948]
Action.c(151): Notify: Transaction "choose_ticket" started.	[MsgId: MMSG-16999]
Action.c(153): web_reg_find started  	[MsgId: MMSG-26355]
Action.c(153): Registering web_reg_find was successful  	[MsgId: MMSG-26390]
Action.c(156): web_submit_data("reservations.pl_2") started  	[MsgId: MMSG-26355]
Action.c(156): Resource "http://localhost:1080/WebTours/images/button_next.gif" is in the cache already and will not be downloaded again  	[MsgId: MMSG-26655]
Action.c(156): Registered web_reg_find successful for "Text=Flight Reservation" (count=1)  	[MsgId: MMSG-26364]
Action.c(156): web_submit_data("reservations.pl_2") was successful, 2812 body bytes, 255 header bytes, 12 chunking overhead bytes  	[MsgId: MMSG-26385]
Action.c(174): Notify: Transaction "choose_ticket" ended with a "Pass" status (Duration: 0,0312).	[MsgId: MMSG-16873]
Action.c(176): lr_think_time: 5,00 seconds.	[MsgId: MMSG-15948]
Action.c(178): Notify: Transaction "logout" started.	[MsgId: MMSG-16999]
Action.c(180): web_reg_find started  	[MsgId: MMSG-26355]
Action.c(180): Registering web_reg_find was successful  	[MsgId: MMSG-26390]
Action.c(183): web_url("SignOff Button") started  	[MsgId: MMSG-26355]
Action.c(183): Detected non-resource "http://localhost:1080/cgi-bin/nav.pl?in=home" in "http://localhost:1080/cgi-bin/welcome.pl?signOff=1"  	[MsgId: MMSG-26574]
Action.c(183): Detected non-resource "http://localhost:1080/WebTours/home.html" in "http://localhost:1080/cgi-bin/welcome.pl?signOff=1"  	[MsgId: MMSG-26574]
Action.c(183): Retrieving data from cache for "http://localhost:1080/WebTours/home.html"  	[MsgId: MMSG-26558]
Action.c(183): Resource "http://localhost:1080/WebTours/images/mer_login.gif" is in the cache already and will not be downloaded again  	[MsgId: MMSG-26655]
Action.c(183): Registered web_reg_find successful for "Text=A Session ID has been created and loaded into a cookie called MSO" (count=1)  	[MsgId: MMSG-26364]
Action.c(183): web_url("SignOff Button") was successful, 2174 body bytes, 583 header bytes, 24 chunking overhead bytes  	[MsgId: MMSG-26385]
Action.c(193): Notify: Transaction "logout" ended with a "Pass" status (Duration: 0,0469).	[MsgId: MMSG-16873]
Action.c(195): Notify: Transaction "UC2_Search_Ticket" ended with a "Pass" status (Duration: 25,4410 Think Time: 25,0505).	[MsgId: MMSG-16872]
Ending action Action.	[MsgId: MMSG-15918]
Ending Vuser...	[MsgId: MMSG-15966]
Starting action vuser_end.	[MsgId: MMSG-15919]
Ending action vuser_end.	[MsgId: MMSG-15918]
Vuser Terminated.	[MsgId: MMSG-15963]
