Virtual User Script started at: 29.04.2023 10:21:55	[MsgId: MMSG-15967]
Starting action vuser_init.	[MsgId: MMSG-15919]
Web Turbo Replay of LoadRunner 2021.0.0 for Windows 10; build 430 (џэт 05 2021 19:27:22)  	[MsgId: MMSG-26983]
Run mode: HTML  	[MsgId: MMSG-26993]
Replay user agent: Mozilla/5.0 (Windows NT 10.0; Win64; x64) AppleWebKit/537.36 (KHTML, like Gecko) Chrome/111.0.0.0 Safari/537.36  	[MsgId: MMSG-26988]
Runtime Settings file: "C:\Users\svp31\AppData\Local\Temp\lr5tmpdirrIs.740\lrcfgiTo.741\cfggbr.752"  	[MsgId: MMSG-27141]
Ending action vuser_init.	[MsgId: MMSG-15918]
Running Vuser...	[MsgId: MMSG-15964]
Starting iteration 1.	[MsgId: MMSG-15968]
Maximum number of concurrent connections per server: 6  	[MsgId: MMSG-26989]
Starting action Action.	[MsgId: MMSG-15919]
Action.c(6): Notify: Transaction "UC5_Delete_Ticket" started.	[MsgId: MMSG-16999]
Action.c(8): Notify: Transaction "open_home_page" started.	[MsgId: MMSG-16999]
Action.c(10): web_reg_find started  	[MsgId: MMSG-26355]
Action.c(10): Registering web_reg_find was successful  	[MsgId: MMSG-26390]
Action.c(13): web_add_auto_header("Sec-Fetch-Dest") started  	[MsgId: MMSG-26355]
Action.c(13): web_add_auto_header("Sec-Fetch-Dest") was successful  	[MsgId: MMSG-26392]
Action.c(16): web_add_auto_header("Sec-Fetch-Mode") started  	[MsgId: MMSG-26355]
Action.c(16): web_add_auto_header("Sec-Fetch-Mode") was successful  	[MsgId: MMSG-26392]
Action.c(19): web_add_auto_header("Sec-Fetch-Site") started  	[MsgId: MMSG-26355]
Action.c(19): web_add_auto_header("Sec-Fetch-Site") was successful  	[MsgId: MMSG-26392]
Action.c(22): web_add_auto_header("Upgrade-Insecure-Requests") started  	[MsgId: MMSG-26355]
Action.c(22): web_add_auto_header("Upgrade-Insecure-Requests") was successful  	[MsgId: MMSG-26392]
Action.c(25): web_add_auto_header("sec-ch-ua") started  	[MsgId: MMSG-26355]
Action.c(25): web_add_auto_header("sec-ch-ua") was successful  	[MsgId: MMSG-26392]
Action.c(28): web_add_auto_header("sec-ch-ua-mobile") started  	[MsgId: MMSG-26355]
Action.c(28): web_add_auto_header("sec-ch-ua-mobile") was successful  	[MsgId: MMSG-26392]
Action.c(31): web_add_auto_header("sec-ch-ua-platform") started  	[MsgId: MMSG-26355]
Action.c(31): web_add_auto_header("sec-ch-ua-platform") was successful  	[MsgId: MMSG-26392]
Action.c(35): web_reg_save_param_attrib started  	[MsgId: MMSG-26355]
Action.c(35): Registering web_reg_save_param_attrib was successful  	[MsgId: MMSG-26390]
Action.c(46): web_url("welcome.pl") started  	[MsgId: MMSG-26355]
Action.c(46): Detected non-resource "http://localhost:1080/cgi-bin/nav.pl?in=home" in "http://localhost:1080/cgi-bin/welcome.pl?signOff=true"  	[MsgId: MMSG-26574]
Action.c(46): Detected non-resource "http://localhost:1080/WebTours/home.html" in "http://localhost:1080/cgi-bin/welcome.pl?signOff=true"  	[MsgId: MMSG-26574]
Action.c(46): Found resource "http://localhost:1080/WebTours/images/mer_login.gif" in HTML "http://localhost:1080/cgi-bin/nav.pl?in=home"  	[MsgId: MMSG-26659]
Action.c(46): Registered web_reg_find successful for "Text=Welcome to the Web Tours site" (count=1)  	[MsgId: MMSG-26364]
Action.c(46): web_url("welcome.pl") was successful, 4216 body bytes, 1182 header bytes, 24 chunking overhead bytes  	[MsgId: MMSG-26385]
Action.c(56): Notify: Transaction "open_home_page" ended with a "Pass" status (Duration: 0,0937).	[MsgId: MMSG-16873]
Action.c(58): lr_think_time: 5,00 seconds.	[MsgId: MMSG-15948]
Action.c(60): Notify: Transaction "enter_login" started.	[MsgId: MMSG-16999]
Action.c(62): web_reg_find started  	[MsgId: MMSG-26355]
Action.c(62): Registering web_reg_find was successful  	[MsgId: MMSG-26390]
Action.c(65): web_reg_find started  	[MsgId: MMSG-26355]
Action.c(65): Registering web_reg_find was successful  	[MsgId: MMSG-26390]
Action.c(68): web_add_header("Origin") started  	[MsgId: MMSG-26355]
Action.c(68): web_add_header("Origin") was successful  	[MsgId: MMSG-26392]
Action.c(71): web_add_auto_header("Sec-Fetch-User") started  	[MsgId: MMSG-26355]
Action.c(71): web_add_auto_header("Sec-Fetch-User") was successful  	[MsgId: MMSG-26392]
Action.c(74): web_submit_data("login.pl") started  	[MsgId: MMSG-26355]
Action.c(74): Detected non-resource "http://localhost:1080/cgi-bin/nav.pl?page=menu&in=home" in "http://localhost:1080/cgi-bin/login.pl"  	[MsgId: MMSG-26574]
Action.c(74): Detected non-resource "http://localhost:1080/cgi-bin/login.pl?intro=true" in "http://localhost:1080/cgi-bin/login.pl"  	[MsgId: MMSG-26574]
Action.c(74): Found resource "http://localhost:1080/WebTours/images/flights.gif" in HTML "http://localhost:1080/cgi-bin/nav.pl?page=menu&in=home"  	[MsgId: MMSG-26659]
Action.c(74): Found resource "http://localhost:1080/WebTours/images/itinerary.gif" in HTML "http://localhost:1080/cgi-bin/nav.pl?page=menu&in=home"  	[MsgId: MMSG-26659]
Action.c(74): Found resource "http://localhost:1080/WebTours/images/in_home.gif" in HTML "http://localhost:1080/cgi-bin/nav.pl?page=menu&in=home"  	[MsgId: MMSG-26659]
Action.c(74): Found resource "http://localhost:1080/WebTours/images/signoff.gif" in HTML "http://localhost:1080/cgi-bin/nav.pl?page=menu&in=home"  	[MsgId: MMSG-26659]
Action.c(74): Registered web_reg_find successful for "Text=User password was correct" (count=1)  	[MsgId: MMSG-26364]
Action.c(74): Registered web_reg_find successful for "Text=Welcome, <b>buratinko</b>, to the Web Tours" (count=1)  	[MsgId: MMSG-26364]
Action.c(74): web_submit_data("login.pl") was successful, 5784 body bytes, 2088 header bytes, 36 chunking overhead bytes  	[MsgId: MMSG-26385]
Action.c(91): Notify: Transaction "enter_login" ended with a "Pass" status (Duration: 0,0936).	[MsgId: MMSG-16873]
Action.c(93): lr_think_time: 5,00 seconds.	[MsgId: MMSG-15948]
Action.c(95): Notify: Transaction "click_itinerary" started.	[MsgId: MMSG-16999]
Action.c(97): web_reg_find started  	[MsgId: MMSG-26355]
Action.c(97): Registering web_reg_find was successful  	[MsgId: MMSG-26390]
Action.c(100): web_reg_save_param started  	[MsgId: MMSG-26355]
Action.c(100): Registering web_reg_save_param was successful  	[MsgId: MMSG-26390]
Action.c(105): web_url("Itinerary Button") started  	[MsgId: MMSG-26355]
Action.c(105): Detected non-resource "http://localhost:1080/cgi-bin/nav.pl?page=menu&in=itinerary" in "http://localhost:1080/cgi-bin/welcome.pl?page=itinerary"  	[MsgId: MMSG-26574]
Action.c(105): Detected non-resource "http://localhost:1080/cgi-bin/itinerary.pl" in "http://localhost:1080/cgi-bin/welcome.pl?page=itinerary"  	[MsgId: MMSG-26574]
Action.c(105): Resource "http://localhost:1080/WebTours/images/flights.gif" is in the cache already and will not be downloaded again  	[MsgId: MMSG-26655]
Action.c(105): Found resource "http://localhost:1080/WebTours/images/in_itinerary.gif" in HTML "http://localhost:1080/cgi-bin/nav.pl?page=menu&in=itinerary"  	[MsgId: MMSG-26659]
Action.c(105): Found resource "http://localhost:1080/WebTours/images/home.gif" in HTML "http://localhost:1080/cgi-bin/nav.pl?page=menu&in=itinerary"  	[MsgId: MMSG-26659]
Action.c(105): Resource "http://localhost:1080/WebTours/images/signoff.gif" is in the cache already and will not be downloaded again  	[MsgId: MMSG-26655]
Action.c(105): Found resource "http://localhost:1080/WebTours/images/cancelreservation.gif" in HTML "http://localhost:1080/cgi-bin/itinerary.pl"  	[MsgId: MMSG-26659]
Action.c(105): Found resource "http://localhost:1080/WebTours/images/cancelallreservations.gif" in HTML "http://localhost:1080/cgi-bin/itinerary.pl"  	[MsgId: MMSG-26659]
Action.c(105): Registered web_reg_find successful for "Text=font color="white"><B>Burat Che Buratov
 's Flight Transaction Summary" (count=1)  	[MsgId: MMSG-26364]
Action.c(105): web_url("Itinerary Button") was successful, 480927 body bytes, 1919 header bytes, 923 chunking overhead bytes  	[MsgId: MMSG-26385]
Action.c(117): Notify: Transaction "click_itinerary" ended with a "Pass" status (Duration: 0,2655).	[MsgId: MMSG-16873]
Action.c(119): lr_think_time: 5,00 seconds.	[MsgId: MMSG-15948]
Action.c(121): Notify: Transaction "delete_ticket" started.	[MsgId: MMSG-16999]
Action.c(124): web_reg_find started  	[MsgId: MMSG-26355]
Action.c(124): Registering web_reg_find was successful  	[MsgId: MMSG-26390]
Action.c(128): web_add_header("Origin") started  	[MsgId: MMSG-26355]
Action.c(128): web_add_header("Origin") was successful  	[MsgId: MMSG-26392]
Action.c(131): web_submit_form("itinerary.pl") started  	[MsgId: MMSG-26355]
Action.c(131): Submitting form to "http://localhost:1080/cgi-bin/itinerary.pl", Target Frame=""  	[MsgId: MMSG-27978]
Action.c(131): Resource "http://localhost:1080/WebTours/images/cancelreservation.gif" is in the cache already and will not be downloaded again  	[MsgId: MMSG-26655]
Action.c(131): Resource "http://localhost:1080/WebTours/images/cancelallreservations.gif" is in the cache already and will not be downloaded again  	[MsgId: MMSG-26655]
Action.c(131): Registered web_reg_find successful for "Text=2880681558-7851-BC"  	[MsgId: MMSG-26362]
Action.c(131): web_submit_form("itinerary.pl") was successful, 474690 body bytes, 256 header bytes, 907 chunking overhead bytes  	[MsgId: MMSG-26385]
Action.c(202): Notify: Transaction "delete_ticket" ended with a "Pass" status (Duration: 0,0937).	[MsgId: MMSG-16873]
Action.c(204): lr_think_time: 5,00 seconds.	[MsgId: MMSG-15948]
Action.c(206): Notify: Transaction "logout" started.	[MsgId: MMSG-16999]
Action.c(208): web_reg_find started  	[MsgId: MMSG-26355]
Action.c(208): Registering web_reg_find was successful  	[MsgId: MMSG-26390]
Action.c(211): web_url("SignOff Button") started  	[MsgId: MMSG-26355]
Action.c(211): Detected non-resource "http://localhost:1080/cgi-bin/nav.pl?in=home" in "http://localhost:1080/cgi-bin/welcome.pl?signOff=1"  	[MsgId: MMSG-26574]
Action.c(211): Detected non-resource "http://localhost:1080/WebTours/home.html" in "http://localhost:1080/cgi-bin/welcome.pl?signOff=1"  	[MsgId: MMSG-26574]
Action.c(211): Retrieving data from cache for "http://localhost:1080/WebTours/home.html"  	[MsgId: MMSG-26558]
Action.c(211): Resource "http://localhost:1080/WebTours/images/mer_login.gif" is in the cache already and will not be downloaded again  	[MsgId: MMSG-26655]
Action.c(211): Registered web_reg_find successful for "Text=A Session ID has been created and loaded into a cookie called MSO" (count=1)  	[MsgId: MMSG-26364]
Action.c(211): web_url("SignOff Button") was successful, 2174 body bytes, 583 header bytes, 24 chunking overhead bytes  	[MsgId: MMSG-26385]
Action.c(220): Notify: Transaction "logout" ended with a "Pass" status (Duration: 0,0468).	[MsgId: MMSG-16873]
Action.c(222): Notify: Transaction "UC5_Delete_Ticket" ended with a "Pass" status (Duration: 20,6520 Think Time: 20,0588).	[MsgId: MMSG-16872]
Ending action Action.	[MsgId: MMSG-15918]
Ending iteration 1.	[MsgId: MMSG-15965]
Waiting 29,3480 seconds for iteration pacing.	[MsgId: MMSG-15996]
Starting iteration 2.	[MsgId: MMSG-15968]
Starting action Action.	[MsgId: MMSG-15919]
Action.c(6): Notify: Transaction "UC5_Delete_Ticket" started.	[MsgId: MMSG-16999]
Action.c(8): Notify: Transaction "open_home_page" started.	[MsgId: MMSG-16999]
Action.c(10): web_reg_find started  	[MsgId: MMSG-26355]
Action.c(10): Registering web_reg_find was successful  	[MsgId: MMSG-26390]
Action.c(13): web_add_auto_header("Sec-Fetch-Dest") started  	[MsgId: MMSG-26355]
Action.c(13): web_add_auto_header("Sec-Fetch-Dest") was successful  	[MsgId: MMSG-26392]
Action.c(16): web_add_auto_header("Sec-Fetch-Mode") started  	[MsgId: MMSG-26355]
Action.c(16): web_add_auto_header("Sec-Fetch-Mode") was successful  	[MsgId: MMSG-26392]
Action.c(19): web_add_auto_header("Sec-Fetch-Site") started  	[MsgId: MMSG-26355]
Action.c(19): web_add_auto_header("Sec-Fetch-Site") was successful  	[MsgId: MMSG-26392]
Action.c(22): web_add_auto_header("Upgrade-Insecure-Requests") started  	[MsgId: MMSG-26355]
Action.c(22): web_add_auto_header("Upgrade-Insecure-Requests") was successful  	[MsgId: MMSG-26392]
Action.c(25): web_add_auto_header("sec-ch-ua") started  	[MsgId: MMSG-26355]
Action.c(25): web_add_auto_header("sec-ch-ua") was successful  	[MsgId: MMSG-26392]
Action.c(28): web_add_auto_header("sec-ch-ua-mobile") started  	[MsgId: MMSG-26355]
Action.c(28): web_add_auto_header("sec-ch-ua-mobile") was successful  	[MsgId: MMSG-26392]
Action.c(31): web_add_auto_header("sec-ch-ua-platform") started  	[MsgId: MMSG-26355]
Action.c(31): web_add_auto_header("sec-ch-ua-platform") was successful  	[MsgId: MMSG-26392]
Action.c(35): web_reg_save_param_attrib started  	[MsgId: MMSG-26355]
Action.c(35): Registering web_reg_save_param_attrib was successful  	[MsgId: MMSG-26390]
Action.c(46): web_url("welcome.pl") started  	[MsgId: MMSG-26355]
Action.c(46): Detected non-resource "http://localhost:1080/cgi-bin/nav.pl?in=home" in "http://localhost:1080/cgi-bin/welcome.pl?signOff=true"  	[MsgId: MMSG-26574]
Action.c(46): Detected non-resource "http://localhost:1080/WebTours/home.html" in "http://localhost:1080/cgi-bin/welcome.pl?signOff=true"  	[MsgId: MMSG-26574]
Action.c(46): Found resource "http://localhost:1080/WebTours/images/mer_login.gif" in HTML "http://localhost:1080/cgi-bin/nav.pl?in=home"  	[MsgId: MMSG-26659]
Action.c(46): Registered web_reg_find successful for "Text=Welcome to the Web Tours site" (count=1)  	[MsgId: MMSG-26364]
Action.c(46): web_url("welcome.pl") was successful, 4212 body bytes, 1182 header bytes, 24 chunking overhead bytes  	[MsgId: MMSG-26385]
Action.c(56): Notify: Transaction "open_home_page" ended with a "Pass" status (Duration: 0,0937).	[MsgId: MMSG-16873]
Action.c(58): lr_think_time: 5,00 seconds.	[MsgId: MMSG-15948]
Action.c(60): Notify: Transaction "enter_login" started.	[MsgId: MMSG-16999]
Action.c(62): web_reg_find started  	[MsgId: MMSG-26355]
Action.c(62): Registering web_reg_find was successful  	[MsgId: MMSG-26390]
Action.c(65): web_reg_find started  	[MsgId: MMSG-26355]
Action.c(65): Registering web_reg_find was successful  	[MsgId: MMSG-26390]
Action.c(68): web_add_header("Origin") started  	[MsgId: MMSG-26355]
Action.c(68): web_add_header("Origin") was successful  	[MsgId: MMSG-26392]
Action.c(71): web_add_auto_header("Sec-Fetch-User") started  	[MsgId: MMSG-26355]
Action.c(71): web_add_auto_header("Sec-Fetch-User") was successful  	[MsgId: MMSG-26392]
Action.c(74): web_submit_data("login.pl") started  	[MsgId: MMSG-26355]
Action.c(74): Detected non-resource "http://localhost:1080/cgi-bin/nav.pl?page=menu&in=home" in "http://localhost:1080/cgi-bin/login.pl"  	[MsgId: MMSG-26574]
Action.c(74): Detected non-resource "http://localhost:1080/cgi-bin/login.pl?intro=true" in "http://localhost:1080/cgi-bin/login.pl"  	[MsgId: MMSG-26574]
Action.c(74): Found resource "http://localhost:1080/WebTours/images/flights.gif" in HTML "http://localhost:1080/cgi-bin/nav.pl?page=menu&in=home"  	[MsgId: MMSG-26659]
Action.c(74): Found resource "http://localhost:1080/WebTours/images/itinerary.gif" in HTML "http://localhost:1080/cgi-bin/nav.pl?page=menu&in=home"  	[MsgId: MMSG-26659]
Action.c(74): Found resource "http://localhost:1080/WebTours/images/in_home.gif" in HTML "http://localhost:1080/cgi-bin/nav.pl?page=menu&in=home"  	[MsgId: MMSG-26659]
Action.c(74): Found resource "http://localhost:1080/WebTours/images/signoff.gif" in HTML "http://localhost:1080/cgi-bin/nav.pl?page=menu&in=home"  	[MsgId: MMSG-26659]
Action.c(74): Registered web_reg_find successful for "Text=User password was correct" (count=1)  	[MsgId: MMSG-26364]
Action.c(74): Registered web_reg_find successful for "Text=Welcome, <b>karabasov</b>, to the Web Tours" (count=1)  	[MsgId: MMSG-26364]
Action.c(74): web_submit_data("login.pl") was successful, 5784 body bytes, 2091 header bytes, 36 chunking overhead bytes  	[MsgId: MMSG-26385]
Action.c(91): Notify: Transaction "enter_login" ended with a "Pass" status (Duration: 0,0936).	[MsgId: MMSG-16873]
Action.c(93): lr_think_time: 5,00 seconds.	[MsgId: MMSG-15948]
Action.c(95): Notify: Transaction "click_itinerary" started.	[MsgId: MMSG-16999]
Action.c(97): web_reg_find started  	[MsgId: MMSG-26355]
Action.c(97): Registering web_reg_find was successful  	[MsgId: MMSG-26390]
Action.c(100): web_reg_save_param started  	[MsgId: MMSG-26355]
Action.c(100): Registering web_reg_save_param was successful  	[MsgId: MMSG-26390]
Action.c(105): web_url("Itinerary Button") started  	[MsgId: MMSG-26355]
Action.c(105): Detected non-resource "http://localhost:1080/cgi-bin/nav.pl?page=menu&in=itinerary" in "http://localhost:1080/cgi-bin/welcome.pl?page=itinerary"  	[MsgId: MMSG-26574]
Action.c(105): Detected non-resource "http://localhost:1080/cgi-bin/itinerary.pl" in "http://localhost:1080/cgi-bin/welcome.pl?page=itinerary"  	[MsgId: MMSG-26574]
Action.c(105): Resource "http://localhost:1080/WebTours/images/flights.gif" is in the cache already and will not be downloaded again  	[MsgId: MMSG-26655]
Action.c(105): Found resource "http://localhost:1080/WebTours/images/in_itinerary.gif" in HTML "http://localhost:1080/cgi-bin/nav.pl?page=menu&in=itinerary"  	[MsgId: MMSG-26659]
Action.c(105): Found resource "http://localhost:1080/WebTours/images/home.gif" in HTML "http://localhost:1080/cgi-bin/nav.pl?page=menu&in=itinerary"  	[MsgId: MMSG-26659]
Action.c(105): Resource "http://localhost:1080/WebTours/images/signoff.gif" is in the cache already and will not be downloaded again  	[MsgId: MMSG-26655]
Action.c(105): Found resource "http://localhost:1080/WebTours/images/cancelreservation.gif" in HTML "http://localhost:1080/cgi-bin/itinerary.pl"  	[MsgId: MMSG-26659]
Action.c(105): Found resource "http://localhost:1080/WebTours/images/cancelallreservations.gif" in HTML "http://localhost:1080/cgi-bin/itinerary.pl"  	[MsgId: MMSG-26659]
Action.c(105): Registered web_reg_find successful for "Text=font color="white"><B>Karabas Barabaskin
 's Flight Transaction Summary" (count=1)  	[MsgId: MMSG-26364]
Action.c(105): web_url("Itinerary Button") was successful, 392220 body bytes, 1919 header bytes, 763 chunking overhead bytes  	[MsgId: MMSG-26385]
Action.c(117): Notify: Transaction "click_itinerary" ended with a "Pass" status (Duration: 0,1249).	[MsgId: MMSG-16873]
Action.c(119): lr_think_time: 5,00 seconds.	[MsgId: MMSG-15948]
Action.c(121): Notify: Transaction "delete_ticket" started.	[MsgId: MMSG-16999]
Action.c(124): web_reg_find started  	[MsgId: MMSG-26355]
Action.c(124): Registering web_reg_find was successful  	[MsgId: MMSG-26390]
Action.c(128): web_add_header("Origin") started  	[MsgId: MMSG-26355]
Action.c(128): web_add_header("Origin") was successful  	[MsgId: MMSG-26392]
Action.c(131): web_submit_form("itinerary.pl") started  	[MsgId: MMSG-26355]
Action.c(131): Submitting form to "http://localhost:1080/cgi-bin/itinerary.pl", Target Frame=""  	[MsgId: MMSG-27978]
Action.c(131): Resource "http://localhost:1080/WebTours/images/cancelreservation.gif" is in the cache already and will not be downloaded again  	[MsgId: MMSG-26655]
Action.c(131): Resource "http://localhost:1080/WebTours/images/cancelallreservations.gif" is in the cache already and will not be downloaded again  	[MsgId: MMSG-26655]
Action.c(131): Registered web_reg_find successful for "Text=168731856-778-KB"  	[MsgId: MMSG-26362]
Action.c(131): web_submit_form("itinerary.pl") was successful, 385973 body bytes, 256 header bytes, 731 chunking overhead bytes  	[MsgId: MMSG-26385]
Action.c(202): Notify: Transaction "delete_ticket" ended with a "Pass" status (Duration: 0,0780).	[MsgId: MMSG-16873]
Action.c(204): lr_think_time: 5,00 seconds.	[MsgId: MMSG-15948]
Action.c(206): Notify: Transaction "logout" started.	[MsgId: MMSG-16999]
Action.c(208): web_reg_find started  	[MsgId: MMSG-26355]
Action.c(208): Registering web_reg_find was successful  	[MsgId: MMSG-26390]
Action.c(211): web_url("SignOff Button") started  	[MsgId: MMSG-26355]
Action.c(211): Detected non-resource "http://localhost:1080/cgi-bin/nav.pl?in=home" in "http://localhost:1080/cgi-bin/welcome.pl?signOff=1"  	[MsgId: MMSG-26574]
Action.c(211): Detected non-resource "http://localhost:1080/WebTours/home.html" in "http://localhost:1080/cgi-bin/welcome.pl?signOff=1"  	[MsgId: MMSG-26574]
Action.c(211): Retrieving data from cache for "http://localhost:1080/WebTours/home.html"  	[MsgId: MMSG-26558]
Action.c(211): Resource "http://localhost:1080/WebTours/images/mer_login.gif" is in the cache already and will not be downloaded again  	[MsgId: MMSG-26655]
Action.c(211): Registered web_reg_find successful for "Text=A Session ID has been created and loaded into a cookie called MSO" (count=1)  	[MsgId: MMSG-26364]
Action.c(211): web_url("SignOff Button") was successful, 2175 body bytes, 583 header bytes, 24 chunking overhead bytes  	[MsgId: MMSG-26385]
Action.c(220): Notify: Transaction "logout" ended with a "Pass" status (Duration: 0,0700 Wasted Time: 0,0099).	[MsgId: MMSG-16871]
Action.c(222): Notify: Transaction "UC5_Delete_Ticket" ended with a "Pass" status (Duration: 20,4979 Think Time: 20,0376 Wasted Time: 0,0099).	[MsgId: MMSG-16870]
Ending action Action.	[MsgId: MMSG-15918]
Ending Vuser...	[MsgId: MMSG-15966]
Starting action vuser_end.	[MsgId: MMSG-15919]
Ending action vuser_end.	[MsgId: MMSG-15918]
Vuser Terminated.	[MsgId: MMSG-15963]
