Virtual User Script started at: 03.05.2023 21:29:12	[MsgId: MMSG-15967]
Starting action vuser_init.	[MsgId: MMSG-15919]
Web Turbo Replay of LoadRunner 2021.0.0 for Windows 10; build 430 (џэт 05 2021 19:27:22)  	[MsgId: MMSG-26983]
Run mode: HTML  	[MsgId: MMSG-26993]
Replay user agent: Mozilla/5.0 (Windows NT 10.0; Win64; x64) AppleWebKit/537.36 (KHTML, like Gecko) Chrome/111.0.0.0 Safari/537.36  	[MsgId: MMSG-26988]
Runtime Settings file: "C:\Users\svp31\AppData\Local\Temp\lr5tmpdirXzQ.878\lrcfgJAi.879\cfg4hN.884"  	[MsgId: MMSG-27141]
Ending action vuser_init.	[MsgId: MMSG-15918]
Running Vuser...	[MsgId: MMSG-15964]
Starting iteration 1.	[MsgId: MMSG-15968]
Maximum number of concurrent connections per server: 6  	[MsgId: MMSG-26989]
Starting action Action.	[MsgId: MMSG-15919]
Action.c(4): Notify: Transaction "UC2_Search_Ticket" started.	[MsgId: MMSG-16999]
Action.c(6): Notify: Transaction "open_home_page" started.	[MsgId: MMSG-16999]
Action.c(8): web_reg_find started  	[MsgId: MMSG-26355]
Action.c(8): Registering web_reg_find was successful  	[MsgId: MMSG-26390]
Action.c(11): web_add_auto_header("Sec-Fetch-Dest") started  	[MsgId: MMSG-26355]
Action.c(11): web_add_auto_header("Sec-Fetch-Dest") was successful  	[MsgId: MMSG-26392]
Action.c(14): web_add_auto_header("Sec-Fetch-Mode") started  	[MsgId: MMSG-26355]
Action.c(14): web_add_auto_header("Sec-Fetch-Mode") was successful  	[MsgId: MMSG-26392]
Action.c(17): web_add_auto_header("Sec-Fetch-Site") started  	[MsgId: MMSG-26355]
Action.c(17): web_add_auto_header("Sec-Fetch-Site") was successful  	[MsgId: MMSG-26392]
Action.c(20): web_add_auto_header("Upgrade-Insecure-Requests") started  	[MsgId: MMSG-26355]
Action.c(20): web_add_auto_header("Upgrade-Insecure-Requests") was successful  	[MsgId: MMSG-26392]
Action.c(23): web_add_auto_header("sec-ch-ua") started  	[MsgId: MMSG-26355]
Action.c(23): web_add_auto_header("sec-ch-ua") was successful  	[MsgId: MMSG-26392]
Action.c(26): web_add_auto_header("sec-ch-ua-mobile") started  	[MsgId: MMSG-26355]
Action.c(26): web_add_auto_header("sec-ch-ua-mobile") was successful  	[MsgId: MMSG-26392]
Action.c(29): web_add_auto_header("sec-ch-ua-platform") started  	[MsgId: MMSG-26355]
Action.c(29): web_add_auto_header("sec-ch-ua-platform") was successful  	[MsgId: MMSG-26392]
Action.c(33): web_reg_save_param_attrib started  	[MsgId: MMSG-26355]
Action.c(33): Registering web_reg_save_param_attrib was successful  	[MsgId: MMSG-26390]
Action.c(44): web_url("welcome.pl") started  	[MsgId: MMSG-26355]
Action.c(44): Error -27792: Failed to connect to server "localhost:1080": [10061] Connection refused  	[MsgId: MERR-27792]
Action.c(44): Error -35048: No match found for the requested parameter "userSession". Check whether the tag with specific attributes exists in the response data  	[MsgId: MERR-35048]
Action.c(44): Error -26366: "Text=Welcome to the Web Tours site" not found for web_reg_find  	[MsgId: MERR-26366]
Action.c(44): Error -26374: The above "not found" error(s) may be explained by header and body byte counts being 0 and 0, respectively.  	[MsgId: MERR-26374]
Action.c(44): web_url("welcome.pl") highest severity level was "ERROR", 0 body bytes, 0 header bytes  	[MsgId: MMSG-26388]
Action.c(44): Notify: Transaction "open_home_page" ended with a "Fail" status (Duration: 2,0473 Wasted Time: 0,0002).	[MsgId: MMSG-16871]
Action.c(44): Notify: Transaction "open_home_page" has 3 error message(s).	[MsgId: MMSG-16818]
Action.c(44): Notify: The 1st error message associated with transaction "open_home_page" is "Error -27792: Failed to connect to server "localhost:1080": [10061] Connection refused"	[MsgId: MMSG-16819]
Action.c(44): Notify: The 2nd error message associated with transaction "open_home_page" is "Error -26366: "Text=Welcome to the Web Tours site" not found for web_reg_find"	[MsgId: MMSG-16819]
Action.c(44): Notify: The 3rd error message associated with transaction "open_home_page" is "Error -26374: The above "not found" error(s) may be explained by header and body byte counts being 0 and 0, respectively."	[MsgId: MMSG-16819]
Action.c(44): Notify: Transaction "UC2_Search_Ticket" ended with a "Fail" status (Duration: 2,0473 Wasted Time: 0,0002).	[MsgId: MMSG-16871]
Action.c(44): Notify: Transaction "UC2_Search_Ticket" has 3 error message(s).	[MsgId: MMSG-16818]
Action.c(44): Notify: The 1st error message associated with transaction "UC2_Search_Ticket" is "Error -27792: Failed to connect to server "localhost:1080": [10061] Connection refused"	[MsgId: MMSG-16819]
Action.c(44): Notify: The 2nd error message associated with transaction "UC2_Search_Ticket" is "Error -26366: "Text=Welcome to the Web Tours site" not found for web_reg_find"	[MsgId: MMSG-16819]
Action.c(44): Notify: The 3rd error message associated with transaction "UC2_Search_Ticket" is "Error -26374: The above "not found" error(s) may be explained by header and body byte counts being 0 and 0, respectively."	[MsgId: MMSG-16819]
Ending action Action.	[MsgId: MMSG-15918]
Ending iteration 1.	[MsgId: MMSG-15965]
Waiting 70,9520 seconds for iteration pacing.	[MsgId: MMSG-15996]
Starting iteration 2.	[MsgId: MMSG-15968]
Starting action Action.	[MsgId: MMSG-15919]
Action.c(4): Notify: Transaction "UC2_Search_Ticket" started.	[MsgId: MMSG-16999]
Action.c(6): Notify: Transaction "open_home_page" started.	[MsgId: MMSG-16999]
Action.c(8): web_reg_find started  	[MsgId: MMSG-26355]
Action.c(8): Registering web_reg_find was successful  	[MsgId: MMSG-26390]
Action.c(11): web_add_auto_header("Sec-Fetch-Dest") started  	[MsgId: MMSG-26355]
Action.c(11): web_add_auto_header("Sec-Fetch-Dest") was successful  	[MsgId: MMSG-26392]
Action.c(14): web_add_auto_header("Sec-Fetch-Mode") started  	[MsgId: MMSG-26355]
Action.c(14): web_add_auto_header("Sec-Fetch-Mode") was successful  	[MsgId: MMSG-26392]
Action.c(17): web_add_auto_header("Sec-Fetch-Site") started  	[MsgId: MMSG-26355]
Action.c(17): web_add_auto_header("Sec-Fetch-Site") was successful  	[MsgId: MMSG-26392]
Action.c(20): web_add_auto_header("Upgrade-Insecure-Requests") started  	[MsgId: MMSG-26355]
Action.c(20): web_add_auto_header("Upgrade-Insecure-Requests") was successful  	[MsgId: MMSG-26392]
Action.c(23): web_add_auto_header("sec-ch-ua") started  	[MsgId: MMSG-26355]
Action.c(23): web_add_auto_header("sec-ch-ua") was successful  	[MsgId: MMSG-26392]
Action.c(26): web_add_auto_header("sec-ch-ua-mobile") started  	[MsgId: MMSG-26355]
Action.c(26): web_add_auto_header("sec-ch-ua-mobile") was successful  	[MsgId: MMSG-26392]
Action.c(29): web_add_auto_header("sec-ch-ua-platform") started  	[MsgId: MMSG-26355]
Action.c(29): web_add_auto_header("sec-ch-ua-platform") was successful  	[MsgId: MMSG-26392]
Action.c(33): web_reg_save_param_attrib started  	[MsgId: MMSG-26355]
Action.c(33): Registering web_reg_save_param_attrib was successful  	[MsgId: MMSG-26390]
Action.c(44): web_url("welcome.pl") started  	[MsgId: MMSG-26355]
Action.c(44): Error -27792: Failed to connect to server "localhost:1080": [10061] Connection refused  	[MsgId: MERR-27792]
Action.c(44): Error -35048: No match found for the requested parameter "userSession". Check whether the tag with specific attributes exists in the response data  	[MsgId: MERR-35048]
Action.c(44): Error -26366: "Text=Welcome to the Web Tours site" not found for web_reg_find  	[MsgId: MERR-26366]
Action.c(44): Error -26374: The above "not found" error(s) may be explained by header and body byte counts being 0 and 0, respectively.  	[MsgId: MERR-26374]
Action.c(44): web_url("welcome.pl") highest severity level was "ERROR", 0 body bytes, 0 header bytes  	[MsgId: MMSG-26388]
Action.c(44): Notify: Transaction "open_home_page" ended with a "Fail" status (Duration: 2,0462 Wasted Time: 0,0001).	[MsgId: MMSG-16871]
Action.c(44): Notify: Transaction "open_home_page" has 3 error message(s).	[MsgId: MMSG-16818]
Action.c(44): Notify: The 1st error message associated with transaction "open_home_page" is "Error -27792: Failed to connect to server "localhost:1080": [10061] Connection refused"	[MsgId: MMSG-16819]
Action.c(44): Notify: The 2nd error message associated with transaction "open_home_page" is "Error -26366: "Text=Welcome to the Web Tours site" not found for web_reg_find"	[MsgId: MMSG-16819]
Action.c(44): Notify: The 3rd error message associated with transaction "open_home_page" is "Error -26374: The above "not found" error(s) may be explained by header and body byte counts being 0 and 0, respectively."	[MsgId: MMSG-16819]
Action.c(44): Notify: Transaction "UC2_Search_Ticket" ended with a "Fail" status (Duration: 2,0462 Wasted Time: 0,0001).	[MsgId: MMSG-16871]
Action.c(44): Notify: Transaction "UC2_Search_Ticket" has 3 error message(s).	[MsgId: MMSG-16818]
Action.c(44): Notify: The 1st error message associated with transaction "UC2_Search_Ticket" is "Error -27792: Failed to connect to server "localhost:1080": [10061] Connection refused"	[MsgId: MMSG-16819]
Action.c(44): Notify: The 2nd error message associated with transaction "UC2_Search_Ticket" is "Error -26366: "Text=Welcome to the Web Tours site" not found for web_reg_find"	[MsgId: MMSG-16819]
Action.c(44): Notify: The 3rd error message associated with transaction "UC2_Search_Ticket" is "Error -26374: The above "not found" error(s) may be explained by header and body byte counts being 0 and 0, respectively."	[MsgId: MMSG-16819]
Ending action Action.	[MsgId: MMSG-15918]
Ending iteration 2.	[MsgId: MMSG-15965]
Waiting 70,9520 seconds for iteration pacing.	[MsgId: MMSG-15996]
Starting iteration 3.	[MsgId: MMSG-15968]
Starting action Action.	[MsgId: MMSG-15919]
Action.c(4): Notify: Transaction "UC2_Search_Ticket" started.	[MsgId: MMSG-16999]
Action.c(6): Notify: Transaction "open_home_page" started.	[MsgId: MMSG-16999]
Action.c(8): web_reg_find started  	[MsgId: MMSG-26355]
Action.c(8): Registering web_reg_find was successful  	[MsgId: MMSG-26390]
Action.c(11): web_add_auto_header("Sec-Fetch-Dest") started  	[MsgId: MMSG-26355]
Action.c(11): web_add_auto_header("Sec-Fetch-Dest") was successful  	[MsgId: MMSG-26392]
Action.c(14): web_add_auto_header("Sec-Fetch-Mode") started  	[MsgId: MMSG-26355]
Action.c(14): web_add_auto_header("Sec-Fetch-Mode") was successful  	[MsgId: MMSG-26392]
Action.c(17): web_add_auto_header("Sec-Fetch-Site") started  	[MsgId: MMSG-26355]
Action.c(17): web_add_auto_header("Sec-Fetch-Site") was successful  	[MsgId: MMSG-26392]
Action.c(20): web_add_auto_header("Upgrade-Insecure-Requests") started  	[MsgId: MMSG-26355]
Action.c(20): web_add_auto_header("Upgrade-Insecure-Requests") was successful  	[MsgId: MMSG-26392]
Action.c(23): web_add_auto_header("sec-ch-ua") started  	[MsgId: MMSG-26355]
Action.c(23): web_add_auto_header("sec-ch-ua") was successful  	[MsgId: MMSG-26392]
Action.c(26): web_add_auto_header("sec-ch-ua-mobile") started  	[MsgId: MMSG-26355]
Action.c(26): web_add_auto_header("sec-ch-ua-mobile") was successful  	[MsgId: MMSG-26392]
Action.c(29): web_add_auto_header("sec-ch-ua-platform") started  	[MsgId: MMSG-26355]
Action.c(29): web_add_auto_header("sec-ch-ua-platform") was successful  	[MsgId: MMSG-26392]
Action.c(33): web_reg_save_param_attrib started  	[MsgId: MMSG-26355]
Action.c(33): Registering web_reg_save_param_attrib was successful  	[MsgId: MMSG-26390]
Action.c(44): web_url("welcome.pl") started  	[MsgId: MMSG-26355]
Action.c(44): Error -27792: Failed to connect to server "localhost:1080": [10061] Connection refused  	[MsgId: MERR-27792]
Action.c(44): Error -35048: No match found for the requested parameter "userSession". Check whether the tag with specific attributes exists in the response data  	[MsgId: MERR-35048]
Action.c(44): Error -26366: "Text=Welcome to the Web Tours site" not found for web_reg_find  	[MsgId: MERR-26366]
Action.c(44): Error -26374: The above "not found" error(s) may be explained by header and body byte counts being 0 and 0, respectively.  	[MsgId: MERR-26374]
Action.c(44): web_url("welcome.pl") highest severity level was "ERROR", 0 body bytes, 0 header bytes  	[MsgId: MMSG-26388]
Action.c(44): Notify: Transaction "open_home_page" ended with a "Fail" status (Duration: 2,0475 Wasted Time: 0,0001).	[MsgId: MMSG-16871]
Action.c(44): Notify: Transaction "open_home_page" has 3 error message(s).	[MsgId: MMSG-16818]
Action.c(44): Notify: The 1st error message associated with transaction "open_home_page" is "Error -27792: Failed to connect to server "localhost:1080": [10061] Connection refused"	[MsgId: MMSG-16819]
Action.c(44): Notify: The 2nd error message associated with transaction "open_home_page" is "Error -26366: "Text=Welcome to the Web Tours site" not found for web_reg_find"	[MsgId: MMSG-16819]
Action.c(44): Notify: The 3rd error message associated with transaction "open_home_page" is "Error -26374: The above "not found" error(s) may be explained by header and body byte counts being 0 and 0, respectively."	[MsgId: MMSG-16819]
Action.c(44): Notify: Transaction "UC2_Search_Ticket" ended with a "Fail" status (Duration: 2,0475 Wasted Time: 0,0001).	[MsgId: MMSG-16871]
Action.c(44): Notify: Transaction "UC2_Search_Ticket" has 3 error message(s).	[MsgId: MMSG-16818]
Action.c(44): Notify: The 1st error message associated with transaction "UC2_Search_Ticket" is "Error -27792: Failed to connect to server "localhost:1080": [10061] Connection refused"	[MsgId: MMSG-16819]
Action.c(44): Notify: The 2nd error message associated with transaction "UC2_Search_Ticket" is "Error -26366: "Text=Welcome to the Web Tours site" not found for web_reg_find"	[MsgId: MMSG-16819]
Action.c(44): Notify: The 3rd error message associated with transaction "UC2_Search_Ticket" is "Error -26374: The above "not found" error(s) may be explained by header and body byte counts being 0 and 0, respectively."	[MsgId: MMSG-16819]
Ending action Action.	[MsgId: MMSG-15918]
Ending iteration 3.	[MsgId: MMSG-15965]
Waiting 70,9520 seconds for iteration pacing.	[MsgId: MMSG-15996]
Starting iteration 4.	[MsgId: MMSG-15968]
Starting action Action.	[MsgId: MMSG-15919]
Action.c(4): Notify: Transaction "UC2_Search_Ticket" started.	[MsgId: MMSG-16999]
Action.c(6): Notify: Transaction "open_home_page" started.	[MsgId: MMSG-16999]
Action.c(8): web_reg_find started  	[MsgId: MMSG-26355]
Action.c(8): Registering web_reg_find was successful  	[MsgId: MMSG-26390]
Action.c(11): web_add_auto_header("Sec-Fetch-Dest") started  	[MsgId: MMSG-26355]
Action.c(11): web_add_auto_header("Sec-Fetch-Dest") was successful  	[MsgId: MMSG-26392]
Action.c(14): web_add_auto_header("Sec-Fetch-Mode") started  	[MsgId: MMSG-26355]
Action.c(14): web_add_auto_header("Sec-Fetch-Mode") was successful  	[MsgId: MMSG-26392]
Action.c(17): web_add_auto_header("Sec-Fetch-Site") started  	[MsgId: MMSG-26355]
Action.c(17): web_add_auto_header("Sec-Fetch-Site") was successful  	[MsgId: MMSG-26392]
Action.c(20): web_add_auto_header("Upgrade-Insecure-Requests") started  	[MsgId: MMSG-26355]
Action.c(20): web_add_auto_header("Upgrade-Insecure-Requests") was successful  	[MsgId: MMSG-26392]
Action.c(23): web_add_auto_header("sec-ch-ua") started  	[MsgId: MMSG-26355]
Action.c(23): web_add_auto_header("sec-ch-ua") was successful  	[MsgId: MMSG-26392]
Action.c(26): web_add_auto_header("sec-ch-ua-mobile") started  	[MsgId: MMSG-26355]
Action.c(26): web_add_auto_header("sec-ch-ua-mobile") was successful  	[MsgId: MMSG-26392]
Action.c(29): web_add_auto_header("sec-ch-ua-platform") started  	[MsgId: MMSG-26355]
Action.c(29): web_add_auto_header("sec-ch-ua-platform") was successful  	[MsgId: MMSG-26392]
Action.c(33): web_reg_save_param_attrib started  	[MsgId: MMSG-26355]
Action.c(33): Registering web_reg_save_param_attrib was successful  	[MsgId: MMSG-26390]
Action.c(44): web_url("welcome.pl") started  	[MsgId: MMSG-26355]
Action.c(44): Error -27792: Failed to connect to server "localhost:1080": [10061] Connection refused  	[MsgId: MERR-27792]
Action.c(44): Error -35048: No match found for the requested parameter "userSession". Check whether the tag with specific attributes exists in the response data  	[MsgId: MERR-35048]
Action.c(44): Error -26366: "Text=Welcome to the Web Tours site" not found for web_reg_find  	[MsgId: MERR-26366]
Action.c(44): Error -26374: The above "not found" error(s) may be explained by header and body byte counts being 0 and 0, respectively.  	[MsgId: MERR-26374]
Action.c(44): web_url("welcome.pl") highest severity level was "ERROR", 0 body bytes, 0 header bytes  	[MsgId: MMSG-26388]
Action.c(44): Notify: Transaction "open_home_page" ended with a "Fail" status (Duration: 2,0639 Wasted Time: 0,0001).	[MsgId: MMSG-16871]
Action.c(44): Notify: Transaction "open_home_page" has 3 error message(s).	[MsgId: MMSG-16818]
Action.c(44): Notify: The 1st error message associated with transaction "open_home_page" is "Error -27792: Failed to connect to server "localhost:1080": [10061] Connection refused"	[MsgId: MMSG-16819]
Action.c(44): Notify: The 2nd error message associated with transaction "open_home_page" is "Error -26366: "Text=Welcome to the Web Tours site" not found for web_reg_find"	[MsgId: MMSG-16819]
Action.c(44): Notify: The 3rd error message associated with transaction "open_home_page" is "Error -26374: The above "not found" error(s) may be explained by header and body byte counts being 0 and 0, respectively."	[MsgId: MMSG-16819]
Action.c(44): Notify: Transaction "UC2_Search_Ticket" ended with a "Fail" status (Duration: 2,0639 Wasted Time: 0,0001).	[MsgId: MMSG-16871]
Action.c(44): Notify: Transaction "UC2_Search_Ticket" has 3 error message(s).	[MsgId: MMSG-16818]
Action.c(44): Notify: The 1st error message associated with transaction "UC2_Search_Ticket" is "Error -27792: Failed to connect to server "localhost:1080": [10061] Connection refused"	[MsgId: MMSG-16819]
Action.c(44): Notify: The 2nd error message associated with transaction "UC2_Search_Ticket" is "Error -26366: "Text=Welcome to the Web Tours site" not found for web_reg_find"	[MsgId: MMSG-16819]
Action.c(44): Notify: The 3rd error message associated with transaction "UC2_Search_Ticket" is "Error -26374: The above "not found" error(s) may be explained by header and body byte counts being 0 and 0, respectively."	[MsgId: MMSG-16819]
Ending action Action.	[MsgId: MMSG-15918]
Ending iteration 4.	[MsgId: MMSG-15965]
Waiting 70,9340 seconds for iteration pacing.	[MsgId: MMSG-15996]
Starting iteration 5.	[MsgId: MMSG-15968]
Starting action Action.	[MsgId: MMSG-15919]
Action.c(4): Notify: Transaction "UC2_Search_Ticket" started.	[MsgId: MMSG-16999]
Action.c(6): Notify: Transaction "open_home_page" started.	[MsgId: MMSG-16999]
Action.c(8): web_reg_find started  	[MsgId: MMSG-26355]
Action.c(8): Registering web_reg_find was successful  	[MsgId: MMSG-26390]
Action.c(11): web_add_auto_header("Sec-Fetch-Dest") started  	[MsgId: MMSG-26355]
Action.c(11): web_add_auto_header("Sec-Fetch-Dest") was successful  	[MsgId: MMSG-26392]
Action.c(14): web_add_auto_header("Sec-Fetch-Mode") started  	[MsgId: MMSG-26355]
Action.c(14): web_add_auto_header("Sec-Fetch-Mode") was successful  	[MsgId: MMSG-26392]
Action.c(17): web_add_auto_header("Sec-Fetch-Site") started  	[MsgId: MMSG-26355]
Action.c(17): web_add_auto_header("Sec-Fetch-Site") was successful  	[MsgId: MMSG-26392]
Action.c(20): web_add_auto_header("Upgrade-Insecure-Requests") started  	[MsgId: MMSG-26355]
Action.c(20): web_add_auto_header("Upgrade-Insecure-Requests") was successful  	[MsgId: MMSG-26392]
Action.c(23): web_add_auto_header("sec-ch-ua") started  	[MsgId: MMSG-26355]
Action.c(23): web_add_auto_header("sec-ch-ua") was successful  	[MsgId: MMSG-26392]
Action.c(26): web_add_auto_header("sec-ch-ua-mobile") started  	[MsgId: MMSG-26355]
Action.c(26): web_add_auto_header("sec-ch-ua-mobile") was successful  	[MsgId: MMSG-26392]
Action.c(29): web_add_auto_header("sec-ch-ua-platform") started  	[MsgId: MMSG-26355]
Action.c(29): web_add_auto_header("sec-ch-ua-platform") was successful  	[MsgId: MMSG-26392]
Action.c(33): web_reg_save_param_attrib started  	[MsgId: MMSG-26355]
Action.c(33): Registering web_reg_save_param_attrib was successful  	[MsgId: MMSG-26390]
Action.c(44): web_url("welcome.pl") started  	[MsgId: MMSG-26355]
Action.c(44): Error -27792: Failed to connect to server "localhost:1080": [10061] Connection refused  	[MsgId: MERR-27792]
Action.c(44): Error -35048: No match found for the requested parameter "userSession". Check whether the tag with specific attributes exists in the response data  	[MsgId: MERR-35048]
Action.c(44): Error -26366: "Text=Welcome to the Web Tours site" not found for web_reg_find  	[MsgId: MERR-26366]
Action.c(44): Error -26374: The above "not found" error(s) may be explained by header and body byte counts being 0 and 0, respectively.  	[MsgId: MERR-26374]
Action.c(44): web_url("welcome.pl") highest severity level was "ERROR", 0 body bytes, 0 header bytes  	[MsgId: MMSG-26388]
Action.c(44): Notify: Transaction "open_home_page" ended with a "Fail" status (Duration: 2,0498 Wasted Time: 0,0001).	[MsgId: MMSG-16871]
Action.c(44): Notify: Transaction "open_home_page" has 3 error message(s).	[MsgId: MMSG-16818]
Action.c(44): Notify: The 1st error message associated with transaction "open_home_page" is "Error -27792: Failed to connect to server "localhost:1080": [10061] Connection refused"	[MsgId: MMSG-16819]
Action.c(44): Notify: The 2nd error message associated with transaction "open_home_page" is "Error -26366: "Text=Welcome to the Web Tours site" not found for web_reg_find"	[MsgId: MMSG-16819]
Action.c(44): Notify: The 3rd error message associated with transaction "open_home_page" is "Error -26374: The above "not found" error(s) may be explained by header and body byte counts being 0 and 0, respectively."	[MsgId: MMSG-16819]
Action.c(44): Notify: Transaction "UC2_Search_Ticket" ended with a "Fail" status (Duration: 2,0498 Wasted Time: 0,0001).	[MsgId: MMSG-16871]
Action.c(44): Notify: Transaction "UC2_Search_Ticket" has 3 error message(s).	[MsgId: MMSG-16818]
Action.c(44): Notify: The 1st error message associated with transaction "UC2_Search_Ticket" is "Error -27792: Failed to connect to server "localhost:1080": [10061] Connection refused"	[MsgId: MMSG-16819]
Action.c(44): Notify: The 2nd error message associated with transaction "UC2_Search_Ticket" is "Error -26366: "Text=Welcome to the Web Tours site" not found for web_reg_find"	[MsgId: MMSG-16819]
Action.c(44): Notify: The 3rd error message associated with transaction "UC2_Search_Ticket" is "Error -26374: The above "not found" error(s) may be explained by header and body byte counts being 0 and 0, respectively."	[MsgId: MMSG-16819]
Ending action Action.	[MsgId: MMSG-15918]
Ending iteration 5.	[MsgId: MMSG-15965]
Waiting 70,9490 seconds for iteration pacing.	[MsgId: MMSG-15996]
Starting iteration 6.	[MsgId: MMSG-15968]
Starting action Action.	[MsgId: MMSG-15919]
Action.c(4): Notify: Transaction "UC2_Search_Ticket" started.	[MsgId: MMSG-16999]
Action.c(6): Notify: Transaction "open_home_page" started.	[MsgId: MMSG-16999]
Action.c(8): web_reg_find started  	[MsgId: MMSG-26355]
Action.c(8): Registering web_reg_find was successful  	[MsgId: MMSG-26390]
Action.c(11): web_add_auto_header("Sec-Fetch-Dest") started  	[MsgId: MMSG-26355]
Action.c(11): web_add_auto_header("Sec-Fetch-Dest") was successful  	[MsgId: MMSG-26392]
Action.c(14): web_add_auto_header("Sec-Fetch-Mode") started  	[MsgId: MMSG-26355]
Action.c(14): web_add_auto_header("Sec-Fetch-Mode") was successful  	[MsgId: MMSG-26392]
Action.c(17): web_add_auto_header("Sec-Fetch-Site") started  	[MsgId: MMSG-26355]
Action.c(17): web_add_auto_header("Sec-Fetch-Site") was successful  	[MsgId: MMSG-26392]
Action.c(20): web_add_auto_header("Upgrade-Insecure-Requests") started  	[MsgId: MMSG-26355]
Action.c(20): web_add_auto_header("Upgrade-Insecure-Requests") was successful  	[MsgId: MMSG-26392]
Action.c(23): web_add_auto_header("sec-ch-ua") started  	[MsgId: MMSG-26355]
Action.c(23): web_add_auto_header("sec-ch-ua") was successful  	[MsgId: MMSG-26392]
Action.c(26): web_add_auto_header("sec-ch-ua-mobile") started  	[MsgId: MMSG-26355]
Action.c(26): web_add_auto_header("sec-ch-ua-mobile") was successful  	[MsgId: MMSG-26392]
Action.c(29): web_add_auto_header("sec-ch-ua-platform") started  	[MsgId: MMSG-26355]
Action.c(29): web_add_auto_header("sec-ch-ua-platform") was successful  	[MsgId: MMSG-26392]
Action.c(33): web_reg_save_param_attrib started  	[MsgId: MMSG-26355]
Action.c(33): Registering web_reg_save_param_attrib was successful  	[MsgId: MMSG-26390]
Action.c(44): web_url("welcome.pl") started  	[MsgId: MMSG-26355]
Action.c(44): Error -27792: Failed to connect to server "localhost:1080": [10061] Connection refused  	[MsgId: MERR-27792]
Action.c(44): Error -35048: No match found for the requested parameter "userSession". Check whether the tag with specific attributes exists in the response data  	[MsgId: MERR-35048]
Action.c(44): Error -26366: "Text=Welcome to the Web Tours site" not found for web_reg_find  	[MsgId: MERR-26366]
Action.c(44): Error -26374: The above "not found" error(s) may be explained by header and body byte counts being 0 and 0, respectively.  	[MsgId: MERR-26374]
Action.c(44): web_url("welcome.pl") highest severity level was "ERROR", 0 body bytes, 0 header bytes  	[MsgId: MMSG-26388]
Action.c(44): Notify: Transaction "open_home_page" ended with a "Fail" status (Duration: 2,0455 Wasted Time: 0,0001).	[MsgId: MMSG-16871]
Action.c(44): Notify: Transaction "open_home_page" has 3 error message(s).	[MsgId: MMSG-16818]
Action.c(44): Notify: The 1st error message associated with transaction "open_home_page" is "Error -27792: Failed to connect to server "localhost:1080": [10061] Connection refused"	[MsgId: MMSG-16819]
Action.c(44): Notify: The 2nd error message associated with transaction "open_home_page" is "Error -26366: "Text=Welcome to the Web Tours site" not found for web_reg_find"	[MsgId: MMSG-16819]
Action.c(44): Notify: The 3rd error message associated with transaction "open_home_page" is "Error -26374: The above "not found" error(s) may be explained by header and body byte counts being 0 and 0, respectively."	[MsgId: MMSG-16819]
Action.c(44): Notify: Transaction "UC2_Search_Ticket" ended with a "Fail" status (Duration: 2,0455 Wasted Time: 0,0001).	[MsgId: MMSG-16871]
Action.c(44): Notify: Transaction "UC2_Search_Ticket" has 3 error message(s).	[MsgId: MMSG-16818]
Action.c(44): Notify: The 1st error message associated with transaction "UC2_Search_Ticket" is "Error -27792: Failed to connect to server "localhost:1080": [10061] Connection refused"	[MsgId: MMSG-16819]
Action.c(44): Notify: The 2nd error message associated with transaction "UC2_Search_Ticket" is "Error -26366: "Text=Welcome to the Web Tours site" not found for web_reg_find"	[MsgId: MMSG-16819]
Action.c(44): Notify: The 3rd error message associated with transaction "UC2_Search_Ticket" is "Error -26374: The above "not found" error(s) may be explained by header and body byte counts being 0 and 0, respectively."	[MsgId: MMSG-16819]
Ending action Action.	[MsgId: MMSG-15918]
Ending iteration 6.	[MsgId: MMSG-15965]
Waiting 70,9540 seconds for iteration pacing.	[MsgId: MMSG-15996]
Starting iteration 7.	[MsgId: MMSG-15968]
Starting action Action.	[MsgId: MMSG-15919]
Action.c(4): Notify: Transaction "UC2_Search_Ticket" started.	[MsgId: MMSG-16999]
Action.c(6): Notify: Transaction "open_home_page" started.	[MsgId: MMSG-16999]
Action.c(8): web_reg_find started  	[MsgId: MMSG-26355]
Action.c(8): Registering web_reg_find was successful  	[MsgId: MMSG-26390]
Action.c(11): web_add_auto_header("Sec-Fetch-Dest") started  	[MsgId: MMSG-26355]
Action.c(11): web_add_auto_header("Sec-Fetch-Dest") was successful  	[MsgId: MMSG-26392]
Action.c(14): web_add_auto_header("Sec-Fetch-Mode") started  	[MsgId: MMSG-26355]
Action.c(14): web_add_auto_header("Sec-Fetch-Mode") was successful  	[MsgId: MMSG-26392]
Action.c(17): web_add_auto_header("Sec-Fetch-Site") started  	[MsgId: MMSG-26355]
Action.c(17): web_add_auto_header("Sec-Fetch-Site") was successful  	[MsgId: MMSG-26392]
Action.c(20): web_add_auto_header("Upgrade-Insecure-Requests") started  	[MsgId: MMSG-26355]
Action.c(20): web_add_auto_header("Upgrade-Insecure-Requests") was successful  	[MsgId: MMSG-26392]
Action.c(23): web_add_auto_header("sec-ch-ua") started  	[MsgId: MMSG-26355]
Action.c(23): web_add_auto_header("sec-ch-ua") was successful  	[MsgId: MMSG-26392]
Action.c(26): web_add_auto_header("sec-ch-ua-mobile") started  	[MsgId: MMSG-26355]
Action.c(26): web_add_auto_header("sec-ch-ua-mobile") was successful  	[MsgId: MMSG-26392]
Action.c(29): web_add_auto_header("sec-ch-ua-platform") started  	[MsgId: MMSG-26355]
Action.c(29): web_add_auto_header("sec-ch-ua-platform") was successful  	[MsgId: MMSG-26392]
Action.c(33): web_reg_save_param_attrib started  	[MsgId: MMSG-26355]
Action.c(33): Registering web_reg_save_param_attrib was successful  	[MsgId: MMSG-26390]
Action.c(44): web_url("welcome.pl") started  	[MsgId: MMSG-26355]
Action.c(44): Error -27792: Failed to connect to server "localhost:1080": [10061] Connection refused  	[MsgId: MERR-27792]
Action.c(44): Error -35048: No match found for the requested parameter "userSession". Check whether the tag with specific attributes exists in the response data  	[MsgId: MERR-35048]
Action.c(44): Error -26366: "Text=Welcome to the Web Tours site" not found for web_reg_find  	[MsgId: MERR-26366]
Action.c(44): Error -26374: The above "not found" error(s) may be explained by header and body byte counts being 0 and 0, respectively.  	[MsgId: MERR-26374]
Action.c(44): web_url("welcome.pl") highest severity level was "ERROR", 0 body bytes, 0 header bytes  	[MsgId: MMSG-26388]
Action.c(44): Notify: Transaction "open_home_page" ended with a "Fail" status (Duration: 2,0511 Wasted Time: 0,0001).	[MsgId: MMSG-16871]
Action.c(44): Notify: Transaction "open_home_page" has 3 error message(s).	[MsgId: MMSG-16818]
Action.c(44): Notify: The 1st error message associated with transaction "open_home_page" is "Error -27792: Failed to connect to server "localhost:1080": [10061] Connection refused"	[MsgId: MMSG-16819]
Action.c(44): Notify: The 2nd error message associated with transaction "open_home_page" is "Error -26366: "Text=Welcome to the Web Tours site" not found for web_reg_find"	[MsgId: MMSG-16819]
Action.c(44): Notify: The 3rd error message associated with transaction "open_home_page" is "Error -26374: The above "not found" error(s) may be explained by header and body byte counts being 0 and 0, respectively."	[MsgId: MMSG-16819]
Action.c(44): Notify: Transaction "UC2_Search_Ticket" ended with a "Fail" status (Duration: 2,0512 Wasted Time: 0,0001).	[MsgId: MMSG-16871]
Action.c(44): Notify: Transaction "UC2_Search_Ticket" has 3 error message(s).	[MsgId: MMSG-16818]
Action.c(44): Notify: The 1st error message associated with transaction "UC2_Search_Ticket" is "Error -27792: Failed to connect to server "localhost:1080": [10061] Connection refused"	[MsgId: MMSG-16819]
Action.c(44): Notify: The 2nd error message associated with transaction "UC2_Search_Ticket" is "Error -26366: "Text=Welcome to the Web Tours site" not found for web_reg_find"	[MsgId: MMSG-16819]
Action.c(44): Notify: The 3rd error message associated with transaction "UC2_Search_Ticket" is "Error -26374: The above "not found" error(s) may be explained by header and body byte counts being 0 and 0, respectively."	[MsgId: MMSG-16819]
Ending action Action.	[MsgId: MMSG-15918]
Ending iteration 7.	[MsgId: MMSG-15965]
Waiting 70,9480 seconds for iteration pacing.	[MsgId: MMSG-15996]
Starting iteration 8.	[MsgId: MMSG-15968]
Starting action Action.	[MsgId: MMSG-15919]
Action.c(4): Notify: Transaction "UC2_Search_Ticket" started.	[MsgId: MMSG-16999]
Action.c(6): Notify: Transaction "open_home_page" started.	[MsgId: MMSG-16999]
Action.c(8): web_reg_find started  	[MsgId: MMSG-26355]
Action.c(8): Registering web_reg_find was successful  	[MsgId: MMSG-26390]
Action.c(11): web_add_auto_header("Sec-Fetch-Dest") started  	[MsgId: MMSG-26355]
Action.c(11): web_add_auto_header("Sec-Fetch-Dest") was successful  	[MsgId: MMSG-26392]
Action.c(14): web_add_auto_header("Sec-Fetch-Mode") started  	[MsgId: MMSG-26355]
Action.c(14): web_add_auto_header("Sec-Fetch-Mode") was successful  	[MsgId: MMSG-26392]
Action.c(17): web_add_auto_header("Sec-Fetch-Site") started  	[MsgId: MMSG-26355]
Action.c(17): web_add_auto_header("Sec-Fetch-Site") was successful  	[MsgId: MMSG-26392]
Action.c(20): web_add_auto_header("Upgrade-Insecure-Requests") started  	[MsgId: MMSG-26355]
Action.c(20): web_add_auto_header("Upgrade-Insecure-Requests") was successful  	[MsgId: MMSG-26392]
Action.c(23): web_add_auto_header("sec-ch-ua") started  	[MsgId: MMSG-26355]
Action.c(23): web_add_auto_header("sec-ch-ua") was successful  	[MsgId: MMSG-26392]
Action.c(26): web_add_auto_header("sec-ch-ua-mobile") started  	[MsgId: MMSG-26355]
Action.c(26): web_add_auto_header("sec-ch-ua-mobile") was successful  	[MsgId: MMSG-26392]
Action.c(29): web_add_auto_header("sec-ch-ua-platform") started  	[MsgId: MMSG-26355]
Action.c(29): web_add_auto_header("sec-ch-ua-platform") was successful  	[MsgId: MMSG-26392]
Action.c(33): web_reg_save_param_attrib started  	[MsgId: MMSG-26355]
Action.c(33): Registering web_reg_save_param_attrib was successful  	[MsgId: MMSG-26390]
Action.c(44): web_url("welcome.pl") started  	[MsgId: MMSG-26355]
Action.c(44): Error -27792: Failed to connect to server "localhost:1080": [10061] Connection refused  	[MsgId: MERR-27792]
Action.c(44): Error -35048: No match found for the requested parameter "userSession". Check whether the tag with specific attributes exists in the response data  	[MsgId: MERR-35048]
Action.c(44): Error -26366: "Text=Welcome to the Web Tours site" not found for web_reg_find  	[MsgId: MERR-26366]
Action.c(44): Error -26374: The above "not found" error(s) may be explained by header and body byte counts being 0 and 0, respectively.  	[MsgId: MERR-26374]
Action.c(44): web_url("welcome.pl") highest severity level was "ERROR", 0 body bytes, 0 header bytes  	[MsgId: MMSG-26388]
Action.c(44): Notify: Transaction "open_home_page" ended with a "Fail" status (Duration: 2,0497 Wasted Time: 0,0001).	[MsgId: MMSG-16871]
Action.c(44): Notify: Transaction "open_home_page" has 3 error message(s).	[MsgId: MMSG-16818]
Action.c(44): Notify: The 1st error message associated with transaction "open_home_page" is "Error -27792: Failed to connect to server "localhost:1080": [10061] Connection refused"	[MsgId: MMSG-16819]
Action.c(44): Notify: The 2nd error message associated with transaction "open_home_page" is "Error -26366: "Text=Welcome to the Web Tours site" not found for web_reg_find"	[MsgId: MMSG-16819]
Action.c(44): Notify: The 3rd error message associated with transaction "open_home_page" is "Error -26374: The above "not found" error(s) may be explained by header and body byte counts being 0 and 0, respectively."	[MsgId: MMSG-16819]
Action.c(44): Notify: Transaction "UC2_Search_Ticket" ended with a "Fail" status (Duration: 2,0497 Wasted Time: 0,0001).	[MsgId: MMSG-16871]
Action.c(44): Notify: Transaction "UC2_Search_Ticket" has 3 error message(s).	[MsgId: MMSG-16818]
Action.c(44): Notify: The 1st error message associated with transaction "UC2_Search_Ticket" is "Error -27792: Failed to connect to server "localhost:1080": [10061] Connection refused"	[MsgId: MMSG-16819]
Action.c(44): Notify: The 2nd error message associated with transaction "UC2_Search_Ticket" is "Error -26366: "Text=Welcome to the Web Tours site" not found for web_reg_find"	[MsgId: MMSG-16819]
Action.c(44): Notify: The 3rd error message associated with transaction "UC2_Search_Ticket" is "Error -26374: The above "not found" error(s) may be explained by header and body byte counts being 0 and 0, respectively."	[MsgId: MMSG-16819]
Ending action Action.	[MsgId: MMSG-15918]
Ending iteration 8.	[MsgId: MMSG-15965]
Waiting 70,9500 seconds for iteration pacing.	[MsgId: MMSG-15996]
Ending Vuser...	[MsgId: MMSG-15966]
Starting action vuser_end.	[MsgId: MMSG-15919]
Ending action vuser_end.	[MsgId: MMSG-15918]
Vuser Terminated.	[MsgId: MMSG-15963]
