Start auto log messages stack - Iteration 3.	[MsgId: MMSG-10545]
Action.c(66): web_add_auto_header("Sec-Fetch-User") started  	[MsgId: MMSG-26355]
Action.c(66): web_add_auto_header("Sec-Fetch-User") was successful  	[MsgId: MMSG-26392]
Action.c(69): web_submit_data("login.pl") started  	[MsgId: MMSG-26355]
Action.c(69): Detected non-resource "http://localhost:1080/cgi-bin/nav.pl?username=bazilio&password=cat" in "http://localhost:1080/cgi-bin/login.pl"  	[MsgId: MMSG-26574]
Action.c(69): Detected non-resource "http://localhost:1080/cgi-bin/error.pl?error=badPassword" in "http://localhost:1080/cgi-bin/login.pl"  	[MsgId: MMSG-26574]
Action.c(69): Resource "http://localhost:1080/WebTours/images/mer_login.gif" is in the cache already and will not be downloaded again  	[MsgId: MMSG-26655]
Action.c(69): Error -26366: "Text=Welcome, <b>bazilio</b>, to the Web Tours" not found for web_reg_find  	[MsgId: MERR-26366]
End auto log messages stack.	[MsgId: MMSG-10544]


Start auto log messages stack - Iteration 8.	[MsgId: MMSG-10545]
Action.c(66): web_add_auto_header("Sec-Fetch-User") started  	[MsgId: MMSG-26355]
Action.c(66): web_add_auto_header("Sec-Fetch-User") was successful  	[MsgId: MMSG-26392]
Action.c(69): web_submit_data("login.pl") started  	[MsgId: MMSG-26355]
Action.c(69): Detected non-resource "http://localhost:1080/cgi-bin/nav.pl?username=karabas&password=barabas" in "http://localhost:1080/cgi-bin/login.pl"  	[MsgId: MMSG-26574]
Action.c(69): Detected non-resource "http://localhost:1080/cgi-bin/error.pl?error=badPassword" in "http://localhost:1080/cgi-bin/login.pl"  	[MsgId: MMSG-26574]
Action.c(69): Resource "http://localhost:1080/WebTours/images/mer_login.gif" is in the cache already and will not be downloaded again  	[MsgId: MMSG-26655]
Action.c(69): Error -26366: "Text=Welcome, <b>karabas</b>, to the Web Tours" not found for web_reg_find  	[MsgId: MERR-26366]
End auto log messages stack.	[MsgId: MMSG-10544]


Start auto log messages stack - Iteration 13.	[MsgId: MMSG-10545]
Action.c(66): web_add_auto_header("Sec-Fetch-User") started  	[MsgId: MMSG-26355]
Action.c(66): web_add_auto_header("Sec-Fetch-User") was successful  	[MsgId: MMSG-26392]
Action.c(69): web_submit_data("login.pl") started  	[MsgId: MMSG-26355]
Action.c(69): Detected non-resource "http://localhost:1080/cgi-bin/nav.pl?username=bazilio&password=cat" in "http://localhost:1080/cgi-bin/login.pl"  	[MsgId: MMSG-26574]
Action.c(69): Detected non-resource "http://localhost:1080/cgi-bin/error.pl?error=badPassword" in "http://localhost:1080/cgi-bin/login.pl"  	[MsgId: MMSG-26574]
Action.c(69): Resource "http://localhost:1080/WebTours/images/mer_login.gif" is in the cache already and will not be downloaded again  	[MsgId: MMSG-26655]
Action.c(69): Error -26366: "Text=Welcome, <b>bazilio</b>, to the Web Tours" not found for web_reg_find  	[MsgId: MERR-26366]
End auto log messages stack.	[MsgId: MMSG-10544]


Start auto log messages stack - Iteration 12.	[MsgId: MMSG-10545]
Action.c(66): web_add_auto_header("Sec-Fetch-User") started  	[MsgId: MMSG-26355]
Action.c(66): web_add_auto_header("Sec-Fetch-User") was successful  	[MsgId: MMSG-26392]
Action.c(69): web_submit_data("login.pl") started  	[MsgId: MMSG-26355]
Action.c(69): Detected non-resource "http://localhost:1080/cgi-bin/nav.pl?username=bazilio&password=cat" in "http://localhost:1080/cgi-bin/login.pl"  	[MsgId: MMSG-26574]
Action.c(69): Detected non-resource "http://localhost:1080/cgi-bin/error.pl?error=badPassword" in "http://localhost:1080/cgi-bin/login.pl"  	[MsgId: MMSG-26574]
Action.c(69): Resource "http://localhost:1080/WebTours/images/mer_login.gif" is in the cache already and will not be downloaded again  	[MsgId: MMSG-26655]
Action.c(69): Error -26366: "Text=Welcome, <b>bazilio</b>, to the Web Tours" not found for web_reg_find  	[MsgId: MERR-26366]
End auto log messages stack.	[MsgId: MMSG-10544]


Start auto log messages stack - Iteration 14.	[MsgId: MMSG-10545]
Action.c(66): web_add_auto_header("Sec-Fetch-User") started  	[MsgId: MMSG-26355]
Action.c(66): web_add_auto_header("Sec-Fetch-User") was successful  	[MsgId: MMSG-26392]
Action.c(69): web_submit_data("login.pl") started  	[MsgId: MMSG-26355]
Action.c(69): Detected non-resource "http://localhost:1080/cgi-bin/nav.pl?username=bazilio&password=cat" in "http://localhost:1080/cgi-bin/login.pl"  	[MsgId: MMSG-26574]
Action.c(69): Detected non-resource "http://localhost:1080/cgi-bin/error.pl?error=badPassword" in "http://localhost:1080/cgi-bin/login.pl"  	[MsgId: MMSG-26574]
Action.c(69): Resource "http://localhost:1080/WebTours/images/mer_login.gif" is in the cache already and will not be downloaded again  	[MsgId: MMSG-26655]
Action.c(69): Error -26366: "Text=Welcome, <b>bazilio</b>, to the Web Tours" not found for web_reg_find  	[MsgId: MERR-26366]
End auto log messages stack.	[MsgId: MMSG-10544]


Start auto log messages stack - Iteration 18.	[MsgId: MMSG-10545]
Action.c(66): web_add_auto_header("Sec-Fetch-User") started  	[MsgId: MMSG-26355]
Action.c(66): web_add_auto_header("Sec-Fetch-User") was successful  	[MsgId: MMSG-26392]
Action.c(69): web_submit_data("login.pl") started  	[MsgId: MMSG-26355]
Action.c(69): Detected non-resource "http://localhost:1080/cgi-bin/nav.pl?username=bazilio&password=cat" in "http://localhost:1080/cgi-bin/login.pl"  	[MsgId: MMSG-26574]
Action.c(69): Detected non-resource "http://localhost:1080/cgi-bin/error.pl?error=badPassword" in "http://localhost:1080/cgi-bin/login.pl"  	[MsgId: MMSG-26574]
Action.c(69): Resource "http://localhost:1080/WebTours/images/mer_login.gif" is in the cache already and will not be downloaded again  	[MsgId: MMSG-26655]
Action.c(69): Error -26366: "Text=Welcome, <b>bazilio</b>, to the Web Tours" not found for web_reg_find  	[MsgId: MERR-26366]
End auto log messages stack.	[MsgId: MMSG-10544]


Start auto log messages stack - Iteration 18.	[MsgId: MMSG-10545]
Action.c(66): web_add_auto_header("Sec-Fetch-User") started  	[MsgId: MMSG-26355]
Action.c(66): web_add_auto_header("Sec-Fetch-User") was successful  	[MsgId: MMSG-26392]
Action.c(69): web_submit_data("login.pl") started  	[MsgId: MMSG-26355]
Action.c(69): Detected non-resource "http://localhost:1080/cgi-bin/nav.pl?username=bazilio&password=cat" in "http://localhost:1080/cgi-bin/login.pl"  	[MsgId: MMSG-26574]
Action.c(69): Detected non-resource "http://localhost:1080/cgi-bin/error.pl?error=badPassword" in "http://localhost:1080/cgi-bin/login.pl"  	[MsgId: MMSG-26574]
Action.c(69): Resource "http://localhost:1080/WebTours/images/mer_login.gif" is in the cache already and will not be downloaded again  	[MsgId: MMSG-26655]
Action.c(69): Error -26366: "Text=Welcome, <b>bazilio</b>, to the Web Tours" not found for web_reg_find  	[MsgId: MERR-26366]
End auto log messages stack.	[MsgId: MMSG-10544]


Start auto log messages stack - Iteration 20.	[MsgId: MMSG-10545]
Action.c(66): web_add_auto_header("Sec-Fetch-User") started  	[MsgId: MMSG-26355]
Action.c(66): web_add_auto_header("Sec-Fetch-User") was successful  	[MsgId: MMSG-26392]
Action.c(69): web_submit_data("login.pl") started  	[MsgId: MMSG-26355]
Action.c(69): Detected non-resource "http://localhost:1080/cgi-bin/nav.pl?username=bazilio&password=cat" in "http://localhost:1080/cgi-bin/login.pl"  	[MsgId: MMSG-26574]
Action.c(69): Detected non-resource "http://localhost:1080/cgi-bin/error.pl?error=badPassword" in "http://localhost:1080/cgi-bin/login.pl"  	[MsgId: MMSG-26574]
Action.c(69): Resource "http://localhost:1080/WebTours/images/mer_login.gif" is in the cache already and will not be downloaded again  	[MsgId: MMSG-26655]
Action.c(69): Error -26366: "Text=Welcome, <b>bazilio</b>, to the Web Tours" not found for web_reg_find  	[MsgId: MERR-26366]
End auto log messages stack.	[MsgId: MMSG-10544]


