Action.c(211): Registered web_reg_find successful for "Text=A Session ID has been created and loaded into a cookie called MSO" (count=1)  	[MsgId: MMSG-26364]
Action.c(211): web_url("SignOff Button") was successful, 2176 body bytes, 583 header bytes, 24 chunking overhead bytes  	[MsgId: MMSG-26385]
Action.c(220): Notify: Transaction "logout" ended with a "Pass" status (Duration: 5,3595).	[MsgId: MMSG-16873]
Action.c(222): Notify: Transaction "UC5_Delete_Ticket" ended with a "Pass" status (Duration: 70,4923 Think Time: 20,0345 Wasted Time: 0,0061).	[MsgId: MMSG-16870]
Ending action Action.	[MsgId: MMSG-15918]
Ending Vuser...	[MsgId: MMSG-15966]
Starting action vuser_end.	[MsgId: MMSG-15919]
Ending action vuser_end.	[MsgId: MMSG-15918]
Vuser Terminated.	[MsgId: MMSG-15963]
Action.c(46): Found resource "http://localhost:1080/WebTours/images/mer_login.gif" in HTML "http://localhost:1080/cgi-bin/nav.pl?in=home"  	[MsgId: MMSG-26659]
Action.c(74): Found resource "http://localhost:1080/WebTours/images/flights.gif" in HTML "http://localhost:1080/cgi-bin/nav.pl?page=menu&in=home"  	[MsgId: MMSG-26659]
Action.c(74): Found resource "http://localhost:1080/WebTours/images/itinerary.gif" in HTML "http://localhost:1080/cgi-bin/nav.pl?page=menu&in=home"  	[MsgId: MMSG-26659]
Action.c(74): Found resource "http://localhost:1080/WebTours/images/in_home.gif" in HTML "http://localhost:1080/cgi-bin/nav.pl?page=menu&in=home"  	[MsgId: MMSG-26659]
Action.c(74): Found resource "http://localhost:1080/WebTours/images/signoff.gif" in HTML "http://localhost:1080/cgi-bin/nav.pl?page=menu&in=home"  	[MsgId: MMSG-26659]
Action.c(105): Detected non-resource "http://localhost:1080/cgi-bin/nav.pl?page=menu&in=itinerary" in "http://localhost:1080/cgi-bin/welcome.pl?page=itinerary"  	[MsgId: MMSG-26574]
Action.c(105): Detected non-resource "http://localhost:1080/cgi-bin/itinerary.pl" in "http://localhost:1080/cgi-bin/welcome.pl?page=itinerary"  	[MsgId: MMSG-26574]
Action.c(46): Registered web_reg_find successful for "Text=Welcome to the Web Tours site" (count=1)  	[MsgId: MMSG-26364]
Action.c(46): web_url("welcome.pl") was successful, 4216 body bytes, 1183 header bytes, 24 chunking overhead bytes  	[MsgId: MMSG-26385]
Action.c(56): Notify: Transaction "open_home_page" ended with a "Pass" status (Duration: 14,5313 Wasted Time: 0,0010).	[MsgId: MMSG-16871]
Action.c(58): lr_think_time: 5,00 seconds.	[MsgId: MMSG-15948]
Action.c(74): Registered web_reg_find successful for "Text=User password was correct" (count=1)  	[MsgId: MMSG-26364]
Action.c(74): Registered web_reg_find successful for "Text=Welcome, <b>karlo</b>, to the Web Tours" (count=1)  	[MsgId: MMSG-26364]
Action.c(74): web_submit_data("login.pl") was successful, 5780 body bytes, 2078 header bytes, 36 chunking overhead bytes  	[MsgId: MMSG-26385]
Action.c(91): Notify: Transaction "enter_login" ended with a "Pass" status (Duration: 13,9682).	[MsgId: MMSG-16873]
Action.c(93): lr_think_time: 5,00 seconds.	[MsgId: MMSG-15948]
Action.c(105): Resource "http://localhost:1080/WebTours/images/flights.gif" is in the cache already and will not be downloaded again  	[MsgId: MMSG-26655]
Action.c(105): Found resource "http://localhost:1080/WebTours/images/in_itinerary.gif" in HTML "http://localhost:1080/cgi-bin/nav.pl?page=menu&in=itinerary"  	[MsgId: MMSG-26659]
Action.c(105): Found resource "http://localhost:1080/WebTours/images/home.gif" in HTML "http://localhost:1080/cgi-bin/nav.pl?page=menu&in=itinerary"  	[MsgId: MMSG-26659]
Action.c(105): Resource "http://localhost:1080/WebTours/images/signoff.gif" is in the cache already and will not be downloaded again  	[MsgId: MMSG-26655]
Action.c(105): Found resource "http://localhost:1080/WebTours/images/cancelreservation.gif" in HTML "http://localhost:1080/cgi-bin/itinerary.pl"  	[MsgId: MMSG-26659]
Action.c(105): Found resource "http://localhost:1080/WebTours/images/cancelallreservations.gif" in HTML "http://localhost:1080/cgi-bin/itinerary.pl"  	[MsgId: MMSG-26659]
Action.c(60): Notify: Transaction "enter_login" started.	[MsgId: MMSG-16999]
Action.c(62): web_reg_find started  	[MsgId: MMSG-26355]
Action.c(62): Registering web_reg_find was successful  	[MsgId: MMSG-26390]
Action.c(65): web_reg_find started  	[MsgId: MMSG-26355]
Action.c(65): Registering web_reg_find was successful  	[MsgId: MMSG-26390]
Action.c(68): web_add_header("Origin") started  	[MsgId: MMSG-26355]
Action.c(68): web_add_header("Origin") was successful  	[MsgId: MMSG-26392]
Action.c(71): web_add_auto_header("Sec-Fetch-User") started  	[MsgId: MMSG-26355]
Action.c(71): web_add_auto_header("Sec-Fetch-User") was successful  	[MsgId: MMSG-26392]
Action.c(74): web_submit_data("login.pl") started  	[MsgId: MMSG-26355]
Action.c(105): Registered web_reg_find successful for "Text=font color="white"><B>Jojo Bean
 's Flight Transaction Summary" (count=1)  	[MsgId: MMSG-26364]
Action.c(105): web_url("Itinerary Button") was successful, 700217 body bytes, 1921 header bytes, 1331 chunking overhead bytes  	[MsgId: MMSG-26385]
Action.c(117): Notify: Transaction "click_itinerary" ended with a "Pass" status (Duration: 12,0641 Wasted Time: 0,0000).	[MsgId: MMSG-16871]
Action.c(119): lr_think_time: 5,00 seconds.	[MsgId: MMSG-15948]
Action.c(95): Notify: Transaction "click_itinerary" started.	[MsgId: MMSG-16999]
Action.c(97): web_reg_find started  	[MsgId: MMSG-26355]
Action.c(97): Registering web_reg_find was successful  	[MsgId: MMSG-26390]
Action.c(100): web_reg_save_param started  	[MsgId: MMSG-26355]
Action.c(100): Registering web_reg_save_param was successful  	[MsgId: MMSG-26390]
Action.c(105): web_url("Itinerary Button") started  	[MsgId: MMSG-26355]
Action.c(74): Detected non-resource "http://localhost:1080/cgi-bin/nav.pl?page=menu&in=home" in "http://localhost:1080/cgi-bin/login.pl"  	[MsgId: MMSG-26574]
Action.c(74): Detected non-resource "http://localhost:1080/cgi-bin/login.pl?intro=true" in "http://localhost:1080/cgi-bin/login.pl"  	[MsgId: MMSG-26574]
Action.c(121): Notify: Transaction "delete_ticket" started.	[MsgId: MMSG-16999]
Action.c(124): web_reg_find started  	[MsgId: MMSG-26355]
Action.c(124): Registering web_reg_find was successful  	[MsgId: MMSG-26390]
Action.c(128): web_add_header("Origin") started  	[MsgId: MMSG-26355]
Action.c(128): web_add_header("Origin") was successful  	[MsgId: MMSG-26392]
Action.c(131): web_submit_form("itinerary.pl") started  	[MsgId: MMSG-26355]
Action.c(131): Submitting form to "http://localhost:1080/cgi-bin/itinerary.pl", Target Frame=""  	[MsgId: MMSG-27978]
Action.c(105): Detected non-resource "http://localhost:1080/cgi-bin/nav.pl?page=menu&in=itinerary" in "http://localhost:1080/cgi-bin/welcome.pl?page=itinerary"  	[MsgId: MMSG-26574]
Action.c(105): Detected non-resource "http://localhost:1080/cgi-bin/itinerary.pl" in "http://localhost:1080/cgi-bin/welcome.pl?page=itinerary"  	[MsgId: MMSG-26574]
Action.c(74): Found resource "http://localhost:1080/WebTours/images/flights.gif" in HTML "http://localhost:1080/cgi-bin/nav.pl?page=menu&in=home"  	[MsgId: MMSG-26659]
Action.c(74): Found resource "http://localhost:1080/WebTours/images/itinerary.gif" in HTML "http://localhost:1080/cgi-bin/nav.pl?page=menu&in=home"  	[MsgId: MMSG-26659]
Action.c(74): Found resource "http://localhost:1080/WebTours/images/in_home.gif" in HTML "http://localhost:1080/cgi-bin/nav.pl?page=menu&in=home"  	[MsgId: MMSG-26659]
Action.c(74): Found resource "http://localhost:1080/WebTours/images/signoff.gif" in HTML "http://localhost:1080/cgi-bin/nav.pl?page=menu&in=home"  	[MsgId: MMSG-26659]
Action.c(105): Resource "http://localhost:1080/WebTours/images/flights.gif" is in the cache already and will not be downloaded again  	[MsgId: MMSG-26655]
Action.c(105): Found resource "http://localhost:1080/WebTours/images/in_itinerary.gif" in HTML "http://localhost:1080/cgi-bin/nav.pl?page=menu&in=itinerary"  	[MsgId: MMSG-26659]
Action.c(105): Found resource "http://localhost:1080/WebTours/images/home.gif" in HTML "http://localhost:1080/cgi-bin/nav.pl?page=menu&in=itinerary"  	[MsgId: MMSG-26659]
Action.c(105): Resource "http://localhost:1080/WebTours/images/signoff.gif" is in the cache already and will not be downloaded again  	[MsgId: MMSG-26655]
Action.c(131): Resource "http://localhost:1080/WebTours/images/cancelreservation.gif" is in the cache already and will not be downloaded again  	[MsgId: MMSG-26655]
Action.c(131): Resource "http://localhost:1080/WebTours/images/cancelallreservations.gif" is in the cache already and will not be downloaded again  	[MsgId: MMSG-26655]
Action.c(131): Registered web_reg_find successful for "Text=246941120-787-JB"  	[MsgId: MMSG-26362]
Action.c(131): web_submit_form("itinerary.pl") was successful, 694020 body bytes, 256 header bytes, 1347 chunking overhead bytes  	[MsgId: MMSG-26385]
Action.c(202): Notify: Transaction "delete_ticket" ended with a "Pass" status (Duration: 2,2907).	[MsgId: MMSG-16873]
Action.c(204): lr_think_time: 5,00 seconds.	[MsgId: MMSG-15948]
Action.c(105): Found resource "http://localhost:1080/WebTours/images/cancelreservation.gif" in HTML "http://localhost:1080/cgi-bin/itinerary.pl"  	[MsgId: MMSG-26659]
Action.c(105): Found resource "http://localhost:1080/WebTours/images/cancelallreservations.gif" in HTML "http://localhost:1080/cgi-bin/itinerary.pl"  	[MsgId: MMSG-26659]
Action.c(74): Registered web_reg_find successful for "Text=User password was correct" (count=1)  	[MsgId: MMSG-26364]
Action.c(74): Registered web_reg_find successful for "Text=Welcome, <b>karlo</b>, to the Web Tours" (count=1)  	[MsgId: MMSG-26364]
Action.c(74): web_submit_data("login.pl") was successful, 5780 body bytes, 2077 header bytes, 36 chunking overhead bytes  	[MsgId: MMSG-26385]
Action.c(91): Notify: Transaction "enter_login" ended with a "Pass" status (Duration: 8,2479).	[MsgId: MMSG-16873]
Action.c(93): lr_think_time: 5,00 seconds.	[MsgId: MMSG-15948]
Action.c(105): Registered web_reg_find successful for "Text=font color="white"><B>Charles III Windsor
 's Flight Transaction Summary" (count=1)  	[MsgId: MMSG-26364]
Action.c(105): web_url("Itinerary Button") was successful, 742555 body bytes, 1921 header bytes, 1411 chunking overhead bytes  	[MsgId: MMSG-26385]
Action.c(117): Notify: Transaction "click_itinerary" ended with a "Pass" status (Duration: 9,4498 Wasted Time: 0,0020).	[MsgId: MMSG-16871]
Action.c(119): lr_think_time: 5,00 seconds.	[MsgId: MMSG-15948]
Action.c(206): Notify: Transaction "logout" started.	[MsgId: MMSG-16999]
Action.c(208): web_reg_find started  	[MsgId: MMSG-26355]
Action.c(208): Registering web_reg_find was successful  	[MsgId: MMSG-26390]
Action.c(211): web_url("SignOff Button") started  	[MsgId: MMSG-26355]
Action.c(211): Detected non-resource "http://localhost:1080/cgi-bin/nav.pl?in=home" in "http://localhost:1080/cgi-bin/welcome.pl?signOff=1"  	[MsgId: MMSG-26574]
Action.c(211): Detected non-resource "http://localhost:1080/WebTours/home.html" in "http://localhost:1080/cgi-bin/welcome.pl?signOff=1"  	[MsgId: MMSG-26574]
Action.c(211): Retrieving data from cache for "http://localhost:1080/WebTours/home.html"  	[MsgId: MMSG-26558]
Action.c(211): Resource "http://localhost:1080/WebTours/images/mer_login.gif" is in the cache already and will not be downloaded again  	[MsgId: MMSG-26655]
Action.c(211): Registered web_reg_find successful for "Text=A Session ID has been created and loaded into a cookie called MSO" (count=1)  	[MsgId: MMSG-26364]
Action.c(211): web_url("SignOff Button") was successful, 2175 body bytes, 583 header bytes, 24 chunking overhead bytes  	[MsgId: MMSG-26385]
Action.c(220): Notify: Transaction "logout" ended with a "Pass" status (Duration: 0,0634).	[MsgId: MMSG-16873]
Action.c(222): Notify: Transaction "UC5_Delete_Ticket" ended with a "Pass" status (Duration: 58,6643 Think Time: 20,0210 Wasted Time: 0,0010).	[MsgId: MMSG-16870]
Ending action Action.	[MsgId: MMSG-15918]
Ending Vuser...	[MsgId: MMSG-15966]
Starting action vuser_end.	[MsgId: MMSG-15919]
Ending action vuser_end.	[MsgId: MMSG-15918]
Vuser Terminated.	[MsgId: MMSG-15963]
Action.c(95): Notify: Transaction "click_itinerary" started.	[MsgId: MMSG-16999]
Action.c(97): web_reg_find started  	[MsgId: MMSG-26355]
Action.c(97): Registering web_reg_find was successful  	[MsgId: MMSG-26390]
Action.c(100): web_reg_save_param started  	[MsgId: MMSG-26355]
Action.c(100): Registering web_reg_save_param was successful  	[MsgId: MMSG-26390]
Action.c(105): web_url("Itinerary Button") started  	[MsgId: MMSG-26355]
Action.c(105): Detected non-resource "http://localhost:1080/cgi-bin/nav.pl?page=menu&in=itinerary" in "http://localhost:1080/cgi-bin/welcome.pl?page=itinerary"  	[MsgId: MMSG-26574]
Action.c(105): Detected non-resource "http://localhost:1080/cgi-bin/itinerary.pl" in "http://localhost:1080/cgi-bin/welcome.pl?page=itinerary"  	[MsgId: MMSG-26574]
Action.c(105): Resource "http://localhost:1080/WebTours/images/flights.gif" is in the cache already and will not be downloaded again  	[MsgId: MMSG-26655]
Action.c(105): Found resource "http://localhost:1080/WebTours/images/in_itinerary.gif" in HTML "http://localhost:1080/cgi-bin/nav.pl?page=menu&in=itinerary"  	[MsgId: MMSG-26659]
Action.c(105): Found resource "http://localhost:1080/WebTours/images/home.gif" in HTML "http://localhost:1080/cgi-bin/nav.pl?page=menu&in=itinerary"  	[MsgId: MMSG-26659]
Action.c(105): Resource "http://localhost:1080/WebTours/images/signoff.gif" is in the cache already and will not be downloaded again  	[MsgId: MMSG-26655]
Action.c(105): Found resource "http://localhost:1080/WebTours/images/cancelreservation.gif" in HTML "http://localhost:1080/cgi-bin/itinerary.pl"  	[MsgId: MMSG-26659]
Action.c(105): Found resource "http://localhost:1080/WebTours/images/cancelallreservations.gif" in HTML "http://localhost:1080/cgi-bin/itinerary.pl"  	[MsgId: MMSG-26659]
Action.c(105): Registered web_reg_find successful for "Text=font color="white"><B>Charles III Windsor
 's Flight Transaction Summary" (count=1)  	[MsgId: MMSG-26364]
Action.c(105): web_url("Itinerary Button") was successful, 742555 body bytes, 1921 header bytes, 1411 chunking overhead bytes  	[MsgId: MMSG-26385]
Action.c(117): Notify: Transaction "click_itinerary" ended with a "Pass" status (Duration: 0,1394 Wasted Time: 0,0000).	[MsgId: MMSG-16871]
Action.c(119): lr_think_time: 5,00 seconds.	[MsgId: MMSG-15948]
Action.c(121): Notify: Transaction "delete_ticket" started.	[MsgId: MMSG-16999]
Action.c(124): web_reg_find started  	[MsgId: MMSG-26355]
Action.c(124): Registering web_reg_find was successful  	[MsgId: MMSG-26390]
Action.c(128): web_add_header("Origin") started  	[MsgId: MMSG-26355]
Action.c(128): web_add_header("Origin") was successful  	[MsgId: MMSG-26392]
Action.c(131): web_submit_form("itinerary.pl") started  	[MsgId: MMSG-26355]
Action.c(131): Submitting form to "http://localhost:1080/cgi-bin/itinerary.pl", Target Frame=""  	[MsgId: MMSG-27978]
Action.c(131): Resource "http://localhost:1080/WebTours/images/cancelreservation.gif" is in the cache already and will not be downloaded again  	[MsgId: MMSG-26655]
Action.c(131): Resource "http://localhost:1080/WebTours/images/cancelallreservations.gif" is in the cache already and will not be downloaded again  	[MsgId: MMSG-26655]
Action.c(131): Registered web_reg_find successful for "Text=1716007-7-CW"  	[MsgId: MMSG-26362]
Action.c(131): web_submit_form("itinerary.pl") was successful, 736333 body bytes, 256 header bytes, 1403 chunking overhead bytes  	[MsgId: MMSG-26385]
Action.c(202): Notify: Transaction "delete_ticket" ended with a "Pass" status (Duration: 0,1582).	[MsgId: MMSG-16873]
Action.c(204): lr_think_time: 5,00 seconds.	[MsgId: MMSG-15948]
Action.c(121): Notify: Transaction "delete_ticket" started.	[MsgId: MMSG-16999]
Action.c(124): web_reg_find started  	[MsgId: MMSG-26355]
Action.c(124): Registering web_reg_find was successful  	[MsgId: MMSG-26390]
Action.c(128): web_add_header("Origin") started  	[MsgId: MMSG-26355]
Action.c(128): web_add_header("Origin") was successful  	[MsgId: MMSG-26392]
Action.c(131): web_submit_form("itinerary.pl") started  	[MsgId: MMSG-26355]
Action.c(131): Submitting form to "http://localhost:1080/cgi-bin/itinerary.pl", Target Frame=""  	[MsgId: MMSG-27978]
Action.c(131): Registered web_reg_find successful for "Text=1716007-7-CW"  	[MsgId: MMSG-26362]
Action.c(131): web_submit_form("itinerary.pl") was successful, 932 body bytes, 256 header bytes, 12 chunking overhead bytes  	[MsgId: MMSG-26385]
Action.c(202): Notify: Transaction "delete_ticket" ended with a "Pass" status (Duration: 0,0627).	[MsgId: MMSG-16873]
Action.c(204): lr_think_time: 5,00 seconds.	[MsgId: MMSG-15948]
Action.c(206): Notify: Transaction "logout" started.	[MsgId: MMSG-16999]
Action.c(208): web_reg_find started  	[MsgId: MMSG-26355]
Action.c(208): Registering web_reg_find was successful  	[MsgId: MMSG-26390]
Action.c(211): web_url("SignOff Button") started  	[MsgId: MMSG-26355]
Action.c(211): Detected non-resource "http://localhost:1080/cgi-bin/nav.pl?in=home" in "http://localhost:1080/cgi-bin/welcome.pl?signOff=1"  	[MsgId: MMSG-26574]
Action.c(211): Detected non-resource "http://localhost:1080/WebTours/home.html" in "http://localhost:1080/cgi-bin/welcome.pl?signOff=1"  	[MsgId: MMSG-26574]
Action.c(211): Retrieving data from cache for "http://localhost:1080/WebTours/home.html"  	[MsgId: MMSG-26558]
Action.c(211): Resource "http://localhost:1080/WebTours/images/mer_login.gif" is in the cache already and will not be downloaded again  	[MsgId: MMSG-26655]
Action.c(211): Registered web_reg_find successful for "Text=A Session ID has been created and loaded into a cookie called MSO" (count=1)  	[MsgId: MMSG-26364]
Action.c(211): web_url("SignOff Button") was successful, 2175 body bytes, 583 header bytes, 24 chunking overhead bytes  	[MsgId: MMSG-26385]
Action.c(220): Notify: Transaction "logout" ended with a "Pass" status (Duration: 0,0619).	[MsgId: MMSG-16873]
Action.c(222): Notify: Transaction "UC5_Delete_Ticket" ended with a "Pass" status (Duration: 58,2034 Think Time: 20,0363 Wasted Time: 0,0020).	[MsgId: MMSG-16870]
Ending action Action.	[MsgId: MMSG-15918]
Ending Vuser...	[MsgId: MMSG-15966]
Starting action vuser_end.	[MsgId: MMSG-15919]
Ending action vuser_end.	[MsgId: MMSG-15918]
Vuser Terminated.	[MsgId: MMSG-15963]
Action.c(206): Notify: Transaction "logout" started.	[MsgId: MMSG-16999]
Action.c(208): web_reg_find started  	[MsgId: MMSG-26355]
Action.c(208): Registering web_reg_find was successful  	[MsgId: MMSG-26390]
Action.c(211): web_url("SignOff Button") started  	[MsgId: MMSG-26355]
Action.c(211): Detected non-resource "http://localhost:1080/cgi-bin/nav.pl?in=home" in "http://localhost:1080/cgi-bin/welcome.pl?signOff=1"  	[MsgId: MMSG-26574]
Action.c(211): Detected non-resource "http://localhost:1080/WebTours/home.html" in "http://localhost:1080/cgi-bin/welcome.pl?signOff=1"  	[MsgId: MMSG-26574]
Action.c(211): Retrieving data from cache for "http://localhost:1080/WebTours/home.html"  	[MsgId: MMSG-26558]
Action.c(211): Resource "http://localhost:1080/WebTours/images/mer_login.gif" is in the cache already and will not be downloaded again  	[MsgId: MMSG-26655]
Action.c(211): Registered web_reg_find successful for "Text=A Session ID has been created and loaded into a cookie called MSO" (count=1)  	[MsgId: MMSG-26364]
Action.c(211): web_url("SignOff Button") was successful, 2176 body bytes, 583 header bytes, 24 chunking overhead bytes  	[MsgId: MMSG-26385]
Action.c(220): Notify: Transaction "logout" ended with a "Pass" status (Duration: 0,0640).	[MsgId: MMSG-16873]
Action.c(222): Notify: Transaction "UC5_Delete_Ticket" ended with a "Pass" status (Duration: 43,0884 Think Time: 20,0411 Wasted Time: 0,0010).	[MsgId: MMSG-16870]
Ending action Action.	[MsgId: MMSG-15918]
Ending Vuser...	[MsgId: MMSG-15966]
Starting action vuser_end.	[MsgId: MMSG-15919]
Ending action vuser_end.	[MsgId: MMSG-15918]
Vuser Terminated.	[MsgId: MMSG-15963]
