Action.c(131): web_submit_form("itinerary.pl") was successful, 567324 body bytes, 256 header bytes, 1075 chunking overhead bytes  	[MsgId: MMSG-26385]
Action.c(202): Notify: Transaction "delete_ticket" ended with a "Pass" status (Duration: 4,8305 Wasted Time: 0,0008).	[MsgId: MMSG-16871]
Action.c(204): lr_think_time: 5,00 seconds.	[MsgId: MMSG-15948]
Action.c(105): Registered web_reg_find successful for "Text=font color="white"><B>Jojo Bean
 's Flight Transaction Summary" (count=1)  	[MsgId: MMSG-26364]
Action.c(105): web_url("Itinerary Button") was successful, 540582 body bytes, 1921 header bytes, 1035 chunking overhead bytes  	[MsgId: MMSG-26385]
Action.c(117): Notify: Transaction "click_itinerary" ended with a "Pass" status (Duration: 13,6861 Wasted Time: 0,0012).	[MsgId: MMSG-16871]
Action.c(119): lr_think_time: 5,00 seconds.	[MsgId: MMSG-15948]
Action.c(74): Registered web_reg_find successful for "Text=User password was correct" (count=1)  	[MsgId: MMSG-26364]
Action.c(74): Registered web_reg_find successful for "Text=Welcome, <b>karabasov</b>, to the Web Tours" (count=1)  	[MsgId: MMSG-26364]
Action.c(74): web_submit_data("login.pl") was successful, 5784 body bytes, 2091 header bytes, 36 chunking overhead bytes  	[MsgId: MMSG-26385]
Action.c(91): Notify: Transaction "enter_login" ended with a "Pass" status (Duration: 14,7476 Wasted Time: 0,0000).	[MsgId: MMSG-16871]
Action.c(93): lr_think_time: 5,00 seconds.	[MsgId: MMSG-15948]
Action.c(211): Resource "http://localhost:1080/WebTours/images/mer_login.gif" is in the cache already and will not be downloaded again  	[MsgId: MMSG-26655]
Action.c(211): Registered web_reg_find successful for "Text=A Session ID has been created and loaded into a cookie called MSO" (count=1)  	[MsgId: MMSG-26364]
Action.c(211): web_url("SignOff Button") was successful, 2170 body bytes, 583 header bytes, 24 chunking overhead bytes  	[MsgId: MMSG-26385]
Action.c(220): Notify: Transaction "logout" ended with a "Pass" status (Duration: 5,1155 Wasted Time: 0,0000).	[MsgId: MMSG-16871]
Action.c(222): Notify: Transaction "UC5_Delete_Ticket" ended with a "Pass" status (Duration: 65,8466 Think Time: 20,1066 Wasted Time: 0,0015).	[MsgId: MMSG-16870]
Ending action Action.	[MsgId: MMSG-15918]
Ending iteration 108.	[MsgId: MMSG-15965]
Warning: Iteration pacing cannot be reached (pace time = 50,00, actual time = 65,85).	[MsgId: MWAR-15995]
Starting iteration 109.	[MsgId: MMSG-15968]
Starting action Action.	[MsgId: MMSG-15919]
Action.c(6): Notify: Transaction "UC5_Delete_Ticket" started.	[MsgId: MMSG-16999]
Action.c(8): Notify: Transaction "open_home_page" started.	[MsgId: MMSG-16999]
Action.c(10): web_reg_find started  	[MsgId: MMSG-26355]
Action.c(10): Registering web_reg_find was successful  	[MsgId: MMSG-26390]
Action.c(13): web_add_auto_header("Sec-Fetch-Dest") started  	[MsgId: MMSG-26355]
Action.c(13): web_add_auto_header("Sec-Fetch-Dest") was successful  	[MsgId: MMSG-26392]
Action.c(16): web_add_auto_header("Sec-Fetch-Mode") started  	[MsgId: MMSG-26355]
Action.c(16): web_add_auto_header("Sec-Fetch-Mode") was successful  	[MsgId: MMSG-26392]
Action.c(19): web_add_auto_header("Sec-Fetch-Site") started  	[MsgId: MMSG-26355]
Action.c(19): web_add_auto_header("Sec-Fetch-Site") was successful  	[MsgId: MMSG-26392]
Action.c(22): web_add_auto_header("Upgrade-Insecure-Requests") started  	[MsgId: MMSG-26355]
Action.c(22): web_add_auto_header("Upgrade-Insecure-Requests") was successful  	[MsgId: MMSG-26392]
Action.c(25): web_add_auto_header("sec-ch-ua") started  	[MsgId: MMSG-26355]
Action.c(25): web_add_auto_header("sec-ch-ua") was successful  	[MsgId: MMSG-26392]
Action.c(28): web_add_auto_header("sec-ch-ua-mobile") started  	[MsgId: MMSG-26355]
Action.c(28): web_add_auto_header("sec-ch-ua-mobile") was successful  	[MsgId: MMSG-26392]
Action.c(31): web_add_auto_header("sec-ch-ua-platform") started  	[MsgId: MMSG-26355]
Action.c(31): web_add_auto_header("sec-ch-ua-platform") was successful  	[MsgId: MMSG-26392]
Action.c(35): web_reg_save_param_attrib started  	[MsgId: MMSG-26355]
Action.c(35): Registering web_reg_save_param_attrib was successful  	[MsgId: MMSG-26390]
Action.c(46): web_url("welcome.pl") started  	[MsgId: MMSG-26355]
Action.c(46): Found resource "http://localhost:1080/WebTours/images/mer_login.gif" in HTML "http://localhost:1080/cgi-bin/nav.pl?in=home"  	[MsgId: MMSG-26659]
Action.c(46): Registered web_reg_find successful for "Text=Welcome to the Web Tours site" (count=1)  	[MsgId: MMSG-26364]
Action.c(46): web_url("welcome.pl") was successful, 4210 body bytes, 1182 header bytes, 24 chunking overhead bytes  	[MsgId: MMSG-26385]
Action.c(56): Notify: Transaction "open_home_page" ended with a "Pass" status (Duration: 10,1585 Wasted Time: 0,0003).	[MsgId: MMSG-16871]
Action.c(58): lr_think_time: 5,00 seconds.	[MsgId: MMSG-15948]
Action.c(206): Notify: Transaction "logout" started.	[MsgId: MMSG-16999]
Action.c(208): web_reg_find started  	[MsgId: MMSG-26355]
Action.c(208): Registering web_reg_find was successful  	[MsgId: MMSG-26390]
Action.c(211): web_url("SignOff Button") started  	[MsgId: MMSG-26355]
Action.c(211): Detected non-resource "http://localhost:1080/cgi-bin/nav.pl?in=home" in "http://localhost:1080/cgi-bin/welcome.pl?signOff=1"  	[MsgId: MMSG-26574]
Action.c(211): Detected non-resource "http://localhost:1080/WebTours/home.html" in "http://localhost:1080/cgi-bin/welcome.pl?signOff=1"  	[MsgId: MMSG-26574]
Action.c(211): Retrieving data from cache for "http://localhost:1080/WebTours/home.html"  	[MsgId: MMSG-26558]
Action.c(121): Notify: Transaction "delete_ticket" started.	[MsgId: MMSG-16999]
Action.c(124): web_reg_find started  	[MsgId: MMSG-26355]
Action.c(124): Registering web_reg_find was successful  	[MsgId: MMSG-26390]
Action.c(128): web_add_header("Origin") started  	[MsgId: MMSG-26355]
Action.c(128): web_add_header("Origin") was successful  	[MsgId: MMSG-26392]
Action.c(131): web_submit_form("itinerary.pl") started  	[MsgId: MMSG-26355]
Action.c(131): Submitting form to "http://localhost:1080/cgi-bin/itinerary.pl", Target Frame=""  	[MsgId: MMSG-27978]
Action.c(46): Detected non-resource "http://localhost:1080/cgi-bin/nav.pl?in=home" in "http://localhost:1080/cgi-bin/welcome.pl?signOff=true"  	[MsgId: MMSG-26574]
Action.c(46): Detected non-resource "http://localhost:1080/WebTours/home.html" in "http://localhost:1080/cgi-bin/welcome.pl?signOff=true"  	[MsgId: MMSG-26574]
Action.c(95): Notify: Transaction "click_itinerary" started.	[MsgId: MMSG-16999]
Action.c(97): web_reg_find started  	[MsgId: MMSG-26355]
Action.c(97): Registering web_reg_find was successful  	[MsgId: MMSG-26390]
Action.c(100): web_reg_save_param started  	[MsgId: MMSG-26355]
Action.c(100): Registering web_reg_save_param was successful  	[MsgId: MMSG-26390]
Action.c(105): web_url("Itinerary Button") started  	[MsgId: MMSG-26355]
Action.c(60): Notify: Transaction "enter_login" started.	[MsgId: MMSG-16999]
Action.c(62): web_reg_find started  	[MsgId: MMSG-26355]
Action.c(62): Registering web_reg_find was successful  	[MsgId: MMSG-26390]
Action.c(65): web_reg_find started  	[MsgId: MMSG-26355]
Action.c(65): Registering web_reg_find was successful  	[MsgId: MMSG-26390]
Action.c(68): web_add_header("Origin") started  	[MsgId: MMSG-26355]
Action.c(68): web_add_header("Origin") was successful  	[MsgId: MMSG-26392]
Action.c(71): web_add_auto_header("Sec-Fetch-User") started  	[MsgId: MMSG-26355]
Action.c(71): web_add_auto_header("Sec-Fetch-User") was successful  	[MsgId: MMSG-26392]
Action.c(74): web_submit_data("login.pl") started  	[MsgId: MMSG-26355]
Action.c(211): Resource "http://localhost:1080/WebTours/images/mer_login.gif" is in the cache already and will not be downloaded again  	[MsgId: MMSG-26655]
Action.c(211): Registered web_reg_find successful for "Text=A Session ID has been created and loaded into a cookie called MSO" (count=1)  	[MsgId: MMSG-26364]
Action.c(211): web_url("SignOff Button") was successful, 2168 body bytes, 583 header bytes, 24 chunking overhead bytes  	[MsgId: MMSG-26385]
Action.c(220): Notify: Transaction "logout" ended with a "Pass" status (Duration: 4,0147 Wasted Time: 0,0000).	[MsgId: MMSG-16871]
Action.c(222): Notify: Transaction "UC5_Delete_Ticket" ended with a "Pass" status (Duration: 65,0812 Think Time: 20,0395 Wasted Time: 0,0027).	[MsgId: MMSG-16870]
Ending action Action.	[MsgId: MMSG-15918]
Ending Vuser...	[MsgId: MMSG-15966]
Starting action vuser_end.	[MsgId: MMSG-15919]
Ending action vuser_end.	[MsgId: MMSG-15918]
Vuser Terminated.	[MsgId: MMSG-15963]
Action.c(131): Registered web_reg_find successful for "Text=246951138-825-JB"  	[MsgId: MMSG-26362]
Action.c(131): web_submit_form("itinerary.pl") was successful, 932 body bytes, 256 header bytes, 12 chunking overhead bytes  	[MsgId: MMSG-26385]
Action.c(202): Notify: Transaction "delete_ticket" ended with a "Pass" status (Duration: 4,0189 Wasted Time: 0,0000).	[MsgId: MMSG-16871]
Action.c(204): lr_think_time: 5,00 seconds.	[MsgId: MMSG-15948]
Action.c(46): Found resource "http://localhost:1080/WebTours/images/mer_login.gif" in HTML "http://localhost:1080/cgi-bin/nav.pl?in=home"  	[MsgId: MMSG-26659]
Action.c(46): Registered web_reg_find successful for "Text=Welcome to the Web Tours site" (count=1)  	[MsgId: MMSG-26364]
Action.c(46): web_url("welcome.pl") was successful, 4215 body bytes, 1182 header bytes, 24 chunking overhead bytes  	[MsgId: MMSG-26385]
Action.c(56): Notify: Transaction "open_home_page" ended with a "Pass" status (Duration: 6,9622 Wasted Time: 0,0004).	[MsgId: MMSG-16871]
Action.c(58): lr_think_time: 5,00 seconds.	[MsgId: MMSG-15948]
Action.c(105): Detected non-resource "http://localhost:1080/cgi-bin/nav.pl?page=menu&in=itinerary" in "http://localhost:1080/cgi-bin/welcome.pl?page=itinerary"  	[MsgId: MMSG-26574]
Action.c(105): Detected non-resource "http://localhost:1080/cgi-bin/itinerary.pl" in "http://localhost:1080/cgi-bin/welcome.pl?page=itinerary"  	[MsgId: MMSG-26574]
Action.c(74): Detected non-resource "http://localhost:1080/cgi-bin/nav.pl?page=menu&in=home" in "http://localhost:1080/cgi-bin/login.pl"  	[MsgId: MMSG-26574]
Action.c(74): Detected non-resource "http://localhost:1080/cgi-bin/login.pl?intro=true" in "http://localhost:1080/cgi-bin/login.pl"  	[MsgId: MMSG-26574]
Action.c(206): Notify: Transaction "logout" started.	[MsgId: MMSG-16999]
Action.c(208): web_reg_find started  	[MsgId: MMSG-26355]
Action.c(208): Registering web_reg_find was successful  	[MsgId: MMSG-26390]
Action.c(211): web_url("SignOff Button") started  	[MsgId: MMSG-26355]
Action.c(211): Detected non-resource "http://localhost:1080/cgi-bin/nav.pl?in=home" in "http://localhost:1080/cgi-bin/welcome.pl?signOff=1"  	[MsgId: MMSG-26574]
Action.c(211): Detected non-resource "http://localhost:1080/WebTours/home.html" in "http://localhost:1080/cgi-bin/welcome.pl?signOff=1"  	[MsgId: MMSG-26574]
Action.c(211): Retrieving data from cache for "http://localhost:1080/WebTours/home.html"  	[MsgId: MMSG-26558]
Action.c(60): Notify: Transaction "enter_login" started.	[MsgId: MMSG-16999]
Action.c(62): web_reg_find started  	[MsgId: MMSG-26355]
Action.c(62): Registering web_reg_find was successful  	[MsgId: MMSG-26390]
Action.c(65): web_reg_find started  	[MsgId: MMSG-26355]
Action.c(65): Registering web_reg_find was successful  	[MsgId: MMSG-26390]
Action.c(68): web_add_header("Origin") started  	[MsgId: MMSG-26355]
Action.c(68): web_add_header("Origin") was successful  	[MsgId: MMSG-26392]
Action.c(71): web_add_auto_header("Sec-Fetch-User") started  	[MsgId: MMSG-26355]
Action.c(71): web_add_auto_header("Sec-Fetch-User") was successful  	[MsgId: MMSG-26392]
Action.c(74): web_submit_data("login.pl") started  	[MsgId: MMSG-26355]
Action.c(105): Resource "http://localhost:1080/WebTours/images/flights.gif" is in the cache already and will not be downloaded again  	[MsgId: MMSG-26655]
Action.c(105): Found resource "http://localhost:1080/WebTours/images/in_itinerary.gif" in HTML "http://localhost:1080/cgi-bin/nav.pl?page=menu&in=itinerary"  	[MsgId: MMSG-26659]
Action.c(105): Found resource "http://localhost:1080/WebTours/images/home.gif" in HTML "http://localhost:1080/cgi-bin/nav.pl?page=menu&in=itinerary"  	[MsgId: MMSG-26659]
Action.c(105): Resource "http://localhost:1080/WebTours/images/signoff.gif" is in the cache already and will not be downloaded again  	[MsgId: MMSG-26655]
Action.c(105): Found resource "http://localhost:1080/WebTours/images/cancelreservation.gif" in HTML "http://localhost:1080/cgi-bin/itinerary.pl"  	[MsgId: MMSG-26659]
Action.c(105): Found resource "http://localhost:1080/WebTours/images/cancelallreservations.gif" in HTML "http://localhost:1080/cgi-bin/itinerary.pl"  	[MsgId: MMSG-26659]
Action.c(74): Found resource "http://localhost:1080/WebTours/images/flights.gif" in HTML "http://localhost:1080/cgi-bin/nav.pl?page=menu&in=home"  	[MsgId: MMSG-26659]
Action.c(74): Found resource "http://localhost:1080/WebTours/images/itinerary.gif" in HTML "http://localhost:1080/cgi-bin/nav.pl?page=menu&in=home"  	[MsgId: MMSG-26659]
Action.c(74): Found resource "http://localhost:1080/WebTours/images/in_home.gif" in HTML "http://localhost:1080/cgi-bin/nav.pl?page=menu&in=home"  	[MsgId: MMSG-26659]
Action.c(74): Found resource "http://localhost:1080/WebTours/images/signoff.gif" in HTML "http://localhost:1080/cgi-bin/nav.pl?page=menu&in=home"  	[MsgId: MMSG-26659]
Action.c(211): Resource "http://localhost:1080/WebTours/images/mer_login.gif" is in the cache already and will not be downloaded again  	[MsgId: MMSG-26655]
Action.c(211): Registered web_reg_find successful for "Text=A Session ID has been created and loaded into a cookie called MSO" (count=1)  	[MsgId: MMSG-26364]
Action.c(211): web_url("SignOff Button") was successful, 2172 body bytes, 583 header bytes, 24 chunking overhead bytes  	[MsgId: MMSG-26385]
Action.c(220): Notify: Transaction "logout" ended with a "Pass" status (Duration: 2,4256 Wasted Time: 0,0000).	[MsgId: MMSG-16871]
Action.c(222): Notify: Transaction "UC5_Delete_Ticket" ended with a "Pass" status (Duration: 64,0086 Think Time: 20,0512 Wasted Time: 0,0015).	[MsgId: MMSG-16870]
Ending action Action.	[MsgId: MMSG-15918]
Ending Vuser...	[MsgId: MMSG-15966]
Starting action vuser_end.	[MsgId: MMSG-15919]
Ending action vuser_end.	[MsgId: MMSG-15918]
Vuser Terminated.	[MsgId: MMSG-15963]
Action.c(74): Detected non-resource "http://localhost:1080/cgi-bin/nav.pl?page=menu&in=home" in "http://localhost:1080/cgi-bin/login.pl"  	[MsgId: MMSG-26574]
Action.c(74): Detected non-resource "http://localhost:1080/cgi-bin/login.pl?intro=true" in "http://localhost:1080/cgi-bin/login.pl"  	[MsgId: MMSG-26574]
Action.c(105): Registered web_reg_find successful for "Text=font color="white"><B>Karabas Barabaskin
 's Flight Transaction Summary" (count=1)  	[MsgId: MMSG-26364]
Action.c(105): web_url("Itinerary Button") was successful, 472019 body bytes, 1923 header bytes, 906 chunking overhead bytes  	[MsgId: MMSG-26385]
Action.c(117): Notify: Transaction "click_itinerary" ended with a "Pass" status (Duration: 12,5267 Wasted Time: 0,0010).	[MsgId: MMSG-16871]
Action.c(119): lr_think_time: 5,00 seconds.	[MsgId: MMSG-15948]
Action.c(74): Registered web_reg_find successful for "Text=User password was correct" (count=1)  	[MsgId: MMSG-26364]
Action.c(74): Registered web_reg_find successful for "Text=Welcome, <b>alisa</b>, to the Web Tours" (count=1)  	[MsgId: MMSG-26364]
Action.c(74): web_submit_data("login.pl") was successful, 5780 body bytes, 2056 header bytes, 36 chunking overhead bytes  	[MsgId: MMSG-26385]
Action.c(91): Notify: Transaction "enter_login" ended with a "Pass" status (Duration: 12,7764 Wasted Time: 0,0000).	[MsgId: MMSG-16871]
Action.c(93): lr_think_time: 5,00 seconds.	[MsgId: MMSG-15948]
Action.c(74): Found resource "http://localhost:1080/WebTours/images/flights.gif" in HTML "http://localhost:1080/cgi-bin/nav.pl?page=menu&in=home"  	[MsgId: MMSG-26659]
Action.c(74): Found resource "http://localhost:1080/WebTours/images/itinerary.gif" in HTML "http://localhost:1080/cgi-bin/nav.pl?page=menu&in=home"  	[MsgId: MMSG-26659]
Action.c(74): Found resource "http://localhost:1080/WebTours/images/in_home.gif" in HTML "http://localhost:1080/cgi-bin/nav.pl?page=menu&in=home"  	[MsgId: MMSG-26659]
Action.c(74): Found resource "http://localhost:1080/WebTours/images/signoff.gif" in HTML "http://localhost:1080/cgi-bin/nav.pl?page=menu&in=home"  	[MsgId: MMSG-26659]
Action.c(121): Notify: Transaction "delete_ticket" started.	[MsgId: MMSG-16999]
Action.c(124): web_reg_find started  	[MsgId: MMSG-26355]
Action.c(124): Registering web_reg_find was successful  	[MsgId: MMSG-26390]
Action.c(128): web_add_header("Origin") started  	[MsgId: MMSG-26355]
Action.c(128): web_add_header("Origin") was successful  	[MsgId: MMSG-26392]
Action.c(131): web_submit_form("itinerary.pl") started  	[MsgId: MMSG-26355]
Action.c(131): Submitting form to "http://localhost:1080/cgi-bin/itinerary.pl", Target Frame=""  	[MsgId: MMSG-27978]
Action.c(95): Notify: Transaction "click_itinerary" started.	[MsgId: MMSG-16999]
Action.c(97): web_reg_find started  	[MsgId: MMSG-26355]
Action.c(97): Registering web_reg_find was successful  	[MsgId: MMSG-26390]
Action.c(100): web_reg_save_param started  	[MsgId: MMSG-26355]
Action.c(100): Registering web_reg_save_param was successful  	[MsgId: MMSG-26390]
Action.c(105): web_url("Itinerary Button") started  	[MsgId: MMSG-26355]
Action.c(74): Registered web_reg_find successful for "Text=User password was correct" (count=1)  	[MsgId: MMSG-26364]
Action.c(74): Registered web_reg_find successful for "Text=Welcome, <b>piero</b>, to the Web Tours" (count=1)  	[MsgId: MMSG-26364]
Action.c(74): web_submit_data("login.pl") was successful, 5780 body bytes, 2065 header bytes, 36 chunking overhead bytes  	[MsgId: MMSG-26385]
Action.c(91): Notify: Transaction "enter_login" ended with a "Pass" status (Duration: 10,9512 Wasted Time: 0,0005).	[MsgId: MMSG-16871]
Action.c(93): lr_think_time: 5,00 seconds.	[MsgId: MMSG-15948]
Action.c(131): Resource "http://localhost:1080/WebTours/images/cancelreservation.gif" is in the cache already and will not be downloaded again  	[MsgId: MMSG-26655]
Action.c(131): Resource "http://localhost:1080/WebTours/images/cancelallreservations.gif" is in the cache already and will not be downloaded again  	[MsgId: MMSG-26655]
Action.c(131): Registered web_reg_find successful for "Text=168706312-801-KB"  	[MsgId: MMSG-26362]
Action.c(131): web_submit_form("itinerary.pl") was successful, 465779 body bytes, 256 header bytes, 883 chunking overhead bytes  	[MsgId: MMSG-26385]
Action.c(202): Notify: Transaction "delete_ticket" ended with a "Pass" status (Duration: 3,4936 Wasted Time: 0,0008).	[MsgId: MMSG-16871]
Action.c(204): lr_think_time: 5,00 seconds.	[MsgId: MMSG-15948]
Action.c(105): Detected non-resource "http://localhost:1080/cgi-bin/nav.pl?page=menu&in=itinerary" in "http://localhost:1080/cgi-bin/welcome.pl?page=itinerary"  	[MsgId: MMSG-26574]
Action.c(105): Detected non-resource "http://localhost:1080/cgi-bin/itinerary.pl" in "http://localhost:1080/cgi-bin/welcome.pl?page=itinerary"  	[MsgId: MMSG-26574]
Action.c(105): Resource "http://localhost:1080/WebTours/images/flights.gif" is in the cache already and will not be downloaded again  	[MsgId: MMSG-26655]
Action.c(105): Found resource "http://localhost:1080/WebTours/images/in_itinerary.gif" in HTML "http://localhost:1080/cgi-bin/nav.pl?page=menu&in=itinerary"  	[MsgId: MMSG-26659]
Action.c(105): Found resource "http://localhost:1080/WebTours/images/home.gif" in HTML "http://localhost:1080/cgi-bin/nav.pl?page=menu&in=itinerary"  	[MsgId: MMSG-26659]
Action.c(105): Resource "http://localhost:1080/WebTours/images/signoff.gif" is in the cache already and will not be downloaded again  	[MsgId: MMSG-26655]
Action.c(105): Found resource "http://localhost:1080/WebTours/images/cancelreservation.gif" in HTML "http://localhost:1080/cgi-bin/itinerary.pl"  	[MsgId: MMSG-26659]
Action.c(105): Found resource "http://localhost:1080/WebTours/images/cancelallreservations.gif" in HTML "http://localhost:1080/cgi-bin/itinerary.pl"  	[MsgId: MMSG-26659]
Action.c(95): Notify: Transaction "click_itinerary" started.	[MsgId: MMSG-16999]
Action.c(97): web_reg_find started  	[MsgId: MMSG-26355]
Action.c(97): Registering web_reg_find was successful  	[MsgId: MMSG-26390]
Action.c(100): web_reg_save_param started  	[MsgId: MMSG-26355]
Action.c(100): Registering web_reg_save_param was successful  	[MsgId: MMSG-26390]
Action.c(105): web_url("Itinerary Button") started  	[MsgId: MMSG-26355]
Action.c(105): Registered web_reg_find successful for "Text=font color="white"><B>Alisa Firefox
 's Flight Transaction Summary" (count=1)  	[MsgId: MMSG-26364]
Action.c(105): web_url("Itinerary Button") was successful, 564503 body bytes, 1921 header bytes, 1083 chunking overhead bytes  	[MsgId: MMSG-26385]
Action.c(117): Notify: Transaction "click_itinerary" ended with a "Pass" status (Duration: 5,4368 Wasted Time: 0,0013).	[MsgId: MMSG-16871]
Action.c(119): lr_think_time: 5,00 seconds.	[MsgId: MMSG-15948]
Action.c(105): Detected non-resource "http://localhost:1080/cgi-bin/nav.pl?page=menu&in=itinerary" in "http://localhost:1080/cgi-bin/welcome.pl?page=itinerary"  	[MsgId: MMSG-26574]
Action.c(105): Detected non-resource "http://localhost:1080/cgi-bin/itinerary.pl" in "http://localhost:1080/cgi-bin/welcome.pl?page=itinerary"  	[MsgId: MMSG-26574]
Action.c(206): Notify: Transaction "logout" started.	[MsgId: MMSG-16999]
Action.c(208): web_reg_find started  	[MsgId: MMSG-26355]
Action.c(208): Registering web_reg_find was successful  	[MsgId: MMSG-26390]
Action.c(211): web_url("SignOff Button") started  	[MsgId: MMSG-26355]
Action.c(211): Detected non-resource "http://localhost:1080/cgi-bin/nav.pl?in=home" in "http://localhost:1080/cgi-bin/welcome.pl?signOff=1"  	[MsgId: MMSG-26574]
Action.c(211): Detected non-resource "http://localhost:1080/WebTours/home.html" in "http://localhost:1080/cgi-bin/welcome.pl?signOff=1"  	[MsgId: MMSG-26574]
Action.c(211): Retrieving data from cache for "http://localhost:1080/WebTours/home.html"  	[MsgId: MMSG-26558]
Action.c(105): Resource "http://localhost:1080/WebTours/images/flights.gif" is in the cache already and will not be downloaded again  	[MsgId: MMSG-26655]
Action.c(105): Found resource "http://localhost:1080/WebTours/images/in_itinerary.gif" in HTML "http://localhost:1080/cgi-bin/nav.pl?page=menu&in=itinerary"  	[MsgId: MMSG-26659]
Action.c(105): Found resource "http://localhost:1080/WebTours/images/home.gif" in HTML "http://localhost:1080/cgi-bin/nav.pl?page=menu&in=itinerary"  	[MsgId: MMSG-26659]
Action.c(105): Resource "http://localhost:1080/WebTours/images/signoff.gif" is in the cache already and will not be downloaded again  	[MsgId: MMSG-26655]
Action.c(211): Resource "http://localhost:1080/WebTours/images/mer_login.gif" is in the cache already and will not be downloaded again  	[MsgId: MMSG-26655]
Action.c(211): Registered web_reg_find successful for "Text=A Session ID has been created and loaded into a cookie called MSO" (count=1)  	[MsgId: MMSG-26364]
Action.c(211): web_url("SignOff Button") was successful, 2176 body bytes, 583 header bytes, 24 chunking overhead bytes  	[MsgId: MMSG-26385]
Action.c(220): Notify: Transaction "logout" ended with a "Pass" status (Duration: 0,4401 Wasted Time: 0,0000).	[MsgId: MMSG-16871]
Action.c(222): Notify: Transaction "UC5_Delete_Ticket" ended with a "Pass" status (Duration: 61,1760 Think Time: 20,0467 Wasted Time: 0,0021).	[MsgId: MMSG-16870]
Ending action Action.	[MsgId: MMSG-15918]
Ending Vuser...	[MsgId: MMSG-15966]
Starting action vuser_end.	[MsgId: MMSG-15919]
Ending action vuser_end.	[MsgId: MMSG-15918]
Vuser Terminated.	[MsgId: MMSG-15963]
Action.c(105): Found resource "http://localhost:1080/WebTours/images/cancelreservation.gif" in HTML "http://localhost:1080/cgi-bin/itinerary.pl"  	[MsgId: MMSG-26659]
Action.c(105): Found resource "http://localhost:1080/WebTours/images/cancelallreservations.gif" in HTML "http://localhost:1080/cgi-bin/itinerary.pl"  	[MsgId: MMSG-26659]
Action.c(105): Registered web_reg_find successful for "Text=font color="white"><B>Petr Karabasoff
 's Flight Transaction Summary" (count=1)  	[MsgId: MMSG-26364]
Action.c(105): web_url("Itinerary Button") was successful, 571811 body bytes, 1921 header bytes, 1107 chunking overhead bytes  	[MsgId: MMSG-26385]
Action.c(117): Notify: Transaction "click_itinerary" ended with a "Pass" status (Duration: 2,9841 Wasted Time: 0,0016).	[MsgId: MMSG-16871]
Action.c(119): lr_think_time: 5,00 seconds.	[MsgId: MMSG-15948]
Action.c(121): Notify: Transaction "delete_ticket" started.	[MsgId: MMSG-16999]
Action.c(124): web_reg_find started  	[MsgId: MMSG-26355]
Action.c(124): Registering web_reg_find was successful  	[MsgId: MMSG-26390]
Action.c(128): web_add_header("Origin") started  	[MsgId: MMSG-26355]
Action.c(128): web_add_header("Origin") was successful  	[MsgId: MMSG-26392]
Action.c(131): web_submit_form("itinerary.pl") started  	[MsgId: MMSG-26355]
Action.c(131): Submitting form to "http://localhost:1080/cgi-bin/itinerary.pl", Target Frame=""  	[MsgId: MMSG-27978]
Action.c(131): Resource "http://localhost:1080/WebTours/images/cancelreservation.gif" is in the cache already and will not be downloaded again  	[MsgId: MMSG-26655]
Action.c(131): Resource "http://localhost:1080/WebTours/images/cancelallreservations.gif" is in the cache already and will not be downloaded again  	[MsgId: MMSG-26655]
Action.c(131): Registered web_reg_find successful for "Text=208635571-802-AF"  	[MsgId: MMSG-26362]
Action.c(131): web_submit_form("itinerary.pl") was successful, 558286 body bytes, 256 header bytes, 1051 chunking overhead bytes  	[MsgId: MMSG-26385]
Action.c(202): Notify: Transaction "delete_ticket" ended with a "Pass" status (Duration: 0,1141 Wasted Time: 0,0007).	[MsgId: MMSG-16871]
Action.c(204): lr_think_time: 5,00 seconds.	[MsgId: MMSG-15948]
Action.c(121): Notify: Transaction "delete_ticket" started.	[MsgId: MMSG-16999]
Action.c(124): web_reg_find started  	[MsgId: MMSG-26355]
Action.c(124): Registering web_reg_find was successful  	[MsgId: MMSG-26390]
Action.c(128): web_add_header("Origin") started  	[MsgId: MMSG-26355]
Action.c(128): web_add_header("Origin") was successful  	[MsgId: MMSG-26392]
Action.c(131): web_submit_form("itinerary.pl") started  	[MsgId: MMSG-26355]
Action.c(131): Submitting form to "http://localhost:1080/cgi-bin/itinerary.pl", Target Frame=""  	[MsgId: MMSG-27978]
Action.c(131): Resource "http://localhost:1080/WebTours/images/cancelreservation.gif" is in the cache already and will not be downloaded again  	[MsgId: MMSG-26655]
Action.c(131): Resource "http://localhost:1080/WebTours/images/cancelallreservations.gif" is in the cache already and will not be downloaded again  	[MsgId: MMSG-26655]
Action.c(131): Registered web_reg_find successful for "Text=2057718595-7851-PK"  	[MsgId: MMSG-26362]
Action.c(131): web_submit_form("itinerary.pl") was successful, 565591 body bytes, 256 header bytes, 1067 chunking overhead bytes  	[MsgId: MMSG-26385]
Action.c(202): Notify: Transaction "delete_ticket" ended with a "Pass" status (Duration: 0,1126 Wasted Time: 0,0008).	[MsgId: MMSG-16871]
Action.c(204): lr_think_time: 5,00 seconds.	[MsgId: MMSG-15948]
Action.c(206): Notify: Transaction "logout" started.	[MsgId: MMSG-16999]
Action.c(208): web_reg_find started  	[MsgId: MMSG-26355]
Action.c(208): Registering web_reg_find was successful  	[MsgId: MMSG-26390]
Action.c(211): web_url("SignOff Button") started  	[MsgId: MMSG-26355]
Action.c(211): Detected non-resource "http://localhost:1080/cgi-bin/nav.pl?in=home" in "http://localhost:1080/cgi-bin/welcome.pl?signOff=1"  	[MsgId: MMSG-26574]
Action.c(211): Detected non-resource "http://localhost:1080/WebTours/home.html" in "http://localhost:1080/cgi-bin/welcome.pl?signOff=1"  	[MsgId: MMSG-26574]
Action.c(211): Retrieving data from cache for "http://localhost:1080/WebTours/home.html"  	[MsgId: MMSG-26558]
Action.c(211): Resource "http://localhost:1080/WebTours/images/mer_login.gif" is in the cache already and will not be downloaded again  	[MsgId: MMSG-26655]
Action.c(211): Registered web_reg_find successful for "Text=A Session ID has been created and loaded into a cookie called MSO" (count=1)  	[MsgId: MMSG-26364]
Action.c(211): web_url("SignOff Button") was successful, 2176 body bytes, 583 header bytes, 24 chunking overhead bytes  	[MsgId: MMSG-26385]
Action.c(220): Notify: Transaction "logout" ended with a "Pass" status (Duration: 0,0668 Wasted Time: 0,0000).	[MsgId: MMSG-16871]
Action.c(222): Notify: Transaction "UC5_Delete_Ticket" ended with a "Pass" status (Duration: 48,5745 Think Time: 20,0211 Wasted Time: 0,0024).	[MsgId: MMSG-16870]
Ending action Action.	[MsgId: MMSG-15918]
Ending Vuser...	[MsgId: MMSG-15966]
Starting action vuser_end.	[MsgId: MMSG-15919]
Ending action vuser_end.	[MsgId: MMSG-15918]
Vuser Terminated.	[MsgId: MMSG-15963]
Action.c(206): Notify: Transaction "logout" started.	[MsgId: MMSG-16999]
Action.c(208): web_reg_find started  	[MsgId: MMSG-26355]
Action.c(208): Registering web_reg_find was successful  	[MsgId: MMSG-26390]
Action.c(211): web_url("SignOff Button") started  	[MsgId: MMSG-26355]
Action.c(211): Detected non-resource "http://localhost:1080/cgi-bin/nav.pl?in=home" in "http://localhost:1080/cgi-bin/welcome.pl?signOff=1"  	[MsgId: MMSG-26574]
Action.c(211): Detected non-resource "http://localhost:1080/WebTours/home.html" in "http://localhost:1080/cgi-bin/welcome.pl?signOff=1"  	[MsgId: MMSG-26574]
Action.c(211): Retrieving data from cache for "http://localhost:1080/WebTours/home.html"  	[MsgId: MMSG-26558]
Action.c(211): Resource "http://localhost:1080/WebTours/images/mer_login.gif" is in the cache already and will not be downloaded again  	[MsgId: MMSG-26655]
Action.c(211): Registered web_reg_find successful for "Text=A Session ID has been created and loaded into a cookie called MSO" (count=1)  	[MsgId: MMSG-26364]
Action.c(211): web_url("SignOff Button") was successful, 2174 body bytes, 583 header bytes, 24 chunking overhead bytes  	[MsgId: MMSG-26385]
Action.c(220): Notify: Transaction "logout" ended with a "Pass" status (Duration: 0,0619 Wasted Time: 0,0000).	[MsgId: MMSG-16871]
Action.c(222): Notify: Transaction "UC5_Delete_Ticket" ended with a "Pass" status (Duration: 41,1222 Think Time: 20,0495 Wasted Time: 0,0032).	[MsgId: MMSG-16870]
Ending action Action.	[MsgId: MMSG-15918]
Ending Vuser...	[MsgId: MMSG-15966]
Starting action vuser_end.	[MsgId: MMSG-15919]
Ending action vuser_end.	[MsgId: MMSG-15918]
Vuser Terminated.	[MsgId: MMSG-15963]
