Virtual User Script started at: 14.04.2023 23:01:44
Starting action vuser_init.
Web Turbo Replay of LoadRunner 2021.0.0 for Windows 10; build 430 (џэт 05 2021 19:27:22)  	[MsgId: MMSG-26983]
Run mode: HTML  	[MsgId: MMSG-26993]
Replay user agent: Mozilla/5.0 (Windows NT 10.0; Win64; x64) AppleWebKit/537.36 (KHTML, like Gecko) Chrome/111.0.0.0 Safari/537.36  	[MsgId: MMSG-26988]
Runtime Settings file: "C:\Users\svp31\Documents\VuGen\Scripts\UC5_DeleteTicket\\default.cfg"  	[MsgId: MMSG-27141]
Ending action vuser_init.
Running Vuser...
Starting iteration 1.
Maximum number of concurrent connections per server: 6  	[MsgId: MMSG-26989]
Starting action Action.
Action.c(6): Notify: Transaction "UC5_Delete_Ticket" started.
Action.c(8): Notify: Transaction "open_home_page" started.
Action.c(10): web_reg_find started  	[MsgId: MMSG-26355]
Action.c(10): Registering web_reg_find was successful  	[MsgId: MMSG-26390]
Action.c(13): web_add_auto_header("Sec-Fetch-Dest") started  	[MsgId: MMSG-26355]
Action.c(13): web_add_auto_header("Sec-Fetch-Dest") was successful  	[MsgId: MMSG-26392]
Action.c(16): web_add_auto_header("Sec-Fetch-Mode") started  	[MsgId: MMSG-26355]
Action.c(16): web_add_auto_header("Sec-Fetch-Mode") was successful  	[MsgId: MMSG-26392]
Action.c(19): web_add_auto_header("Sec-Fetch-Site") started  	[MsgId: MMSG-26355]
Action.c(19): web_add_auto_header("Sec-Fetch-Site") was successful  	[MsgId: MMSG-26392]
Action.c(22): web_add_auto_header("Upgrade-Insecure-Requests") started  	[MsgId: MMSG-26355]
Action.c(22): web_add_auto_header("Upgrade-Insecure-Requests") was successful  	[MsgId: MMSG-26392]
Action.c(25): web_add_auto_header("sec-ch-ua") started  	[MsgId: MMSG-26355]
Action.c(25): web_add_auto_header("sec-ch-ua") was successful  	[MsgId: MMSG-26392]
Action.c(28): web_add_auto_header("sec-ch-ua-mobile") started  	[MsgId: MMSG-26355]
Action.c(28): web_add_auto_header("sec-ch-ua-mobile") was successful  	[MsgId: MMSG-26392]
Action.c(31): web_add_auto_header("sec-ch-ua-platform") started  	[MsgId: MMSG-26355]
Action.c(31): web_add_auto_header("sec-ch-ua-platform") was successful  	[MsgId: MMSG-26392]
Action.c(35): web_reg_save_param_attrib started  	[MsgId: MMSG-26355]
Action.c(35): Registering web_reg_save_param_attrib was successful  	[MsgId: MMSG-26390]
Action.c(46): web_url("welcome.pl") started  	[MsgId: MMSG-26355]
Action.c(46): Detected non-resource "http://localhost:1080/cgi-bin/nav.pl?in=home" in "http://localhost:1080/cgi-bin/welcome.pl?signOff=true"  	[MsgId: MMSG-26574]
Action.c(46): Detected non-resource "http://localhost:1080/WebTours/home.html" in "http://localhost:1080/cgi-bin/welcome.pl?signOff=true"  	[MsgId: MMSG-26574]
Action.c(46): Found resource "http://localhost:1080/WebTours/images/mer_login.gif" in HTML "http://localhost:1080/cgi-bin/nav.pl?in=home"  	[MsgId: MMSG-26659]
Action.c(46): Registered web_reg_find successful for "Text=Welcome to the Web Tours site" (count=1)  	[MsgId: MMSG-26364]
Action.c(46): web_url("welcome.pl") was successful, 4213 body bytes, 1182 header bytes, 24 chunking overhead bytes  	[MsgId: MMSG-26385]
Action.c(56): Notify: Transaction "open_home_page" ended with a "Pass" status (Duration: 0,4854 Wasted Time: 0,0927).
Action.c(60): Notify: Transaction "enter_login" started.
Action.c(62): web_reg_find started  	[MsgId: MMSG-26355]
Action.c(62): Registering web_reg_find was successful  	[MsgId: MMSG-26390]
Action.c(65): web_reg_find started  	[MsgId: MMSG-26355]
Action.c(65): Registering web_reg_find was successful  	[MsgId: MMSG-26390]
Action.c(68): web_add_header("Origin") started  	[MsgId: MMSG-26355]
Action.c(68): web_add_header("Origin") was successful  	[MsgId: MMSG-26392]
Action.c(71): web_add_auto_header("Sec-Fetch-User") started  	[MsgId: MMSG-26355]
Action.c(71): web_add_auto_header("Sec-Fetch-User") was successful  	[MsgId: MMSG-26392]
Action.c(74): web_submit_data("login.pl") started  	[MsgId: MMSG-26355]
Action.c(74): Detected non-resource "http://localhost:1080/cgi-bin/nav.pl?page=menu&in=home" in "http://localhost:1080/cgi-bin/login.pl"  	[MsgId: MMSG-26574]
Action.c(74): Detected non-resource "http://localhost:1080/cgi-bin/login.pl?intro=true" in "http://localhost:1080/cgi-bin/login.pl"  	[MsgId: MMSG-26574]
Action.c(74): Found resource "http://localhost:1080/WebTours/images/flights.gif" in HTML "http://localhost:1080/cgi-bin/nav.pl?page=menu&in=home"  	[MsgId: MMSG-26659]
Action.c(74): Found resource "http://localhost:1080/WebTours/images/itinerary.gif" in HTML "http://localhost:1080/cgi-bin/nav.pl?page=menu&in=home"  	[MsgId: MMSG-26659]
Action.c(74): Found resource "http://localhost:1080/WebTours/images/in_home.gif" in HTML "http://localhost:1080/cgi-bin/nav.pl?page=menu&in=home"  	[MsgId: MMSG-26659]
Action.c(74): Found resource "http://localhost:1080/WebTours/images/signoff.gif" in HTML "http://localhost:1080/cgi-bin/nav.pl?page=menu&in=home"  	[MsgId: MMSG-26659]
Action.c(74): Registered web_reg_find successful for "Text=User password was correct" (count=1)  	[MsgId: MMSG-26364]
Action.c(74): Registered web_reg_find successful for "Text=Welcome, <b>buratinko</b>, to the Web Tours" (count=1)  	[MsgId: MMSG-26364]
Action.c(74): web_submit_data("login.pl") was successful, 5784 body bytes, 2085 header bytes, 36 chunking overhead bytes  	[MsgId: MMSG-26385]
Action.c(91): Notify: Transaction "enter_login" ended with a "Pass" status (Duration: 0.3395 Wasted Time: 0.0068).
Action.c(95): Notify: Transaction "click_itinerary" started.
Action.c(97): web_reg_find started  	[MsgId: MMSG-26355]
Action.c(97): Registering web_reg_find was successful  	[MsgId: MMSG-26390]
Action.c(100): web_reg_save_param started  	[MsgId: MMSG-26355]
Action.c(100): Registering web_reg_save_param was successful  	[MsgId: MMSG-26390]
Action.c(106): web_url("Itinerary Button") started  	[MsgId: MMSG-26355]
Action.c(106): Detected non-resource "http://localhost:1080/cgi-bin/nav.pl?page=menu&in=itinerary" in "http://localhost:1080/cgi-bin/welcome.pl?page=itinerary"  	[MsgId: MMSG-26574]
Action.c(106): Detected non-resource "http://localhost:1080/cgi-bin/itinerary.pl" in "http://localhost:1080/cgi-bin/welcome.pl?page=itinerary"  	[MsgId: MMSG-26574]
Action.c(106): Resource "http://localhost:1080/WebTours/images/flights.gif" is in the cache already and will not be downloaded again  	[MsgId: MMSG-26655]
Action.c(106): Found resource "http://localhost:1080/WebTours/images/in_itinerary.gif" in HTML "http://localhost:1080/cgi-bin/nav.pl?page=menu&in=itinerary"  	[MsgId: MMSG-26659]
Action.c(106): Found resource "http://localhost:1080/WebTours/images/home.gif" in HTML "http://localhost:1080/cgi-bin/nav.pl?page=menu&in=itinerary"  	[MsgId: MMSG-26659]
Action.c(106): Resource "http://localhost:1080/WebTours/images/signoff.gif" is in the cache already and will not be downloaded again  	[MsgId: MMSG-26655]
Action.c(106): Found resource "http://localhost:1080/WebTours/images/cancelreservation.gif" in HTML "http://localhost:1080/cgi-bin/itinerary.pl"  	[MsgId: MMSG-26659]
Action.c(106): Found resource "http://localhost:1080/WebTours/images/cancelallreservations.gif" in HTML "http://localhost:1080/cgi-bin/itinerary.pl"  	[MsgId: MMSG-26659]
Action.c(106): Registered web_reg_find successful for "Text=font color="white"><B>Burat Che Buratov
 's Flight Transaction Summary" (count=1)  	[MsgId: MMSG-26364]
Action.c(106): web_url("Itinerary Button") was successful, 11236 body bytes, 1917 header bytes, 43 chunking overhead bytes  	[MsgId: MMSG-26385]
Action.c(121): Notify: Transaction "click_itinerary" ended with a "Pass" status (Duration: 0.2073 Wasted Time: 0.0062).
Action.c(125): Notify: Transaction "delete_ticket" started.
Action.c(128): web_reg_find started  	[MsgId: MMSG-26355]
Action.c(128): Registering web_reg_find was successful  	[MsgId: MMSG-26390]
Action.c(132): web_add_header("Origin") started  	[MsgId: MMSG-26355]
Action.c(132): web_add_header("Origin") was successful  	[MsgId: MMSG-26392]
Action.c(135): web_submit_form("itinerary.pl") started  	[MsgId: MMSG-26355]
Action.c(135): Submitting form to "http://localhost:1080/cgi-bin/itinerary.pl", Target Frame=""  	[MsgId: MMSG-27978]
Action.c(135): Resource "http://localhost:1080/WebTours/images/cancelreservation.gif" is in the cache already and will not be downloaded again  	[MsgId: MMSG-26655]
Action.c(135): Resource "http://localhost:1080/WebTours/images/cancelallreservations.gif" is in the cache already and will not be downloaded again  	[MsgId: MMSG-26655]
Action.c(135): Registered web_reg_find successful for "Text=2880622261-30851-BC"  	[MsgId: MMSG-26362]
Action.c(135): web_submit_form("itinerary.pl") was successful, 5003 body bytes, 255 header bytes, 19 chunking overhead bytes  	[MsgId: MMSG-26385]
Action.c(198): Notify: Transaction "delete_ticket" ended with a "Pass" status (Duration: 0.1267 Wasted Time: 0.0047).
Action.c(202): Notify: Transaction "logout" started.
Action.c(204): web_reg_find started  	[MsgId: MMSG-26355]
Action.c(204): Registering web_reg_find was successful  	[MsgId: MMSG-26390]
Action.c(207): web_url("SignOff Button") started  	[MsgId: MMSG-26355]
Action.c(207): Detected non-resource "http://localhost:1080/cgi-bin/nav.pl?in=home" in "http://localhost:1080/cgi-bin/welcome.pl?signOff=1"  	[MsgId: MMSG-26574]
Action.c(207): Detected non-resource "http://localhost:1080/WebTours/home.html" in "http://localhost:1080/cgi-bin/welcome.pl?signOff=1"  	[MsgId: MMSG-26574]
Action.c(207): Retrieving data from cache for "http://localhost:1080/WebTours/home.html"  	[MsgId: MMSG-26558]
Action.c(207): Resource "http://localhost:1080/WebTours/images/mer_login.gif" is in the cache already and will not be downloaded again  	[MsgId: MMSG-26655]
Action.c(207): Registered web_reg_find successful for "Text=A Session ID has been created and loaded into a cookie called MSO" (count=1)  	[MsgId: MMSG-26364]
Action.c(207): web_url("SignOff Button") was successful, 2172 body bytes, 582 header bytes, 24 chunking overhead bytes  	[MsgId: MMSG-26385]
Action.c(216): Notify: Transaction "logout" ended with a "Pass" status (Duration: 0.1275 Wasted Time: 0.0046).
Action.c(218): Notify: Transaction "UC5_Delete_Ticket" ended with a "Pass" status (Duration: 1.4449 Wasted Time: 0.1150).
Ending action Action.
Ending iteration 1.
Ending Vuser...
Starting action vuser_end.
Ending action vuser_end.
Vuser Terminated.
