Virtual User Script started at: 24.04.2023 9:58:36	[MsgId: MMSG-15967]
Starting action vuser_init.	[MsgId: MMSG-15919]
Web Turbo Replay of LoadRunner 2021.0.0 for Windows 10; build 430 (џэт 05 2021 19:27:22)  	[MsgId: MMSG-26983]
Run mode: HTML  	[MsgId: MMSG-26993]
Replay user agent: Mozilla/5.0 (Windows NT 10.0; Win64; x64) AppleWebKit/537.36 (KHTML, like Gecko) Chrome/111.0.0.0 Safari/537.36  	[MsgId: MMSG-26988]
Runtime Settings file: "C:\Users\svp31\AppData\Local\Temp\lr5tmpdirw7v.300\lrcfg2mP.301\cfgwWy.322"  	[MsgId: MMSG-27141]
Ending action vuser_init.	[MsgId: MMSG-15918]
Running Vuser...	[MsgId: MMSG-15964]
Starting iteration 1.	[MsgId: MMSG-15968]
Maximum number of concurrent connections per server: 6  	[MsgId: MMSG-26989]
Starting action Action.	[MsgId: MMSG-15919]
Action.c(3): Notify: Transaction "UC1_login" started.	[MsgId: MMSG-16999]
Action.c(5): Notify: Transaction "open_home_page" started.	[MsgId: MMSG-16999]
Action.c(7): web_reg_find started  	[MsgId: MMSG-26355]
Action.c(7): Registering web_reg_find was successful  	[MsgId: MMSG-26390]
Action.c(10): web_add_auto_header("Sec-Fetch-Dest") started  	[MsgId: MMSG-26355]
Action.c(10): web_add_auto_header("Sec-Fetch-Dest") was successful  	[MsgId: MMSG-26392]
Action.c(13): web_add_auto_header("Sec-Fetch-Mode") started  	[MsgId: MMSG-26355]
Action.c(13): web_add_auto_header("Sec-Fetch-Mode") was successful  	[MsgId: MMSG-26392]
Action.c(16): web_add_auto_header("Sec-Fetch-Site") started  	[MsgId: MMSG-26355]
Action.c(16): web_add_auto_header("Sec-Fetch-Site") was successful  	[MsgId: MMSG-26392]
Action.c(19): web_add_auto_header("Upgrade-Insecure-Requests") started  	[MsgId: MMSG-26355]
Action.c(19): web_add_auto_header("Upgrade-Insecure-Requests") was successful  	[MsgId: MMSG-26392]
Action.c(22): web_add_auto_header("sec-ch-ua") started  	[MsgId: MMSG-26355]
Action.c(22): web_add_auto_header("sec-ch-ua") was successful  	[MsgId: MMSG-26392]
Action.c(25): web_add_auto_header("sec-ch-ua-mobile") started  	[MsgId: MMSG-26355]
Action.c(25): web_add_auto_header("sec-ch-ua-mobile") was successful  	[MsgId: MMSG-26392]
Action.c(28): web_add_auto_header("sec-ch-ua-platform") started  	[MsgId: MMSG-26355]
Action.c(28): web_add_auto_header("sec-ch-ua-platform") was successful  	[MsgId: MMSG-26392]
Action.c(32): web_reg_save_param_attrib started  	[MsgId: MMSG-26355]
Action.c(32): Registering web_reg_save_param_attrib was successful  	[MsgId: MMSG-26390]
Action.c(43): web_url("welcome.pl") started  	[MsgId: MMSG-26355]
Action.c(43): Detected non-resource "http://localhost:1080/cgi-bin/nav.pl?in=home" in "http://localhost:1080/cgi-bin/welcome.pl?signOff=true"  	[MsgId: MMSG-26574]
Action.c(43): Detected non-resource "http://localhost:1080/WebTours/home.html" in "http://localhost:1080/cgi-bin/welcome.pl?signOff=true"  	[MsgId: MMSG-26574]
Action.c(43): Found resource "http://localhost:1080/WebTours/images/mer_login.gif" in HTML "http://localhost:1080/cgi-bin/nav.pl?in=home"  	[MsgId: MMSG-26659]
Action.c(43): Registered web_reg_find successful for "Text=Welcome to the Web Tours site" (count=1)  	[MsgId: MMSG-26364]
Action.c(43): web_url("welcome.pl") was successful, 4208 body bytes, 1182 header bytes, 24 chunking overhead bytes  	[MsgId: MMSG-26385]
Action.c(53): Notify: Transaction "open_home_page" ended with a "Pass" status (Duration: 0,0847 Wasted Time: 0,0160).	[MsgId: MMSG-16871]
Action.c(55): lr_think_time: 5,00 seconds.	[MsgId: MMSG-15948]
Action.c(57): Notify: Transaction "enter_login" started.	[MsgId: MMSG-16999]
Action.c(60): web_reg_find started  	[MsgId: MMSG-26355]
Action.c(60): Registering web_reg_find was successful  	[MsgId: MMSG-26390]
Action.c(63): web_add_header("Origin") started  	[MsgId: MMSG-26355]
Action.c(63): web_add_header("Origin") was successful  	[MsgId: MMSG-26392]
Action.c(66): web_add_auto_header("Sec-Fetch-User") started  	[MsgId: MMSG-26355]
Action.c(66): web_add_auto_header("Sec-Fetch-User") was successful  	[MsgId: MMSG-26392]
Action.c(69): web_submit_data("login.pl") started  	[MsgId: MMSG-26355]
Action.c(69): Detected non-resource "http://localhost:1080/cgi-bin/nav.pl?page=menu&in=home" in "http://localhost:1080/cgi-bin/login.pl"  	[MsgId: MMSG-26574]
Action.c(69): Detected non-resource "http://localhost:1080/cgi-bin/login.pl?intro=true" in "http://localhost:1080/cgi-bin/login.pl"  	[MsgId: MMSG-26574]
Action.c(69): Found resource "http://localhost:1080/WebTours/images/flights.gif" in HTML "http://localhost:1080/cgi-bin/nav.pl?page=menu&in=home"  	[MsgId: MMSG-26659]
Action.c(69): Found resource "http://localhost:1080/WebTours/images/itinerary.gif" in HTML "http://localhost:1080/cgi-bin/nav.pl?page=menu&in=home"  	[MsgId: MMSG-26659]
Action.c(69): Found resource "http://localhost:1080/WebTours/images/in_home.gif" in HTML "http://localhost:1080/cgi-bin/nav.pl?page=menu&in=home"  	[MsgId: MMSG-26659]
Action.c(69): Found resource "http://localhost:1080/WebTours/images/signoff.gif" in HTML "http://localhost:1080/cgi-bin/nav.pl?page=menu&in=home"  	[MsgId: MMSG-26659]
Action.c(69): Registered web_reg_find successful for "Text=Welcome, <b>karabasov</b>, to the Web Tours" (count=1)  	[MsgId: MMSG-26364]
Action.c(69): web_submit_data("login.pl") was successful, 5784 body bytes, 2090 header bytes, 36 chunking overhead bytes  	[MsgId: MMSG-26385]
Action.c(86): Notify: Transaction "enter_login" ended with a "Pass" status (Duration: 0,0851 Wasted Time: 0,0000).	[MsgId: MMSG-16871]
Action.c(88): lr_think_time: 5,00 seconds.	[MsgId: MMSG-15948]
Action.c(90): Notify: Transaction "logout" started.	[MsgId: MMSG-16999]
Action.c(92): web_reg_find started  	[MsgId: MMSG-26355]
Action.c(92): Registering web_reg_find was successful  	[MsgId: MMSG-26390]
Action.c(95): web_url("SignOff Button") started  	[MsgId: MMSG-26355]
Action.c(95): Detected non-resource "http://localhost:1080/cgi-bin/nav.pl?in=home" in "http://localhost:1080/cgi-bin/welcome.pl?signOff=1"  	[MsgId: MMSG-26574]
Action.c(95): Detected non-resource "http://localhost:1080/WebTours/home.html" in "http://localhost:1080/cgi-bin/welcome.pl?signOff=1"  	[MsgId: MMSG-26574]
Action.c(95): Retrieving data from cache for "http://localhost:1080/WebTours/home.html"  	[MsgId: MMSG-26558]
Action.c(95): Resource "http://localhost:1080/WebTours/images/mer_login.gif" is in the cache already and will not be downloaded again  	[MsgId: MMSG-26655]
Action.c(95): Registered web_reg_find successful for "Text=A Session ID has been created and loaded into a cookie called MSO" (count=1)  	[MsgId: MMSG-26364]
Action.c(95): web_url("SignOff Button") was successful, 2176 body bytes, 583 header bytes, 24 chunking overhead bytes  	[MsgId: MMSG-26385]
Action.c(105): Notify: Transaction "logout" ended with a "Pass" status (Duration: 0,0618 Wasted Time: 0,0000).	[MsgId: MMSG-16871]
Action.c(107): Notify: Transaction "UC1_login" ended with a "Pass" status (Duration: 10,2441 Think Time: 10,0120 Wasted Time: 0,0160).	[MsgId: MMSG-16870]
Ending action Action.	[MsgId: MMSG-15918]
Ending iteration 1.	[MsgId: MMSG-15965]
Waiting 109,7560 seconds for iteration pacing.	[MsgId: MMSG-15996]
Starting iteration 2.	[MsgId: MMSG-15968]
Starting action Action.	[MsgId: MMSG-15919]
Action.c(3): Notify: Transaction "UC1_login" started.	[MsgId: MMSG-16999]
Action.c(5): Notify: Transaction "open_home_page" started.	[MsgId: MMSG-16999]
Action.c(7): web_reg_find started  	[MsgId: MMSG-26355]
Action.c(7): Registering web_reg_find was successful  	[MsgId: MMSG-26390]
Action.c(10): web_add_auto_header("Sec-Fetch-Dest") started  	[MsgId: MMSG-26355]
Action.c(10): web_add_auto_header("Sec-Fetch-Dest") was successful  	[MsgId: MMSG-26392]
Action.c(13): web_add_auto_header("Sec-Fetch-Mode") started  	[MsgId: MMSG-26355]
Action.c(13): web_add_auto_header("Sec-Fetch-Mode") was successful  	[MsgId: MMSG-26392]
Action.c(16): web_add_auto_header("Sec-Fetch-Site") started  	[MsgId: MMSG-26355]
Action.c(16): web_add_auto_header("Sec-Fetch-Site") was successful  	[MsgId: MMSG-26392]
Action.c(19): web_add_auto_header("Upgrade-Insecure-Requests") started  	[MsgId: MMSG-26355]
Action.c(19): web_add_auto_header("Upgrade-Insecure-Requests") was successful  	[MsgId: MMSG-26392]
Action.c(22): web_add_auto_header("sec-ch-ua") started  	[MsgId: MMSG-26355]
Action.c(22): web_add_auto_header("sec-ch-ua") was successful  	[MsgId: MMSG-26392]
Action.c(25): web_add_auto_header("sec-ch-ua-mobile") started  	[MsgId: MMSG-26355]
Action.c(25): web_add_auto_header("sec-ch-ua-mobile") was successful  	[MsgId: MMSG-26392]
Action.c(28): web_add_auto_header("sec-ch-ua-platform") started  	[MsgId: MMSG-26355]
Action.c(28): web_add_auto_header("sec-ch-ua-platform") was successful  	[MsgId: MMSG-26392]
Action.c(32): web_reg_save_param_attrib started  	[MsgId: MMSG-26355]
Action.c(32): Registering web_reg_save_param_attrib was successful  	[MsgId: MMSG-26390]
Action.c(43): web_url("welcome.pl") started  	[MsgId: MMSG-26355]
Action.c(43): Detected non-resource "http://localhost:1080/cgi-bin/nav.pl?in=home" in "http://localhost:1080/cgi-bin/welcome.pl?signOff=true"  	[MsgId: MMSG-26574]
Action.c(43): Detected non-resource "http://localhost:1080/WebTours/home.html" in "http://localhost:1080/cgi-bin/welcome.pl?signOff=true"  	[MsgId: MMSG-26574]
Action.c(43): Found resource "http://localhost:1080/WebTours/images/mer_login.gif" in HTML "http://localhost:1080/cgi-bin/nav.pl?in=home"  	[MsgId: MMSG-26659]
Action.c(43): Registered web_reg_find successful for "Text=Welcome to the Web Tours site" (count=1)  	[MsgId: MMSG-26364]
Action.c(43): web_url("welcome.pl") was successful, 4208 body bytes, 1182 header bytes, 24 chunking overhead bytes  	[MsgId: MMSG-26385]
Action.c(53): Notify: Transaction "open_home_page" ended with a "Pass" status (Duration: 0,0849 Wasted Time: 0,0003).	[MsgId: MMSG-16871]
Action.c(55): lr_think_time: 5,00 seconds.	[MsgId: MMSG-15948]
Action.c(57): Notify: Transaction "enter_login" started.	[MsgId: MMSG-16999]
Action.c(60): web_reg_find started  	[MsgId: MMSG-26355]
Action.c(60): Registering web_reg_find was successful  	[MsgId: MMSG-26390]
Action.c(63): web_add_header("Origin") started  	[MsgId: MMSG-26355]
Action.c(63): web_add_header("Origin") was successful  	[MsgId: MMSG-26392]
Action.c(66): web_add_auto_header("Sec-Fetch-User") started  	[MsgId: MMSG-26355]
Action.c(66): web_add_auto_header("Sec-Fetch-User") was successful  	[MsgId: MMSG-26392]
Action.c(69): web_submit_data("login.pl") started  	[MsgId: MMSG-26355]
Action.c(69): Detected non-resource "http://localhost:1080/cgi-bin/nav.pl?page=menu&in=home" in "http://localhost:1080/cgi-bin/login.pl"  	[MsgId: MMSG-26574]
Action.c(69): Detected non-resource "http://localhost:1080/cgi-bin/login.pl?intro=true" in "http://localhost:1080/cgi-bin/login.pl"  	[MsgId: MMSG-26574]
Action.c(69): Found resource "http://localhost:1080/WebTours/images/flights.gif" in HTML "http://localhost:1080/cgi-bin/nav.pl?page=menu&in=home"  	[MsgId: MMSG-26659]
Action.c(69): Found resource "http://localhost:1080/WebTours/images/itinerary.gif" in HTML "http://localhost:1080/cgi-bin/nav.pl?page=menu&in=home"  	[MsgId: MMSG-26659]
Action.c(69): Found resource "http://localhost:1080/WebTours/images/in_home.gif" in HTML "http://localhost:1080/cgi-bin/nav.pl?page=menu&in=home"  	[MsgId: MMSG-26659]
Action.c(69): Found resource "http://localhost:1080/WebTours/images/signoff.gif" in HTML "http://localhost:1080/cgi-bin/nav.pl?page=menu&in=home"  	[MsgId: MMSG-26659]
Action.c(69): Registered web_reg_find successful for "Text=Welcome, <b>karlo</b>, to the Web Tours" (count=1)  	[MsgId: MMSG-26364]
Action.c(69): web_submit_data("login.pl") was successful, 5780 body bytes, 2076 header bytes, 36 chunking overhead bytes  	[MsgId: MMSG-26385]
Action.c(86): Notify: Transaction "enter_login" ended with a "Pass" status (Duration: 0,1318 Wasted Time: 0,0000).	[MsgId: MMSG-16871]
Action.c(88): lr_think_time: 5,00 seconds.	[MsgId: MMSG-15948]
Action.c(90): Notify: Transaction "logout" started.	[MsgId: MMSG-16999]
Action.c(92): web_reg_find started  	[MsgId: MMSG-26355]
Action.c(92): Registering web_reg_find was successful  	[MsgId: MMSG-26390]
Action.c(95): web_url("SignOff Button") started  	[MsgId: MMSG-26355]
Action.c(95): Detected non-resource "http://localhost:1080/cgi-bin/nav.pl?in=home" in "http://localhost:1080/cgi-bin/welcome.pl?signOff=1"  	[MsgId: MMSG-26574]
Action.c(95): Detected non-resource "http://localhost:1080/WebTours/home.html" in "http://localhost:1080/cgi-bin/welcome.pl?signOff=1"  	[MsgId: MMSG-26574]
Action.c(95): Retrieving data from cache for "http://localhost:1080/WebTours/home.html"  	[MsgId: MMSG-26558]
Action.c(95): Resource "http://localhost:1080/WebTours/images/mer_login.gif" is in the cache already and will not be downloaded again  	[MsgId: MMSG-26655]
Action.c(95): Registered web_reg_find successful for "Text=A Session ID has been created and loaded into a cookie called MSO" (count=1)  	[MsgId: MMSG-26364]
Action.c(95): web_url("SignOff Button") was successful, 2176 body bytes, 584 header bytes, 24 chunking overhead bytes  	[MsgId: MMSG-26385]
Action.c(105): Notify: Transaction "logout" ended with a "Pass" status (Duration: 0,0623 Wasted Time: 0,0000).	[MsgId: MMSG-16871]
Action.c(107): Notify: Transaction "UC1_login" ended with a "Pass" status (Duration: 10,3072 Think Time: 10,0277 Wasted Time: 0,0003).	[MsgId: MMSG-16870]
Ending action Action.	[MsgId: MMSG-15918]
Ending iteration 2.	[MsgId: MMSG-15965]
Waiting 109,6930 seconds for iteration pacing.	[MsgId: MMSG-15996]
Starting iteration 3.	[MsgId: MMSG-15968]
Starting action Action.	[MsgId: MMSG-15919]
Action.c(3): Notify: Transaction "UC1_login" started.	[MsgId: MMSG-16999]
Action.c(5): Notify: Transaction "open_home_page" started.	[MsgId: MMSG-16999]
Action.c(7): web_reg_find started  	[MsgId: MMSG-26355]
Action.c(7): Registering web_reg_find was successful  	[MsgId: MMSG-26390]
Action.c(10): web_add_auto_header("Sec-Fetch-Dest") started  	[MsgId: MMSG-26355]
Action.c(10): web_add_auto_header("Sec-Fetch-Dest") was successful  	[MsgId: MMSG-26392]
Action.c(13): web_add_auto_header("Sec-Fetch-Mode") started  	[MsgId: MMSG-26355]
Action.c(13): web_add_auto_header("Sec-Fetch-Mode") was successful  	[MsgId: MMSG-26392]
Action.c(16): web_add_auto_header("Sec-Fetch-Site") started  	[MsgId: MMSG-26355]
Action.c(16): web_add_auto_header("Sec-Fetch-Site") was successful  	[MsgId: MMSG-26392]
Action.c(19): web_add_auto_header("Upgrade-Insecure-Requests") started  	[MsgId: MMSG-26355]
Action.c(19): web_add_auto_header("Upgrade-Insecure-Requests") was successful  	[MsgId: MMSG-26392]
Action.c(22): web_add_auto_header("sec-ch-ua") started  	[MsgId: MMSG-26355]
Action.c(22): web_add_auto_header("sec-ch-ua") was successful  	[MsgId: MMSG-26392]
Action.c(25): web_add_auto_header("sec-ch-ua-mobile") started  	[MsgId: MMSG-26355]
Action.c(25): web_add_auto_header("sec-ch-ua-mobile") was successful  	[MsgId: MMSG-26392]
Action.c(28): web_add_auto_header("sec-ch-ua-platform") started  	[MsgId: MMSG-26355]
Action.c(28): web_add_auto_header("sec-ch-ua-platform") was successful  	[MsgId: MMSG-26392]
Action.c(32): web_reg_save_param_attrib started  	[MsgId: MMSG-26355]
Action.c(32): Registering web_reg_save_param_attrib was successful  	[MsgId: MMSG-26390]
Action.c(43): web_url("welcome.pl") started  	[MsgId: MMSG-26355]
Action.c(43): Detected non-resource "http://localhost:1080/cgi-bin/nav.pl?in=home" in "http://localhost:1080/cgi-bin/welcome.pl?signOff=true"  	[MsgId: MMSG-26574]
Action.c(43): Detected non-resource "http://localhost:1080/WebTours/home.html" in "http://localhost:1080/cgi-bin/welcome.pl?signOff=true"  	[MsgId: MMSG-26574]
Action.c(43): Found resource "http://localhost:1080/WebTours/images/mer_login.gif" in HTML "http://localhost:1080/cgi-bin/nav.pl?in=home"  	[MsgId: MMSG-26659]
Action.c(43): Registered web_reg_find successful for "Text=Welcome to the Web Tours site" (count=1)  	[MsgId: MMSG-26364]
Action.c(43): web_url("welcome.pl") was successful, 4208 body bytes, 1182 header bytes, 24 chunking overhead bytes  	[MsgId: MMSG-26385]
Action.c(53): Notify: Transaction "open_home_page" ended with a "Pass" status (Duration: 0,0848 Wasted Time: 0,0003).	[MsgId: MMSG-16871]
Action.c(55): lr_think_time: 5,00 seconds.	[MsgId: MMSG-15948]
Action.c(57): Notify: Transaction "enter_login" started.	[MsgId: MMSG-16999]
Action.c(60): web_reg_find started  	[MsgId: MMSG-26355]
Action.c(60): Registering web_reg_find was successful  	[MsgId: MMSG-26390]
Action.c(63): web_add_header("Origin") started  	[MsgId: MMSG-26355]
Action.c(63): web_add_header("Origin") was successful  	[MsgId: MMSG-26392]
Action.c(66): web_add_auto_header("Sec-Fetch-User") started  	[MsgId: MMSG-26355]
Action.c(66): web_add_auto_header("Sec-Fetch-User") was successful  	[MsgId: MMSG-26392]
Action.c(69): web_submit_data("login.pl") started  	[MsgId: MMSG-26355]
Action.c(69): Detected non-resource "http://localhost:1080/cgi-bin/nav.pl?page=menu&in=home" in "http://localhost:1080/cgi-bin/login.pl"  	[MsgId: MMSG-26574]
Action.c(69): Detected non-resource "http://localhost:1080/cgi-bin/login.pl?intro=true" in "http://localhost:1080/cgi-bin/login.pl"  	[MsgId: MMSG-26574]
Action.c(69): Found resource "http://localhost:1080/WebTours/images/flights.gif" in HTML "http://localhost:1080/cgi-bin/nav.pl?page=menu&in=home"  	[MsgId: MMSG-26659]
Action.c(69): Found resource "http://localhost:1080/WebTours/images/itinerary.gif" in HTML "http://localhost:1080/cgi-bin/nav.pl?page=menu&in=home"  	[MsgId: MMSG-26659]
Action.c(69): Found resource "http://localhost:1080/WebTours/images/in_home.gif" in HTML "http://localhost:1080/cgi-bin/nav.pl?page=menu&in=home"  	[MsgId: MMSG-26659]
Action.c(69): Found resource "http://localhost:1080/WebTours/images/signoff.gif" in HTML "http://localhost:1080/cgi-bin/nav.pl?page=menu&in=home"  	[MsgId: MMSG-26659]
Action.c(69): Registered web_reg_find successful for "Text=Welcome, <b>alisa</b>, to the Web Tours" (count=1)  	[MsgId: MMSG-26364]
Action.c(69): web_submit_data("login.pl") was successful, 5780 body bytes, 2056 header bytes, 36 chunking overhead bytes  	[MsgId: MMSG-26385]
Action.c(86): Notify: Transaction "enter_login" ended with a "Pass" status (Duration: 0,0851 Wasted Time: 0,0000).	[MsgId: MMSG-16871]
Action.c(88): lr_think_time: 5,00 seconds.	[MsgId: MMSG-15948]
Action.c(90): Notify: Transaction "logout" started.	[MsgId: MMSG-16999]
Action.c(92): web_reg_find started  	[MsgId: MMSG-26355]
Action.c(92): Registering web_reg_find was successful  	[MsgId: MMSG-26390]
Action.c(95): web_url("SignOff Button") started  	[MsgId: MMSG-26355]
Action.c(95): Detected non-resource "http://localhost:1080/cgi-bin/nav.pl?in=home" in "http://localhost:1080/cgi-bin/welcome.pl?signOff=1"  	[MsgId: MMSG-26574]
Action.c(95): Detected non-resource "http://localhost:1080/WebTours/home.html" in "http://localhost:1080/cgi-bin/welcome.pl?signOff=1"  	[MsgId: MMSG-26574]
Action.c(95): Retrieving data from cache for "http://localhost:1080/WebTours/home.html"  	[MsgId: MMSG-26558]
Action.c(95): Resource "http://localhost:1080/WebTours/images/mer_login.gif" is in the cache already and will not be downloaded again  	[MsgId: MMSG-26655]
Action.c(95): Registered web_reg_find successful for "Text=A Session ID has been created and loaded into a cookie called MSO" (count=1)  	[MsgId: MMSG-26364]
Action.c(95): web_url("SignOff Button") was successful, 2176 body bytes, 583 header bytes, 24 chunking overhead bytes  	[MsgId: MMSG-26385]
Action.c(105): Notify: Transaction "logout" ended with a "Pass" status (Duration: 0,0614 Wasted Time: 0,0000).	[MsgId: MMSG-16871]
Action.c(107): Notify: Transaction "UC1_login" ended with a "Pass" status (Duration: 10,2436 Think Time: 10,0119 Wasted Time: 0,0003).	[MsgId: MMSG-16870]
Ending action Action.	[MsgId: MMSG-15918]
Ending iteration 3.	[MsgId: MMSG-15965]
Waiting 109,7560 seconds for iteration pacing.	[MsgId: MMSG-15996]
Starting iteration 4.	[MsgId: MMSG-15968]
Starting action Action.	[MsgId: MMSG-15919]
Action.c(3): Notify: Transaction "UC1_login" started.	[MsgId: MMSG-16999]
Action.c(5): Notify: Transaction "open_home_page" started.	[MsgId: MMSG-16999]
Action.c(7): web_reg_find started  	[MsgId: MMSG-26355]
Action.c(7): Registering web_reg_find was successful  	[MsgId: MMSG-26390]
Action.c(10): web_add_auto_header("Sec-Fetch-Dest") started  	[MsgId: MMSG-26355]
Action.c(10): web_add_auto_header("Sec-Fetch-Dest") was successful  	[MsgId: MMSG-26392]
Action.c(13): web_add_auto_header("Sec-Fetch-Mode") started  	[MsgId: MMSG-26355]
Action.c(13): web_add_auto_header("Sec-Fetch-Mode") was successful  	[MsgId: MMSG-26392]
Action.c(16): web_add_auto_header("Sec-Fetch-Site") started  	[MsgId: MMSG-26355]
Action.c(16): web_add_auto_header("Sec-Fetch-Site") was successful  	[MsgId: MMSG-26392]
Action.c(19): web_add_auto_header("Upgrade-Insecure-Requests") started  	[MsgId: MMSG-26355]
Action.c(19): web_add_auto_header("Upgrade-Insecure-Requests") was successful  	[MsgId: MMSG-26392]
Action.c(22): web_add_auto_header("sec-ch-ua") started  	[MsgId: MMSG-26355]
Action.c(22): web_add_auto_header("sec-ch-ua") was successful  	[MsgId: MMSG-26392]
Action.c(25): web_add_auto_header("sec-ch-ua-mobile") started  	[MsgId: MMSG-26355]
Action.c(25): web_add_auto_header("sec-ch-ua-mobile") was successful  	[MsgId: MMSG-26392]
Action.c(28): web_add_auto_header("sec-ch-ua-platform") started  	[MsgId: MMSG-26355]
Action.c(28): web_add_auto_header("sec-ch-ua-platform") was successful  	[MsgId: MMSG-26392]
Action.c(32): web_reg_save_param_attrib started  	[MsgId: MMSG-26355]
Action.c(32): Registering web_reg_save_param_attrib was successful  	[MsgId: MMSG-26390]
Action.c(43): web_url("welcome.pl") started  	[MsgId: MMSG-26355]
Action.c(43): Detected non-resource "http://localhost:1080/cgi-bin/nav.pl?in=home" in "http://localhost:1080/cgi-bin/welcome.pl?signOff=true"  	[MsgId: MMSG-26574]
Action.c(43): Detected non-resource "http://localhost:1080/WebTours/home.html" in "http://localhost:1080/cgi-bin/welcome.pl?signOff=true"  	[MsgId: MMSG-26574]
Action.c(43): Found resource "http://localhost:1080/WebTours/images/mer_login.gif" in HTML "http://localhost:1080/cgi-bin/nav.pl?in=home"  	[MsgId: MMSG-26659]
Action.c(43): Registered web_reg_find successful for "Text=Welcome to the Web Tours site" (count=1)  	[MsgId: MMSG-26364]
Action.c(43): web_url("welcome.pl") was successful, 4208 body bytes, 1182 header bytes, 24 chunking overhead bytes  	[MsgId: MMSG-26385]
Action.c(53): Notify: Transaction "open_home_page" ended with a "Pass" status (Duration: 0,0848 Wasted Time: 0,0004).	[MsgId: MMSG-16871]
Action.c(55): lr_think_time: 5,00 seconds.	[MsgId: MMSG-15948]
Action.c(57): Notify: Transaction "enter_login" started.	[MsgId: MMSG-16999]
Action.c(60): web_reg_find started  	[MsgId: MMSG-26355]
Action.c(60): Registering web_reg_find was successful  	[MsgId: MMSG-26390]
Action.c(63): web_add_header("Origin") started  	[MsgId: MMSG-26355]
Action.c(63): web_add_header("Origin") was successful  	[MsgId: MMSG-26392]
Action.c(66): web_add_auto_header("Sec-Fetch-User") started  	[MsgId: MMSG-26355]
Action.c(66): web_add_auto_header("Sec-Fetch-User") was successful  	[MsgId: MMSG-26392]
Action.c(69): web_submit_data("login.pl") started  	[MsgId: MMSG-26355]
Action.c(69): Detected non-resource "http://localhost:1080/cgi-bin/nav.pl?page=menu&in=home" in "http://localhost:1080/cgi-bin/login.pl"  	[MsgId: MMSG-26574]
Action.c(69): Detected non-resource "http://localhost:1080/cgi-bin/login.pl?intro=true" in "http://localhost:1080/cgi-bin/login.pl"  	[MsgId: MMSG-26574]
Action.c(69): Found resource "http://localhost:1080/WebTours/images/flights.gif" in HTML "http://localhost:1080/cgi-bin/nav.pl?page=menu&in=home"  	[MsgId: MMSG-26659]
Action.c(69): Found resource "http://localhost:1080/WebTours/images/itinerary.gif" in HTML "http://localhost:1080/cgi-bin/nav.pl?page=menu&in=home"  	[MsgId: MMSG-26659]
Action.c(69): Found resource "http://localhost:1080/WebTours/images/in_home.gif" in HTML "http://localhost:1080/cgi-bin/nav.pl?page=menu&in=home"  	[MsgId: MMSG-26659]
Action.c(69): Found resource "http://localhost:1080/WebTours/images/signoff.gif" in HTML "http://localhost:1080/cgi-bin/nav.pl?page=menu&in=home"  	[MsgId: MMSG-26659]
Action.c(69): Registered web_reg_find successful for "Text=Welcome, <b>alisa</b>, to the Web Tours" (count=1)  	[MsgId: MMSG-26364]
Action.c(69): web_submit_data("login.pl") was successful, 5780 body bytes, 2056 header bytes, 36 chunking overhead bytes  	[MsgId: MMSG-26385]
Action.c(86): Notify: Transaction "enter_login" ended with a "Pass" status (Duration: 0,1008 Wasted Time: 0,0000).	[MsgId: MMSG-16871]
Action.c(88): lr_think_time: 5,00 seconds.	[MsgId: MMSG-15948]
Action.c(90): Notify: Transaction "logout" started.	[MsgId: MMSG-16999]
Action.c(92): web_reg_find started  	[MsgId: MMSG-26355]
Action.c(92): Registering web_reg_find was successful  	[MsgId: MMSG-26390]
Action.c(95): web_url("SignOff Button") started  	[MsgId: MMSG-26355]
Action.c(95): Detected non-resource "http://localhost:1080/cgi-bin/nav.pl?in=home" in "http://localhost:1080/cgi-bin/welcome.pl?signOff=1"  	[MsgId: MMSG-26574]
Action.c(95): Detected non-resource "http://localhost:1080/WebTours/home.html" in "http://localhost:1080/cgi-bin/welcome.pl?signOff=1"  	[MsgId: MMSG-26574]
Action.c(95): Retrieving data from cache for "http://localhost:1080/WebTours/home.html"  	[MsgId: MMSG-26558]
Action.c(95): Resource "http://localhost:1080/WebTours/images/mer_login.gif" is in the cache already and will not be downloaded again  	[MsgId: MMSG-26655]
Action.c(95): Registered web_reg_find successful for "Text=A Session ID has been created and loaded into a cookie called MSO" (count=1)  	[MsgId: MMSG-26364]
Action.c(95): web_url("SignOff Button") was successful, 2176 body bytes, 584 header bytes, 24 chunking overhead bytes  	[MsgId: MMSG-26385]
Action.c(105): Notify: Transaction "logout" ended with a "Pass" status (Duration: 0,0642 Wasted Time: 0,0000).	[MsgId: MMSG-16871]
Action.c(107): Notify: Transaction "UC1_login" ended with a "Pass" status (Duration: 10,2530 Think Time: 10,0027 Wasted Time: 0,0004).	[MsgId: MMSG-16870]
Ending action Action.	[MsgId: MMSG-15918]
Ending iteration 4.	[MsgId: MMSG-15965]
Waiting 109,7470 seconds for iteration pacing.	[MsgId: MMSG-15996]
Starting iteration 5.	[MsgId: MMSG-15968]
Starting action Action.	[MsgId: MMSG-15919]
Action.c(3): Notify: Transaction "UC1_login" started.	[MsgId: MMSG-16999]
Action.c(5): Notify: Transaction "open_home_page" started.	[MsgId: MMSG-16999]
Action.c(7): web_reg_find started  	[MsgId: MMSG-26355]
Action.c(7): Registering web_reg_find was successful  	[MsgId: MMSG-26390]
Action.c(10): web_add_auto_header("Sec-Fetch-Dest") started  	[MsgId: MMSG-26355]
Action.c(10): web_add_auto_header("Sec-Fetch-Dest") was successful  	[MsgId: MMSG-26392]
Action.c(13): web_add_auto_header("Sec-Fetch-Mode") started  	[MsgId: MMSG-26355]
Action.c(13): web_add_auto_header("Sec-Fetch-Mode") was successful  	[MsgId: MMSG-26392]
Action.c(16): web_add_auto_header("Sec-Fetch-Site") started  	[MsgId: MMSG-26355]
Action.c(16): web_add_auto_header("Sec-Fetch-Site") was successful  	[MsgId: MMSG-26392]
Action.c(19): web_add_auto_header("Upgrade-Insecure-Requests") started  	[MsgId: MMSG-26355]
Action.c(19): web_add_auto_header("Upgrade-Insecure-Requests") was successful  	[MsgId: MMSG-26392]
Action.c(22): web_add_auto_header("sec-ch-ua") started  	[MsgId: MMSG-26355]
Action.c(22): web_add_auto_header("sec-ch-ua") was successful  	[MsgId: MMSG-26392]
Action.c(25): web_add_auto_header("sec-ch-ua-mobile") started  	[MsgId: MMSG-26355]
Action.c(25): web_add_auto_header("sec-ch-ua-mobile") was successful  	[MsgId: MMSG-26392]
Action.c(28): web_add_auto_header("sec-ch-ua-platform") started  	[MsgId: MMSG-26355]
Action.c(28): web_add_auto_header("sec-ch-ua-platform") was successful  	[MsgId: MMSG-26392]
Action.c(32): web_reg_save_param_attrib started  	[MsgId: MMSG-26355]
Action.c(32): Registering web_reg_save_param_attrib was successful  	[MsgId: MMSG-26390]
Action.c(43): web_url("welcome.pl") started  	[MsgId: MMSG-26355]
Action.c(43): Detected non-resource "http://localhost:1080/cgi-bin/nav.pl?in=home" in "http://localhost:1080/cgi-bin/welcome.pl?signOff=true"  	[MsgId: MMSG-26574]
Action.c(43): Detected non-resource "http://localhost:1080/WebTours/home.html" in "http://localhost:1080/cgi-bin/welcome.pl?signOff=true"  	[MsgId: MMSG-26574]
Action.c(43): Found resource "http://localhost:1080/WebTours/images/mer_login.gif" in HTML "http://localhost:1080/cgi-bin/nav.pl?in=home"  	[MsgId: MMSG-26659]
Action.c(43): Registered web_reg_find successful for "Text=Welcome to the Web Tours site" (count=1)  	[MsgId: MMSG-26364]
Action.c(43): web_url("welcome.pl") was successful, 4208 body bytes, 1182 header bytes, 24 chunking overhead bytes  	[MsgId: MMSG-26385]
Action.c(53): Notify: Transaction "open_home_page" ended with a "Pass" status (Duration: 0,0783 Wasted Time: 0,0003).	[MsgId: MMSG-16871]
Action.c(55): lr_think_time: 5,00 seconds.	[MsgId: MMSG-15948]
Action.c(57): Notify: Transaction "enter_login" started.	[MsgId: MMSG-16999]
Action.c(60): web_reg_find started  	[MsgId: MMSG-26355]
Action.c(60): Registering web_reg_find was successful  	[MsgId: MMSG-26390]
Action.c(63): web_add_header("Origin") started  	[MsgId: MMSG-26355]
Action.c(63): web_add_header("Origin") was successful  	[MsgId: MMSG-26392]
Action.c(66): web_add_auto_header("Sec-Fetch-User") started  	[MsgId: MMSG-26355]
Action.c(66): web_add_auto_header("Sec-Fetch-User") was successful  	[MsgId: MMSG-26392]
Action.c(69): web_submit_data("login.pl") started  	[MsgId: MMSG-26355]
Action.c(69): Detected non-resource "http://localhost:1080/cgi-bin/nav.pl?page=menu&in=home" in "http://localhost:1080/cgi-bin/login.pl"  	[MsgId: MMSG-26574]
Action.c(69): Detected non-resource "http://localhost:1080/cgi-bin/login.pl?intro=true" in "http://localhost:1080/cgi-bin/login.pl"  	[MsgId: MMSG-26574]
Action.c(69): Found resource "http://localhost:1080/WebTours/images/flights.gif" in HTML "http://localhost:1080/cgi-bin/nav.pl?page=menu&in=home"  	[MsgId: MMSG-26659]
Action.c(69): Found resource "http://localhost:1080/WebTours/images/itinerary.gif" in HTML "http://localhost:1080/cgi-bin/nav.pl?page=menu&in=home"  	[MsgId: MMSG-26659]
Action.c(69): Found resource "http://localhost:1080/WebTours/images/in_home.gif" in HTML "http://localhost:1080/cgi-bin/nav.pl?page=menu&in=home"  	[MsgId: MMSG-26659]
Action.c(69): Found resource "http://localhost:1080/WebTours/images/signoff.gif" in HTML "http://localhost:1080/cgi-bin/nav.pl?page=menu&in=home"  	[MsgId: MMSG-26659]
Action.c(69): Registered web_reg_find successful for "Text=Welcome, <b>malvina</b>, to the Web Tours" (count=1)  	[MsgId: MMSG-26364]
Action.c(69): web_submit_data("login.pl") was successful, 5782 body bytes, 2081 header bytes, 36 chunking overhead bytes  	[MsgId: MMSG-26385]
Action.c(86): Notify: Transaction "enter_login" ended with a "Pass" status (Duration: 0,0994 Wasted Time: 0,0000).	[MsgId: MMSG-16871]
Action.c(88): lr_think_time: 5,00 seconds.	[MsgId: MMSG-15948]
Action.c(90): Notify: Transaction "logout" started.	[MsgId: MMSG-16999]
Action.c(92): web_reg_find started  	[MsgId: MMSG-26355]
Action.c(92): Registering web_reg_find was successful  	[MsgId: MMSG-26390]
Action.c(95): web_url("SignOff Button") started  	[MsgId: MMSG-26355]
Action.c(95): Detected non-resource "http://localhost:1080/cgi-bin/nav.pl?in=home" in "http://localhost:1080/cgi-bin/welcome.pl?signOff=1"  	[MsgId: MMSG-26574]
Action.c(95): Detected non-resource "http://localhost:1080/WebTours/home.html" in "http://localhost:1080/cgi-bin/welcome.pl?signOff=1"  	[MsgId: MMSG-26574]
Action.c(95): Retrieving data from cache for "http://localhost:1080/WebTours/home.html"  	[MsgId: MMSG-26558]
Action.c(95): Resource "http://localhost:1080/WebTours/images/mer_login.gif" is in the cache already and will not be downloaded again  	[MsgId: MMSG-26655]
Action.c(95): Registered web_reg_find successful for "Text=A Session ID has been created and loaded into a cookie called MSO" (count=1)  	[MsgId: MMSG-26364]
Action.c(95): web_url("SignOff Button") was successful, 2176 body bytes, 584 header bytes, 24 chunking overhead bytes  	[MsgId: MMSG-26385]
Action.c(105): Notify: Transaction "logout" ended with a "Pass" status (Duration: 0,0710 Wasted Time: 0,0000).	[MsgId: MMSG-16871]
Action.c(107): Notify: Transaction "UC1_login" ended with a "Pass" status (Duration: 10,2653 Think Time: 10,0153 Wasted Time: 0,0003).	[MsgId: MMSG-16870]
Ending action Action.	[MsgId: MMSG-15918]
Ending iteration 5.	[MsgId: MMSG-15965]
Waiting 109,7340 seconds for iteration pacing.	[MsgId: MMSG-15996]
Starting iteration 6.	[MsgId: MMSG-15968]
Starting action Action.	[MsgId: MMSG-15919]
Action.c(3): Notify: Transaction "UC1_login" started.	[MsgId: MMSG-16999]
Action.c(5): Notify: Transaction "open_home_page" started.	[MsgId: MMSG-16999]
Action.c(7): web_reg_find started  	[MsgId: MMSG-26355]
Action.c(7): Registering web_reg_find was successful  	[MsgId: MMSG-26390]
Action.c(10): web_add_auto_header("Sec-Fetch-Dest") started  	[MsgId: MMSG-26355]
Action.c(10): web_add_auto_header("Sec-Fetch-Dest") was successful  	[MsgId: MMSG-26392]
Action.c(13): web_add_auto_header("Sec-Fetch-Mode") started  	[MsgId: MMSG-26355]
Action.c(13): web_add_auto_header("Sec-Fetch-Mode") was successful  	[MsgId: MMSG-26392]
Action.c(16): web_add_auto_header("Sec-Fetch-Site") started  	[MsgId: MMSG-26355]
Action.c(16): web_add_auto_header("Sec-Fetch-Site") was successful  	[MsgId: MMSG-26392]
Action.c(19): web_add_auto_header("Upgrade-Insecure-Requests") started  	[MsgId: MMSG-26355]
Action.c(19): web_add_auto_header("Upgrade-Insecure-Requests") was successful  	[MsgId: MMSG-26392]
Action.c(22): web_add_auto_header("sec-ch-ua") started  	[MsgId: MMSG-26355]
Action.c(22): web_add_auto_header("sec-ch-ua") was successful  	[MsgId: MMSG-26392]
Action.c(25): web_add_auto_header("sec-ch-ua-mobile") started  	[MsgId: MMSG-26355]
Action.c(25): web_add_auto_header("sec-ch-ua-mobile") was successful  	[MsgId: MMSG-26392]
Action.c(28): web_add_auto_header("sec-ch-ua-platform") started  	[MsgId: MMSG-26355]
Action.c(28): web_add_auto_header("sec-ch-ua-platform") was successful  	[MsgId: MMSG-26392]
Action.c(32): web_reg_save_param_attrib started  	[MsgId: MMSG-26355]
Action.c(32): Registering web_reg_save_param_attrib was successful  	[MsgId: MMSG-26390]
Action.c(43): web_url("welcome.pl") started  	[MsgId: MMSG-26355]
Action.c(43): Detected non-resource "http://localhost:1080/cgi-bin/nav.pl?in=home" in "http://localhost:1080/cgi-bin/welcome.pl?signOff=true"  	[MsgId: MMSG-26574]
Action.c(43): Detected non-resource "http://localhost:1080/WebTours/home.html" in "http://localhost:1080/cgi-bin/welcome.pl?signOff=true"  	[MsgId: MMSG-26574]
Action.c(43): Found resource "http://localhost:1080/WebTours/images/mer_login.gif" in HTML "http://localhost:1080/cgi-bin/nav.pl?in=home"  	[MsgId: MMSG-26659]
Action.c(43): Registered web_reg_find successful for "Text=Welcome to the Web Tours site" (count=1)  	[MsgId: MMSG-26364]
Action.c(43): web_url("welcome.pl") was successful, 4208 body bytes, 1182 header bytes, 24 chunking overhead bytes  	[MsgId: MMSG-26385]
Action.c(53): Notify: Transaction "open_home_page" ended with a "Pass" status (Duration: 0,1003 Wasted Time: 0,0003).	[MsgId: MMSG-16871]
Action.c(55): lr_think_time: 5,00 seconds.	[MsgId: MMSG-15948]
Action.c(57): Notify: Transaction "enter_login" started.	[MsgId: MMSG-16999]
Action.c(60): web_reg_find started  	[MsgId: MMSG-26355]
Action.c(60): Registering web_reg_find was successful  	[MsgId: MMSG-26390]
Action.c(63): web_add_header("Origin") started  	[MsgId: MMSG-26355]
Action.c(63): web_add_header("Origin") was successful  	[MsgId: MMSG-26392]
Action.c(66): web_add_auto_header("Sec-Fetch-User") started  	[MsgId: MMSG-26355]
Action.c(66): web_add_auto_header("Sec-Fetch-User") was successful  	[MsgId: MMSG-26392]
Action.c(69): web_submit_data("login.pl") started  	[MsgId: MMSG-26355]
Action.c(69): Detected non-resource "http://localhost:1080/cgi-bin/nav.pl?page=menu&in=home" in "http://localhost:1080/cgi-bin/login.pl"  	[MsgId: MMSG-26574]
Action.c(69): Detected non-resource "http://localhost:1080/cgi-bin/login.pl?intro=true" in "http://localhost:1080/cgi-bin/login.pl"  	[MsgId: MMSG-26574]
Action.c(69): Found resource "http://localhost:1080/WebTours/images/flights.gif" in HTML "http://localhost:1080/cgi-bin/nav.pl?page=menu&in=home"  	[MsgId: MMSG-26659]
Action.c(69): Found resource "http://localhost:1080/WebTours/images/itinerary.gif" in HTML "http://localhost:1080/cgi-bin/nav.pl?page=menu&in=home"  	[MsgId: MMSG-26659]
Action.c(69): Found resource "http://localhost:1080/WebTours/images/in_home.gif" in HTML "http://localhost:1080/cgi-bin/nav.pl?page=menu&in=home"  	[MsgId: MMSG-26659]
Action.c(69): Found resource "http://localhost:1080/WebTours/images/signoff.gif" in HTML "http://localhost:1080/cgi-bin/nav.pl?page=menu&in=home"  	[MsgId: MMSG-26659]
Action.c(69): Registered web_reg_find successful for "Text=Welcome, <b>artemon</b>, to the Web Tours" (count=1)  	[MsgId: MMSG-26364]
Action.c(69): web_submit_data("login.pl") was successful, 5782 body bytes, 2073 header bytes, 36 chunking overhead bytes  	[MsgId: MMSG-26385]
Action.c(86): Notify: Transaction "enter_login" ended with a "Pass" status (Duration: 0,1007 Wasted Time: 0,0000).	[MsgId: MMSG-16871]
Action.c(88): lr_think_time: 5,00 seconds.	[MsgId: MMSG-15948]
Action.c(90): Notify: Transaction "logout" started.	[MsgId: MMSG-16999]
Action.c(92): web_reg_find started  	[MsgId: MMSG-26355]
Action.c(92): Registering web_reg_find was successful  	[MsgId: MMSG-26390]
Action.c(95): web_url("SignOff Button") started  	[MsgId: MMSG-26355]
Action.c(95): Detected non-resource "http://localhost:1080/cgi-bin/nav.pl?in=home" in "http://localhost:1080/cgi-bin/welcome.pl?signOff=1"  	[MsgId: MMSG-26574]
Action.c(95): Detected non-resource "http://localhost:1080/WebTours/home.html" in "http://localhost:1080/cgi-bin/welcome.pl?signOff=1"  	[MsgId: MMSG-26574]
Action.c(95): Retrieving data from cache for "http://localhost:1080/WebTours/home.html"  	[MsgId: MMSG-26558]
Action.c(95): Resource "http://localhost:1080/WebTours/images/mer_login.gif" is in the cache already and will not be downloaded again  	[MsgId: MMSG-26655]
Action.c(95): Registered web_reg_find successful for "Text=A Session ID has been created and loaded into a cookie called MSO" (count=1)  	[MsgId: MMSG-26364]
Action.c(95): web_url("SignOff Button") was successful, 2176 body bytes, 583 header bytes, 24 chunking overhead bytes  	[MsgId: MMSG-26385]
Action.c(105): Notify: Transaction "logout" ended with a "Pass" status (Duration: 0,0629 Wasted Time: 0,0000).	[MsgId: MMSG-16871]
Action.c(107): Notify: Transaction "UC1_login" ended with a "Pass" status (Duration: 10,2736 Think Time: 10,0092 Wasted Time: 0,0003).	[MsgId: MMSG-16870]
Ending action Action.	[MsgId: MMSG-15918]
Ending iteration 6.	[MsgId: MMSG-15965]
Waiting 109,7260 seconds for iteration pacing.	[MsgId: MMSG-15996]
Starting iteration 7.	[MsgId: MMSG-15968]
Starting action Action.	[MsgId: MMSG-15919]
Action.c(3): Notify: Transaction "UC1_login" started.	[MsgId: MMSG-16999]
Action.c(5): Notify: Transaction "open_home_page" started.	[MsgId: MMSG-16999]
Action.c(7): web_reg_find started  	[MsgId: MMSG-26355]
Action.c(7): Registering web_reg_find was successful  	[MsgId: MMSG-26390]
Action.c(10): web_add_auto_header("Sec-Fetch-Dest") started  	[MsgId: MMSG-26355]
Action.c(10): web_add_auto_header("Sec-Fetch-Dest") was successful  	[MsgId: MMSG-26392]
Action.c(13): web_add_auto_header("Sec-Fetch-Mode") started  	[MsgId: MMSG-26355]
Action.c(13): web_add_auto_header("Sec-Fetch-Mode") was successful  	[MsgId: MMSG-26392]
Action.c(16): web_add_auto_header("Sec-Fetch-Site") started  	[MsgId: MMSG-26355]
Action.c(16): web_add_auto_header("Sec-Fetch-Site") was successful  	[MsgId: MMSG-26392]
Action.c(19): web_add_auto_header("Upgrade-Insecure-Requests") started  	[MsgId: MMSG-26355]
Action.c(19): web_add_auto_header("Upgrade-Insecure-Requests") was successful  	[MsgId: MMSG-26392]
Action.c(22): web_add_auto_header("sec-ch-ua") started  	[MsgId: MMSG-26355]
Action.c(22): web_add_auto_header("sec-ch-ua") was successful  	[MsgId: MMSG-26392]
Action.c(25): web_add_auto_header("sec-ch-ua-mobile") started  	[MsgId: MMSG-26355]
Action.c(25): web_add_auto_header("sec-ch-ua-mobile") was successful  	[MsgId: MMSG-26392]
Action.c(28): web_add_auto_header("sec-ch-ua-platform") started  	[MsgId: MMSG-26355]
Action.c(28): web_add_auto_header("sec-ch-ua-platform") was successful  	[MsgId: MMSG-26392]
Action.c(32): web_reg_save_param_attrib started  	[MsgId: MMSG-26355]
Action.c(32): Registering web_reg_save_param_attrib was successful  	[MsgId: MMSG-26390]
Action.c(43): web_url("welcome.pl") started  	[MsgId: MMSG-26355]
Action.c(43): Detected non-resource "http://localhost:1080/cgi-bin/nav.pl?in=home" in "http://localhost:1080/cgi-bin/welcome.pl?signOff=true"  	[MsgId: MMSG-26574]
Action.c(43): Detected non-resource "http://localhost:1080/WebTours/home.html" in "http://localhost:1080/cgi-bin/welcome.pl?signOff=true"  	[MsgId: MMSG-26574]
Action.c(43): Found resource "http://localhost:1080/WebTours/images/mer_login.gif" in HTML "http://localhost:1080/cgi-bin/nav.pl?in=home"  	[MsgId: MMSG-26659]
Action.c(43): Registered web_reg_find successful for "Text=Welcome to the Web Tours site" (count=1)  	[MsgId: MMSG-26364]
Action.c(43): web_url("welcome.pl") was successful, 4208 body bytes, 1182 header bytes, 24 chunking overhead bytes  	[MsgId: MMSG-26385]
Action.c(53): Notify: Transaction "open_home_page" ended with a "Pass" status (Duration: 0,0849 Wasted Time: 0,0003).	[MsgId: MMSG-16871]
Action.c(55): lr_think_time: 5,00 seconds.	[MsgId: MMSG-15948]
Action.c(57): Notify: Transaction "enter_login" started.	[MsgId: MMSG-16999]
Action.c(60): web_reg_find started  	[MsgId: MMSG-26355]
Action.c(60): Registering web_reg_find was successful  	[MsgId: MMSG-26390]
Action.c(63): web_add_header("Origin") started  	[MsgId: MMSG-26355]
Action.c(63): web_add_header("Origin") was successful  	[MsgId: MMSG-26392]
Action.c(66): web_add_auto_header("Sec-Fetch-User") started  	[MsgId: MMSG-26355]
Action.c(66): web_add_auto_header("Sec-Fetch-User") was successful  	[MsgId: MMSG-26392]
Action.c(69): web_submit_data("login.pl") started  	[MsgId: MMSG-26355]
Action.c(69): Detected non-resource "http://localhost:1080/cgi-bin/nav.pl?page=menu&in=home" in "http://localhost:1080/cgi-bin/login.pl"  	[MsgId: MMSG-26574]
Action.c(69): Detected non-resource "http://localhost:1080/cgi-bin/login.pl?intro=true" in "http://localhost:1080/cgi-bin/login.pl"  	[MsgId: MMSG-26574]
Action.c(69): Found resource "http://localhost:1080/WebTours/images/flights.gif" in HTML "http://localhost:1080/cgi-bin/nav.pl?page=menu&in=home"  	[MsgId: MMSG-26659]
Action.c(69): Found resource "http://localhost:1080/WebTours/images/itinerary.gif" in HTML "http://localhost:1080/cgi-bin/nav.pl?page=menu&in=home"  	[MsgId: MMSG-26659]
Action.c(69): Found resource "http://localhost:1080/WebTours/images/in_home.gif" in HTML "http://localhost:1080/cgi-bin/nav.pl?page=menu&in=home"  	[MsgId: MMSG-26659]
Action.c(69): Found resource "http://localhost:1080/WebTours/images/signoff.gif" in HTML "http://localhost:1080/cgi-bin/nav.pl?page=menu&in=home"  	[MsgId: MMSG-26659]
Action.c(69): Registered web_reg_find successful for "Text=Welcome, <b>alisa</b>, to the Web Tours" (count=1)  	[MsgId: MMSG-26364]
Action.c(69): web_submit_data("login.pl") was successful, 5780 body bytes, 2055 header bytes, 36 chunking overhead bytes  	[MsgId: MMSG-26385]
Action.c(86): Notify: Transaction "enter_login" ended with a "Pass" status (Duration: 0,1224 Wasted Time: 0,0000).	[MsgId: MMSG-16871]
Action.c(88): lr_think_time: 5,00 seconds.	[MsgId: MMSG-15948]
Action.c(90): Notify: Transaction "logout" started.	[MsgId: MMSG-16999]
Action.c(92): web_reg_find started  	[MsgId: MMSG-26355]
Action.c(92): Registering web_reg_find was successful  	[MsgId: MMSG-26390]
Action.c(95): web_url("SignOff Button") started  	[MsgId: MMSG-26355]
Action.c(95): Detected non-resource "http://localhost:1080/cgi-bin/nav.pl?in=home" in "http://localhost:1080/cgi-bin/welcome.pl?signOff=1"  	[MsgId: MMSG-26574]
Action.c(95): Detected non-resource "http://localhost:1080/WebTours/home.html" in "http://localhost:1080/cgi-bin/welcome.pl?signOff=1"  	[MsgId: MMSG-26574]
Action.c(95): Retrieving data from cache for "http://localhost:1080/WebTours/home.html"  	[MsgId: MMSG-26558]
Action.c(95): Resource "http://localhost:1080/WebTours/images/mer_login.gif" is in the cache already and will not be downloaded again  	[MsgId: MMSG-26655]
Action.c(95): Registered web_reg_find successful for "Text=A Session ID has been created and loaded into a cookie called MSO" (count=1)  	[MsgId: MMSG-26364]
Action.c(95): web_url("SignOff Button") was successful, 2176 body bytes, 584 header bytes, 24 chunking overhead bytes  	[MsgId: MMSG-26385]
Action.c(105): Notify: Transaction "logout" ended with a "Pass" status (Duration: 0,0624 Wasted Time: 0,0000).	[MsgId: MMSG-16871]
Action.c(107): Notify: Transaction "UC1_login" ended with a "Pass" status (Duration: 10,2842 Think Time: 10,0140 Wasted Time: 0,0003).	[MsgId: MMSG-16870]
Ending action Action.	[MsgId: MMSG-15918]
Ending iteration 7.	[MsgId: MMSG-15965]
Waiting 109,7150 seconds for iteration pacing.	[MsgId: MMSG-15996]
Starting iteration 8.	[MsgId: MMSG-15968]
Starting action Action.	[MsgId: MMSG-15919]
Action.c(3): Notify: Transaction "UC1_login" started.	[MsgId: MMSG-16999]
Action.c(5): Notify: Transaction "open_home_page" started.	[MsgId: MMSG-16999]
Action.c(7): web_reg_find started  	[MsgId: MMSG-26355]
Action.c(7): Registering web_reg_find was successful  	[MsgId: MMSG-26390]
Action.c(10): web_add_auto_header("Sec-Fetch-Dest") started  	[MsgId: MMSG-26355]
Action.c(10): web_add_auto_header("Sec-Fetch-Dest") was successful  	[MsgId: MMSG-26392]
Action.c(13): web_add_auto_header("Sec-Fetch-Mode") started  	[MsgId: MMSG-26355]
Action.c(13): web_add_auto_header("Sec-Fetch-Mode") was successful  	[MsgId: MMSG-26392]
Action.c(16): web_add_auto_header("Sec-Fetch-Site") started  	[MsgId: MMSG-26355]
Action.c(16): web_add_auto_header("Sec-Fetch-Site") was successful  	[MsgId: MMSG-26392]
Action.c(19): web_add_auto_header("Upgrade-Insecure-Requests") started  	[MsgId: MMSG-26355]
Action.c(19): web_add_auto_header("Upgrade-Insecure-Requests") was successful  	[MsgId: MMSG-26392]
Action.c(22): web_add_auto_header("sec-ch-ua") started  	[MsgId: MMSG-26355]
Action.c(22): web_add_auto_header("sec-ch-ua") was successful  	[MsgId: MMSG-26392]
Action.c(25): web_add_auto_header("sec-ch-ua-mobile") started  	[MsgId: MMSG-26355]
Action.c(25): web_add_auto_header("sec-ch-ua-mobile") was successful  	[MsgId: MMSG-26392]
Action.c(28): web_add_auto_header("sec-ch-ua-platform") started  	[MsgId: MMSG-26355]
Action.c(28): web_add_auto_header("sec-ch-ua-platform") was successful  	[MsgId: MMSG-26392]
Action.c(32): web_reg_save_param_attrib started  	[MsgId: MMSG-26355]
Action.c(32): Registering web_reg_save_param_attrib was successful  	[MsgId: MMSG-26390]
Action.c(43): web_url("welcome.pl") started  	[MsgId: MMSG-26355]
Action.c(43): Detected non-resource "http://localhost:1080/cgi-bin/nav.pl?in=home" in "http://localhost:1080/cgi-bin/welcome.pl?signOff=true"  	[MsgId: MMSG-26574]
Action.c(43): Detected non-resource "http://localhost:1080/WebTours/home.html" in "http://localhost:1080/cgi-bin/welcome.pl?signOff=true"  	[MsgId: MMSG-26574]
Action.c(43): Found resource "http://localhost:1080/WebTours/images/mer_login.gif" in HTML "http://localhost:1080/cgi-bin/nav.pl?in=home"  	[MsgId: MMSG-26659]
Action.c(43): Registered web_reg_find successful for "Text=Welcome to the Web Tours site" (count=1)  	[MsgId: MMSG-26364]
Action.c(43): web_url("welcome.pl") was successful, 4208 body bytes, 1182 header bytes, 24 chunking overhead bytes  	[MsgId: MMSG-26385]
Action.c(53): Notify: Transaction "open_home_page" ended with a "Pass" status (Duration: 0,1001 Wasted Time: 0,0003).	[MsgId: MMSG-16871]
Action.c(55): lr_think_time: 5,00 seconds.	[MsgId: MMSG-15948]
Action.c(57): Notify: Transaction "enter_login" started.	[MsgId: MMSG-16999]
Action.c(60): web_reg_find started  	[MsgId: MMSG-26355]
Action.c(60): Registering web_reg_find was successful  	[MsgId: MMSG-26390]
Action.c(63): web_add_header("Origin") started  	[MsgId: MMSG-26355]
Action.c(63): web_add_header("Origin") was successful  	[MsgId: MMSG-26392]
Action.c(66): web_add_auto_header("Sec-Fetch-User") started  	[MsgId: MMSG-26355]
Action.c(66): web_add_auto_header("Sec-Fetch-User") was successful  	[MsgId: MMSG-26392]
Action.c(69): web_submit_data("login.pl") started  	[MsgId: MMSG-26355]
Action.c(69): Detected non-resource "http://localhost:1080/cgi-bin/nav.pl?page=menu&in=home" in "http://localhost:1080/cgi-bin/login.pl"  	[MsgId: MMSG-26574]
Action.c(69): Detected non-resource "http://localhost:1080/cgi-bin/login.pl?intro=true" in "http://localhost:1080/cgi-bin/login.pl"  	[MsgId: MMSG-26574]
Action.c(69): Found resource "http://localhost:1080/WebTours/images/flights.gif" in HTML "http://localhost:1080/cgi-bin/nav.pl?page=menu&in=home"  	[MsgId: MMSG-26659]
Action.c(69): Found resource "http://localhost:1080/WebTours/images/itinerary.gif" in HTML "http://localhost:1080/cgi-bin/nav.pl?page=menu&in=home"  	[MsgId: MMSG-26659]
Action.c(69): Found resource "http://localhost:1080/WebTours/images/in_home.gif" in HTML "http://localhost:1080/cgi-bin/nav.pl?page=menu&in=home"  	[MsgId: MMSG-26659]
Action.c(69): Found resource "http://localhost:1080/WebTours/images/signoff.gif" in HTML "http://localhost:1080/cgi-bin/nav.pl?page=menu&in=home"  	[MsgId: MMSG-26659]
Action.c(69): Registered web_reg_find successful for "Text=Welcome, <b>baziliocat</b>, to the Web Tours" (count=1)  	[MsgId: MMSG-26364]
Action.c(69): web_submit_data("login.pl") was successful, 5785 body bytes, 2068 header bytes, 36 chunking overhead bytes  	[MsgId: MMSG-26385]
Action.c(86): Notify: Transaction "enter_login" ended with a "Pass" status (Duration: 0,1318 Wasted Time: 0,0000).	[MsgId: MMSG-16871]
Action.c(88): lr_think_time: 5,00 seconds.	[MsgId: MMSG-15948]
Action.c(90): Notify: Transaction "logout" started.	[MsgId: MMSG-16999]
Action.c(92): web_reg_find started  	[MsgId: MMSG-26355]
Action.c(92): Registering web_reg_find was successful  	[MsgId: MMSG-26390]
Action.c(95): web_url("SignOff Button") started  	[MsgId: MMSG-26355]
Action.c(95): Detected non-resource "http://localhost:1080/cgi-bin/nav.pl?in=home" in "http://localhost:1080/cgi-bin/welcome.pl?signOff=1"  	[MsgId: MMSG-26574]
Action.c(95): Detected non-resource "http://localhost:1080/WebTours/home.html" in "http://localhost:1080/cgi-bin/welcome.pl?signOff=1"  	[MsgId: MMSG-26574]
Action.c(95): Retrieving data from cache for "http://localhost:1080/WebTours/home.html"  	[MsgId: MMSG-26558]
Action.c(95): Resource "http://localhost:1080/WebTours/images/mer_login.gif" is in the cache already and will not be downloaded again  	[MsgId: MMSG-26655]
Action.c(95): Registered web_reg_find successful for "Text=A Session ID has been created and loaded into a cookie called MSO" (count=1)  	[MsgId: MMSG-26364]
Action.c(95): web_url("SignOff Button") was successful, 2175 body bytes, 584 header bytes, 24 chunking overhead bytes  	[MsgId: MMSG-26385]
Action.c(105): Notify: Transaction "logout" ended with a "Pass" status (Duration: 0,0622 Wasted Time: 0,0000).	[MsgId: MMSG-16871]
Action.c(107): Notify: Transaction "UC1_login" ended with a "Pass" status (Duration: 10,3036 Think Time: 10,0091 Wasted Time: 0,0003).	[MsgId: MMSG-16870]
Ending action Action.	[MsgId: MMSG-15918]
Ending iteration 8.	[MsgId: MMSG-15965]
Waiting 109,6960 seconds for iteration pacing.	[MsgId: MMSG-15996]
Starting iteration 9.	[MsgId: MMSG-15968]
Starting action Action.	[MsgId: MMSG-15919]
Action.c(3): Notify: Transaction "UC1_login" started.	[MsgId: MMSG-16999]
Action.c(5): Notify: Transaction "open_home_page" started.	[MsgId: MMSG-16999]
Action.c(7): web_reg_find started  	[MsgId: MMSG-26355]
Action.c(7): Registering web_reg_find was successful  	[MsgId: MMSG-26390]
Action.c(10): web_add_auto_header("Sec-Fetch-Dest") started  	[MsgId: MMSG-26355]
Action.c(10): web_add_auto_header("Sec-Fetch-Dest") was successful  	[MsgId: MMSG-26392]
Action.c(13): web_add_auto_header("Sec-Fetch-Mode") started  	[MsgId: MMSG-26355]
Action.c(13): web_add_auto_header("Sec-Fetch-Mode") was successful  	[MsgId: MMSG-26392]
Action.c(16): web_add_auto_header("Sec-Fetch-Site") started  	[MsgId: MMSG-26355]
Action.c(16): web_add_auto_header("Sec-Fetch-Site") was successful  	[MsgId: MMSG-26392]
Action.c(19): web_add_auto_header("Upgrade-Insecure-Requests") started  	[MsgId: MMSG-26355]
Action.c(19): web_add_auto_header("Upgrade-Insecure-Requests") was successful  	[MsgId: MMSG-26392]
Action.c(22): web_add_auto_header("sec-ch-ua") started  	[MsgId: MMSG-26355]
Action.c(22): web_add_auto_header("sec-ch-ua") was successful  	[MsgId: MMSG-26392]
Action.c(25): web_add_auto_header("sec-ch-ua-mobile") started  	[MsgId: MMSG-26355]
Action.c(25): web_add_auto_header("sec-ch-ua-mobile") was successful  	[MsgId: MMSG-26392]
Action.c(28): web_add_auto_header("sec-ch-ua-platform") started  	[MsgId: MMSG-26355]
Action.c(28): web_add_auto_header("sec-ch-ua-platform") was successful  	[MsgId: MMSG-26392]
Action.c(32): web_reg_save_param_attrib started  	[MsgId: MMSG-26355]
Action.c(32): Registering web_reg_save_param_attrib was successful  	[MsgId: MMSG-26390]
Action.c(43): web_url("welcome.pl") started  	[MsgId: MMSG-26355]
Action.c(43): Detected non-resource "http://localhost:1080/cgi-bin/nav.pl?in=home" in "http://localhost:1080/cgi-bin/welcome.pl?signOff=true"  	[MsgId: MMSG-26574]
Action.c(43): Detected non-resource "http://localhost:1080/WebTours/home.html" in "http://localhost:1080/cgi-bin/welcome.pl?signOff=true"  	[MsgId: MMSG-26574]
Action.c(43): Found resource "http://localhost:1080/WebTours/images/mer_login.gif" in HTML "http://localhost:1080/cgi-bin/nav.pl?in=home"  	[MsgId: MMSG-26659]
Action.c(43): Registered web_reg_find successful for "Text=Welcome to the Web Tours site" (count=1)  	[MsgId: MMSG-26364]
Action.c(43): web_url("welcome.pl") was successful, 4208 body bytes, 1182 header bytes, 24 chunking overhead bytes  	[MsgId: MMSG-26385]
Action.c(53): Notify: Transaction "open_home_page" ended with a "Pass" status (Duration: 0,0848 Wasted Time: 0,0003).	[MsgId: MMSG-16871]
Action.c(55): lr_think_time: 5,00 seconds.	[MsgId: MMSG-15948]
Action.c(57): Notify: Transaction "enter_login" started.	[MsgId: MMSG-16999]
Action.c(60): web_reg_find started  	[MsgId: MMSG-26355]
Action.c(60): Registering web_reg_find was successful  	[MsgId: MMSG-26390]
Action.c(63): web_add_header("Origin") started  	[MsgId: MMSG-26355]
Action.c(63): web_add_header("Origin") was successful  	[MsgId: MMSG-26392]
Action.c(66): web_add_auto_header("Sec-Fetch-User") started  	[MsgId: MMSG-26355]
Action.c(66): web_add_auto_header("Sec-Fetch-User") was successful  	[MsgId: MMSG-26392]
Action.c(69): web_submit_data("login.pl") started  	[MsgId: MMSG-26355]
Action.c(69): Detected non-resource "http://localhost:1080/cgi-bin/nav.pl?page=menu&in=home" in "http://localhost:1080/cgi-bin/login.pl"  	[MsgId: MMSG-26574]
Action.c(69): Detected non-resource "http://localhost:1080/cgi-bin/login.pl?intro=true" in "http://localhost:1080/cgi-bin/login.pl"  	[MsgId: MMSG-26574]
Action.c(69): Found resource "http://localhost:1080/WebTours/images/flights.gif" in HTML "http://localhost:1080/cgi-bin/nav.pl?page=menu&in=home"  	[MsgId: MMSG-26659]
Action.c(69): Found resource "http://localhost:1080/WebTours/images/itinerary.gif" in HTML "http://localhost:1080/cgi-bin/nav.pl?page=menu&in=home"  	[MsgId: MMSG-26659]
Action.c(69): Found resource "http://localhost:1080/WebTours/images/in_home.gif" in HTML "http://localhost:1080/cgi-bin/nav.pl?page=menu&in=home"  	[MsgId: MMSG-26659]
Action.c(69): Found resource "http://localhost:1080/WebTours/images/signoff.gif" in HTML "http://localhost:1080/cgi-bin/nav.pl?page=menu&in=home"  	[MsgId: MMSG-26659]
Action.c(69): Registered web_reg_find successful for "Text=Welcome, <b>alisa</b>, to the Web Tours" (count=1)  	[MsgId: MMSG-26364]
Action.c(69): web_submit_data("login.pl") was successful, 5780 body bytes, 2056 header bytes, 36 chunking overhead bytes  	[MsgId: MMSG-26385]
Action.c(86): Notify: Transaction "enter_login" ended with a "Pass" status (Duration: 0,0849 Wasted Time: 0,0000).	[MsgId: MMSG-16871]
Action.c(88): lr_think_time: 5,00 seconds.	[MsgId: MMSG-15948]
Action.c(90): Notify: Transaction "logout" started.	[MsgId: MMSG-16999]
Action.c(92): web_reg_find started  	[MsgId: MMSG-26355]
Action.c(92): Registering web_reg_find was successful  	[MsgId: MMSG-26390]
Action.c(95): web_url("SignOff Button") started  	[MsgId: MMSG-26355]
Action.c(95): Detected non-resource "http://localhost:1080/cgi-bin/nav.pl?in=home" in "http://localhost:1080/cgi-bin/welcome.pl?signOff=1"  	[MsgId: MMSG-26574]
Action.c(95): Detected non-resource "http://localhost:1080/WebTours/home.html" in "http://localhost:1080/cgi-bin/welcome.pl?signOff=1"  	[MsgId: MMSG-26574]
Action.c(95): Retrieving data from cache for "http://localhost:1080/WebTours/home.html"  	[MsgId: MMSG-26558]
Action.c(95): Resource "http://localhost:1080/WebTours/images/mer_login.gif" is in the cache already and will not be downloaded again  	[MsgId: MMSG-26655]
Action.c(95): Registered web_reg_find successful for "Text=A Session ID has been created and loaded into a cookie called MSO" (count=1)  	[MsgId: MMSG-26364]
Action.c(95): web_url("SignOff Button") was successful, 2176 body bytes, 583 header bytes, 24 chunking overhead bytes  	[MsgId: MMSG-26385]
Action.c(105): Notify: Transaction "logout" ended with a "Pass" status (Duration: 0,0619 Wasted Time: 0,0000).	[MsgId: MMSG-16871]
Action.c(107): Notify: Transaction "UC1_login" ended with a "Pass" status (Duration: 10,2453 Think Time: 10,0132 Wasted Time: 0,0003).	[MsgId: MMSG-16870]
Ending action Action.	[MsgId: MMSG-15918]
Ending iteration 9.	[MsgId: MMSG-15965]
Waiting 109,7540 seconds for iteration pacing.	[MsgId: MMSG-15996]
Starting iteration 10.	[MsgId: MMSG-15968]
Starting action Action.	[MsgId: MMSG-15919]
Action.c(3): Notify: Transaction "UC1_login" started.	[MsgId: MMSG-16999]
Action.c(5): Notify: Transaction "open_home_page" started.	[MsgId: MMSG-16999]
Action.c(7): web_reg_find started  	[MsgId: MMSG-26355]
Action.c(7): Registering web_reg_find was successful  	[MsgId: MMSG-26390]
Action.c(10): web_add_auto_header("Sec-Fetch-Dest") started  	[MsgId: MMSG-26355]
Action.c(10): web_add_auto_header("Sec-Fetch-Dest") was successful  	[MsgId: MMSG-26392]
Action.c(13): web_add_auto_header("Sec-Fetch-Mode") started  	[MsgId: MMSG-26355]
Action.c(13): web_add_auto_header("Sec-Fetch-Mode") was successful  	[MsgId: MMSG-26392]
Action.c(16): web_add_auto_header("Sec-Fetch-Site") started  	[MsgId: MMSG-26355]
Action.c(16): web_add_auto_header("Sec-Fetch-Site") was successful  	[MsgId: MMSG-26392]
Action.c(19): web_add_auto_header("Upgrade-Insecure-Requests") started  	[MsgId: MMSG-26355]
Action.c(19): web_add_auto_header("Upgrade-Insecure-Requests") was successful  	[MsgId: MMSG-26392]
Action.c(22): web_add_auto_header("sec-ch-ua") started  	[MsgId: MMSG-26355]
Action.c(22): web_add_auto_header("sec-ch-ua") was successful  	[MsgId: MMSG-26392]
Action.c(25): web_add_auto_header("sec-ch-ua-mobile") started  	[MsgId: MMSG-26355]
Action.c(25): web_add_auto_header("sec-ch-ua-mobile") was successful  	[MsgId: MMSG-26392]
Action.c(28): web_add_auto_header("sec-ch-ua-platform") started  	[MsgId: MMSG-26355]
Action.c(28): web_add_auto_header("sec-ch-ua-platform") was successful  	[MsgId: MMSG-26392]
Action.c(32): web_reg_save_param_attrib started  	[MsgId: MMSG-26355]
Action.c(32): Registering web_reg_save_param_attrib was successful  	[MsgId: MMSG-26390]
Action.c(43): web_url("welcome.pl") started  	[MsgId: MMSG-26355]
Action.c(43): Detected non-resource "http://localhost:1080/cgi-bin/nav.pl?in=home" in "http://localhost:1080/cgi-bin/welcome.pl?signOff=true"  	[MsgId: MMSG-26574]
Action.c(43): Detected non-resource "http://localhost:1080/WebTours/home.html" in "http://localhost:1080/cgi-bin/welcome.pl?signOff=true"  	[MsgId: MMSG-26574]
Action.c(43): Found resource "http://localhost:1080/WebTours/images/mer_login.gif" in HTML "http://localhost:1080/cgi-bin/nav.pl?in=home"  	[MsgId: MMSG-26659]
Action.c(43): Registered web_reg_find successful for "Text=Welcome to the Web Tours site" (count=1)  	[MsgId: MMSG-26364]
Action.c(43): web_url("welcome.pl") was successful, 4208 body bytes, 1182 header bytes, 24 chunking overhead bytes  	[MsgId: MMSG-26385]
Action.c(53): Notify: Transaction "open_home_page" ended with a "Pass" status (Duration: 0,0842 Wasted Time: 0,0003).	[MsgId: MMSG-16871]
Action.c(55): lr_think_time: 5,00 seconds.	[MsgId: MMSG-15948]
Action.c(57): Notify: Transaction "enter_login" started.	[MsgId: MMSG-16999]
Action.c(60): web_reg_find started  	[MsgId: MMSG-26355]
Action.c(60): Registering web_reg_find was successful  	[MsgId: MMSG-26390]
Action.c(63): web_add_header("Origin") started  	[MsgId: MMSG-26355]
Action.c(63): web_add_header("Origin") was successful  	[MsgId: MMSG-26392]
Action.c(66): web_add_auto_header("Sec-Fetch-User") started  	[MsgId: MMSG-26355]
Action.c(66): web_add_auto_header("Sec-Fetch-User") was successful  	[MsgId: MMSG-26392]
Action.c(69): web_submit_data("login.pl") started  	[MsgId: MMSG-26355]
Action.c(69): Detected non-resource "http://localhost:1080/cgi-bin/nav.pl?page=menu&in=home" in "http://localhost:1080/cgi-bin/login.pl"  	[MsgId: MMSG-26574]
Action.c(69): Detected non-resource "http://localhost:1080/cgi-bin/login.pl?intro=true" in "http://localhost:1080/cgi-bin/login.pl"  	[MsgId: MMSG-26574]
Action.c(69): Found resource "http://localhost:1080/WebTours/images/flights.gif" in HTML "http://localhost:1080/cgi-bin/nav.pl?page=menu&in=home"  	[MsgId: MMSG-26659]
Action.c(69): Found resource "http://localhost:1080/WebTours/images/itinerary.gif" in HTML "http://localhost:1080/cgi-bin/nav.pl?page=menu&in=home"  	[MsgId: MMSG-26659]
Action.c(69): Found resource "http://localhost:1080/WebTours/images/in_home.gif" in HTML "http://localhost:1080/cgi-bin/nav.pl?page=menu&in=home"  	[MsgId: MMSG-26659]
Action.c(69): Found resource "http://localhost:1080/WebTours/images/signoff.gif" in HTML "http://localhost:1080/cgi-bin/nav.pl?page=menu&in=home"  	[MsgId: MMSG-26659]
Action.c(69): Registered web_reg_find successful for "Text=Welcome, <b>karabasov</b>, to the Web Tours" (count=1)  	[MsgId: MMSG-26364]
Action.c(69): web_submit_data("login.pl") was successful, 5784 body bytes, 2090 header bytes, 36 chunking overhead bytes  	[MsgId: MMSG-26385]
Action.c(86): Notify: Transaction "enter_login" ended with a "Pass" status (Duration: 0,0850 Wasted Time: 0,0000).	[MsgId: MMSG-16871]
Action.c(88): lr_think_time: 5,00 seconds.	[MsgId: MMSG-15948]
Action.c(90): Notify: Transaction "logout" started.	[MsgId: MMSG-16999]
Action.c(92): web_reg_find started  	[MsgId: MMSG-26355]
Action.c(92): Registering web_reg_find was successful  	[MsgId: MMSG-26390]
Action.c(95): web_url("SignOff Button") started  	[MsgId: MMSG-26355]
Action.c(95): Detected non-resource "http://localhost:1080/cgi-bin/nav.pl?in=home" in "http://localhost:1080/cgi-bin/welcome.pl?signOff=1"  	[MsgId: MMSG-26574]
Action.c(95): Detected non-resource "http://localhost:1080/WebTours/home.html" in "http://localhost:1080/cgi-bin/welcome.pl?signOff=1"  	[MsgId: MMSG-26574]
Action.c(95): Retrieving data from cache for "http://localhost:1080/WebTours/home.html"  	[MsgId: MMSG-26558]
Action.c(95): Resource "http://localhost:1080/WebTours/images/mer_login.gif" is in the cache already and will not be downloaded again  	[MsgId: MMSG-26655]
Action.c(95): Registered web_reg_find successful for "Text=A Session ID has been created and loaded into a cookie called MSO" (count=1)  	[MsgId: MMSG-26364]
Action.c(95): web_url("SignOff Button") was successful, 2175 body bytes, 583 header bytes, 24 chunking overhead bytes  	[MsgId: MMSG-26385]
Action.c(105): Notify: Transaction "logout" ended with a "Pass" status (Duration: 0,0673 Wasted Time: 0,0000).	[MsgId: MMSG-16871]
Action.c(107): Notify: Transaction "UC1_login" ended with a "Pass" status (Duration: 10,2457 Think Time: 10,0089 Wasted Time: 0,0003).	[MsgId: MMSG-16870]
Ending action Action.	[MsgId: MMSG-15918]
Ending iteration 10.	[MsgId: MMSG-15965]
Waiting 109,7540 seconds for iteration pacing.	[MsgId: MMSG-15996]
Starting iteration 11.	[MsgId: MMSG-15968]
Starting action Action.	[MsgId: MMSG-15919]
Action.c(3): Notify: Transaction "UC1_login" started.	[MsgId: MMSG-16999]
Action.c(5): Notify: Transaction "open_home_page" started.	[MsgId: MMSG-16999]
Action.c(7): web_reg_find started  	[MsgId: MMSG-26355]
Action.c(7): Registering web_reg_find was successful  	[MsgId: MMSG-26390]
Action.c(10): web_add_auto_header("Sec-Fetch-Dest") started  	[MsgId: MMSG-26355]
Action.c(10): web_add_auto_header("Sec-Fetch-Dest") was successful  	[MsgId: MMSG-26392]
Action.c(13): web_add_auto_header("Sec-Fetch-Mode") started  	[MsgId: MMSG-26355]
Action.c(13): web_add_auto_header("Sec-Fetch-Mode") was successful  	[MsgId: MMSG-26392]
Action.c(16): web_add_auto_header("Sec-Fetch-Site") started  	[MsgId: MMSG-26355]
Action.c(16): web_add_auto_header("Sec-Fetch-Site") was successful  	[MsgId: MMSG-26392]
Action.c(19): web_add_auto_header("Upgrade-Insecure-Requests") started  	[MsgId: MMSG-26355]
Action.c(19): web_add_auto_header("Upgrade-Insecure-Requests") was successful  	[MsgId: MMSG-26392]
Action.c(22): web_add_auto_header("sec-ch-ua") started  	[MsgId: MMSG-26355]
Action.c(22): web_add_auto_header("sec-ch-ua") was successful  	[MsgId: MMSG-26392]
Action.c(25): web_add_auto_header("sec-ch-ua-mobile") started  	[MsgId: MMSG-26355]
Action.c(25): web_add_auto_header("sec-ch-ua-mobile") was successful  	[MsgId: MMSG-26392]
Action.c(28): web_add_auto_header("sec-ch-ua-platform") started  	[MsgId: MMSG-26355]
Action.c(28): web_add_auto_header("sec-ch-ua-platform") was successful  	[MsgId: MMSG-26392]
Action.c(32): web_reg_save_param_attrib started  	[MsgId: MMSG-26355]
Action.c(32): Registering web_reg_save_param_attrib was successful  	[MsgId: MMSG-26390]
Action.c(43): web_url("welcome.pl") started  	[MsgId: MMSG-26355]
Action.c(43): Detected non-resource "http://localhost:1080/cgi-bin/nav.pl?in=home" in "http://localhost:1080/cgi-bin/welcome.pl?signOff=true"  	[MsgId: MMSG-26574]
Action.c(43): Detected non-resource "http://localhost:1080/WebTours/home.html" in "http://localhost:1080/cgi-bin/welcome.pl?signOff=true"  	[MsgId: MMSG-26574]
Action.c(43): Found resource "http://localhost:1080/WebTours/images/mer_login.gif" in HTML "http://localhost:1080/cgi-bin/nav.pl?in=home"  	[MsgId: MMSG-26659]
Action.c(43): Registered web_reg_find successful for "Text=Welcome to the Web Tours site" (count=1)  	[MsgId: MMSG-26364]
Action.c(43): web_url("welcome.pl") was successful, 4208 body bytes, 1182 header bytes, 24 chunking overhead bytes  	[MsgId: MMSG-26385]
Action.c(53): Notify: Transaction "open_home_page" ended with a "Pass" status (Duration: 0,1002 Wasted Time: 0,0003).	[MsgId: MMSG-16871]
Action.c(55): lr_think_time: 5,00 seconds.	[MsgId: MMSG-15948]
Action.c(57): Notify: Transaction "enter_login" started.	[MsgId: MMSG-16999]
Action.c(60): web_reg_find started  	[MsgId: MMSG-26355]
Action.c(60): Registering web_reg_find was successful  	[MsgId: MMSG-26390]
Action.c(63): web_add_header("Origin") started  	[MsgId: MMSG-26355]
Action.c(63): web_add_header("Origin") was successful  	[MsgId: MMSG-26392]
Action.c(66): web_add_auto_header("Sec-Fetch-User") started  	[MsgId: MMSG-26355]
Action.c(66): web_add_auto_header("Sec-Fetch-User") was successful  	[MsgId: MMSG-26392]
Action.c(69): web_submit_data("login.pl") started  	[MsgId: MMSG-26355]
Action.c(69): Detected non-resource "http://localhost:1080/cgi-bin/nav.pl?page=menu&in=home" in "http://localhost:1080/cgi-bin/login.pl"  	[MsgId: MMSG-26574]
Action.c(69): Detected non-resource "http://localhost:1080/cgi-bin/login.pl?intro=true" in "http://localhost:1080/cgi-bin/login.pl"  	[MsgId: MMSG-26574]
Action.c(69): Found resource "http://localhost:1080/WebTours/images/flights.gif" in HTML "http://localhost:1080/cgi-bin/nav.pl?page=menu&in=home"  	[MsgId: MMSG-26659]
Action.c(69): Found resource "http://localhost:1080/WebTours/images/itinerary.gif" in HTML "http://localhost:1080/cgi-bin/nav.pl?page=menu&in=home"  	[MsgId: MMSG-26659]
Action.c(69): Found resource "http://localhost:1080/WebTours/images/in_home.gif" in HTML "http://localhost:1080/cgi-bin/nav.pl?page=menu&in=home"  	[MsgId: MMSG-26659]
Action.c(69): Found resource "http://localhost:1080/WebTours/images/signoff.gif" in HTML "http://localhost:1080/cgi-bin/nav.pl?page=menu&in=home"  	[MsgId: MMSG-26659]
Action.c(69): Registered web_reg_find successful for "Text=Welcome, <b>duremar</b>, to the Web Tours" (count=1)  	[MsgId: MMSG-26364]
Action.c(69): web_submit_data("login.pl") was successful, 5782 body bytes, 2083 header bytes, 36 chunking overhead bytes  	[MsgId: MMSG-26385]
Action.c(86): Notify: Transaction "enter_login" ended with a "Pass" status (Duration: 0,1003 Wasted Time: 0,0000).	[MsgId: MMSG-16871]
Action.c(88): lr_think_time: 5,00 seconds.	[MsgId: MMSG-15948]
Action.c(90): Notify: Transaction "logout" started.	[MsgId: MMSG-16999]
Action.c(92): web_reg_find started  	[MsgId: MMSG-26355]
Action.c(92): Registering web_reg_find was successful  	[MsgId: MMSG-26390]
Action.c(95): web_url("SignOff Button") started  	[MsgId: MMSG-26355]
Action.c(95): Detected non-resource "http://localhost:1080/cgi-bin/nav.pl?in=home" in "http://localhost:1080/cgi-bin/welcome.pl?signOff=1"  	[MsgId: MMSG-26574]
Action.c(95): Detected non-resource "http://localhost:1080/WebTours/home.html" in "http://localhost:1080/cgi-bin/welcome.pl?signOff=1"  	[MsgId: MMSG-26574]
Action.c(95): Retrieving data from cache for "http://localhost:1080/WebTours/home.html"  	[MsgId: MMSG-26558]
Action.c(95): Resource "http://localhost:1080/WebTours/images/mer_login.gif" is in the cache already and will not be downloaded again  	[MsgId: MMSG-26655]
Action.c(95): Registered web_reg_find successful for "Text=A Session ID has been created and loaded into a cookie called MSO" (count=1)  	[MsgId: MMSG-26364]
Action.c(95): web_url("SignOff Button") was successful, 2176 body bytes, 583 header bytes, 24 chunking overhead bytes  	[MsgId: MMSG-26385]
Action.c(105): Notify: Transaction "logout" ended with a "Pass" status (Duration: 0,0622 Wasted Time: 0,0000).	[MsgId: MMSG-16871]
Action.c(107): Notify: Transaction "UC1_login" ended with a "Pass" status (Duration: 10,2719 Think Time: 10,0088 Wasted Time: 0,0003).	[MsgId: MMSG-16870]
Ending action Action.	[MsgId: MMSG-15918]
Ending iteration 11.	[MsgId: MMSG-15965]
Waiting 109,7280 seconds for iteration pacing.	[MsgId: MMSG-15996]
Starting iteration 12.	[MsgId: MMSG-15968]
Starting action Action.	[MsgId: MMSG-15919]
Action.c(3): Notify: Transaction "UC1_login" started.	[MsgId: MMSG-16999]
Action.c(5): Notify: Transaction "open_home_page" started.	[MsgId: MMSG-16999]
Action.c(7): web_reg_find started  	[MsgId: MMSG-26355]
Action.c(7): Registering web_reg_find was successful  	[MsgId: MMSG-26390]
Action.c(10): web_add_auto_header("Sec-Fetch-Dest") started  	[MsgId: MMSG-26355]
Action.c(10): web_add_auto_header("Sec-Fetch-Dest") was successful  	[MsgId: MMSG-26392]
Action.c(13): web_add_auto_header("Sec-Fetch-Mode") started  	[MsgId: MMSG-26355]
Action.c(13): web_add_auto_header("Sec-Fetch-Mode") was successful  	[MsgId: MMSG-26392]
Action.c(16): web_add_auto_header("Sec-Fetch-Site") started  	[MsgId: MMSG-26355]
Action.c(16): web_add_auto_header("Sec-Fetch-Site") was successful  	[MsgId: MMSG-26392]
Action.c(19): web_add_auto_header("Upgrade-Insecure-Requests") started  	[MsgId: MMSG-26355]
Action.c(19): web_add_auto_header("Upgrade-Insecure-Requests") was successful  	[MsgId: MMSG-26392]
Action.c(22): web_add_auto_header("sec-ch-ua") started  	[MsgId: MMSG-26355]
Action.c(22): web_add_auto_header("sec-ch-ua") was successful  	[MsgId: MMSG-26392]
Action.c(25): web_add_auto_header("sec-ch-ua-mobile") started  	[MsgId: MMSG-26355]
Action.c(25): web_add_auto_header("sec-ch-ua-mobile") was successful  	[MsgId: MMSG-26392]
Action.c(28): web_add_auto_header("sec-ch-ua-platform") started  	[MsgId: MMSG-26355]
Action.c(28): web_add_auto_header("sec-ch-ua-platform") was successful  	[MsgId: MMSG-26392]
Action.c(32): web_reg_save_param_attrib started  	[MsgId: MMSG-26355]
Action.c(32): Registering web_reg_save_param_attrib was successful  	[MsgId: MMSG-26390]
Action.c(43): web_url("welcome.pl") started  	[MsgId: MMSG-26355]
Action.c(43): Detected non-resource "http://localhost:1080/cgi-bin/nav.pl?in=home" in "http://localhost:1080/cgi-bin/welcome.pl?signOff=true"  	[MsgId: MMSG-26574]
Action.c(43): Detected non-resource "http://localhost:1080/WebTours/home.html" in "http://localhost:1080/cgi-bin/welcome.pl?signOff=true"  	[MsgId: MMSG-26574]
Action.c(43): Found resource "http://localhost:1080/WebTours/images/mer_login.gif" in HTML "http://localhost:1080/cgi-bin/nav.pl?in=home"  	[MsgId: MMSG-26659]
Action.c(43): Registered web_reg_find successful for "Text=Welcome to the Web Tours site" (count=1)  	[MsgId: MMSG-26364]
Action.c(43): web_url("welcome.pl") was successful, 4207 body bytes, 1182 header bytes, 24 chunking overhead bytes  	[MsgId: MMSG-26385]
Action.c(53): Notify: Transaction "open_home_page" ended with a "Pass" status (Duration: 0,1003 Wasted Time: 0,0003).	[MsgId: MMSG-16871]
Action.c(55): lr_think_time: 5,00 seconds.	[MsgId: MMSG-15948]
Action.c(57): Notify: Transaction "enter_login" started.	[MsgId: MMSG-16999]
Action.c(60): web_reg_find started  	[MsgId: MMSG-26355]
Action.c(60): Registering web_reg_find was successful  	[MsgId: MMSG-26390]
Action.c(63): web_add_header("Origin") started  	[MsgId: MMSG-26355]
Action.c(63): web_add_header("Origin") was successful  	[MsgId: MMSG-26392]
Action.c(66): web_add_auto_header("Sec-Fetch-User") started  	[MsgId: MMSG-26355]
Action.c(66): web_add_auto_header("Sec-Fetch-User") was successful  	[MsgId: MMSG-26392]
Action.c(69): web_submit_data("login.pl") started  	[MsgId: MMSG-26355]
Action.c(69): Detected non-resource "http://localhost:1080/cgi-bin/nav.pl?page=menu&in=home" in "http://localhost:1080/cgi-bin/login.pl"  	[MsgId: MMSG-26574]
Action.c(69): Detected non-resource "http://localhost:1080/cgi-bin/login.pl?intro=true" in "http://localhost:1080/cgi-bin/login.pl"  	[MsgId: MMSG-26574]
Action.c(69): Found resource "http://localhost:1080/WebTours/images/flights.gif" in HTML "http://localhost:1080/cgi-bin/nav.pl?page=menu&in=home"  	[MsgId: MMSG-26659]
Action.c(69): Found resource "http://localhost:1080/WebTours/images/itinerary.gif" in HTML "http://localhost:1080/cgi-bin/nav.pl?page=menu&in=home"  	[MsgId: MMSG-26659]
Action.c(69): Found resource "http://localhost:1080/WebTours/images/in_home.gif" in HTML "http://localhost:1080/cgi-bin/nav.pl?page=menu&in=home"  	[MsgId: MMSG-26659]
Action.c(69): Found resource "http://localhost:1080/WebTours/images/signoff.gif" in HTML "http://localhost:1080/cgi-bin/nav.pl?page=menu&in=home"  	[MsgId: MMSG-26659]
Action.c(69): Registered web_reg_find successful for "Text=Welcome, <b>baziliocat</b>, to the Web Tours" (count=1)  	[MsgId: MMSG-26364]
Action.c(69): web_submit_data("login.pl") was successful, 5785 body bytes, 2068 header bytes, 36 chunking overhead bytes  	[MsgId: MMSG-26385]
Action.c(86): Notify: Transaction "enter_login" ended with a "Pass" status (Duration: 0,1162 Wasted Time: 0,0000).	[MsgId: MMSG-16871]
Action.c(88): lr_think_time: 5,00 seconds.	[MsgId: MMSG-15948]
Action.c(90): Notify: Transaction "logout" started.	[MsgId: MMSG-16999]
Action.c(92): web_reg_find started  	[MsgId: MMSG-26355]
Action.c(92): Registering web_reg_find was successful  	[MsgId: MMSG-26390]
Action.c(95): web_url("SignOff Button") started  	[MsgId: MMSG-26355]
Action.c(95): Detected non-resource "http://localhost:1080/cgi-bin/nav.pl?in=home" in "http://localhost:1080/cgi-bin/welcome.pl?signOff=1"  	[MsgId: MMSG-26574]
Action.c(95): Detected non-resource "http://localhost:1080/WebTours/home.html" in "http://localhost:1080/cgi-bin/welcome.pl?signOff=1"  	[MsgId: MMSG-26574]
Action.c(95): Retrieving data from cache for "http://localhost:1080/WebTours/home.html"  	[MsgId: MMSG-26558]
Action.c(95): Resource "http://localhost:1080/WebTours/images/mer_login.gif" is in the cache already and will not be downloaded again  	[MsgId: MMSG-26655]
Action.c(95): Registered web_reg_find successful for "Text=A Session ID has been created and loaded into a cookie called MSO" (count=1)  	[MsgId: MMSG-26364]
Action.c(95): web_url("SignOff Button") was successful, 2176 body bytes, 584 header bytes, 24 chunking overhead bytes  	[MsgId: MMSG-26385]
Action.c(105): Notify: Transaction "logout" ended with a "Pass" status (Duration: 0,0614 Wasted Time: 0,0000).	[MsgId: MMSG-16871]
Action.c(107): Notify: Transaction "UC1_login" ended with a "Pass" status (Duration: 10,2884 Think Time: 10,0101 Wasted Time: 0,0003).	[MsgId: MMSG-16870]
Ending action Action.	[MsgId: MMSG-15918]
Ending iteration 12.	[MsgId: MMSG-15965]
Waiting 109,7110 seconds for iteration pacing.	[MsgId: MMSG-15996]
Ending Vuser...	[MsgId: MMSG-15966]
Starting action vuser_end.	[MsgId: MMSG-15919]
Ending action vuser_end.	[MsgId: MMSG-15918]
Vuser Terminated.	[MsgId: MMSG-15963]
