Virtual User Script started at: 29.04.2023 12:05:16	[MsgId: MMSG-15967]
Starting action vuser_init.	[MsgId: MMSG-15919]
Web Turbo Replay of LoadRunner 2021.0.0 for Windows 10; build 430 (џэт 05 2021 19:27:22)  	[MsgId: MMSG-26983]
Run mode: HTML  	[MsgId: MMSG-26993]
Replay user agent: Mozilla/5.0 (Windows NT 10.0; Win64; x64) AppleWebKit/537.36 (KHTML, like Gecko) Chrome/111.0.0.0 Safari/537.36  	[MsgId: MMSG-26988]
Runtime Settings file: "C:\Users\svp31\AppData\Local\Temp\lr5tmpdirrIs.740\lrcfgiTo.741\cfgNEs.754"  	[MsgId: MMSG-27141]
Ending action vuser_init.	[MsgId: MMSG-15918]
Running Vuser...	[MsgId: MMSG-15964]
Starting iteration 1.	[MsgId: MMSG-15968]
Maximum number of concurrent connections per server: 6  	[MsgId: MMSG-26989]
Starting action Action.	[MsgId: MMSG-15919]
Action.c(3): Notify: Transaction "UC1_login" started.	[MsgId: MMSG-16999]
Action.c(5): Notify: Transaction "open_home_page" started.	[MsgId: MMSG-16999]
Action.c(7): web_reg_find started  	[MsgId: MMSG-26355]
Action.c(7): Registering web_reg_find was successful  	[MsgId: MMSG-26390]
Action.c(10): web_add_auto_header("Sec-Fetch-Dest") started  	[MsgId: MMSG-26355]
Action.c(10): web_add_auto_header("Sec-Fetch-Dest") was successful  	[MsgId: MMSG-26392]
Action.c(13): web_add_auto_header("Sec-Fetch-Mode") started  	[MsgId: MMSG-26355]
Action.c(13): web_add_auto_header("Sec-Fetch-Mode") was successful  	[MsgId: MMSG-26392]
Action.c(16): web_add_auto_header("Sec-Fetch-Site") started  	[MsgId: MMSG-26355]
Action.c(16): web_add_auto_header("Sec-Fetch-Site") was successful  	[MsgId: MMSG-26392]
Action.c(19): web_add_auto_header("Upgrade-Insecure-Requests") started  	[MsgId: MMSG-26355]
Action.c(19): web_add_auto_header("Upgrade-Insecure-Requests") was successful  	[MsgId: MMSG-26392]
Action.c(22): web_add_auto_header("sec-ch-ua") started  	[MsgId: MMSG-26355]
Action.c(22): web_add_auto_header("sec-ch-ua") was successful  	[MsgId: MMSG-26392]
Action.c(25): web_add_auto_header("sec-ch-ua-mobile") started  	[MsgId: MMSG-26355]
Action.c(25): web_add_auto_header("sec-ch-ua-mobile") was successful  	[MsgId: MMSG-26392]
Action.c(28): web_add_auto_header("sec-ch-ua-platform") started  	[MsgId: MMSG-26355]
Action.c(28): web_add_auto_header("sec-ch-ua-platform") was successful  	[MsgId: MMSG-26392]
Action.c(32): web_reg_save_param_attrib started  	[MsgId: MMSG-26355]
Action.c(32): Registering web_reg_save_param_attrib was successful  	[MsgId: MMSG-26390]
Action.c(43): web_url("welcome.pl") started  	[MsgId: MMSG-26355]
Action.c(43): Detected non-resource "http://localhost:1080/cgi-bin/nav.pl?in=home" in "http://localhost:1080/cgi-bin/welcome.pl?signOff=true"  	[MsgId: MMSG-26574]
Action.c(43): Detected non-resource "http://localhost:1080/WebTours/home.html" in "http://localhost:1080/cgi-bin/welcome.pl?signOff=true"  	[MsgId: MMSG-26574]
Action.c(43): Found resource "http://localhost:1080/WebTours/images/mer_login.gif" in HTML "http://localhost:1080/cgi-bin/nav.pl?in=home"  	[MsgId: MMSG-26659]
Action.c(43): Registered web_reg_find successful for "Text=Welcome to the Web Tours site" (count=1)  	[MsgId: MMSG-26364]
Action.c(43): web_url("welcome.pl") was successful, 4214 body bytes, 1182 header bytes, 24 chunking overhead bytes  	[MsgId: MMSG-26385]
Action.c(53): Notify: Transaction "open_home_page" ended with a "Pass" status (Duration: 0,4508 Wasted Time: 0,0003).	[MsgId: MMSG-16871]
Action.c(55): lr_think_time: 5,00 seconds.	[MsgId: MMSG-15948]
Action.c(57): Notify: Transaction "enter_login" started.	[MsgId: MMSG-16999]
Action.c(60): web_reg_find started  	[MsgId: MMSG-26355]
Action.c(60): Registering web_reg_find was successful  	[MsgId: MMSG-26390]
Action.c(63): web_add_header("Origin") started  	[MsgId: MMSG-26355]
Action.c(63): web_add_header("Origin") was successful  	[MsgId: MMSG-26392]
Action.c(66): web_add_auto_header("Sec-Fetch-User") started  	[MsgId: MMSG-26355]
Action.c(66): web_add_auto_header("Sec-Fetch-User") was successful  	[MsgId: MMSG-26392]
Action.c(69): web_submit_data("login.pl") started  	[MsgId: MMSG-26355]
Action.c(69): Detected non-resource "http://localhost:1080/cgi-bin/nav.pl?page=menu&in=home" in "http://localhost:1080/cgi-bin/login.pl"  	[MsgId: MMSG-26574]
Action.c(69): Detected non-resource "http://localhost:1080/cgi-bin/login.pl?intro=true" in "http://localhost:1080/cgi-bin/login.pl"  	[MsgId: MMSG-26574]
Action.c(69): Found resource "http://localhost:1080/WebTours/images/flights.gif" in HTML "http://localhost:1080/cgi-bin/nav.pl?page=menu&in=home"  	[MsgId: MMSG-26659]
Action.c(69): Found resource "http://localhost:1080/WebTours/images/itinerary.gif" in HTML "http://localhost:1080/cgi-bin/nav.pl?page=menu&in=home"  	[MsgId: MMSG-26659]
Action.c(69): Found resource "http://localhost:1080/WebTours/images/in_home.gif" in HTML "http://localhost:1080/cgi-bin/nav.pl?page=menu&in=home"  	[MsgId: MMSG-26659]
Action.c(69): Found resource "http://localhost:1080/WebTours/images/signoff.gif" in HTML "http://localhost:1080/cgi-bin/nav.pl?page=menu&in=home"  	[MsgId: MMSG-26659]
Action.c(69): Registered web_reg_find successful for "Text=Welcome, <b>alisa</b>, to the Web Tours" (count=1)  	[MsgId: MMSG-26364]
Action.c(69): web_submit_data("login.pl") was successful, 5780 body bytes, 2056 header bytes, 36 chunking overhead bytes  	[MsgId: MMSG-26385]
Action.c(86): Notify: Transaction "enter_login" ended with a "Pass" status (Duration: 1,2197 Wasted Time: 0,0000).	[MsgId: MMSG-16871]
Action.c(88): lr_think_time: 5,00 seconds.	[MsgId: MMSG-15948]
Action.c(90): Notify: Transaction "logout" started.	[MsgId: MMSG-16999]
Action.c(92): web_reg_find started  	[MsgId: MMSG-26355]
Action.c(92): Registering web_reg_find was successful  	[MsgId: MMSG-26390]
Action.c(95): web_url("SignOff Button") started  	[MsgId: MMSG-26355]
Action.c(95): Detected non-resource "http://localhost:1080/cgi-bin/nav.pl?in=home" in "http://localhost:1080/cgi-bin/welcome.pl?signOff=1"  	[MsgId: MMSG-26574]
Action.c(95): Detected non-resource "http://localhost:1080/WebTours/home.html" in "http://localhost:1080/cgi-bin/welcome.pl?signOff=1"  	[MsgId: MMSG-26574]
Action.c(95): Retrieving data from cache for "http://localhost:1080/WebTours/home.html"  	[MsgId: MMSG-26558]
Action.c(95): Resource "http://localhost:1080/WebTours/images/mer_login.gif" is in the cache already and will not be downloaded again  	[MsgId: MMSG-26655]
Action.c(95): Registered web_reg_find successful for "Text=A Session ID has been created and loaded into a cookie called MSO" (count=1)  	[MsgId: MMSG-26364]
Action.c(95): web_url("SignOff Button") was successful, 2174 body bytes, 584 header bytes, 24 chunking overhead bytes  	[MsgId: MMSG-26385]
Action.c(105): Notify: Transaction "logout" ended with a "Pass" status (Duration: 0,1756 Wasted Time: 0,0000).	[MsgId: MMSG-16871]
Action.c(107): Notify: Transaction "UC1_login" ended with a "Pass" status (Duration: 11,8621 Think Time: 10,0158 Wasted Time: 0,0003).	[MsgId: MMSG-16870]
Ending action Action.	[MsgId: MMSG-15918]
Ending iteration 1.	[MsgId: MMSG-15965]
Waiting 108,1380 seconds for iteration pacing.	[MsgId: MMSG-15996]
Starting iteration 2.	[MsgId: MMSG-15968]
Starting action Action.	[MsgId: MMSG-15919]
Action.c(3): Notify: Transaction "UC1_login" started.	[MsgId: MMSG-16999]
Action.c(5): Notify: Transaction "open_home_page" started.	[MsgId: MMSG-16999]
Action.c(7): web_reg_find started  	[MsgId: MMSG-26355]
Action.c(7): Registering web_reg_find was successful  	[MsgId: MMSG-26390]
Action.c(10): web_add_auto_header("Sec-Fetch-Dest") started  	[MsgId: MMSG-26355]
Action.c(10): web_add_auto_header("Sec-Fetch-Dest") was successful  	[MsgId: MMSG-26392]
Action.c(13): web_add_auto_header("Sec-Fetch-Mode") started  	[MsgId: MMSG-26355]
Action.c(13): web_add_auto_header("Sec-Fetch-Mode") was successful  	[MsgId: MMSG-26392]
Action.c(16): web_add_auto_header("Sec-Fetch-Site") started  	[MsgId: MMSG-26355]
Action.c(16): web_add_auto_header("Sec-Fetch-Site") was successful  	[MsgId: MMSG-26392]
Action.c(19): web_add_auto_header("Upgrade-Insecure-Requests") started  	[MsgId: MMSG-26355]
Action.c(19): web_add_auto_header("Upgrade-Insecure-Requests") was successful  	[MsgId: MMSG-26392]
Action.c(22): web_add_auto_header("sec-ch-ua") started  	[MsgId: MMSG-26355]
Action.c(22): web_add_auto_header("sec-ch-ua") was successful  	[MsgId: MMSG-26392]
Action.c(25): web_add_auto_header("sec-ch-ua-mobile") started  	[MsgId: MMSG-26355]
Action.c(25): web_add_auto_header("sec-ch-ua-mobile") was successful  	[MsgId: MMSG-26392]
Action.c(28): web_add_auto_header("sec-ch-ua-platform") started  	[MsgId: MMSG-26355]
Action.c(28): web_add_auto_header("sec-ch-ua-platform") was successful  	[MsgId: MMSG-26392]
Action.c(32): web_reg_save_param_attrib started  	[MsgId: MMSG-26355]
Action.c(32): Registering web_reg_save_param_attrib was successful  	[MsgId: MMSG-26390]
Action.c(43): web_url("welcome.pl") started  	[MsgId: MMSG-26355]
Action.c(43): Detected non-resource "http://localhost:1080/cgi-bin/nav.pl?in=home" in "http://localhost:1080/cgi-bin/welcome.pl?signOff=true"  	[MsgId: MMSG-26574]
Action.c(43): Detected non-resource "http://localhost:1080/WebTours/home.html" in "http://localhost:1080/cgi-bin/welcome.pl?signOff=true"  	[MsgId: MMSG-26574]
Action.c(43): Found resource "http://localhost:1080/WebTours/images/mer_login.gif" in HTML "http://localhost:1080/cgi-bin/nav.pl?in=home"  	[MsgId: MMSG-26659]
Action.c(43): Registered web_reg_find successful for "Text=Welcome to the Web Tours site" (count=1)  	[MsgId: MMSG-26364]
Action.c(43): web_url("welcome.pl") was successful, 4216 body bytes, 1182 header bytes, 24 chunking overhead bytes  	[MsgId: MMSG-26385]
Action.c(53): Notify: Transaction "open_home_page" ended with a "Pass" status (Duration: 3,8373 Wasted Time: 0,0003).	[MsgId: MMSG-16871]
Action.c(55): lr_think_time: 5,00 seconds.	[MsgId: MMSG-15948]
Action.c(57): Notify: Transaction "enter_login" started.	[MsgId: MMSG-16999]
Action.c(60): web_reg_find started  	[MsgId: MMSG-26355]
Action.c(60): Registering web_reg_find was successful  	[MsgId: MMSG-26390]
Action.c(63): web_add_header("Origin") started  	[MsgId: MMSG-26355]
Action.c(63): web_add_header("Origin") was successful  	[MsgId: MMSG-26392]
Action.c(66): web_add_auto_header("Sec-Fetch-User") started  	[MsgId: MMSG-26355]
Action.c(66): web_add_auto_header("Sec-Fetch-User") was successful  	[MsgId: MMSG-26392]
Action.c(69): web_submit_data("login.pl") started  	[MsgId: MMSG-26355]
Action.c(69): Detected non-resource "http://localhost:1080/cgi-bin/nav.pl?page=menu&in=home" in "http://localhost:1080/cgi-bin/login.pl"  	[MsgId: MMSG-26574]
Action.c(69): Detected non-resource "http://localhost:1080/cgi-bin/login.pl?intro=true" in "http://localhost:1080/cgi-bin/login.pl"  	[MsgId: MMSG-26574]
Action.c(69): Found resource "http://localhost:1080/WebTours/images/flights.gif" in HTML "http://localhost:1080/cgi-bin/nav.pl?page=menu&in=home"  	[MsgId: MMSG-26659]
Action.c(69): Found resource "http://localhost:1080/WebTours/images/itinerary.gif" in HTML "http://localhost:1080/cgi-bin/nav.pl?page=menu&in=home"  	[MsgId: MMSG-26659]
Action.c(69): Found resource "http://localhost:1080/WebTours/images/in_home.gif" in HTML "http://localhost:1080/cgi-bin/nav.pl?page=menu&in=home"  	[MsgId: MMSG-26659]
Action.c(69): Found resource "http://localhost:1080/WebTours/images/signoff.gif" in HTML "http://localhost:1080/cgi-bin/nav.pl?page=menu&in=home"  	[MsgId: MMSG-26659]
Action.c(69): Registered web_reg_find successful for "Text=Welcome, <b>artemon</b>, to the Web Tours" (count=1)  	[MsgId: MMSG-26364]
Action.c(69): web_submit_data("login.pl") was successful, 5782 body bytes, 2073 header bytes, 36 chunking overhead bytes  	[MsgId: MMSG-26385]
Action.c(86): Notify: Transaction "enter_login" ended with a "Pass" status (Duration: 7,0017 Wasted Time: 0,0000).	[MsgId: MMSG-16871]
Action.c(88): lr_think_time: 5,00 seconds.	[MsgId: MMSG-15948]
Action.c(90): Notify: Transaction "logout" started.	[MsgId: MMSG-16999]
Action.c(92): web_reg_find started  	[MsgId: MMSG-26355]
Action.c(92): Registering web_reg_find was successful  	[MsgId: MMSG-26390]
Action.c(95): web_url("SignOff Button") started  	[MsgId: MMSG-26355]
Action.c(95): Detected non-resource "http://localhost:1080/cgi-bin/nav.pl?in=home" in "http://localhost:1080/cgi-bin/welcome.pl?signOff=1"  	[MsgId: MMSG-26574]
Action.c(95): Detected non-resource "http://localhost:1080/WebTours/home.html" in "http://localhost:1080/cgi-bin/welcome.pl?signOff=1"  	[MsgId: MMSG-26574]
Action.c(95): Retrieving data from cache for "http://localhost:1080/WebTours/home.html"  	[MsgId: MMSG-26558]
Action.c(95): Resource "http://localhost:1080/WebTours/images/mer_login.gif" is in the cache already and will not be downloaded again  	[MsgId: MMSG-26655]
Action.c(95): Registered web_reg_find successful for "Text=A Session ID has been created and loaded into a cookie called MSO" (count=1)  	[MsgId: MMSG-26364]
Action.c(95): web_url("SignOff Button") was successful, 2174 body bytes, 584 header bytes, 24 chunking overhead bytes  	[MsgId: MMSG-26385]
Action.c(105): Notify: Transaction "logout" ended with a "Pass" status (Duration: 5,2136 Wasted Time: 0,0000).	[MsgId: MMSG-16871]
Action.c(107): Notify: Transaction "UC1_login" ended with a "Pass" status (Duration: 26,0808 Think Time: 10,0279 Wasted Time: 0,0004).	[MsgId: MMSG-16870]
Ending action Action.	[MsgId: MMSG-15918]
Ending iteration 2.	[MsgId: MMSG-15965]
Waiting 93,9190 seconds for iteration pacing.	[MsgId: MMSG-15996]
Starting iteration 3.	[MsgId: MMSG-15968]
Starting action Action.	[MsgId: MMSG-15919]
Action.c(3): Notify: Transaction "UC1_login" started.	[MsgId: MMSG-16999]
Action.c(5): Notify: Transaction "open_home_page" started.	[MsgId: MMSG-16999]
Action.c(7): web_reg_find started  	[MsgId: MMSG-26355]
Action.c(7): Registering web_reg_find was successful  	[MsgId: MMSG-26390]
Action.c(10): web_add_auto_header("Sec-Fetch-Dest") started  	[MsgId: MMSG-26355]
Action.c(10): web_add_auto_header("Sec-Fetch-Dest") was successful  	[MsgId: MMSG-26392]
Action.c(13): web_add_auto_header("Sec-Fetch-Mode") started  	[MsgId: MMSG-26355]
Action.c(13): web_add_auto_header("Sec-Fetch-Mode") was successful  	[MsgId: MMSG-26392]
Action.c(16): web_add_auto_header("Sec-Fetch-Site") started  	[MsgId: MMSG-26355]
Action.c(16): web_add_auto_header("Sec-Fetch-Site") was successful  	[MsgId: MMSG-26392]
Action.c(19): web_add_auto_header("Upgrade-Insecure-Requests") started  	[MsgId: MMSG-26355]
Action.c(19): web_add_auto_header("Upgrade-Insecure-Requests") was successful  	[MsgId: MMSG-26392]
Action.c(22): web_add_auto_header("sec-ch-ua") started  	[MsgId: MMSG-26355]
Action.c(22): web_add_auto_header("sec-ch-ua") was successful  	[MsgId: MMSG-26392]
Action.c(25): web_add_auto_header("sec-ch-ua-mobile") started  	[MsgId: MMSG-26355]
Action.c(25): web_add_auto_header("sec-ch-ua-mobile") was successful  	[MsgId: MMSG-26392]
Action.c(28): web_add_auto_header("sec-ch-ua-platform") started  	[MsgId: MMSG-26355]
Action.c(28): web_add_auto_header("sec-ch-ua-platform") was successful  	[MsgId: MMSG-26392]
Action.c(32): web_reg_save_param_attrib started  	[MsgId: MMSG-26355]
Action.c(32): Registering web_reg_save_param_attrib was successful  	[MsgId: MMSG-26390]
Action.c(43): web_url("welcome.pl") started  	[MsgId: MMSG-26355]
Action.c(43): Detected non-resource "http://localhost:1080/cgi-bin/nav.pl?in=home" in "http://localhost:1080/cgi-bin/welcome.pl?signOff=true"  	[MsgId: MMSG-26574]
Action.c(43): Detected non-resource "http://localhost:1080/WebTours/home.html" in "http://localhost:1080/cgi-bin/welcome.pl?signOff=true"  	[MsgId: MMSG-26574]
Action.c(43): Found resource "http://localhost:1080/WebTours/images/mer_login.gif" in HTML "http://localhost:1080/cgi-bin/nav.pl?in=home"  	[MsgId: MMSG-26659]
Action.c(43): Registered web_reg_find successful for "Text=Welcome to the Web Tours site" (count=1)  	[MsgId: MMSG-26364]
Action.c(43): web_url("welcome.pl") was successful, 4212 body bytes, 1183 header bytes, 24 chunking overhead bytes  	[MsgId: MMSG-26385]
Action.c(53): Notify: Transaction "open_home_page" ended with a "Pass" status (Duration: 14,5424 Wasted Time: 0,0002).	[MsgId: MMSG-16871]
Action.c(55): lr_think_time: 5,00 seconds.	[MsgId: MMSG-15948]
Action.c(57): Notify: Transaction "enter_login" started.	[MsgId: MMSG-16999]
Action.c(60): web_reg_find started  	[MsgId: MMSG-26355]
Action.c(60): Registering web_reg_find was successful  	[MsgId: MMSG-26390]
Action.c(63): web_add_header("Origin") started  	[MsgId: MMSG-26355]
Action.c(63): web_add_header("Origin") was successful  	[MsgId: MMSG-26392]
Action.c(66): web_add_auto_header("Sec-Fetch-User") started  	[MsgId: MMSG-26355]
Action.c(66): web_add_auto_header("Sec-Fetch-User") was successful  	[MsgId: MMSG-26392]
Action.c(69): web_submit_data("login.pl") started  	[MsgId: MMSG-26355]
Action.c(69): Detected non-resource "http://localhost:1080/cgi-bin/nav.pl?page=menu&in=home" in "http://localhost:1080/cgi-bin/login.pl"  	[MsgId: MMSG-26574]
Action.c(69): Detected non-resource "http://localhost:1080/cgi-bin/login.pl?intro=true" in "http://localhost:1080/cgi-bin/login.pl"  	[MsgId: MMSG-26574]
Action.c(69): Found resource "http://localhost:1080/WebTours/images/flights.gif" in HTML "http://localhost:1080/cgi-bin/nav.pl?page=menu&in=home"  	[MsgId: MMSG-26659]
Action.c(69): Found resource "http://localhost:1080/WebTours/images/itinerary.gif" in HTML "http://localhost:1080/cgi-bin/nav.pl?page=menu&in=home"  	[MsgId: MMSG-26659]
Action.c(69): Found resource "http://localhost:1080/WebTours/images/in_home.gif" in HTML "http://localhost:1080/cgi-bin/nav.pl?page=menu&in=home"  	[MsgId: MMSG-26659]
Action.c(69): Found resource "http://localhost:1080/WebTours/images/signoff.gif" in HTML "http://localhost:1080/cgi-bin/nav.pl?page=menu&in=home"  	[MsgId: MMSG-26659]
Action.c(69): Registered web_reg_find successful for "Text=Welcome, <b>piero</b>, to the Web Tours" (count=1)  	[MsgId: MMSG-26364]
Action.c(69): web_submit_data("login.pl") was successful, 5780 body bytes, 2065 header bytes, 36 chunking overhead bytes  	[MsgId: MMSG-26385]
Action.c(86): Notify: Transaction "enter_login" ended with a "Pass" status (Duration: 15,2269 Wasted Time: 0,0000).	[MsgId: MMSG-16871]
Action.c(88): lr_think_time: 5,00 seconds.	[MsgId: MMSG-15948]
Action.c(90): Notify: Transaction "logout" started.	[MsgId: MMSG-16999]
Action.c(92): web_reg_find started  	[MsgId: MMSG-26355]
Action.c(92): Registering web_reg_find was successful  	[MsgId: MMSG-26390]
Action.c(95): web_url("SignOff Button") started  	[MsgId: MMSG-26355]
Action.c(95): Detected non-resource "http://localhost:1080/cgi-bin/nav.pl?in=home" in "http://localhost:1080/cgi-bin/welcome.pl?signOff=1"  	[MsgId: MMSG-26574]
Action.c(95): Detected non-resource "http://localhost:1080/WebTours/home.html" in "http://localhost:1080/cgi-bin/welcome.pl?signOff=1"  	[MsgId: MMSG-26574]
Action.c(95): Retrieving data from cache for "http://localhost:1080/WebTours/home.html"  	[MsgId: MMSG-26558]
Action.c(95): Resource "http://localhost:1080/WebTours/images/mer_login.gif" is in the cache already and will not be downloaded again  	[MsgId: MMSG-26655]
Action.c(95): Registered web_reg_find successful for "Text=A Session ID has been created and loaded into a cookie called MSO" (count=1)  	[MsgId: MMSG-26364]
Action.c(95): web_url("SignOff Button") was successful, 2176 body bytes, 584 header bytes, 24 chunking overhead bytes  	[MsgId: MMSG-26385]
Action.c(105): Notify: Transaction "logout" ended with a "Pass" status (Duration: 9,7797 Wasted Time: 0,0000).	[MsgId: MMSG-16871]
Action.c(107): Notify: Transaction "UC1_login" ended with a "Pass" status (Duration: 49,5793 Think Time: 10,0297 Wasted Time: 0,0003).	[MsgId: MMSG-16870]
Ending action Action.	[MsgId: MMSG-15918]
Ending iteration 3.	[MsgId: MMSG-15965]
Waiting 70,4200 seconds for iteration pacing.	[MsgId: MMSG-15996]
Starting iteration 4.	[MsgId: MMSG-15968]
Starting action Action.	[MsgId: MMSG-15919]
Action.c(3): Notify: Transaction "UC1_login" started.	[MsgId: MMSG-16999]
Action.c(5): Notify: Transaction "open_home_page" started.	[MsgId: MMSG-16999]
Action.c(7): web_reg_find started  	[MsgId: MMSG-26355]
Action.c(7): Registering web_reg_find was successful  	[MsgId: MMSG-26390]
Action.c(10): web_add_auto_header("Sec-Fetch-Dest") started  	[MsgId: MMSG-26355]
Action.c(10): web_add_auto_header("Sec-Fetch-Dest") was successful  	[MsgId: MMSG-26392]
Action.c(13): web_add_auto_header("Sec-Fetch-Mode") started  	[MsgId: MMSG-26355]
Action.c(13): web_add_auto_header("Sec-Fetch-Mode") was successful  	[MsgId: MMSG-26392]
Action.c(16): web_add_auto_header("Sec-Fetch-Site") started  	[MsgId: MMSG-26355]
Action.c(16): web_add_auto_header("Sec-Fetch-Site") was successful  	[MsgId: MMSG-26392]
Action.c(19): web_add_auto_header("Upgrade-Insecure-Requests") started  	[MsgId: MMSG-26355]
Action.c(19): web_add_auto_header("Upgrade-Insecure-Requests") was successful  	[MsgId: MMSG-26392]
Action.c(22): web_add_auto_header("sec-ch-ua") started  	[MsgId: MMSG-26355]
Action.c(22): web_add_auto_header("sec-ch-ua") was successful  	[MsgId: MMSG-26392]
Action.c(25): web_add_auto_header("sec-ch-ua-mobile") started  	[MsgId: MMSG-26355]
Action.c(25): web_add_auto_header("sec-ch-ua-mobile") was successful  	[MsgId: MMSG-26392]
Action.c(28): web_add_auto_header("sec-ch-ua-platform") started  	[MsgId: MMSG-26355]
Action.c(28): web_add_auto_header("sec-ch-ua-platform") was successful  	[MsgId: MMSG-26392]
Action.c(32): web_reg_save_param_attrib started  	[MsgId: MMSG-26355]
Action.c(32): Registering web_reg_save_param_attrib was successful  	[MsgId: MMSG-26390]
Action.c(43): web_url("welcome.pl") started  	[MsgId: MMSG-26355]
Action.c(43): Detected non-resource "http://localhost:1080/cgi-bin/nav.pl?in=home" in "http://localhost:1080/cgi-bin/welcome.pl?signOff=true"  	[MsgId: MMSG-26574]
Action.c(43): Detected non-resource "http://localhost:1080/WebTours/home.html" in "http://localhost:1080/cgi-bin/welcome.pl?signOff=true"  	[MsgId: MMSG-26574]
Action.c(43): Found resource "http://localhost:1080/WebTours/images/mer_login.gif" in HTML "http://localhost:1080/cgi-bin/nav.pl?in=home"  	[MsgId: MMSG-26659]
Action.c(43): Registered web_reg_find successful for "Text=Welcome to the Web Tours site" (count=1)  	[MsgId: MMSG-26364]
Action.c(43): web_url("welcome.pl") was successful, 4212 body bytes, 1182 header bytes, 24 chunking overhead bytes  	[MsgId: MMSG-26385]
Action.c(53): Notify: Transaction "open_home_page" ended with a "Pass" status (Duration: 8,4597 Wasted Time: 0,0002).	[MsgId: MMSG-16871]
Action.c(55): lr_think_time: 5,00 seconds.	[MsgId: MMSG-15948]
Action.c(57): Notify: Transaction "enter_login" started.	[MsgId: MMSG-16999]
Action.c(60): web_reg_find started  	[MsgId: MMSG-26355]
Action.c(60): Registering web_reg_find was successful  	[MsgId: MMSG-26390]
Action.c(63): web_add_header("Origin") started  	[MsgId: MMSG-26355]
Action.c(63): web_add_header("Origin") was successful  	[MsgId: MMSG-26392]
Action.c(66): web_add_auto_header("Sec-Fetch-User") started  	[MsgId: MMSG-26355]
Action.c(66): web_add_auto_header("Sec-Fetch-User") was successful  	[MsgId: MMSG-26392]
Action.c(69): web_submit_data("login.pl") started  	[MsgId: MMSG-26355]
Action.c(69): Detected non-resource "http://localhost:1080/cgi-bin/nav.pl?page=menu&in=home" in "http://localhost:1080/cgi-bin/login.pl"  	[MsgId: MMSG-26574]
Action.c(69): Detected non-resource "http://localhost:1080/cgi-bin/login.pl?intro=true" in "http://localhost:1080/cgi-bin/login.pl"  	[MsgId: MMSG-26574]
Action.c(69): Found resource "http://localhost:1080/WebTours/images/flights.gif" in HTML "http://localhost:1080/cgi-bin/nav.pl?page=menu&in=home"  	[MsgId: MMSG-26659]
Action.c(69): Found resource "http://localhost:1080/WebTours/images/itinerary.gif" in HTML "http://localhost:1080/cgi-bin/nav.pl?page=menu&in=home"  	[MsgId: MMSG-26659]
Action.c(69): Found resource "http://localhost:1080/WebTours/images/in_home.gif" in HTML "http://localhost:1080/cgi-bin/nav.pl?page=menu&in=home"  	[MsgId: MMSG-26659]
Action.c(69): Found resource "http://localhost:1080/WebTours/images/signoff.gif" in HTML "http://localhost:1080/cgi-bin/nav.pl?page=menu&in=home"  	[MsgId: MMSG-26659]
Action.c(69): Registered web_reg_find successful for "Text=Welcome, <b>duremar</b>, to the Web Tours" (count=1)  	[MsgId: MMSG-26364]
Action.c(69): web_submit_data("login.pl") was successful, 5782 body bytes, 2084 header bytes, 36 chunking overhead bytes  	[MsgId: MMSG-26385]
Action.c(86): Notify: Transaction "enter_login" ended with a "Pass" status (Duration: 14,5912 Wasted Time: 0,0000).	[MsgId: MMSG-16871]
Action.c(88): lr_think_time: 5,00 seconds.	[MsgId: MMSG-15948]
Action.c(90): Notify: Transaction "logout" started.	[MsgId: MMSG-16999]
Action.c(92): web_reg_find started  	[MsgId: MMSG-26355]
Action.c(92): Registering web_reg_find was successful  	[MsgId: MMSG-26390]
Action.c(95): web_url("SignOff Button") started  	[MsgId: MMSG-26355]
Action.c(95): Detected non-resource "http://localhost:1080/cgi-bin/nav.pl?in=home" in "http://localhost:1080/cgi-bin/welcome.pl?signOff=1"  	[MsgId: MMSG-26574]
Action.c(95): Detected non-resource "http://localhost:1080/WebTours/home.html" in "http://localhost:1080/cgi-bin/welcome.pl?signOff=1"  	[MsgId: MMSG-26574]
Action.c(95): Retrieving data from cache for "http://localhost:1080/WebTours/home.html"  	[MsgId: MMSG-26558]
Action.c(95): Resource "http://localhost:1080/WebTours/images/mer_login.gif" is in the cache already and will not be downloaded again  	[MsgId: MMSG-26655]
Action.c(95): Registered web_reg_find successful for "Text=A Session ID has been created and loaded into a cookie called MSO" (count=1)  	[MsgId: MMSG-26364]
Action.c(95): web_url("SignOff Button") was successful, 2176 body bytes, 584 header bytes, 24 chunking overhead bytes  	[MsgId: MMSG-26385]
Action.c(105): Notify: Transaction "logout" ended with a "Pass" status (Duration: 9,3025 Wasted Time: 0,0000).	[MsgId: MMSG-16871]
Action.c(107): Notify: Transaction "UC1_login" ended with a "Pass" status (Duration: 42,3750 Think Time: 10,0212 Wasted Time: 0,0003).	[MsgId: MMSG-16870]
Ending action Action.	[MsgId: MMSG-15918]
Ending iteration 4.	[MsgId: MMSG-15965]
Waiting 77,6240 seconds for iteration pacing.	[MsgId: MMSG-15996]
Starting iteration 5.	[MsgId: MMSG-15968]
Starting action Action.	[MsgId: MMSG-15919]
Action.c(3): Notify: Transaction "UC1_login" started.	[MsgId: MMSG-16999]
Action.c(5): Notify: Transaction "open_home_page" started.	[MsgId: MMSG-16999]
Action.c(7): web_reg_find started  	[MsgId: MMSG-26355]
Action.c(7): Registering web_reg_find was successful  	[MsgId: MMSG-26390]
Action.c(10): web_add_auto_header("Sec-Fetch-Dest") started  	[MsgId: MMSG-26355]
Action.c(10): web_add_auto_header("Sec-Fetch-Dest") was successful  	[MsgId: MMSG-26392]
Action.c(13): web_add_auto_header("Sec-Fetch-Mode") started  	[MsgId: MMSG-26355]
Action.c(13): web_add_auto_header("Sec-Fetch-Mode") was successful  	[MsgId: MMSG-26392]
Action.c(16): web_add_auto_header("Sec-Fetch-Site") started  	[MsgId: MMSG-26355]
Action.c(16): web_add_auto_header("Sec-Fetch-Site") was successful  	[MsgId: MMSG-26392]
Action.c(19): web_add_auto_header("Upgrade-Insecure-Requests") started  	[MsgId: MMSG-26355]
Action.c(19): web_add_auto_header("Upgrade-Insecure-Requests") was successful  	[MsgId: MMSG-26392]
Action.c(22): web_add_auto_header("sec-ch-ua") started  	[MsgId: MMSG-26355]
Action.c(22): web_add_auto_header("sec-ch-ua") was successful  	[MsgId: MMSG-26392]
Action.c(25): web_add_auto_header("sec-ch-ua-mobile") started  	[MsgId: MMSG-26355]
Action.c(25): web_add_auto_header("sec-ch-ua-mobile") was successful  	[MsgId: MMSG-26392]
Action.c(28): web_add_auto_header("sec-ch-ua-platform") started  	[MsgId: MMSG-26355]
Action.c(28): web_add_auto_header("sec-ch-ua-platform") was successful  	[MsgId: MMSG-26392]
Action.c(32): web_reg_save_param_attrib started  	[MsgId: MMSG-26355]
Action.c(32): Registering web_reg_save_param_attrib was successful  	[MsgId: MMSG-26390]
Action.c(43): web_url("welcome.pl") started  	[MsgId: MMSG-26355]
Action.c(43): Detected non-resource "http://localhost:1080/cgi-bin/nav.pl?in=home" in "http://localhost:1080/cgi-bin/welcome.pl?signOff=true"  	[MsgId: MMSG-26574]
Action.c(43): Detected non-resource "http://localhost:1080/WebTours/home.html" in "http://localhost:1080/cgi-bin/welcome.pl?signOff=true"  	[MsgId: MMSG-26574]
Action.c(43): Found resource "http://localhost:1080/WebTours/images/mer_login.gif" in HTML "http://localhost:1080/cgi-bin/nav.pl?in=home"  	[MsgId: MMSG-26659]
Action.c(43): Registered web_reg_find successful for "Text=Welcome to the Web Tours site" (count=1)  	[MsgId: MMSG-26364]
Action.c(43): web_url("welcome.pl") was successful, 4212 body bytes, 1182 header bytes, 24 chunking overhead bytes  	[MsgId: MMSG-26385]
Action.c(53): Notify: Transaction "open_home_page" ended with a "Pass" status (Duration: 9,5463 Wasted Time: 0,0003).	[MsgId: MMSG-16871]
Action.c(55): lr_think_time: 5,00 seconds.	[MsgId: MMSG-15948]
Action.c(57): Notify: Transaction "enter_login" started.	[MsgId: MMSG-16999]
Action.c(60): web_reg_find started  	[MsgId: MMSG-26355]
Action.c(60): Registering web_reg_find was successful  	[MsgId: MMSG-26390]
Action.c(63): web_add_header("Origin") started  	[MsgId: MMSG-26355]
Action.c(63): web_add_header("Origin") was successful  	[MsgId: MMSG-26392]
Action.c(66): web_add_auto_header("Sec-Fetch-User") started  	[MsgId: MMSG-26355]
Action.c(66): web_add_auto_header("Sec-Fetch-User") was successful  	[MsgId: MMSG-26392]
Action.c(69): web_submit_data("login.pl") started  	[MsgId: MMSG-26355]
Action.c(69): Detected non-resource "http://localhost:1080/cgi-bin/nav.pl?page=menu&in=home" in "http://localhost:1080/cgi-bin/login.pl"  	[MsgId: MMSG-26574]
Action.c(69): Detected non-resource "http://localhost:1080/cgi-bin/login.pl?intro=true" in "http://localhost:1080/cgi-bin/login.pl"  	[MsgId: MMSG-26574]
Action.c(69): Found resource "http://localhost:1080/WebTours/images/flights.gif" in HTML "http://localhost:1080/cgi-bin/nav.pl?page=menu&in=home"  	[MsgId: MMSG-26659]
Action.c(69): Found resource "http://localhost:1080/WebTours/images/itinerary.gif" in HTML "http://localhost:1080/cgi-bin/nav.pl?page=menu&in=home"  	[MsgId: MMSG-26659]
Action.c(69): Found resource "http://localhost:1080/WebTours/images/in_home.gif" in HTML "http://localhost:1080/cgi-bin/nav.pl?page=menu&in=home"  	[MsgId: MMSG-26659]
Action.c(69): Found resource "http://localhost:1080/WebTours/images/signoff.gif" in HTML "http://localhost:1080/cgi-bin/nav.pl?page=menu&in=home"  	[MsgId: MMSG-26659]
Action.c(69): Registered web_reg_find successful for "Text=Welcome, <b>piero</b>, to the Web Tours" (count=1)  	[MsgId: MMSG-26364]
Action.c(69): web_submit_data("login.pl") was successful, 5780 body bytes, 2065 header bytes, 36 chunking overhead bytes  	[MsgId: MMSG-26385]
Action.c(86): Notify: Transaction "enter_login" ended with a "Pass" status (Duration: 12,2016 Wasted Time: 0,0000).	[MsgId: MMSG-16871]
Action.c(88): lr_think_time: 5,00 seconds.	[MsgId: MMSG-15948]
Action.c(90): Notify: Transaction "logout" started.	[MsgId: MMSG-16999]
Action.c(92): web_reg_find started  	[MsgId: MMSG-26355]
Action.c(92): Registering web_reg_find was successful  	[MsgId: MMSG-26390]
Action.c(95): web_url("SignOff Button") started  	[MsgId: MMSG-26355]
Action.c(95): Detected non-resource "http://localhost:1080/cgi-bin/nav.pl?in=home" in "http://localhost:1080/cgi-bin/welcome.pl?signOff=1"  	[MsgId: MMSG-26574]
Action.c(95): Detected non-resource "http://localhost:1080/WebTours/home.html" in "http://localhost:1080/cgi-bin/welcome.pl?signOff=1"  	[MsgId: MMSG-26574]
Action.c(95): Retrieving data from cache for "http://localhost:1080/WebTours/home.html"  	[MsgId: MMSG-26558]
Action.c(95): Resource "http://localhost:1080/WebTours/images/mer_login.gif" is in the cache already and will not be downloaded again  	[MsgId: MMSG-26655]
Action.c(95): Registered web_reg_find successful for "Text=A Session ID has been created and loaded into a cookie called MSO" (count=1)  	[MsgId: MMSG-26364]
Action.c(95): web_url("SignOff Button") was successful, 2172 body bytes, 584 header bytes, 24 chunking overhead bytes  	[MsgId: MMSG-26385]
Action.c(105): Notify: Transaction "logout" ended with a "Pass" status (Duration: 7,5181 Wasted Time: 0,0000).	[MsgId: MMSG-16871]
Action.c(107): Notify: Transaction "UC1_login" ended with a "Pass" status (Duration: 39,2926 Think Time: 10,0261 Wasted Time: 0,0003).	[MsgId: MMSG-16870]
Ending action Action.	[MsgId: MMSG-15918]
Ending iteration 5.	[MsgId: MMSG-15965]
Waiting 80,7070 seconds for iteration pacing.	[MsgId: MMSG-15996]
Starting iteration 6.	[MsgId: MMSG-15968]
Starting action Action.	[MsgId: MMSG-15919]
Action.c(3): Notify: Transaction "UC1_login" started.	[MsgId: MMSG-16999]
Action.c(5): Notify: Transaction "open_home_page" started.	[MsgId: MMSG-16999]
Action.c(7): web_reg_find started  	[MsgId: MMSG-26355]
Action.c(7): Registering web_reg_find was successful  	[MsgId: MMSG-26390]
Action.c(10): web_add_auto_header("Sec-Fetch-Dest") started  	[MsgId: MMSG-26355]
Action.c(10): web_add_auto_header("Sec-Fetch-Dest") was successful  	[MsgId: MMSG-26392]
Action.c(13): web_add_auto_header("Sec-Fetch-Mode") started  	[MsgId: MMSG-26355]
Action.c(13): web_add_auto_header("Sec-Fetch-Mode") was successful  	[MsgId: MMSG-26392]
Action.c(16): web_add_auto_header("Sec-Fetch-Site") started  	[MsgId: MMSG-26355]
Action.c(16): web_add_auto_header("Sec-Fetch-Site") was successful  	[MsgId: MMSG-26392]
Action.c(19): web_add_auto_header("Upgrade-Insecure-Requests") started  	[MsgId: MMSG-26355]
Action.c(19): web_add_auto_header("Upgrade-Insecure-Requests") was successful  	[MsgId: MMSG-26392]
Action.c(22): web_add_auto_header("sec-ch-ua") started  	[MsgId: MMSG-26355]
Action.c(22): web_add_auto_header("sec-ch-ua") was successful  	[MsgId: MMSG-26392]
Action.c(25): web_add_auto_header("sec-ch-ua-mobile") started  	[MsgId: MMSG-26355]
Action.c(25): web_add_auto_header("sec-ch-ua-mobile") was successful  	[MsgId: MMSG-26392]
Action.c(28): web_add_auto_header("sec-ch-ua-platform") started  	[MsgId: MMSG-26355]
Action.c(28): web_add_auto_header("sec-ch-ua-platform") was successful  	[MsgId: MMSG-26392]
Action.c(32): web_reg_save_param_attrib started  	[MsgId: MMSG-26355]
Action.c(32): Registering web_reg_save_param_attrib was successful  	[MsgId: MMSG-26390]
Action.c(43): web_url("welcome.pl") started  	[MsgId: MMSG-26355]
Action.c(43): Detected non-resource "http://localhost:1080/cgi-bin/nav.pl?in=home" in "http://localhost:1080/cgi-bin/welcome.pl?signOff=true"  	[MsgId: MMSG-26574]
Action.c(43): Detected non-resource "http://localhost:1080/WebTours/home.html" in "http://localhost:1080/cgi-bin/welcome.pl?signOff=true"  	[MsgId: MMSG-26574]
Action.c(43): Found resource "http://localhost:1080/WebTours/images/mer_login.gif" in HTML "http://localhost:1080/cgi-bin/nav.pl?in=home"  	[MsgId: MMSG-26659]
Action.c(43): Registered web_reg_find successful for "Text=Welcome to the Web Tours site" (count=1)  	[MsgId: MMSG-26364]
Action.c(43): web_url("welcome.pl") was successful, 4216 body bytes, 1182 header bytes, 24 chunking overhead bytes  	[MsgId: MMSG-26385]
Action.c(53): Notify: Transaction "open_home_page" ended with a "Pass" status (Duration: 11,1717 Wasted Time: 0,0003).	[MsgId: MMSG-16871]
Action.c(55): lr_think_time: 5,00 seconds.	[MsgId: MMSG-15948]
Action.c(57): Notify: Transaction "enter_login" started.	[MsgId: MMSG-16999]
Action.c(60): web_reg_find started  	[MsgId: MMSG-26355]
Action.c(60): Registering web_reg_find was successful  	[MsgId: MMSG-26390]
Action.c(63): web_add_header("Origin") started  	[MsgId: MMSG-26355]
Action.c(63): web_add_header("Origin") was successful  	[MsgId: MMSG-26392]
Action.c(66): web_add_auto_header("Sec-Fetch-User") started  	[MsgId: MMSG-26355]
Action.c(66): web_add_auto_header("Sec-Fetch-User") was successful  	[MsgId: MMSG-26392]
Action.c(69): web_submit_data("login.pl") started  	[MsgId: MMSG-26355]
Action.c(69): Detected non-resource "http://localhost:1080/cgi-bin/nav.pl?page=menu&in=home" in "http://localhost:1080/cgi-bin/login.pl"  	[MsgId: MMSG-26574]
Action.c(69): Detected non-resource "http://localhost:1080/cgi-bin/login.pl?intro=true" in "http://localhost:1080/cgi-bin/login.pl"  	[MsgId: MMSG-26574]
Action.c(69): Found resource "http://localhost:1080/WebTours/images/flights.gif" in HTML "http://localhost:1080/cgi-bin/nav.pl?page=menu&in=home"  	[MsgId: MMSG-26659]
Action.c(69): Found resource "http://localhost:1080/WebTours/images/itinerary.gif" in HTML "http://localhost:1080/cgi-bin/nav.pl?page=menu&in=home"  	[MsgId: MMSG-26659]
Action.c(69): Found resource "http://localhost:1080/WebTours/images/in_home.gif" in HTML "http://localhost:1080/cgi-bin/nav.pl?page=menu&in=home"  	[MsgId: MMSG-26659]
Action.c(69): Found resource "http://localhost:1080/WebTours/images/signoff.gif" in HTML "http://localhost:1080/cgi-bin/nav.pl?page=menu&in=home"  	[MsgId: MMSG-26659]
Action.c(69): Registered web_reg_find successful for "Text=Welcome, <b>jojo</b>, to the Web Tours" (count=1)  	[MsgId: MMSG-26364]
Action.c(69): web_submit_data("login.pl") was successful, 5779 body bytes, 2059 header bytes, 36 chunking overhead bytes  	[MsgId: MMSG-26385]
Action.c(86): Notify: Transaction "enter_login" ended with a "Pass" status (Duration: 14,1694 Wasted Time: 0,0000).	[MsgId: MMSG-16871]
Action.c(88): lr_think_time: 5,00 seconds.	[MsgId: MMSG-15948]
Action.c(90): Notify: Transaction "logout" started.	[MsgId: MMSG-16999]
Action.c(92): web_reg_find started  	[MsgId: MMSG-26355]
Action.c(92): Registering web_reg_find was successful  	[MsgId: MMSG-26390]
Action.c(95): web_url("SignOff Button") started  	[MsgId: MMSG-26355]
Action.c(95): Detected non-resource "http://localhost:1080/cgi-bin/nav.pl?in=home" in "http://localhost:1080/cgi-bin/welcome.pl?signOff=1"  	[MsgId: MMSG-26574]
Action.c(95): Detected non-resource "http://localhost:1080/WebTours/home.html" in "http://localhost:1080/cgi-bin/welcome.pl?signOff=1"  	[MsgId: MMSG-26574]
Action.c(95): Retrieving data from cache for "http://localhost:1080/WebTours/home.html"  	[MsgId: MMSG-26558]
Action.c(95): Resource "http://localhost:1080/WebTours/images/mer_login.gif" is in the cache already and will not be downloaded again  	[MsgId: MMSG-26655]
Action.c(95): Registered web_reg_find successful for "Text=A Session ID has been created and loaded into a cookie called MSO" (count=1)  	[MsgId: MMSG-26364]
Action.c(95): web_url("SignOff Button") was successful, 2174 body bytes, 584 header bytes, 24 chunking overhead bytes  	[MsgId: MMSG-26385]
Action.c(105): Notify: Transaction "logout" ended with a "Pass" status (Duration: 9,1485 Wasted Time: 0,0000).	[MsgId: MMSG-16871]
Action.c(107): Notify: Transaction "UC1_login" ended with a "Pass" status (Duration: 44,5157 Think Time: 10,0257 Wasted Time: 0,0003).	[MsgId: MMSG-16870]
Ending action Action.	[MsgId: MMSG-15918]
Ending iteration 6.	[MsgId: MMSG-15965]
Waiting 75,4840 seconds for iteration pacing.	[MsgId: MMSG-15996]
Starting iteration 7.	[MsgId: MMSG-15968]
Starting action Action.	[MsgId: MMSG-15919]
Action.c(3): Notify: Transaction "UC1_login" started.	[MsgId: MMSG-16999]
Action.c(5): Notify: Transaction "open_home_page" started.	[MsgId: MMSG-16999]
Action.c(7): web_reg_find started  	[MsgId: MMSG-26355]
Action.c(7): Registering web_reg_find was successful  	[MsgId: MMSG-26390]
Action.c(10): web_add_auto_header("Sec-Fetch-Dest") started  	[MsgId: MMSG-26355]
Action.c(10): web_add_auto_header("Sec-Fetch-Dest") was successful  	[MsgId: MMSG-26392]
Action.c(13): web_add_auto_header("Sec-Fetch-Mode") started  	[MsgId: MMSG-26355]
Action.c(13): web_add_auto_header("Sec-Fetch-Mode") was successful  	[MsgId: MMSG-26392]
Action.c(16): web_add_auto_header("Sec-Fetch-Site") started  	[MsgId: MMSG-26355]
Action.c(16): web_add_auto_header("Sec-Fetch-Site") was successful  	[MsgId: MMSG-26392]
Action.c(19): web_add_auto_header("Upgrade-Insecure-Requests") started  	[MsgId: MMSG-26355]
Action.c(19): web_add_auto_header("Upgrade-Insecure-Requests") was successful  	[MsgId: MMSG-26392]
Action.c(22): web_add_auto_header("sec-ch-ua") started  	[MsgId: MMSG-26355]
Action.c(22): web_add_auto_header("sec-ch-ua") was successful  	[MsgId: MMSG-26392]
Action.c(25): web_add_auto_header("sec-ch-ua-mobile") started  	[MsgId: MMSG-26355]
Action.c(25): web_add_auto_header("sec-ch-ua-mobile") was successful  	[MsgId: MMSG-26392]
Action.c(28): web_add_auto_header("sec-ch-ua-platform") started  	[MsgId: MMSG-26355]
Action.c(28): web_add_auto_header("sec-ch-ua-platform") was successful  	[MsgId: MMSG-26392]
Action.c(32): web_reg_save_param_attrib started  	[MsgId: MMSG-26355]
Action.c(32): Registering web_reg_save_param_attrib was successful  	[MsgId: MMSG-26390]
Action.c(43): web_url("welcome.pl") started  	[MsgId: MMSG-26355]
Action.c(43): Detected non-resource "http://localhost:1080/cgi-bin/nav.pl?in=home" in "http://localhost:1080/cgi-bin/welcome.pl?signOff=true"  	[MsgId: MMSG-26574]
Action.c(43): Detected non-resource "http://localhost:1080/WebTours/home.html" in "http://localhost:1080/cgi-bin/welcome.pl?signOff=true"  	[MsgId: MMSG-26574]
Action.c(43): Found resource "http://localhost:1080/WebTours/images/mer_login.gif" in HTML "http://localhost:1080/cgi-bin/nav.pl?in=home"  	[MsgId: MMSG-26659]
Action.c(43): Registered web_reg_find successful for "Text=Welcome to the Web Tours site" (count=1)  	[MsgId: MMSG-26364]
Action.c(43): web_url("welcome.pl") was successful, 4212 body bytes, 1183 header bytes, 24 chunking overhead bytes  	[MsgId: MMSG-26385]
Action.c(53): Notify: Transaction "open_home_page" ended with a "Pass" status (Duration: 13,7196 Wasted Time: 0,0002).	[MsgId: MMSG-16871]
Action.c(55): lr_think_time: 5,00 seconds.	[MsgId: MMSG-15948]
Action.c(57): Notify: Transaction "enter_login" started.	[MsgId: MMSG-16999]
Action.c(60): web_reg_find started  	[MsgId: MMSG-26355]
Action.c(60): Registering web_reg_find was successful  	[MsgId: MMSG-26390]
Action.c(63): web_add_header("Origin") started  	[MsgId: MMSG-26355]
Action.c(63): web_add_header("Origin") was successful  	[MsgId: MMSG-26392]
Action.c(66): web_add_auto_header("Sec-Fetch-User") started  	[MsgId: MMSG-26355]
Action.c(66): web_add_auto_header("Sec-Fetch-User") was successful  	[MsgId: MMSG-26392]
Action.c(69): web_submit_data("login.pl") started  	[MsgId: MMSG-26355]
Action.c(69): Detected non-resource "http://localhost:1080/cgi-bin/nav.pl?page=menu&in=home" in "http://localhost:1080/cgi-bin/login.pl"  	[MsgId: MMSG-26574]
Action.c(69): Detected non-resource "http://localhost:1080/cgi-bin/login.pl?intro=true" in "http://localhost:1080/cgi-bin/login.pl"  	[MsgId: MMSG-26574]
Action.c(69): Found resource "http://localhost:1080/WebTours/images/flights.gif" in HTML "http://localhost:1080/cgi-bin/nav.pl?page=menu&in=home"  	[MsgId: MMSG-26659]
Action.c(69): Found resource "http://localhost:1080/WebTours/images/itinerary.gif" in HTML "http://localhost:1080/cgi-bin/nav.pl?page=menu&in=home"  	[MsgId: MMSG-26659]
Action.c(69): Found resource "http://localhost:1080/WebTours/images/in_home.gif" in HTML "http://localhost:1080/cgi-bin/nav.pl?page=menu&in=home"  	[MsgId: MMSG-26659]
Action.c(69): Found resource "http://localhost:1080/WebTours/images/signoff.gif" in HTML "http://localhost:1080/cgi-bin/nav.pl?page=menu&in=home"  	[MsgId: MMSG-26659]
Action.c(69): Registered web_reg_find successful for "Text=Welcome, <b>duremar</b>, to the Web Tours" (count=1)  	[MsgId: MMSG-26364]
Action.c(69): web_submit_data("login.pl") was successful, 5782 body bytes, 2083 header bytes, 36 chunking overhead bytes  	[MsgId: MMSG-26385]
Action.c(86): Notify: Transaction "enter_login" ended with a "Pass" status (Duration: 14,6736 Wasted Time: 0,0000).	[MsgId: MMSG-16871]
Action.c(88): lr_think_time: 5,00 seconds.	[MsgId: MMSG-15948]
Action.c(90): Notify: Transaction "logout" started.	[MsgId: MMSG-16999]
Action.c(92): web_reg_find started  	[MsgId: MMSG-26355]
Action.c(92): Registering web_reg_find was successful  	[MsgId: MMSG-26390]
Action.c(95): web_url("SignOff Button") started  	[MsgId: MMSG-26355]
Action.c(95): Detected non-resource "http://localhost:1080/cgi-bin/nav.pl?in=home" in "http://localhost:1080/cgi-bin/welcome.pl?signOff=1"  	[MsgId: MMSG-26574]
Action.c(95): Detected non-resource "http://localhost:1080/WebTours/home.html" in "http://localhost:1080/cgi-bin/welcome.pl?signOff=1"  	[MsgId: MMSG-26574]
Action.c(95): Retrieving data from cache for "http://localhost:1080/WebTours/home.html"  	[MsgId: MMSG-26558]
Action.c(95): Resource "http://localhost:1080/WebTours/images/mer_login.gif" is in the cache already and will not be downloaded again  	[MsgId: MMSG-26655]
Action.c(95): Registered web_reg_find successful for "Text=A Session ID has been created and loaded into a cookie called MSO" (count=1)  	[MsgId: MMSG-26364]
Action.c(95): web_url("SignOff Button") was successful, 2176 body bytes, 584 header bytes, 24 chunking overhead bytes  	[MsgId: MMSG-26385]
Action.c(105): Notify: Transaction "logout" ended with a "Pass" status (Duration: 6,8067 Wasted Time: 0,0000).	[MsgId: MMSG-16871]
Action.c(107): Notify: Transaction "UC1_login" ended with a "Pass" status (Duration: 45,2147 Think Time: 10,0144 Wasted Time: 0,0003).	[MsgId: MMSG-16870]
Ending action Action.	[MsgId: MMSG-15918]
Ending iteration 7.	[MsgId: MMSG-15965]
Waiting 74,7850 seconds for iteration pacing.	[MsgId: MMSG-15996]
Starting iteration 8.	[MsgId: MMSG-15968]
Starting action Action.	[MsgId: MMSG-15919]
Action.c(3): Notify: Transaction "UC1_login" started.	[MsgId: MMSG-16999]
Action.c(5): Notify: Transaction "open_home_page" started.	[MsgId: MMSG-16999]
Action.c(7): web_reg_find started  	[MsgId: MMSG-26355]
Action.c(7): Registering web_reg_find was successful  	[MsgId: MMSG-26390]
Action.c(10): web_add_auto_header("Sec-Fetch-Dest") started  	[MsgId: MMSG-26355]
Action.c(10): web_add_auto_header("Sec-Fetch-Dest") was successful  	[MsgId: MMSG-26392]
Action.c(13): web_add_auto_header("Sec-Fetch-Mode") started  	[MsgId: MMSG-26355]
Action.c(13): web_add_auto_header("Sec-Fetch-Mode") was successful  	[MsgId: MMSG-26392]
Action.c(16): web_add_auto_header("Sec-Fetch-Site") started  	[MsgId: MMSG-26355]
Action.c(16): web_add_auto_header("Sec-Fetch-Site") was successful  	[MsgId: MMSG-26392]
Action.c(19): web_add_auto_header("Upgrade-Insecure-Requests") started  	[MsgId: MMSG-26355]
Action.c(19): web_add_auto_header("Upgrade-Insecure-Requests") was successful  	[MsgId: MMSG-26392]
Action.c(22): web_add_auto_header("sec-ch-ua") started  	[MsgId: MMSG-26355]
Action.c(22): web_add_auto_header("sec-ch-ua") was successful  	[MsgId: MMSG-26392]
Action.c(25): web_add_auto_header("sec-ch-ua-mobile") started  	[MsgId: MMSG-26355]
Action.c(25): web_add_auto_header("sec-ch-ua-mobile") was successful  	[MsgId: MMSG-26392]
Action.c(28): web_add_auto_header("sec-ch-ua-platform") started  	[MsgId: MMSG-26355]
Action.c(28): web_add_auto_header("sec-ch-ua-platform") was successful  	[MsgId: MMSG-26392]
Action.c(32): web_reg_save_param_attrib started  	[MsgId: MMSG-26355]
Action.c(32): Registering web_reg_save_param_attrib was successful  	[MsgId: MMSG-26390]
Action.c(43): web_url("welcome.pl") started  	[MsgId: MMSG-26355]
Action.c(43): Detected non-resource "http://localhost:1080/cgi-bin/nav.pl?in=home" in "http://localhost:1080/cgi-bin/welcome.pl?signOff=true"  	[MsgId: MMSG-26574]
Action.c(43): Detected non-resource "http://localhost:1080/WebTours/home.html" in "http://localhost:1080/cgi-bin/welcome.pl?signOff=true"  	[MsgId: MMSG-26574]
Action.c(43): Found resource "http://localhost:1080/WebTours/images/mer_login.gif" in HTML "http://localhost:1080/cgi-bin/nav.pl?in=home"  	[MsgId: MMSG-26659]
Action.c(43): Registered web_reg_find successful for "Text=Welcome to the Web Tours site" (count=1)  	[MsgId: MMSG-26364]
Action.c(43): web_url("welcome.pl") was successful, 4215 body bytes, 1182 header bytes, 24 chunking overhead bytes  	[MsgId: MMSG-26385]
Action.c(53): Notify: Transaction "open_home_page" ended with a "Pass" status (Duration: 10,2747 Wasted Time: 0,0003).	[MsgId: MMSG-16871]
Action.c(55): lr_think_time: 5,00 seconds.	[MsgId: MMSG-15948]
Action.c(57): Notify: Transaction "enter_login" started.	[MsgId: MMSG-16999]
Action.c(60): web_reg_find started  	[MsgId: MMSG-26355]
Action.c(60): Registering web_reg_find was successful  	[MsgId: MMSG-26390]
Action.c(63): web_add_header("Origin") started  	[MsgId: MMSG-26355]
Action.c(63): web_add_header("Origin") was successful  	[MsgId: MMSG-26392]
Action.c(66): web_add_auto_header("Sec-Fetch-User") started  	[MsgId: MMSG-26355]
Action.c(66): web_add_auto_header("Sec-Fetch-User") was successful  	[MsgId: MMSG-26392]
Action.c(69): web_submit_data("login.pl") started  	[MsgId: MMSG-26355]
Action.c(69): Detected non-resource "http://localhost:1080/cgi-bin/nav.pl?page=menu&in=home" in "http://localhost:1080/cgi-bin/login.pl"  	[MsgId: MMSG-26574]
Action.c(69): Detected non-resource "http://localhost:1080/cgi-bin/login.pl?intro=true" in "http://localhost:1080/cgi-bin/login.pl"  	[MsgId: MMSG-26574]
Action.c(69): Found resource "http://localhost:1080/WebTours/images/flights.gif" in HTML "http://localhost:1080/cgi-bin/nav.pl?page=menu&in=home"  	[MsgId: MMSG-26659]
Action.c(69): Found resource "http://localhost:1080/WebTours/images/itinerary.gif" in HTML "http://localhost:1080/cgi-bin/nav.pl?page=menu&in=home"  	[MsgId: MMSG-26659]
Action.c(69): Found resource "http://localhost:1080/WebTours/images/in_home.gif" in HTML "http://localhost:1080/cgi-bin/nav.pl?page=menu&in=home"  	[MsgId: MMSG-26659]
Action.c(69): Found resource "http://localhost:1080/WebTours/images/signoff.gif" in HTML "http://localhost:1080/cgi-bin/nav.pl?page=menu&in=home"  	[MsgId: MMSG-26659]
Action.c(69): Registered web_reg_find successful for "Text=Welcome, <b>duremar</b>, to the Web Tours" (count=1)  	[MsgId: MMSG-26364]
Action.c(69): web_submit_data("login.pl") was successful, 5782 body bytes, 2084 header bytes, 36 chunking overhead bytes  	[MsgId: MMSG-26385]
Action.c(86): Notify: Transaction "enter_login" ended with a "Pass" status (Duration: 13,9851 Wasted Time: 0,0000).	[MsgId: MMSG-16871]
Action.c(88): lr_think_time: 5,00 seconds.	[MsgId: MMSG-15948]
Action.c(90): Notify: Transaction "logout" started.	[MsgId: MMSG-16999]
Action.c(92): web_reg_find started  	[MsgId: MMSG-26355]
Action.c(92): Registering web_reg_find was successful  	[MsgId: MMSG-26390]
Action.c(95): web_url("SignOff Button") started  	[MsgId: MMSG-26355]
Action.c(95): Detected non-resource "http://localhost:1080/cgi-bin/nav.pl?in=home" in "http://localhost:1080/cgi-bin/welcome.pl?signOff=1"  	[MsgId: MMSG-26574]
Action.c(95): Detected non-resource "http://localhost:1080/WebTours/home.html" in "http://localhost:1080/cgi-bin/welcome.pl?signOff=1"  	[MsgId: MMSG-26574]
Action.c(95): Retrieving data from cache for "http://localhost:1080/WebTours/home.html"  	[MsgId: MMSG-26558]
Action.c(95): Resource "http://localhost:1080/WebTours/images/mer_login.gif" is in the cache already and will not be downloaded again  	[MsgId: MMSG-26655]
Action.c(95): Registered web_reg_find successful for "Text=A Session ID has been created and loaded into a cookie called MSO" (count=1)  	[MsgId: MMSG-26364]
Action.c(95): web_url("SignOff Button") was successful, 2174 body bytes, 584 header bytes, 24 chunking overhead bytes  	[MsgId: MMSG-26385]
Action.c(105): Notify: Transaction "logout" ended with a "Pass" status (Duration: 9,8600 Wasted Time: 0,0000).	[MsgId: MMSG-16871]
Action.c(107): Notify: Transaction "UC1_login" ended with a "Pass" status (Duration: 44,1471 Think Time: 10,0268 Wasted Time: 0,0003).	[MsgId: MMSG-16870]
Ending action Action.	[MsgId: MMSG-15918]
Ending iteration 8.	[MsgId: MMSG-15965]
Waiting 75,8530 seconds for iteration pacing.	[MsgId: MMSG-15996]
Starting iteration 9.	[MsgId: MMSG-15968]
Starting action Action.	[MsgId: MMSG-15919]
Action.c(3): Notify: Transaction "UC1_login" started.	[MsgId: MMSG-16999]
Action.c(5): Notify: Transaction "open_home_page" started.	[MsgId: MMSG-16999]
Action.c(7): web_reg_find started  	[MsgId: MMSG-26355]
Action.c(7): Registering web_reg_find was successful  	[MsgId: MMSG-26390]
Action.c(10): web_add_auto_header("Sec-Fetch-Dest") started  	[MsgId: MMSG-26355]
Action.c(10): web_add_auto_header("Sec-Fetch-Dest") was successful  	[MsgId: MMSG-26392]
Action.c(13): web_add_auto_header("Sec-Fetch-Mode") started  	[MsgId: MMSG-26355]
Action.c(13): web_add_auto_header("Sec-Fetch-Mode") was successful  	[MsgId: MMSG-26392]
Action.c(16): web_add_auto_header("Sec-Fetch-Site") started  	[MsgId: MMSG-26355]
Action.c(16): web_add_auto_header("Sec-Fetch-Site") was successful  	[MsgId: MMSG-26392]
Action.c(19): web_add_auto_header("Upgrade-Insecure-Requests") started  	[MsgId: MMSG-26355]
Action.c(19): web_add_auto_header("Upgrade-Insecure-Requests") was successful  	[MsgId: MMSG-26392]
Action.c(22): web_add_auto_header("sec-ch-ua") started  	[MsgId: MMSG-26355]
Action.c(22): web_add_auto_header("sec-ch-ua") was successful  	[MsgId: MMSG-26392]
Action.c(25): web_add_auto_header("sec-ch-ua-mobile") started  	[MsgId: MMSG-26355]
Action.c(25): web_add_auto_header("sec-ch-ua-mobile") was successful  	[MsgId: MMSG-26392]
Action.c(28): web_add_auto_header("sec-ch-ua-platform") started  	[MsgId: MMSG-26355]
Action.c(28): web_add_auto_header("sec-ch-ua-platform") was successful  	[MsgId: MMSG-26392]
Action.c(32): web_reg_save_param_attrib started  	[MsgId: MMSG-26355]
Action.c(32): Registering web_reg_save_param_attrib was successful  	[MsgId: MMSG-26390]
Action.c(43): web_url("welcome.pl") started  	[MsgId: MMSG-26355]
Action.c(43): Detected non-resource "http://localhost:1080/cgi-bin/nav.pl?in=home" in "http://localhost:1080/cgi-bin/welcome.pl?signOff=true"  	[MsgId: MMSG-26574]
Action.c(43): Detected non-resource "http://localhost:1080/WebTours/home.html" in "http://localhost:1080/cgi-bin/welcome.pl?signOff=true"  	[MsgId: MMSG-26574]
Action.c(43): Found resource "http://localhost:1080/WebTours/images/mer_login.gif" in HTML "http://localhost:1080/cgi-bin/nav.pl?in=home"  	[MsgId: MMSG-26659]
Action.c(43): Registered web_reg_find successful for "Text=Welcome to the Web Tours site" (count=1)  	[MsgId: MMSG-26364]
Action.c(43): web_url("welcome.pl") was successful, 4212 body bytes, 1182 header bytes, 24 chunking overhead bytes  	[MsgId: MMSG-26385]
Action.c(53): Notify: Transaction "open_home_page" ended with a "Pass" status (Duration: 9,6098 Wasted Time: 0,0003).	[MsgId: MMSG-16871]
Action.c(55): lr_think_time: 5,00 seconds.	[MsgId: MMSG-15948]
Action.c(57): Notify: Transaction "enter_login" started.	[MsgId: MMSG-16999]
Action.c(60): web_reg_find started  	[MsgId: MMSG-26355]
Action.c(60): Registering web_reg_find was successful  	[MsgId: MMSG-26390]
Action.c(63): web_add_header("Origin") started  	[MsgId: MMSG-26355]
Action.c(63): web_add_header("Origin") was successful  	[MsgId: MMSG-26392]
Action.c(66): web_add_auto_header("Sec-Fetch-User") started  	[MsgId: MMSG-26355]
Action.c(66): web_add_auto_header("Sec-Fetch-User") was successful  	[MsgId: MMSG-26392]
Action.c(69): web_submit_data("login.pl") started  	[MsgId: MMSG-26355]
Action.c(69): Detected non-resource "http://localhost:1080/cgi-bin/nav.pl?page=menu&in=home" in "http://localhost:1080/cgi-bin/login.pl"  	[MsgId: MMSG-26574]
Action.c(69): Detected non-resource "http://localhost:1080/cgi-bin/login.pl?intro=true" in "http://localhost:1080/cgi-bin/login.pl"  	[MsgId: MMSG-26574]
Action.c(69): Found resource "http://localhost:1080/WebTours/images/flights.gif" in HTML "http://localhost:1080/cgi-bin/nav.pl?page=menu&in=home"  	[MsgId: MMSG-26659]
Action.c(69): Found resource "http://localhost:1080/WebTours/images/itinerary.gif" in HTML "http://localhost:1080/cgi-bin/nav.pl?page=menu&in=home"  	[MsgId: MMSG-26659]
Action.c(69): Found resource "http://localhost:1080/WebTours/images/in_home.gif" in HTML "http://localhost:1080/cgi-bin/nav.pl?page=menu&in=home"  	[MsgId: MMSG-26659]
Action.c(69): Found resource "http://localhost:1080/WebTours/images/signoff.gif" in HTML "http://localhost:1080/cgi-bin/nav.pl?page=menu&in=home"  	[MsgId: MMSG-26659]
Action.c(69): Registered web_reg_find successful for "Text=Welcome, <b>duremar</b>, to the Web Tours" (count=1)  	[MsgId: MMSG-26364]
Action.c(69): web_submit_data("login.pl") was successful, 5782 body bytes, 2084 header bytes, 36 chunking overhead bytes  	[MsgId: MMSG-26385]
Action.c(86): Notify: Transaction "enter_login" ended with a "Pass" status (Duration: 14,2958 Wasted Time: 0,0000).	[MsgId: MMSG-16871]
Action.c(88): lr_think_time: 5,00 seconds.	[MsgId: MMSG-15948]
Action.c(90): Notify: Transaction "logout" started.	[MsgId: MMSG-16999]
Action.c(92): web_reg_find started  	[MsgId: MMSG-26355]
Action.c(92): Registering web_reg_find was successful  	[MsgId: MMSG-26390]
Action.c(95): web_url("SignOff Button") started  	[MsgId: MMSG-26355]
Action.c(95): Detected non-resource "http://localhost:1080/cgi-bin/nav.pl?in=home" in "http://localhost:1080/cgi-bin/welcome.pl?signOff=1"  	[MsgId: MMSG-26574]
Action.c(95): Detected non-resource "http://localhost:1080/WebTours/home.html" in "http://localhost:1080/cgi-bin/welcome.pl?signOff=1"  	[MsgId: MMSG-26574]
Action.c(95): Retrieving data from cache for "http://localhost:1080/WebTours/home.html"  	[MsgId: MMSG-26558]
Action.c(95): Resource "http://localhost:1080/WebTours/images/mer_login.gif" is in the cache already and will not be downloaded again  	[MsgId: MMSG-26655]
Action.c(95): Registered web_reg_find successful for "Text=A Session ID has been created and loaded into a cookie called MSO" (count=1)  	[MsgId: MMSG-26364]
Action.c(95): web_url("SignOff Button") was successful, 2173 body bytes, 584 header bytes, 24 chunking overhead bytes  	[MsgId: MMSG-26385]
Action.c(105): Notify: Transaction "logout" ended with a "Pass" status (Duration: 10,0668 Wasted Time: 0,0000).	[MsgId: MMSG-16871]
Action.c(107): Notify: Transaction "UC1_login" ended with a "Pass" status (Duration: 43,9997 Think Time: 10,0268 Wasted Time: 0,0003).	[MsgId: MMSG-16870]
Ending action Action.	[MsgId: MMSG-15918]
Ending iteration 9.	[MsgId: MMSG-15965]
Waiting 76,0000 seconds for iteration pacing.	[MsgId: MMSG-15996]
Starting iteration 10.	[MsgId: MMSG-15968]
Starting action Action.	[MsgId: MMSG-15919]
Action.c(3): Notify: Transaction "UC1_login" started.	[MsgId: MMSG-16999]
Action.c(5): Notify: Transaction "open_home_page" started.	[MsgId: MMSG-16999]
Action.c(7): web_reg_find started  	[MsgId: MMSG-26355]
Action.c(7): Registering web_reg_find was successful  	[MsgId: MMSG-26390]
Action.c(10): web_add_auto_header("Sec-Fetch-Dest") started  	[MsgId: MMSG-26355]
Action.c(10): web_add_auto_header("Sec-Fetch-Dest") was successful  	[MsgId: MMSG-26392]
Action.c(13): web_add_auto_header("Sec-Fetch-Mode") started  	[MsgId: MMSG-26355]
Action.c(13): web_add_auto_header("Sec-Fetch-Mode") was successful  	[MsgId: MMSG-26392]
Action.c(16): web_add_auto_header("Sec-Fetch-Site") started  	[MsgId: MMSG-26355]
Action.c(16): web_add_auto_header("Sec-Fetch-Site") was successful  	[MsgId: MMSG-26392]
Action.c(19): web_add_auto_header("Upgrade-Insecure-Requests") started  	[MsgId: MMSG-26355]
Action.c(19): web_add_auto_header("Upgrade-Insecure-Requests") was successful  	[MsgId: MMSG-26392]
Action.c(22): web_add_auto_header("sec-ch-ua") started  	[MsgId: MMSG-26355]
Action.c(22): web_add_auto_header("sec-ch-ua") was successful  	[MsgId: MMSG-26392]
Action.c(25): web_add_auto_header("sec-ch-ua-mobile") started  	[MsgId: MMSG-26355]
Action.c(25): web_add_auto_header("sec-ch-ua-mobile") was successful  	[MsgId: MMSG-26392]
Action.c(28): web_add_auto_header("sec-ch-ua-platform") started  	[MsgId: MMSG-26355]
Action.c(28): web_add_auto_header("sec-ch-ua-platform") was successful  	[MsgId: MMSG-26392]
Action.c(32): web_reg_save_param_attrib started  	[MsgId: MMSG-26355]
Action.c(32): Registering web_reg_save_param_attrib was successful  	[MsgId: MMSG-26390]
Action.c(43): web_url("welcome.pl") started  	[MsgId: MMSG-26355]
Action.c(43): Detected non-resource "http://localhost:1080/cgi-bin/nav.pl?in=home" in "http://localhost:1080/cgi-bin/welcome.pl?signOff=true"  	[MsgId: MMSG-26574]
Action.c(43): Detected non-resource "http://localhost:1080/WebTours/home.html" in "http://localhost:1080/cgi-bin/welcome.pl?signOff=true"  	[MsgId: MMSG-26574]
Action.c(43): Found resource "http://localhost:1080/WebTours/images/mer_login.gif" in HTML "http://localhost:1080/cgi-bin/nav.pl?in=home"  	[MsgId: MMSG-26659]
Action.c(43): Registered web_reg_find successful for "Text=Welcome to the Web Tours site" (count=1)  	[MsgId: MMSG-26364]
Action.c(43): web_url("welcome.pl") was successful, 4212 body bytes, 1182 header bytes, 24 chunking overhead bytes  	[MsgId: MMSG-26385]
Action.c(53): Notify: Transaction "open_home_page" ended with a "Pass" status (Duration: 10,0318 Wasted Time: 0,0003).	[MsgId: MMSG-16871]
Action.c(55): lr_think_time: 5,00 seconds.	[MsgId: MMSG-15948]
Action.c(57): Notify: Transaction "enter_login" started.	[MsgId: MMSG-16999]
Action.c(60): web_reg_find started  	[MsgId: MMSG-26355]
Action.c(60): Registering web_reg_find was successful  	[MsgId: MMSG-26390]
Action.c(63): web_add_header("Origin") started  	[MsgId: MMSG-26355]
Action.c(63): web_add_header("Origin") was successful  	[MsgId: MMSG-26392]
Action.c(66): web_add_auto_header("Sec-Fetch-User") started  	[MsgId: MMSG-26355]
Action.c(66): web_add_auto_header("Sec-Fetch-User") was successful  	[MsgId: MMSG-26392]
Action.c(69): web_submit_data("login.pl") started  	[MsgId: MMSG-26355]
Action.c(69): Detected non-resource "http://localhost:1080/cgi-bin/nav.pl?page=menu&in=home" in "http://localhost:1080/cgi-bin/login.pl"  	[MsgId: MMSG-26574]
Action.c(69): Detected non-resource "http://localhost:1080/cgi-bin/login.pl?intro=true" in "http://localhost:1080/cgi-bin/login.pl"  	[MsgId: MMSG-26574]
Action.c(69): Found resource "http://localhost:1080/WebTours/images/flights.gif" in HTML "http://localhost:1080/cgi-bin/nav.pl?page=menu&in=home"  	[MsgId: MMSG-26659]
Action.c(69): Found resource "http://localhost:1080/WebTours/images/itinerary.gif" in HTML "http://localhost:1080/cgi-bin/nav.pl?page=menu&in=home"  	[MsgId: MMSG-26659]
Action.c(69): Found resource "http://localhost:1080/WebTours/images/in_home.gif" in HTML "http://localhost:1080/cgi-bin/nav.pl?page=menu&in=home"  	[MsgId: MMSG-26659]
Action.c(69): Found resource "http://localhost:1080/WebTours/images/signoff.gif" in HTML "http://localhost:1080/cgi-bin/nav.pl?page=menu&in=home"  	[MsgId: MMSG-26659]
Action.c(69): Registered web_reg_find successful for "Text=Welcome, <b>malvina</b>, to the Web Tours" (count=1)  	[MsgId: MMSG-26364]
Action.c(69): web_submit_data("login.pl") was successful, 5782 body bytes, 2079 header bytes, 36 chunking overhead bytes  	[MsgId: MMSG-26385]
Action.c(86): Notify: Transaction "enter_login" ended with a "Pass" status (Duration: 10,2176 Wasted Time: 0,0000).	[MsgId: MMSG-16871]
Action.c(88): lr_think_time: 5,00 seconds.	[MsgId: MMSG-15948]
Action.c(90): Notify: Transaction "logout" started.	[MsgId: MMSG-16999]
Action.c(92): web_reg_find started  	[MsgId: MMSG-26355]
Action.c(92): Registering web_reg_find was successful  	[MsgId: MMSG-26390]
Action.c(95): web_url("SignOff Button") started  	[MsgId: MMSG-26355]
Action.c(95): Detected non-resource "http://localhost:1080/cgi-bin/nav.pl?in=home" in "http://localhost:1080/cgi-bin/welcome.pl?signOff=1"  	[MsgId: MMSG-26574]
Action.c(95): Detected non-resource "http://localhost:1080/WebTours/home.html" in "http://localhost:1080/cgi-bin/welcome.pl?signOff=1"  	[MsgId: MMSG-26574]
Action.c(95): Retrieving data from cache for "http://localhost:1080/WebTours/home.html"  	[MsgId: MMSG-26558]
Action.c(95): Resource "http://localhost:1080/WebTours/images/mer_login.gif" is in the cache already and will not be downloaded again  	[MsgId: MMSG-26655]
Action.c(95): Registered web_reg_find successful for "Text=A Session ID has been created and loaded into a cookie called MSO" (count=1)  	[MsgId: MMSG-26364]
Action.c(95): web_url("SignOff Button") was successful, 2174 body bytes, 584 header bytes, 24 chunking overhead bytes  	[MsgId: MMSG-26385]
Action.c(105): Notify: Transaction "logout" ended with a "Pass" status (Duration: 10,2663 Wasted Time: 0,0000).	[MsgId: MMSG-16871]
Action.c(107): Notify: Transaction "UC1_login" ended with a "Pass" status (Duration: 40,5437 Think Time: 10,0274 Wasted Time: 0,0003).	[MsgId: MMSG-16870]
Ending action Action.	[MsgId: MMSG-15918]
Ending iteration 10.	[MsgId: MMSG-15965]
Waiting 79,4560 seconds for iteration pacing.	[MsgId: MMSG-15996]
Starting iteration 11.	[MsgId: MMSG-15968]
Starting action Action.	[MsgId: MMSG-15919]
Action.c(3): Notify: Transaction "UC1_login" started.	[MsgId: MMSG-16999]
Action.c(5): Notify: Transaction "open_home_page" started.	[MsgId: MMSG-16999]
Action.c(7): web_reg_find started  	[MsgId: MMSG-26355]
Action.c(7): Registering web_reg_find was successful  	[MsgId: MMSG-26390]
Action.c(10): web_add_auto_header("Sec-Fetch-Dest") started  	[MsgId: MMSG-26355]
Action.c(10): web_add_auto_header("Sec-Fetch-Dest") was successful  	[MsgId: MMSG-26392]
Action.c(13): web_add_auto_header("Sec-Fetch-Mode") started  	[MsgId: MMSG-26355]
Action.c(13): web_add_auto_header("Sec-Fetch-Mode") was successful  	[MsgId: MMSG-26392]
Action.c(16): web_add_auto_header("Sec-Fetch-Site") started  	[MsgId: MMSG-26355]
Action.c(16): web_add_auto_header("Sec-Fetch-Site") was successful  	[MsgId: MMSG-26392]
Action.c(19): web_add_auto_header("Upgrade-Insecure-Requests") started  	[MsgId: MMSG-26355]
Action.c(19): web_add_auto_header("Upgrade-Insecure-Requests") was successful  	[MsgId: MMSG-26392]
Action.c(22): web_add_auto_header("sec-ch-ua") started  	[MsgId: MMSG-26355]
Action.c(22): web_add_auto_header("sec-ch-ua") was successful  	[MsgId: MMSG-26392]
Action.c(25): web_add_auto_header("sec-ch-ua-mobile") started  	[MsgId: MMSG-26355]
Action.c(25): web_add_auto_header("sec-ch-ua-mobile") was successful  	[MsgId: MMSG-26392]
Action.c(28): web_add_auto_header("sec-ch-ua-platform") started  	[MsgId: MMSG-26355]
Action.c(28): web_add_auto_header("sec-ch-ua-platform") was successful  	[MsgId: MMSG-26392]
Action.c(32): web_reg_save_param_attrib started  	[MsgId: MMSG-26355]
Action.c(32): Registering web_reg_save_param_attrib was successful  	[MsgId: MMSG-26390]
Action.c(43): web_url("welcome.pl") started  	[MsgId: MMSG-26355]
Action.c(43): Detected non-resource "http://localhost:1080/cgi-bin/nav.pl?in=home" in "http://localhost:1080/cgi-bin/welcome.pl?signOff=true"  	[MsgId: MMSG-26574]
Action.c(43): Detected non-resource "http://localhost:1080/WebTours/home.html" in "http://localhost:1080/cgi-bin/welcome.pl?signOff=true"  	[MsgId: MMSG-26574]
Action.c(43): Found resource "http://localhost:1080/WebTours/images/mer_login.gif" in HTML "http://localhost:1080/cgi-bin/nav.pl?in=home"  	[MsgId: MMSG-26659]
Action.c(43): Registered web_reg_find successful for "Text=Welcome to the Web Tours site" (count=1)  	[MsgId: MMSG-26364]
Action.c(43): web_url("welcome.pl") was successful, 4212 body bytes, 1182 header bytes, 24 chunking overhead bytes  	[MsgId: MMSG-26385]
Action.c(53): Notify: Transaction "open_home_page" ended with a "Pass" status (Duration: 9,5084 Wasted Time: 0,0003).	[MsgId: MMSG-16871]
Action.c(55): lr_think_time: 5,00 seconds.	[MsgId: MMSG-15948]
Action.c(57): Notify: Transaction "enter_login" started.	[MsgId: MMSG-16999]
Action.c(60): web_reg_find started  	[MsgId: MMSG-26355]
Action.c(60): Registering web_reg_find was successful  	[MsgId: MMSG-26390]
Action.c(63): web_add_header("Origin") started  	[MsgId: MMSG-26355]
Action.c(63): web_add_header("Origin") was successful  	[MsgId: MMSG-26392]
Action.c(66): web_add_auto_header("Sec-Fetch-User") started  	[MsgId: MMSG-26355]
Action.c(66): web_add_auto_header("Sec-Fetch-User") was successful  	[MsgId: MMSG-26392]
Action.c(69): web_submit_data("login.pl") started  	[MsgId: MMSG-26355]
Action.c(69): Detected non-resource "http://localhost:1080/cgi-bin/nav.pl?page=menu&in=home" in "http://localhost:1080/cgi-bin/login.pl"  	[MsgId: MMSG-26574]
Action.c(69): Detected non-resource "http://localhost:1080/cgi-bin/login.pl?intro=true" in "http://localhost:1080/cgi-bin/login.pl"  	[MsgId: MMSG-26574]
Action.c(69): Found resource "http://localhost:1080/WebTours/images/flights.gif" in HTML "http://localhost:1080/cgi-bin/nav.pl?page=menu&in=home"  	[MsgId: MMSG-26659]
Action.c(69): Found resource "http://localhost:1080/WebTours/images/itinerary.gif" in HTML "http://localhost:1080/cgi-bin/nav.pl?page=menu&in=home"  	[MsgId: MMSG-26659]
Action.c(69): Found resource "http://localhost:1080/WebTours/images/in_home.gif" in HTML "http://localhost:1080/cgi-bin/nav.pl?page=menu&in=home"  	[MsgId: MMSG-26659]
Action.c(69): Found resource "http://localhost:1080/WebTours/images/signoff.gif" in HTML "http://localhost:1080/cgi-bin/nav.pl?page=menu&in=home"  	[MsgId: MMSG-26659]
Action.c(69): Registered web_reg_find successful for "Text=Welcome, <b>duremar</b>, to the Web Tours" (count=1)  	[MsgId: MMSG-26364]
Action.c(69): web_submit_data("login.pl") was successful, 5782 body bytes, 2083 header bytes, 36 chunking overhead bytes  	[MsgId: MMSG-26385]
Action.c(86): Notify: Transaction "enter_login" ended with a "Pass" status (Duration: 14,9346 Wasted Time: 0,0000).	[MsgId: MMSG-16871]
Action.c(88): lr_think_time: 5,00 seconds.	[MsgId: MMSG-15948]
Action.c(90): Notify: Transaction "logout" started.	[MsgId: MMSG-16999]
Action.c(92): web_reg_find started  	[MsgId: MMSG-26355]
Action.c(92): Registering web_reg_find was successful  	[MsgId: MMSG-26390]
Action.c(95): web_url("SignOff Button") started  	[MsgId: MMSG-26355]
Action.c(95): Detected non-resource "http://localhost:1080/cgi-bin/nav.pl?in=home" in "http://localhost:1080/cgi-bin/welcome.pl?signOff=1"  	[MsgId: MMSG-26574]
Action.c(95): Detected non-resource "http://localhost:1080/WebTours/home.html" in "http://localhost:1080/cgi-bin/welcome.pl?signOff=1"  	[MsgId: MMSG-26574]
Action.c(95): Retrieving data from cache for "http://localhost:1080/WebTours/home.html"  	[MsgId: MMSG-26558]
Action.c(95): Resource "http://localhost:1080/WebTours/images/mer_login.gif" is in the cache already and will not be downloaded again  	[MsgId: MMSG-26655]
Action.c(95): Registered web_reg_find successful for "Text=A Session ID has been created and loaded into a cookie called MSO" (count=1)  	[MsgId: MMSG-26364]
Action.c(95): web_url("SignOff Button") was successful, 2176 body bytes, 584 header bytes, 24 chunking overhead bytes  	[MsgId: MMSG-26385]
Action.c(105): Notify: Transaction "logout" ended with a "Pass" status (Duration: 7,8934 Wasted Time: 0,0000).	[MsgId: MMSG-16871]
Action.c(107): Notify: Transaction "UC1_login" ended with a "Pass" status (Duration: 42,3636 Think Time: 10,0268 Wasted Time: 0,0003).	[MsgId: MMSG-16870]
Ending action Action.	[MsgId: MMSG-15918]
Ending iteration 11.	[MsgId: MMSG-15965]
Waiting 77,6360 seconds for iteration pacing.	[MsgId: MMSG-15996]
Starting iteration 12.	[MsgId: MMSG-15968]
Starting action Action.	[MsgId: MMSG-15919]
Action.c(3): Notify: Transaction "UC1_login" started.	[MsgId: MMSG-16999]
Action.c(5): Notify: Transaction "open_home_page" started.	[MsgId: MMSG-16999]
Action.c(7): web_reg_find started  	[MsgId: MMSG-26355]
Action.c(7): Registering web_reg_find was successful  	[MsgId: MMSG-26390]
Action.c(10): web_add_auto_header("Sec-Fetch-Dest") started  	[MsgId: MMSG-26355]
Action.c(10): web_add_auto_header("Sec-Fetch-Dest") was successful  	[MsgId: MMSG-26392]
Action.c(13): web_add_auto_header("Sec-Fetch-Mode") started  	[MsgId: MMSG-26355]
Action.c(13): web_add_auto_header("Sec-Fetch-Mode") was successful  	[MsgId: MMSG-26392]
Action.c(16): web_add_auto_header("Sec-Fetch-Site") started  	[MsgId: MMSG-26355]
Action.c(16): web_add_auto_header("Sec-Fetch-Site") was successful  	[MsgId: MMSG-26392]
Action.c(19): web_add_auto_header("Upgrade-Insecure-Requests") started  	[MsgId: MMSG-26355]
Action.c(19): web_add_auto_header("Upgrade-Insecure-Requests") was successful  	[MsgId: MMSG-26392]
Action.c(22): web_add_auto_header("sec-ch-ua") started  	[MsgId: MMSG-26355]
Action.c(22): web_add_auto_header("sec-ch-ua") was successful  	[MsgId: MMSG-26392]
Action.c(25): web_add_auto_header("sec-ch-ua-mobile") started  	[MsgId: MMSG-26355]
Action.c(25): web_add_auto_header("sec-ch-ua-mobile") was successful  	[MsgId: MMSG-26392]
Action.c(28): web_add_auto_header("sec-ch-ua-platform") started  	[MsgId: MMSG-26355]
Action.c(28): web_add_auto_header("sec-ch-ua-platform") was successful  	[MsgId: MMSG-26392]
Action.c(32): web_reg_save_param_attrib started  	[MsgId: MMSG-26355]
Action.c(32): Registering web_reg_save_param_attrib was successful  	[MsgId: MMSG-26390]
Action.c(43): web_url("welcome.pl") started  	[MsgId: MMSG-26355]
Action.c(43): Detected non-resource "http://localhost:1080/cgi-bin/nav.pl?in=home" in "http://localhost:1080/cgi-bin/welcome.pl?signOff=true"  	[MsgId: MMSG-26574]
Action.c(43): Detected non-resource "http://localhost:1080/WebTours/home.html" in "http://localhost:1080/cgi-bin/welcome.pl?signOff=true"  	[MsgId: MMSG-26574]
Action.c(43): Found resource "http://localhost:1080/WebTours/images/mer_login.gif" in HTML "http://localhost:1080/cgi-bin/nav.pl?in=home"  	[MsgId: MMSG-26659]
Action.c(43): Registered web_reg_find successful for "Text=Welcome to the Web Tours site" (count=1)  	[MsgId: MMSG-26364]
Action.c(43): web_url("welcome.pl") was successful, 4212 body bytes, 1182 header bytes, 24 chunking overhead bytes  	[MsgId: MMSG-26385]
Action.c(53): Notify: Transaction "open_home_page" ended with a "Pass" status (Duration: 9,4363 Wasted Time: 0,0002).	[MsgId: MMSG-16871]
Action.c(55): lr_think_time: 5,00 seconds.	[MsgId: MMSG-15948]
Action.c(57): Notify: Transaction "enter_login" started.	[MsgId: MMSG-16999]
Action.c(60): web_reg_find started  	[MsgId: MMSG-26355]
Action.c(60): Registering web_reg_find was successful  	[MsgId: MMSG-26390]
Action.c(63): web_add_header("Origin") started  	[MsgId: MMSG-26355]
Action.c(63): web_add_header("Origin") was successful  	[MsgId: MMSG-26392]
Action.c(66): web_add_auto_header("Sec-Fetch-User") started  	[MsgId: MMSG-26355]
Action.c(66): web_add_auto_header("Sec-Fetch-User") was successful  	[MsgId: MMSG-26392]
Action.c(69): web_submit_data("login.pl") started  	[MsgId: MMSG-26355]
Action.c(69): Detected non-resource "http://localhost:1080/cgi-bin/nav.pl?page=menu&in=home" in "http://localhost:1080/cgi-bin/login.pl"  	[MsgId: MMSG-26574]
Action.c(69): Detected non-resource "http://localhost:1080/cgi-bin/login.pl?intro=true" in "http://localhost:1080/cgi-bin/login.pl"  	[MsgId: MMSG-26574]
Action.c(69): Found resource "http://localhost:1080/WebTours/images/flights.gif" in HTML "http://localhost:1080/cgi-bin/nav.pl?page=menu&in=home"  	[MsgId: MMSG-26659]
Action.c(69): Found resource "http://localhost:1080/WebTours/images/itinerary.gif" in HTML "http://localhost:1080/cgi-bin/nav.pl?page=menu&in=home"  	[MsgId: MMSG-26659]
Action.c(69): Found resource "http://localhost:1080/WebTours/images/in_home.gif" in HTML "http://localhost:1080/cgi-bin/nav.pl?page=menu&in=home"  	[MsgId: MMSG-26659]
Action.c(69): Found resource "http://localhost:1080/WebTours/images/signoff.gif" in HTML "http://localhost:1080/cgi-bin/nav.pl?page=menu&in=home"  	[MsgId: MMSG-26659]
Action.c(69): Registered web_reg_find successful for "Text=Welcome, <b>artemon</b>, to the Web Tours" (count=1)  	[MsgId: MMSG-26364]
Action.c(69): web_submit_data("login.pl") was successful, 5782 body bytes, 2073 header bytes, 36 chunking overhead bytes  	[MsgId: MMSG-26385]
Action.c(86): Notify: Transaction "enter_login" ended with a "Pass" status (Duration: 14,6183 Wasted Time: 0,0000).	[MsgId: MMSG-16871]
Action.c(88): lr_think_time: 5,00 seconds.	[MsgId: MMSG-15948]
Action.c(90): Notify: Transaction "logout" started.	[MsgId: MMSG-16999]
Action.c(92): web_reg_find started  	[MsgId: MMSG-26355]
Action.c(92): Registering web_reg_find was successful  	[MsgId: MMSG-26390]
Action.c(95): web_url("SignOff Button") started  	[MsgId: MMSG-26355]
Action.c(95): Detected non-resource "http://localhost:1080/cgi-bin/nav.pl?in=home" in "http://localhost:1080/cgi-bin/welcome.pl?signOff=1"  	[MsgId: MMSG-26574]
Action.c(95): Detected non-resource "http://localhost:1080/WebTours/home.html" in "http://localhost:1080/cgi-bin/welcome.pl?signOff=1"  	[MsgId: MMSG-26574]
Action.c(95): Retrieving data from cache for "http://localhost:1080/WebTours/home.html"  	[MsgId: MMSG-26558]
Action.c(95): Resource "http://localhost:1080/WebTours/images/mer_login.gif" is in the cache already and will not be downloaded again  	[MsgId: MMSG-26655]
Action.c(95): Registered web_reg_find successful for "Text=A Session ID has been created and loaded into a cookie called MSO" (count=1)  	[MsgId: MMSG-26364]
Action.c(95): web_url("SignOff Button") was successful, 2170 body bytes, 584 header bytes, 24 chunking overhead bytes  	[MsgId: MMSG-26385]
Action.c(105): Notify: Transaction "logout" ended with a "Pass" status (Duration: 8,6192 Wasted Time: 0,0000).	[MsgId: MMSG-16871]
Action.c(107): Notify: Transaction "UC1_login" ended with a "Pass" status (Duration: 42,6881 Think Time: 10,0140 Wasted Time: 0,0003).	[MsgId: MMSG-16870]
Ending action Action.	[MsgId: MMSG-15918]
Ending iteration 12.	[MsgId: MMSG-15965]
Waiting 77,3120 seconds for iteration pacing.	[MsgId: MMSG-15996]
Ending Vuser...	[MsgId: MMSG-15966]
Starting action vuser_end.	[MsgId: MMSG-15919]
Ending action vuser_end.	[MsgId: MMSG-15918]
Vuser Terminated.	[MsgId: MMSG-15963]
