Virtual User Script started at: 23.04.2023 18:09:07
Virtual User Script started at: 23.04.2023 18:09:07
Running Vuser...
Starting action vuser_init.
Web Turbo Replay of LoadRunner 2021.0.0 for Windows 10; build 430 (џэт 05 2021 19:27:22)  	[MsgId: MMSG-26983]
Run mode: HTML  	[MsgId: MMSG-26993]
Replay user agent: Mozilla/5.0 (Windows NT 10.0; Win64; x64) AppleWebKit/537.36 (KHTML, like Gecko) Chrome/111.0.0.0 Safari/537.36  	[MsgId: MMSG-26988]
Runtime Settings file: "C:\Users\svp31\Documents\VuGen\Scripts\UC3_BuyTicket\\default.cfg"  	[MsgId: MMSG-27141]
Ending action vuser_init.
Running Vuser...
Starting iteration 1.
Maximum number of concurrent connections per server: 6  	[MsgId: MMSG-26989]
Starting action Action.
Action.c(4): Notify: Transaction "UC3_Buy_Ticket" started.
Action.c(6): web_set_sockets_option started  	[MsgId: MMSG-26355]
Action.c(6): web_set_sockets_option was successful  	[MsgId: MMSG-26392]
Action.c(8): Notify: Transaction "open_home_page" started.
Action.c(10): web_reg_find started  	[MsgId: MMSG-26355]
Action.c(10): Registering web_reg_find was successful  	[MsgId: MMSG-26390]
Action.c(13): web_add_auto_header("Sec-Fetch-Dest") started  	[MsgId: MMSG-26355]
Action.c(13): web_add_auto_header("Sec-Fetch-Dest") was successful  	[MsgId: MMSG-26392]
Action.c(16): web_add_auto_header("Sec-Fetch-Mode") started  	[MsgId: MMSG-26355]
Action.c(16): web_add_auto_header("Sec-Fetch-Mode") was successful  	[MsgId: MMSG-26392]
Action.c(19): web_add_auto_header("Sec-Fetch-Site") started  	[MsgId: MMSG-26355]
Action.c(19): web_add_auto_header("Sec-Fetch-Site") was successful  	[MsgId: MMSG-26392]
Action.c(22): web_add_auto_header("Upgrade-Insecure-Requests") started  	[MsgId: MMSG-26355]
Action.c(22): web_add_auto_header("Upgrade-Insecure-Requests") was successful  	[MsgId: MMSG-26392]
Action.c(25): web_add_auto_header("sec-ch-ua") started  	[MsgId: MMSG-26355]
Action.c(25): web_add_auto_header("sec-ch-ua") was successful  	[MsgId: MMSG-26392]
Action.c(28): web_add_auto_header("sec-ch-ua-mobile") started  	[MsgId: MMSG-26355]
Action.c(28): web_add_auto_header("sec-ch-ua-mobile") was successful  	[MsgId: MMSG-26392]
Action.c(31): web_add_auto_header("sec-ch-ua-platform") started  	[MsgId: MMSG-26355]
Action.c(31): web_add_auto_header("sec-ch-ua-platform") was successful  	[MsgId: MMSG-26392]
Action.c(35): web_reg_save_param_attrib started  	[MsgId: MMSG-26355]
Action.c(35): Registering web_reg_save_param_attrib was successful  	[MsgId: MMSG-26390]
Action.c(46): web_url("welcome.pl") started  	[MsgId: MMSG-26355]
Action.c(46): Detected non-resource "http://localhost:1080/cgi-bin/nav.pl?in=home" in "http://localhost:1080/cgi-bin/welcome.pl?signOff=true"  	[MsgId: MMSG-26574]
Action.c(46): Detected non-resource "http://localhost:1080/WebTours/home.html" in "http://localhost:1080/cgi-bin/welcome.pl?signOff=true"  	[MsgId: MMSG-26574]
Action.c(46): Found resource "http://localhost:1080/WebTours/images/mer_login.gif" in HTML "http://localhost:1080/cgi-bin/nav.pl?in=home"  	[MsgId: MMSG-26659]
Action.c(46): Registered web_reg_find successful for "Text=Welcome to the Web Tours site" (count=1)  	[MsgId: MMSG-26364]
Action.c(46): web_url("welcome.pl") was successful, 4214 body bytes, 1182 header bytes, 24 chunking overhead bytes  	[MsgId: MMSG-26385]
Action.c(56): Notify: Transaction "open_home_page" ended with a "Pass" status (Duration: 0,5813 Wasted Time: 0,1074).
Action.c(60): Notify: Transaction "enter_login" started.
Action.c(62): web_reg_find started  	[MsgId: MMSG-26355]
Action.c(62): Registering web_reg_find was successful  	[MsgId: MMSG-26390]
Action.c(65): web_add_header("Origin") started  	[MsgId: MMSG-26355]
Action.c(65): web_add_header("Origin") was successful  	[MsgId: MMSG-26392]
Action.c(68): web_add_auto_header("Sec-Fetch-User") started  	[MsgId: MMSG-26355]
Action.c(68): web_add_auto_header("Sec-Fetch-User") was successful  	[MsgId: MMSG-26392]
Action.c(71): web_submit_data("login.pl") started  	[MsgId: MMSG-26355]
Action.c(71): Detected non-resource "http://localhost:1080/cgi-bin/nav.pl?page=menu&in=home" in "http://localhost:1080/cgi-bin/login.pl"  	[MsgId: MMSG-26574]
Action.c(71): Detected non-resource "http://localhost:1080/cgi-bin/login.pl?intro=true" in "http://localhost:1080/cgi-bin/login.pl"  	[MsgId: MMSG-26574]
Action.c(71): Found resource "http://localhost:1080/WebTours/images/flights.gif" in HTML "http://localhost:1080/cgi-bin/nav.pl?page=menu&in=home"  	[MsgId: MMSG-26659]
Action.c(71): Found resource "http://localhost:1080/WebTours/images/itinerary.gif" in HTML "http://localhost:1080/cgi-bin/nav.pl?page=menu&in=home"  	[MsgId: MMSG-26659]
Action.c(71): Found resource "http://localhost:1080/WebTours/images/in_home.gif" in HTML "http://localhost:1080/cgi-bin/nav.pl?page=menu&in=home"  	[MsgId: MMSG-26659]
Action.c(71): Found resource "http://localhost:1080/WebTours/images/signoff.gif" in HTML "http://localhost:1080/cgi-bin/nav.pl?page=menu&in=home"  	[MsgId: MMSG-26659]
Action.c(71): Registered web_reg_find successful for "Text=Welcome, <b>karlo</b>, to the Web Tours" (count=1)  	[MsgId: MMSG-26364]
Action.c(71): web_submit_data("login.pl") was successful, 5780 body bytes, 2074 header bytes, 36 chunking overhead bytes  	[MsgId: MMSG-26385]
Action.c(87): Notify: Transaction "enter_login" ended with a "Pass" status (Duration: 0.2048 Wasted Time: 0.0072).
Action.c(91): Notify: Transaction "click_flights" started.
Action.c(93): web_reg_find started  	[MsgId: MMSG-26355]
Action.c(93): Registering web_reg_find was successful  	[MsgId: MMSG-26390]
Action.c(96): web_remove_auto_header("Sec-Fetch-User") started  	[MsgId: MMSG-26355]
Action.c(96): Previous automatically added web header for "Sec-Fetch-User" removed  	[MsgId: MMSG-26587]
Action.c(96): web_remove/revert_auto_header("Sec-Fetch-User") was successful  	[MsgId: MMSG-26392]
Action.c(98): web_url("Search Flights Button") started  	[MsgId: MMSG-26355]
Action.c(98): Detected non-resource "http://localhost:1080/cgi-bin/nav.pl?page=menu&in=flights" in "http://localhost:1080/cgi-bin/welcome.pl?page=search"  	[MsgId: MMSG-26574]
Action.c(98): Detected non-resource "http://localhost:1080/cgi-bin/reservations.pl?page=welcome" in "http://localhost:1080/cgi-bin/welcome.pl?page=search"  	[MsgId: MMSG-26574]
Action.c(98): Found resource "http://localhost:1080/WebTours/images/in_flights.gif" in HTML "http://localhost:1080/cgi-bin/nav.pl?page=menu&in=flights"  	[MsgId: MMSG-26659]
Action.c(98): Resource "http://localhost:1080/WebTours/images/itinerary.gif" is in the cache already and will not be downloaded again  	[MsgId: MMSG-26655]
Action.c(98): Found resource "http://localhost:1080/WebTours/images/home.gif" in HTML "http://localhost:1080/cgi-bin/nav.pl?page=menu&in=flights"  	[MsgId: MMSG-26659]
Action.c(98): Resource "http://localhost:1080/WebTours/images/signoff.gif" is in the cache already and will not be downloaded again  	[MsgId: MMSG-26655]
Action.c(98): Found resource "http://localhost:1080/WebTours/images/button_next.gif" in HTML "http://localhost:1080/cgi-bin/reservations.pl?page=welcome"  	[MsgId: MMSG-26659]
Action.c(98): Registered web_reg_find successful for "Text=User has returned to the search page" (count=1)  	[MsgId: MMSG-26364]
Action.c(98): web_url("Search Flights Button") was successful, 8516 body bytes, 1619 header bytes, 43 chunking overhead bytes  	[MsgId: MMSG-26385]
Action.c(108): Notify: Transaction "click_flights" ended with a "Pass" status (Duration: 0.2359 Wasted Time: 0.0075).
Action.c(112): Notify: Transaction "search_tickets" started.
Action.c(114): web_reg_find started  	[MsgId: MMSG-26355]
Action.c(114): Registering web_reg_find was successful  	[MsgId: MMSG-26390]
Action.c(117): web_add_auto_header("Origin") started  	[MsgId: MMSG-26355]
Action.c(117): web_add_auto_header("Origin") was successful  	[MsgId: MMSG-26392]
Action.c(120): web_add_auto_header("Sec-Fetch-User") started  	[MsgId: MMSG-26355]
Action.c(120): web_add_auto_header("Sec-Fetch-User") was successful  	[MsgId: MMSG-26392]
Action.c(124): web_reg_save_param_attrib started  	[MsgId: MMSG-26355]
Action.c(124): Registering web_reg_save_param_attrib was successful  	[MsgId: MMSG-26390]
Action.c(135): web_submit_data("reservations.pl") started  	[MsgId: MMSG-26355]
Action.c(135): Resource "http://localhost:1080/WebTours/images/button_next.gif" is in the cache already and will not be downloaded again  	[MsgId: MMSG-26655]
Action.c(135): Registered web_reg_find successful for "Text=Flight departing from <B>Portland</B> to <B>Seattle</B> on <B>04/23/2023</B>" (count=1)  	[MsgId: MMSG-26364]
Action.c(135): web_submit_data("reservations.pl") was successful, 2440 body bytes, 255 header bytes, 12 chunking overhead bytes  	[MsgId: MMSG-26385]
Action.c(159): Notify: Transaction "search_tickets" ended with a "Pass" status (Duration: 0,1562 Wasted Time: 0,0069).
Action.c(163): Notify: Transaction "choose_ticket" started.
Action.c(165): web_reg_find started  	[MsgId: MMSG-26355]
Action.c(165): Registering web_reg_find was successful  	[MsgId: MMSG-26390]
Action.c(168): web_submit_data("reservations.pl_2") started  	[MsgId: MMSG-26355]
Action.c(168): Resource "http://localhost:1080/WebTours/images/button_next.gif" is in the cache already and will not be downloaded again  	[MsgId: MMSG-26655]
Action.c(168): Registered web_reg_find successful for "Text=Flight Reservation" (count=1)  	[MsgId: MMSG-26364]
Action.c(168): web_submit_data("reservations.pl_2") was successful, 2756 body bytes, 255 header bytes, 12 chunking overhead bytes  	[MsgId: MMSG-26385]
Action.c(186): Notify: Transaction "choose_ticket" ended with a "Pass" status (Duration: 0,1097 Wasted Time: 0,0046).
Action.c(190): Notify: Transaction "payment" started.
Action.c(192): web_reg_find started  	[MsgId: MMSG-26355]
Action.c(192): Registering web_reg_find was successful  	[MsgId: MMSG-26390]
Action.c(195): web_submit_data("reservations.pl_3") started  	[MsgId: MMSG-26355]
Action.c(195): Found resource "http://localhost:1080/WebTours/images/bookanother.gif" in HTML "http://localhost:1080/cgi-bin/reservations.pl"  	[MsgId: MMSG-26659]
Action.c(195): Registered web_reg_find successful for "Text=from Portland to Seattle" (count=1)  	[MsgId: MMSG-26364]
Action.c(195): web_submit_data("reservations.pl_3") was successful, 3294 body bytes, 737 header bytes, 12 chunking overhead bytes  	[MsgId: MMSG-26385]
Action.c(225): Notify: Transaction "payment" ended with a "Pass" status (Duration: 0.1098 Wasted Time: 0.0048).
Action.c(229): Notify: Transaction "click_itinerary" started.
Action.c(231): web_reg_find started  	[MsgId: MMSG-26355]
Action.c(231): Registering web_reg_find was successful  	[MsgId: MMSG-26390]
Action.c(234): web_url("Itinerary Button") started  	[MsgId: MMSG-26355]
Action.c(234): Detected non-resource "http://localhost:1080/cgi-bin/nav.pl?page=menu&in=itinerary" in "http://localhost:1080/cgi-bin/welcome.pl?page=itinerary"  	[MsgId: MMSG-26574]
Action.c(234): Detected non-resource "http://localhost:1080/cgi-bin/itinerary.pl" in "http://localhost:1080/cgi-bin/welcome.pl?page=itinerary"  	[MsgId: MMSG-26574]
Action.c(234): Resource "http://localhost:1080/WebTours/images/flights.gif" is in the cache already and will not be downloaded again  	[MsgId: MMSG-26655]
Action.c(234): Found resource "http://localhost:1080/WebTours/images/in_itinerary.gif" in HTML "http://localhost:1080/cgi-bin/nav.pl?page=menu&in=itinerary"  	[MsgId: MMSG-26659]
Action.c(234): Resource "http://localhost:1080/WebTours/images/home.gif" is in the cache already and will not be downloaded again  	[MsgId: MMSG-26655]
Action.c(234): Resource "http://localhost:1080/WebTours/images/signoff.gif" is in the cache already and will not be downloaded again  	[MsgId: MMSG-26655]
Action.c(234): Found resource "http://localhost:1080/WebTours/images/cancelreservation.gif" in HTML "http://localhost:1080/cgi-bin/itinerary.pl"  	[MsgId: MMSG-26659]
Action.c(234): Found resource "http://localhost:1080/WebTours/images/cancelallreservations.gif" in HTML "http://localhost:1080/cgi-bin/itinerary.pl"  	[MsgId: MMSG-26659]
Action.c(234): Registered web_reg_find successful for "Text=font color="white"><B>Charles III Windsor
 's Flight Transaction Summary" (count=1)  	[MsgId: MMSG-26364]
Action.c(234): web_url("Itinerary Button") was successful, 56984 body bytes, 1619 header bytes, 131 chunking overhead bytes  	[MsgId: MMSG-26385]
Action.c(244): Notify: Transaction "click_itinerary" ended with a "Pass" status (Duration: 0,2177 Wasted Time: 0,0069).
Action.c(269): Notify: Transaction "UC3_Buy_Ticket" ended with a "Pass" status (Duration: 1,8831 Wasted Time: 0,1454).
Ending action Action.
Ending iteration 1.
Ending Vuser...
Starting action vuser_end.
Ending action vuser_end.
Vuser Terminated.
