Ending action Action.	[MsgId: MMSG-15918]
Ending iteration 50.	[MsgId: MMSG-15965]
Waiting 50,9710 seconds for iteration pacing.	[MsgId: MMSG-15996]
Action.c(91): Notify: Transaction "click_flights" started.	[MsgId: MMSG-16999]
Action.c(93): web_reg_find started  	[MsgId: MMSG-26355]
Action.c(93): Registering web_reg_find was successful  	[MsgId: MMSG-26390]
Action.c(96): web_remove_auto_header("Sec-Fetch-User") started  	[MsgId: MMSG-26355]
Action.c(96): Previous automatically added web header for "Sec-Fetch-User" removed  	[MsgId: MMSG-26587]
Action.c(96): web_remove/revert_auto_header("Sec-Fetch-User") was successful  	[MsgId: MMSG-26392]
Action.c(98): web_url("Search Flights Button") started  	[MsgId: MMSG-26355]
Action.c(98): Detected non-resource "http://localhost:1080/cgi-bin/nav.pl?page=menu&in=flights" in "http://localhost:1080/cgi-bin/welcome.pl?page=search"  	[MsgId: MMSG-26574]
Action.c(98): Detected non-resource "http://localhost:1080/cgi-bin/reservations.pl?page=welcome" in "http://localhost:1080/cgi-bin/welcome.pl?page=search"  	[MsgId: MMSG-26574]
Action.c(98): Found resource "http://localhost:1080/WebTours/images/in_flights.gif" in HTML "http://localhost:1080/cgi-bin/nav.pl?page=menu&in=flights"  	[MsgId: MMSG-26659]
Action.c(98): Resource "http://localhost:1080/WebTours/images/itinerary.gif" is in the cache already and will not be downloaded again  	[MsgId: MMSG-26655]
Action.c(98): Found resource "http://localhost:1080/WebTours/images/home.gif" in HTML "http://localhost:1080/cgi-bin/nav.pl?page=menu&in=flights"  	[MsgId: MMSG-26659]
Action.c(98): Resource "http://localhost:1080/WebTours/images/signoff.gif" is in the cache already and will not be downloaded again  	[MsgId: MMSG-26655]
Action.c(98): Found resource "http://localhost:1080/WebTours/images/button_next.gif" in HTML "http://localhost:1080/cgi-bin/reservations.pl?page=welcome"  	[MsgId: MMSG-26659]
Action.c(98): Registered web_reg_find successful for "Text=User has returned to the search page" (count=1)  	[MsgId: MMSG-26364]
Action.c(98): web_url("Search Flights Button") was successful, 8516 body bytes, 1623 header bytes, 43 chunking overhead bytes  	[MsgId: MMSG-26385]
Action.c(108): Notify: Transaction "click_flights" ended with a "Pass" status (Duration: 0,1572 Wasted Time: 0,0000).	[MsgId: MMSG-16871]
Action.c(110): lr_think_time: 5,00 seconds.	[MsgId: MMSG-15948]
Action.c(112): Notify: Transaction "search_tickets" started.	[MsgId: MMSG-16999]
Action.c(114): web_reg_find started  	[MsgId: MMSG-26355]
Action.c(114): Registering web_reg_find was successful  	[MsgId: MMSG-26390]
Action.c(117): web_add_auto_header("Origin") started  	[MsgId: MMSG-26355]
Action.c(117): web_add_auto_header("Origin") was successful  	[MsgId: MMSG-26392]
Action.c(120): web_add_auto_header("Sec-Fetch-User") started  	[MsgId: MMSG-26355]
Action.c(120): web_add_auto_header("Sec-Fetch-User") was successful  	[MsgId: MMSG-26392]
Action.c(124): web_reg_save_param_attrib started  	[MsgId: MMSG-26355]
Action.c(124): Registering web_reg_save_param_attrib was successful  	[MsgId: MMSG-26390]
Action.c(135): web_submit_data("reservations.pl") started  	[MsgId: MMSG-26355]
Action.c(135): Resource "http://localhost:1080/WebTours/images/button_next.gif" is in the cache already and will not be downloaded again  	[MsgId: MMSG-26655]
Action.c(135): Registered web_reg_find successful for "Text=Flight departing from <B>Sydney</B> to <B>London</B> on <B>05/03/2023</B>" (count=1)  	[MsgId: MMSG-26364]
Action.c(135): web_submit_data("reservations.pl") was successful, 2448 body bytes, 256 header bytes, 12 chunking overhead bytes  	[MsgId: MMSG-26385]
Action.c(159): Notify: Transaction "search_tickets" ended with a "Pass" status (Duration: 0,0384 Wasted Time: 0,0002).	[MsgId: MMSG-16871]
Action.c(161): lr_think_time: 5,00 seconds.	[MsgId: MMSG-15948]
Ending Vuser...	[MsgId: MMSG-15966]
Starting action vuser_end.	[MsgId: MMSG-15919]
Ending action vuser_end.	[MsgId: MMSG-15918]
Vuser Terminated.	[MsgId: MMSG-15963]
Ending Vuser...	[MsgId: MMSG-15966]
Starting action vuser_end.	[MsgId: MMSG-15919]
Ending action vuser_end.	[MsgId: MMSG-15918]
Vuser Terminated.	[MsgId: MMSG-15963]
Ending Vuser...	[MsgId: MMSG-15966]
Starting action vuser_end.	[MsgId: MMSG-15919]
Ending action vuser_end.	[MsgId: MMSG-15918]
Vuser Terminated.	[MsgId: MMSG-15963]
Ending Vuser...	[MsgId: MMSG-15966]
Starting action vuser_end.	[MsgId: MMSG-15919]
Ending action vuser_end.	[MsgId: MMSG-15918]
Ending Vuser...	[MsgId: MMSG-15966]
Vuser Terminated.	[MsgId: MMSG-15963]
Starting action vuser_end.	[MsgId: MMSG-15919]
Ending action vuser_end.	[MsgId: MMSG-15918]
Ending Vuser...	[MsgId: MMSG-15966]
Vuser Terminated.	[MsgId: MMSG-15963]
Starting action vuser_end.	[MsgId: MMSG-15919]
Ending action vuser_end.	[MsgId: MMSG-15918]
Vuser Terminated.	[MsgId: MMSG-15963]
Ending Vuser...	[MsgId: MMSG-15966]
Starting action vuser_end.	[MsgId: MMSG-15919]
Ending Vuser...	[MsgId: MMSG-15966]
Ending action vuser_end.	[MsgId: MMSG-15918]
Starting action vuser_end.	[MsgId: MMSG-15919]
Vuser Terminated.	[MsgId: MMSG-15963]
Ending action vuser_end.	[MsgId: MMSG-15918]
Vuser Terminated.	[MsgId: MMSG-15963]
Action.c(190): Notify: Transaction "payment" started.	[MsgId: MMSG-16999]
Action.c(192): web_reg_find started  	[MsgId: MMSG-26355]
Action.c(192): Registering web_reg_find was successful  	[MsgId: MMSG-26390]
Action.c(195): web_submit_data("reservations.pl_3") started  	[MsgId: MMSG-26355]
Action.c(195): Found resource "http://localhost:1080/WebTours/images/bookanother.gif" in HTML "http://localhost:1080/cgi-bin/reservations.pl"  	[MsgId: MMSG-26659]
Action.c(195): Registered web_reg_find successful for "Text=from Denver to Denver" (count=1)  	[MsgId: MMSG-26364]
Action.c(195): web_submit_data("reservations.pl_3") was successful, 3278 body bytes, 727 header bytes, 12 chunking overhead bytes  	[MsgId: MMSG-26385]
Action.c(225): Notify: Transaction "payment" ended with a "Pass" status (Duration: 0,0454 Wasted Time: 0,0000).	[MsgId: MMSG-16871]
Action.c(227): lr_think_time: 5,00 seconds.	[MsgId: MMSG-15948]
Action.c(229): Notify: Transaction "click_itinerary" started.	[MsgId: MMSG-16999]
Action.c(231): web_reg_find started  	[MsgId: MMSG-26355]
Action.c(231): Registering web_reg_find was successful  	[MsgId: MMSG-26390]
Action.c(234): web_url("Itinerary Button") started  	[MsgId: MMSG-26355]
Action.c(234): Detected non-resource "http://localhost:1080/cgi-bin/nav.pl?page=menu&in=itinerary" in "http://localhost:1080/cgi-bin/welcome.pl?page=itinerary"  	[MsgId: MMSG-26574]
Action.c(234): Detected non-resource "http://localhost:1080/cgi-bin/itinerary.pl" in "http://localhost:1080/cgi-bin/welcome.pl?page=itinerary"  	[MsgId: MMSG-26574]
Action.c(234): Resource "http://localhost:1080/WebTours/images/flights.gif" is in the cache already and will not be downloaded again  	[MsgId: MMSG-26655]
Action.c(234): Found resource "http://localhost:1080/WebTours/images/in_itinerary.gif" in HTML "http://localhost:1080/cgi-bin/nav.pl?page=menu&in=itinerary"  	[MsgId: MMSG-26659]
Action.c(234): Resource "http://localhost:1080/WebTours/images/home.gif" is in the cache already and will not be downloaded again  	[MsgId: MMSG-26655]
Action.c(234): Resource "http://localhost:1080/WebTours/images/signoff.gif" is in the cache already and will not be downloaded again  	[MsgId: MMSG-26655]
Action.c(234): Found resource "http://localhost:1080/WebTours/images/cancelreservation.gif" in HTML "http://localhost:1080/cgi-bin/itinerary.pl"  	[MsgId: MMSG-26659]
Action.c(234): Found resource "http://localhost:1080/WebTours/images/cancelallreservations.gif" in HTML "http://localhost:1080/cgi-bin/itinerary.pl"  	[MsgId: MMSG-26659]
Action.c(234): Registered web_reg_find successful for "Text=font color="white"><B>Charles III Windsor
 's Flight Transaction Summary" (count=1)  	[MsgId: MMSG-26364]
Action.c(234): web_url("Itinerary Button") was successful, 810624 body bytes, 1622 header bytes, 1539 chunking overhead bytes  	[MsgId: MMSG-26385]
Action.c(244): Notify: Transaction "click_itinerary" ended with a "Pass" status (Duration: 0,1989 Wasted Time: 0,0011).	[MsgId: MMSG-16871]
Action.c(269): Notify: Transaction "UC3_Buy_Ticket" ended with a "Pass" status (Duration: 30,8186 Think Time: 30,0484 Wasted Time: 0,0019).	[MsgId: MMSG-16870]
Ending action Action.	[MsgId: MMSG-15918]
Ending Vuser...	[MsgId: MMSG-15966]
Starting action vuser_end.	[MsgId: MMSG-15919]
Ending action vuser_end.	[MsgId: MMSG-15918]
Vuser Terminated.	[MsgId: MMSG-15963]
Action.c(91): Notify: Transaction "click_flights" started.	[MsgId: MMSG-16999]
Action.c(93): web_reg_find started  	[MsgId: MMSG-26355]
Action.c(93): Registering web_reg_find was successful  	[MsgId: MMSG-26390]
Action.c(96): web_remove_auto_header("Sec-Fetch-User") started  	[MsgId: MMSG-26355]
Action.c(96): Previous automatically added web header for "Sec-Fetch-User" removed  	[MsgId: MMSG-26587]
Action.c(96): web_remove/revert_auto_header("Sec-Fetch-User") was successful  	[MsgId: MMSG-26392]
Action.c(98): web_url("Search Flights Button") started  	[MsgId: MMSG-26355]
Action.c(98): Detected non-resource "http://localhost:1080/cgi-bin/nav.pl?page=menu&in=flights" in "http://localhost:1080/cgi-bin/welcome.pl?page=search"  	[MsgId: MMSG-26574]
Action.c(98): Detected non-resource "http://localhost:1080/cgi-bin/reservations.pl?page=welcome" in "http://localhost:1080/cgi-bin/welcome.pl?page=search"  	[MsgId: MMSG-26574]
Action.c(163): Notify: Transaction "choose_ticket" started.	[MsgId: MMSG-16999]
Action.c(165): web_reg_find started  	[MsgId: MMSG-26355]
Action.c(165): Registering web_reg_find was successful  	[MsgId: MMSG-26390]
Action.c(168): web_submit_data("reservations.pl_2") started  	[MsgId: MMSG-26355]
Action.c(98): Found resource "http://localhost:1080/WebTours/images/in_flights.gif" in HTML "http://localhost:1080/cgi-bin/nav.pl?page=menu&in=flights"  	[MsgId: MMSG-26659]
Action.c(98): Resource "http://localhost:1080/WebTours/images/itinerary.gif" is in the cache already and will not be downloaded again  	[MsgId: MMSG-26655]
Action.c(98): Found resource "http://localhost:1080/WebTours/images/home.gif" in HTML "http://localhost:1080/cgi-bin/nav.pl?page=menu&in=flights"  	[MsgId: MMSG-26659]
Action.c(98): Resource "http://localhost:1080/WebTours/images/signoff.gif" is in the cache already and will not be downloaded again  	[MsgId: MMSG-26655]
Action.c(98): Found resource "http://localhost:1080/WebTours/images/button_next.gif" in HTML "http://localhost:1080/cgi-bin/reservations.pl?page=welcome"  	[MsgId: MMSG-26659]
Action.c(168): Resource "http://localhost:1080/WebTours/images/button_next.gif" is in the cache already and will not be downloaded again  	[MsgId: MMSG-26655]
Action.c(168): Registered web_reg_find successful for "Text=Flight Reservation" (count=1)  	[MsgId: MMSG-26364]
Action.c(168): web_submit_data("reservations.pl_2") was successful, 2740 body bytes, 255 header bytes, 12 chunking overhead bytes  	[MsgId: MMSG-26385]
Action.c(186): Notify: Transaction "choose_ticket" ended with a "Pass" status (Duration: 0,0410 Wasted Time: 0,0000).	[MsgId: MMSG-16871]
Action.c(188): lr_think_time: 5,00 seconds.	[MsgId: MMSG-15948]
Action.c(190): Notify: Transaction "payment" started.	[MsgId: MMSG-16999]
Action.c(192): web_reg_find started  	[MsgId: MMSG-26355]
Action.c(192): Registering web_reg_find was successful  	[MsgId: MMSG-26390]
Action.c(195): web_submit_data("reservations.pl_3") started  	[MsgId: MMSG-26355]
Action.c(98): Registered web_reg_find successful for "Text=User has returned to the search page" (count=1)  	[MsgId: MMSG-26364]
Action.c(98): web_url("Search Flights Button") was successful, 8516 body bytes, 1623 header bytes, 43 chunking overhead bytes  	[MsgId: MMSG-26385]
Action.c(108): Notify: Transaction "click_flights" ended with a "Pass" status (Duration: 0,1162 Wasted Time: 0,0000).	[MsgId: MMSG-16871]
Action.c(110): lr_think_time: 5,00 seconds.	[MsgId: MMSG-15948]
Action.c(195): Found resource "http://localhost:1080/WebTours/images/bookanother.gif" in HTML "http://localhost:1080/cgi-bin/reservations.pl"  	[MsgId: MMSG-26659]
Action.c(195): Registered web_reg_find successful for "Text=from Paris to Denver" (count=1)  	[MsgId: MMSG-26364]
Action.c(195): web_submit_data("reservations.pl_3") was successful, 3285 body bytes, 733 header bytes, 12 chunking overhead bytes  	[MsgId: MMSG-26385]
Action.c(225): Notify: Transaction "payment" ended with a "Pass" status (Duration: 0,0392 Wasted Time: 0,0000).	[MsgId: MMSG-16871]
Action.c(227): lr_think_time: 5,00 seconds.	[MsgId: MMSG-15948]
Action.c(60): Notify: Transaction "enter_login" started.	[MsgId: MMSG-16999]
Action.c(62): web_reg_find started  	[MsgId: MMSG-26355]
Action.c(62): Registering web_reg_find was successful  	[MsgId: MMSG-26390]
Action.c(65): web_add_header("Origin") started  	[MsgId: MMSG-26355]
Action.c(65): web_add_header("Origin") was successful  	[MsgId: MMSG-26392]
Action.c(68): web_add_auto_header("Sec-Fetch-User") started  	[MsgId: MMSG-26355]
Action.c(68): web_add_auto_header("Sec-Fetch-User") was successful  	[MsgId: MMSG-26392]
Action.c(71): web_submit_data("login.pl") started  	[MsgId: MMSG-26355]
Action.c(71): Detected non-resource "http://localhost:1080/cgi-bin/nav.pl?page=menu&in=home" in "http://localhost:1080/cgi-bin/login.pl"  	[MsgId: MMSG-26574]
Action.c(71): Detected non-resource "http://localhost:1080/cgi-bin/login.pl?intro=true" in "http://localhost:1080/cgi-bin/login.pl"  	[MsgId: MMSG-26574]
Action.c(71): Found resource "http://localhost:1080/WebTours/images/flights.gif" in HTML "http://localhost:1080/cgi-bin/nav.pl?page=menu&in=home"  	[MsgId: MMSG-26659]
Action.c(71): Found resource "http://localhost:1080/WebTours/images/itinerary.gif" in HTML "http://localhost:1080/cgi-bin/nav.pl?page=menu&in=home"  	[MsgId: MMSG-26659]
Action.c(71): Found resource "http://localhost:1080/WebTours/images/in_home.gif" in HTML "http://localhost:1080/cgi-bin/nav.pl?page=menu&in=home"  	[MsgId: MMSG-26659]
Action.c(71): Found resource "http://localhost:1080/WebTours/images/signoff.gif" in HTML "http://localhost:1080/cgi-bin/nav.pl?page=menu&in=home"  	[MsgId: MMSG-26659]
Action.c(71): Registered web_reg_find successful for "Text=Welcome, <b>malvinchik</b>, to the Web Tours" (count=1)  	[MsgId: MMSG-26364]
Action.c(71): web_submit_data("login.pl") was successful, 5785 body bytes, 2065 header bytes, 36 chunking overhead bytes  	[MsgId: MMSG-26385]
Action.c(87): Notify: Transaction "enter_login" ended with a "Pass" status (Duration: 0,0856 Wasted Time: 0,0000).	[MsgId: MMSG-16871]
Action.c(89): lr_think_time: 5,00 seconds.	[MsgId: MMSG-15948]
Action.c(112): Notify: Transaction "search_tickets" started.	[MsgId: MMSG-16999]
Action.c(114): web_reg_find started  	[MsgId: MMSG-26355]
Action.c(114): Registering web_reg_find was successful  	[MsgId: MMSG-26390]
Action.c(117): web_add_auto_header("Origin") started  	[MsgId: MMSG-26355]
Action.c(117): web_add_auto_header("Origin") was successful  	[MsgId: MMSG-26392]
Action.c(120): web_add_auto_header("Sec-Fetch-User") started  	[MsgId: MMSG-26355]
Action.c(120): web_add_auto_header("Sec-Fetch-User") was successful  	[MsgId: MMSG-26392]
Action.c(124): web_reg_save_param_attrib started  	[MsgId: MMSG-26355]
Action.c(124): Registering web_reg_save_param_attrib was successful  	[MsgId: MMSG-26390]
Action.c(135): web_submit_data("reservations.pl") started  	[MsgId: MMSG-26355]
Action.c(135): Resource "http://localhost:1080/WebTours/images/button_next.gif" is in the cache already and will not be downloaded again  	[MsgId: MMSG-26655]
Action.c(135): Registered web_reg_find successful for "Text=Flight departing from <B>Paris</B> to <B>Frankfurt</B> on <B>05/03/2023</B>" (count=1)  	[MsgId: MMSG-26364]
Action.c(135): web_submit_data("reservations.pl") was successful, 2445 body bytes, 256 header bytes, 12 chunking overhead bytes  	[MsgId: MMSG-26385]
Action.c(159): Notify: Transaction "search_tickets" ended with a "Pass" status (Duration: 0,0395 Wasted Time: 0,0002).	[MsgId: MMSG-16871]
Action.c(161): lr_think_time: 5,00 seconds.	[MsgId: MMSG-15948]
Action.c(163): Notify: Transaction "choose_ticket" started.	[MsgId: MMSG-16999]
Action.c(165): web_reg_find started  	[MsgId: MMSG-26355]
Action.c(165): Registering web_reg_find was successful  	[MsgId: MMSG-26390]
Action.c(168): web_submit_data("reservations.pl_2") started  	[MsgId: MMSG-26355]
Action.c(168): Resource "http://localhost:1080/WebTours/images/button_next.gif" is in the cache already and will not be downloaded again  	[MsgId: MMSG-26655]
Action.c(168): Registered web_reg_find successful for "Text=Flight Reservation" (count=1)  	[MsgId: MMSG-26364]
Action.c(168): web_submit_data("reservations.pl_2") was successful, 2766 body bytes, 255 header bytes, 12 chunking overhead bytes  	[MsgId: MMSG-26385]
Action.c(186): Notify: Transaction "choose_ticket" ended with a "Pass" status (Duration: 0,0412 Wasted Time: 0,0000).	[MsgId: MMSG-16871]
Action.c(188): lr_think_time: 5,00 seconds.	[MsgId: MMSG-15948]
Action.c(229): Notify: Transaction "click_itinerary" started.	[MsgId: MMSG-16999]
Action.c(231): web_reg_find started  	[MsgId: MMSG-26355]
Action.c(231): Registering web_reg_find was successful  	[MsgId: MMSG-26390]
Action.c(234): web_url("Itinerary Button") started  	[MsgId: MMSG-26355]
Action.c(234): Detected non-resource "http://localhost:1080/cgi-bin/nav.pl?page=menu&in=itinerary" in "http://localhost:1080/cgi-bin/welcome.pl?page=itinerary"  	[MsgId: MMSG-26574]
Action.c(234): Detected non-resource "http://localhost:1080/cgi-bin/itinerary.pl" in "http://localhost:1080/cgi-bin/welcome.pl?page=itinerary"  	[MsgId: MMSG-26574]
Action.c(234): Resource "http://localhost:1080/WebTours/images/flights.gif" is in the cache already and will not be downloaded again  	[MsgId: MMSG-26655]
Action.c(234): Found resource "http://localhost:1080/WebTours/images/in_itinerary.gif" in HTML "http://localhost:1080/cgi-bin/nav.pl?page=menu&in=itinerary"  	[MsgId: MMSG-26659]
Action.c(234): Resource "http://localhost:1080/WebTours/images/home.gif" is in the cache already and will not be downloaded again  	[MsgId: MMSG-26655]
Action.c(234): Resource "http://localhost:1080/WebTours/images/signoff.gif" is in the cache already and will not be downloaded again  	[MsgId: MMSG-26655]
Action.c(234): Found resource "http://localhost:1080/WebTours/images/cancelreservation.gif" in HTML "http://localhost:1080/cgi-bin/itinerary.pl"  	[MsgId: MMSG-26659]
Action.c(234): Found resource "http://localhost:1080/WebTours/images/cancelallreservations.gif" in HTML "http://localhost:1080/cgi-bin/itinerary.pl"  	[MsgId: MMSG-26659]
Action.c(234): Registered web_reg_find successful for "Text=font color="white"><B>Petr Karabasoff
 's Flight Transaction Summary" (count=1)  	[MsgId: MMSG-26364]
Action.c(234): web_url("Itinerary Button") was successful, 780759 body bytes, 1621 header bytes, 1483 chunking overhead bytes  	[MsgId: MMSG-26385]
Action.c(244): Notify: Transaction "click_itinerary" ended with a "Pass" status (Duration: 0,1511 Wasted Time: 0,0015).	[MsgId: MMSG-16871]
Action.c(269): Notify: Transaction "UC3_Buy_Ticket" ended with a "Pass" status (Duration: 30,7230 Think Time: 30,1297 Wasted Time: 0,0021).	[MsgId: MMSG-16870]
Ending action Action.	[MsgId: MMSG-15918]
Ending Vuser...	[MsgId: MMSG-15966]
Starting action vuser_end.	[MsgId: MMSG-15919]
Ending action vuser_end.	[MsgId: MMSG-15918]
Vuser Terminated.	[MsgId: MMSG-15963]
Action.c(190): Notify: Transaction "payment" started.	[MsgId: MMSG-16999]
Action.c(192): web_reg_find started  	[MsgId: MMSG-26355]
Action.c(192): Registering web_reg_find was successful  	[MsgId: MMSG-26390]
Action.c(195): web_submit_data("reservations.pl_3") started  	[MsgId: MMSG-26355]
Action.c(112): Notify: Transaction "search_tickets" started.	[MsgId: MMSG-16999]
Action.c(114): web_reg_find started  	[MsgId: MMSG-26355]
Action.c(114): Registering web_reg_find was successful  	[MsgId: MMSG-26390]
Action.c(117): web_add_auto_header("Origin") started  	[MsgId: MMSG-26355]
Action.c(117): web_add_auto_header("Origin") was successful  	[MsgId: MMSG-26392]
Action.c(120): web_add_auto_header("Sec-Fetch-User") started  	[MsgId: MMSG-26355]
Action.c(120): web_add_auto_header("Sec-Fetch-User") was successful  	[MsgId: MMSG-26392]
Action.c(124): web_reg_save_param_attrib started  	[MsgId: MMSG-26355]
Action.c(124): Registering web_reg_save_param_attrib was successful  	[MsgId: MMSG-26390]
Action.c(135): web_submit_data("reservations.pl") started  	[MsgId: MMSG-26355]
Action.c(229): Notify: Transaction "click_itinerary" started.	[MsgId: MMSG-16999]
Action.c(231): web_reg_find started  	[MsgId: MMSG-26355]
Action.c(231): Registering web_reg_find was successful  	[MsgId: MMSG-26390]
Action.c(234): web_url("Itinerary Button") started  	[MsgId: MMSG-26355]
Action.c(195): Found resource "http://localhost:1080/WebTours/images/bookanother.gif" in HTML "http://localhost:1080/cgi-bin/reservations.pl"  	[MsgId: MMSG-26659]
Action.c(195): Registered web_reg_find successful for "Text=from Zurich to Sydney" (count=1)  	[MsgId: MMSG-26364]
Action.c(195): web_submit_data("reservations.pl_3") was successful, 3288 body bytes, 717 header bytes, 12 chunking overhead bytes  	[MsgId: MMSG-26385]
Action.c(225): Notify: Transaction "payment" ended with a "Pass" status (Duration: 0,0421 Wasted Time: 0,0000).	[MsgId: MMSG-16871]
Action.c(227): lr_think_time: 5,00 seconds.	[MsgId: MMSG-15948]
Action.c(135): Resource "http://localhost:1080/WebTours/images/button_next.gif" is in the cache already and will not be downloaded again  	[MsgId: MMSG-26655]
Action.c(135): Registered web_reg_find successful for "Text=Flight departing from <B>Zurich</B> to <B>London</B> on <B>05/03/2023</B>" (count=1)  	[MsgId: MMSG-26364]
Action.c(135): web_submit_data("reservations.pl") was successful, 2438 body bytes, 256 header bytes, 12 chunking overhead bytes  	[MsgId: MMSG-26385]
Action.c(159): Notify: Transaction "search_tickets" ended with a "Pass" status (Duration: 0,0416 Wasted Time: 0,0002).	[MsgId: MMSG-16871]
Action.c(161): lr_think_time: 5,00 seconds.	[MsgId: MMSG-15948]
Action.c(234): Detected non-resource "http://localhost:1080/cgi-bin/nav.pl?page=menu&in=itinerary" in "http://localhost:1080/cgi-bin/welcome.pl?page=itinerary"  	[MsgId: MMSG-26574]
Action.c(234): Detected non-resource "http://localhost:1080/cgi-bin/itinerary.pl" in "http://localhost:1080/cgi-bin/welcome.pl?page=itinerary"  	[MsgId: MMSG-26574]
Action.c(234): Resource "http://localhost:1080/WebTours/images/flights.gif" is in the cache already and will not be downloaded again  	[MsgId: MMSG-26655]
Action.c(234): Found resource "http://localhost:1080/WebTours/images/in_itinerary.gif" in HTML "http://localhost:1080/cgi-bin/nav.pl?page=menu&in=itinerary"  	[MsgId: MMSG-26659]
Action.c(234): Resource "http://localhost:1080/WebTours/images/home.gif" is in the cache already and will not be downloaded again  	[MsgId: MMSG-26655]
Action.c(234): Resource "http://localhost:1080/WebTours/images/signoff.gif" is in the cache already and will not be downloaded again  	[MsgId: MMSG-26655]
Action.c(234): Found resource "http://localhost:1080/WebTours/images/cancelreservation.gif" in HTML "http://localhost:1080/cgi-bin/itinerary.pl"  	[MsgId: MMSG-26659]
Action.c(234): Found resource "http://localhost:1080/WebTours/images/cancelallreservations.gif" in HTML "http://localhost:1080/cgi-bin/itinerary.pl"  	[MsgId: MMSG-26659]
Action.c(234): Registered web_reg_find successful for "Text=font color="white"><B>Duremarus Pijavkin
 's Flight Transaction Summary" (count=1)  	[MsgId: MMSG-26364]
Action.c(234): web_url("Itinerary Button") was successful, 790974 body bytes, 1621 header bytes, 1507 chunking overhead bytes  	[MsgId: MMSG-26385]
Action.c(244): Notify: Transaction "click_itinerary" ended with a "Pass" status (Duration: 0,1537 Wasted Time: 0,0011).	[MsgId: MMSG-16871]
Action.c(269): Notify: Transaction "UC3_Buy_Ticket" ended with a "Pass" status (Duration: 30,6407 Think Time: 30,0484 Wasted Time: 0,0017).	[MsgId: MMSG-16870]
Ending action Action.	[MsgId: MMSG-15918]
Ending Vuser...	[MsgId: MMSG-15966]
Starting action vuser_end.	[MsgId: MMSG-15919]
Ending action vuser_end.	[MsgId: MMSG-15918]
Vuser Terminated.	[MsgId: MMSG-15963]
Action.c(91): Notify: Transaction "click_flights" started.	[MsgId: MMSG-16999]
Action.c(93): web_reg_find started  	[MsgId: MMSG-26355]
Action.c(93): Registering web_reg_find was successful  	[MsgId: MMSG-26390]
Action.c(96): web_remove_auto_header("Sec-Fetch-User") started  	[MsgId: MMSG-26355]
Action.c(96): Previous automatically added web header for "Sec-Fetch-User" removed  	[MsgId: MMSG-26587]
Action.c(96): web_remove/revert_auto_header("Sec-Fetch-User") was successful  	[MsgId: MMSG-26392]
Action.c(98): web_url("Search Flights Button") started  	[MsgId: MMSG-26355]
Action.c(98): Detected non-resource "http://localhost:1080/cgi-bin/nav.pl?page=menu&in=flights" in "http://localhost:1080/cgi-bin/welcome.pl?page=search"  	[MsgId: MMSG-26574]
Action.c(98): Detected non-resource "http://localhost:1080/cgi-bin/reservations.pl?page=welcome" in "http://localhost:1080/cgi-bin/welcome.pl?page=search"  	[MsgId: MMSG-26574]
Action.c(98): Found resource "http://localhost:1080/WebTours/images/in_flights.gif" in HTML "http://localhost:1080/cgi-bin/nav.pl?page=menu&in=flights"  	[MsgId: MMSG-26659]
Action.c(98): Resource "http://localhost:1080/WebTours/images/itinerary.gif" is in the cache already and will not be downloaded again  	[MsgId: MMSG-26655]
Action.c(98): Found resource "http://localhost:1080/WebTours/images/home.gif" in HTML "http://localhost:1080/cgi-bin/nav.pl?page=menu&in=flights"  	[MsgId: MMSG-26659]
Action.c(98): Resource "http://localhost:1080/WebTours/images/signoff.gif" is in the cache already and will not be downloaded again  	[MsgId: MMSG-26655]
Action.c(98): Found resource "http://localhost:1080/WebTours/images/button_next.gif" in HTML "http://localhost:1080/cgi-bin/reservations.pl?page=welcome"  	[MsgId: MMSG-26659]
Action.c(98): Registered web_reg_find successful for "Text=User has returned to the search page" (count=1)  	[MsgId: MMSG-26364]
Action.c(98): web_url("Search Flights Button") was successful, 8516 body bytes, 1621 header bytes, 43 chunking overhead bytes  	[MsgId: MMSG-26385]
Action.c(108): Notify: Transaction "click_flights" ended with a "Pass" status (Duration: 0,1161 Wasted Time: 0,0000).	[MsgId: MMSG-16871]
Action.c(110): lr_think_time: 5,00 seconds.	[MsgId: MMSG-15948]
Action.c(163): Notify: Transaction "choose_ticket" started.	[MsgId: MMSG-16999]
Action.c(165): web_reg_find started  	[MsgId: MMSG-26355]
Action.c(165): Registering web_reg_find was successful  	[MsgId: MMSG-26390]
Action.c(168): web_submit_data("reservations.pl_2") started  	[MsgId: MMSG-26355]
Action.c(168): Resource "http://localhost:1080/WebTours/images/button_next.gif" is in the cache already and will not be downloaded again  	[MsgId: MMSG-26655]
Action.c(168): Registered web_reg_find successful for "Text=Flight Reservation" (count=1)  	[MsgId: MMSG-26364]
Action.c(168): web_submit_data("reservations.pl_2") was successful, 2769 body bytes, 255 header bytes, 12 chunking overhead bytes  	[MsgId: MMSG-26385]
Action.c(186): Notify: Transaction "choose_ticket" ended with a "Pass" status (Duration: 0,0426 Wasted Time: 0,0000).	[MsgId: MMSG-16871]
Action.c(188): lr_think_time: 5,00 seconds.	[MsgId: MMSG-15948]
Action.c(190): Notify: Transaction "payment" started.	[MsgId: MMSG-16999]
Action.c(192): web_reg_find started  	[MsgId: MMSG-26355]
Action.c(192): Registering web_reg_find was successful  	[MsgId: MMSG-26390]
Action.c(195): web_submit_data("reservations.pl_3") started  	[MsgId: MMSG-26355]
Action.c(195): Found resource "http://localhost:1080/WebTours/images/bookanother.gif" in HTML "http://localhost:1080/cgi-bin/reservations.pl"  	[MsgId: MMSG-26659]
Action.c(195): Registered web_reg_find successful for "Text=from Sydney to London" (count=1)  	[MsgId: MMSG-26364]
Action.c(195): web_submit_data("reservations.pl_3") was successful, 3284 body bytes, 709 header bytes, 12 chunking overhead bytes  	[MsgId: MMSG-26385]
Action.c(225): Notify: Transaction "payment" ended with a "Pass" status (Duration: 0,0391 Wasted Time: 0,0000).	[MsgId: MMSG-16871]
Action.c(227): lr_think_time: 5,00 seconds.	[MsgId: MMSG-15948]
Action.c(229): Notify: Transaction "click_itinerary" started.	[MsgId: MMSG-16999]
Action.c(231): web_reg_find started  	[MsgId: MMSG-26355]
Action.c(231): Registering web_reg_find was successful  	[MsgId: MMSG-26390]
Action.c(234): web_url("Itinerary Button") started  	[MsgId: MMSG-26355]
Action.c(163): Notify: Transaction "choose_ticket" started.	[MsgId: MMSG-16999]
Action.c(165): web_reg_find started  	[MsgId: MMSG-26355]
Action.c(165): Registering web_reg_find was successful  	[MsgId: MMSG-26390]
Action.c(168): web_submit_data("reservations.pl_2") started  	[MsgId: MMSG-26355]
Action.c(234): Detected non-resource "http://localhost:1080/cgi-bin/nav.pl?page=menu&in=itinerary" in "http://localhost:1080/cgi-bin/welcome.pl?page=itinerary"  	[MsgId: MMSG-26574]
Action.c(234): Detected non-resource "http://localhost:1080/cgi-bin/itinerary.pl" in "http://localhost:1080/cgi-bin/welcome.pl?page=itinerary"  	[MsgId: MMSG-26574]
Action.c(168): Resource "http://localhost:1080/WebTours/images/button_next.gif" is in the cache already and will not be downloaded again  	[MsgId: MMSG-26655]
Action.c(168): Registered web_reg_find successful for "Text=Flight Reservation" (count=1)  	[MsgId: MMSG-26364]
Action.c(168): web_submit_data("reservations.pl_2") was successful, 2746 body bytes, 255 header bytes, 12 chunking overhead bytes  	[MsgId: MMSG-26385]
Action.c(186): Notify: Transaction "choose_ticket" ended with a "Pass" status (Duration: 0,0441 Wasted Time: 0,0000).	[MsgId: MMSG-16871]
Action.c(188): lr_think_time: 5,00 seconds.	[MsgId: MMSG-15948]
Action.c(234): Resource "http://localhost:1080/WebTours/images/flights.gif" is in the cache already and will not be downloaded again  	[MsgId: MMSG-26655]
Action.c(234): Found resource "http://localhost:1080/WebTours/images/in_itinerary.gif" in HTML "http://localhost:1080/cgi-bin/nav.pl?page=menu&in=itinerary"  	[MsgId: MMSG-26659]
Action.c(234): Resource "http://localhost:1080/WebTours/images/home.gif" is in the cache already and will not be downloaded again  	[MsgId: MMSG-26655]
Action.c(234): Resource "http://localhost:1080/WebTours/images/signoff.gif" is in the cache already and will not be downloaded again  	[MsgId: MMSG-26655]
Action.c(234): Found resource "http://localhost:1080/WebTours/images/cancelreservation.gif" in HTML "http://localhost:1080/cgi-bin/itinerary.pl"  	[MsgId: MMSG-26659]
Action.c(234): Found resource "http://localhost:1080/WebTours/images/cancelallreservations.gif" in HTML "http://localhost:1080/cgi-bin/itinerary.pl"  	[MsgId: MMSG-26659]
Action.c(234): Registered web_reg_find successful for "Text=font color="white"><B>Alisa Firefox
 's Flight Transaction Summary" (count=1)  	[MsgId: MMSG-26364]
Action.c(234): web_url("Itinerary Button") was successful, 783447 body bytes, 1621 header bytes, 1499 chunking overhead bytes  	[MsgId: MMSG-26385]
Action.c(244): Notify: Transaction "click_itinerary" ended with a "Pass" status (Duration: 0,1596 Wasted Time: 0,0012).	[MsgId: MMSG-16871]
Action.c(269): Notify: Transaction "UC3_Buy_Ticket" ended with a "Pass" status (Duration: 31,5288 Think Time: 30,0418 Wasted Time: 0,0017).	[MsgId: MMSG-16870]
Ending action Action.	[MsgId: MMSG-15918]
Ending Vuser...	[MsgId: MMSG-15966]
Starting action vuser_end.	[MsgId: MMSG-15919]
Ending action vuser_end.	[MsgId: MMSG-15918]
Vuser Terminated.	[MsgId: MMSG-15963]
Action.c(112): Notify: Transaction "search_tickets" started.	[MsgId: MMSG-16999]
Action.c(114): web_reg_find started  	[MsgId: MMSG-26355]
Action.c(114): Registering web_reg_find was successful  	[MsgId: MMSG-26390]
Action.c(117): web_add_auto_header("Origin") started  	[MsgId: MMSG-26355]
Action.c(117): web_add_auto_header("Origin") was successful  	[MsgId: MMSG-26392]
Action.c(120): web_add_auto_header("Sec-Fetch-User") started  	[MsgId: MMSG-26355]
Action.c(120): web_add_auto_header("Sec-Fetch-User") was successful  	[MsgId: MMSG-26392]
Action.c(124): web_reg_save_param_attrib started  	[MsgId: MMSG-26355]
Action.c(124): Registering web_reg_save_param_attrib was successful  	[MsgId: MMSG-26390]
Action.c(135): web_submit_data("reservations.pl") started  	[MsgId: MMSG-26355]
Action.c(135): Resource "http://localhost:1080/WebTours/images/button_next.gif" is in the cache already and will not be downloaded again  	[MsgId: MMSG-26655]
Action.c(135): Registered web_reg_find successful for "Text=Flight departing from <B>Denver</B> to <B>London</B> on <B>05/03/2023</B>" (count=1)  	[MsgId: MMSG-26364]
Action.c(135): web_submit_data("reservations.pl") was successful, 2437 body bytes, 256 header bytes, 12 chunking overhead bytes  	[MsgId: MMSG-26385]
Action.c(159): Notify: Transaction "search_tickets" ended with a "Pass" status (Duration: 0,0398 Wasted Time: 0,0002).	[MsgId: MMSG-16871]
Action.c(161): lr_think_time: 5,00 seconds.	[MsgId: MMSG-15948]
Action.c(190): Notify: Transaction "payment" started.	[MsgId: MMSG-16999]
Action.c(192): web_reg_find started  	[MsgId: MMSG-26355]
Action.c(192): Registering web_reg_find was successful  	[MsgId: MMSG-26390]
Action.c(195): web_submit_data("reservations.pl_3") started  	[MsgId: MMSG-26355]
Action.c(195): Found resource "http://localhost:1080/WebTours/images/bookanother.gif" in HTML "http://localhost:1080/cgi-bin/reservations.pl"  	[MsgId: MMSG-26659]
Action.c(195): Registered web_reg_find successful for "Text=from Paris to Frankfurt" (count=1)  	[MsgId: MMSG-26364]
Action.c(195): web_submit_data("reservations.pl_3") was successful, 3294 body bytes, 752 header bytes, 12 chunking overhead bytes  	[MsgId: MMSG-26385]
Action.c(225): Notify: Transaction "payment" ended with a "Pass" status (Duration: 0,0392 Wasted Time: 0,0000).	[MsgId: MMSG-16871]
Action.c(227): lr_think_time: 5,00 seconds.	[MsgId: MMSG-15948]
Action.c(229): Notify: Transaction "click_itinerary" started.	[MsgId: MMSG-16999]
Action.c(231): web_reg_find started  	[MsgId: MMSG-26355]
Action.c(231): Registering web_reg_find was successful  	[MsgId: MMSG-26390]
Action.c(234): web_url("Itinerary Button") started  	[MsgId: MMSG-26355]
Action.c(234): Detected non-resource "http://localhost:1080/cgi-bin/nav.pl?page=menu&in=itinerary" in "http://localhost:1080/cgi-bin/welcome.pl?page=itinerary"  	[MsgId: MMSG-26574]
Action.c(234): Detected non-resource "http://localhost:1080/cgi-bin/itinerary.pl" in "http://localhost:1080/cgi-bin/welcome.pl?page=itinerary"  	[MsgId: MMSG-26574]
Action.c(234): Resource "http://localhost:1080/WebTours/images/flights.gif" is in the cache already and will not be downloaded again  	[MsgId: MMSG-26655]
Action.c(234): Found resource "http://localhost:1080/WebTours/images/in_itinerary.gif" in HTML "http://localhost:1080/cgi-bin/nav.pl?page=menu&in=itinerary"  	[MsgId: MMSG-26659]
Action.c(234): Resource "http://localhost:1080/WebTours/images/home.gif" is in the cache already and will not be downloaded again  	[MsgId: MMSG-26655]
Action.c(234): Resource "http://localhost:1080/WebTours/images/signoff.gif" is in the cache already and will not be downloaded again  	[MsgId: MMSG-26655]
Action.c(234): Found resource "http://localhost:1080/WebTours/images/cancelreservation.gif" in HTML "http://localhost:1080/cgi-bin/itinerary.pl"  	[MsgId: MMSG-26659]
Action.c(234): Found resource "http://localhost:1080/WebTours/images/cancelallreservations.gif" in HTML "http://localhost:1080/cgi-bin/itinerary.pl"  	[MsgId: MMSG-26659]
Action.c(234): Registered web_reg_find successful for "Text=font color="white"><B>Jojo Bean
 's Flight Transaction Summary" (count=1)  	[MsgId: MMSG-26364]
Action.c(234): web_url("Itinerary Button") was successful, 751648 body bytes, 1621 header bytes, 1427 chunking overhead bytes  	[MsgId: MMSG-26385]
Action.c(244): Notify: Transaction "click_itinerary" ended with a "Pass" status (Duration: 0,1504 Wasted Time: 0,0011).	[MsgId: MMSG-16871]
Action.c(269): Notify: Transaction "UC3_Buy_Ticket" ended with a "Pass" status (Duration: 30,6700 Think Time: 30,0613 Wasted Time: 0,0017).	[MsgId: MMSG-16870]
Ending action Action.	[MsgId: MMSG-15918]
Ending Vuser...	[MsgId: MMSG-15966]
Starting action vuser_end.	[MsgId: MMSG-15919]
Ending action vuser_end.	[MsgId: MMSG-15918]
Vuser Terminated.	[MsgId: MMSG-15963]
Action.c(190): Notify: Transaction "payment" started.	[MsgId: MMSG-16999]
Action.c(192): web_reg_find started  	[MsgId: MMSG-26355]
Action.c(192): Registering web_reg_find was successful  	[MsgId: MMSG-26390]
Action.c(195): web_submit_data("reservations.pl_3") started  	[MsgId: MMSG-26355]
Action.c(195): Found resource "http://localhost:1080/WebTours/images/bookanother.gif" in HTML "http://localhost:1080/cgi-bin/reservations.pl"  	[MsgId: MMSG-26659]
Action.c(195): Registered web_reg_find successful for "Text=from Zurich to London" (count=1)  	[MsgId: MMSG-26364]
Action.c(195): web_submit_data("reservations.pl_3") was successful, 3287 body bytes, 727 header bytes, 12 chunking overhead bytes  	[MsgId: MMSG-26385]
Action.c(225): Notify: Transaction "payment" ended with a "Pass" status (Duration: 0,0392 Wasted Time: 0,0000).	[MsgId: MMSG-16871]
Action.c(227): lr_think_time: 5,00 seconds.	[MsgId: MMSG-15948]
Action.c(163): Notify: Transaction "choose_ticket" started.	[MsgId: MMSG-16999]
Action.c(165): web_reg_find started  	[MsgId: MMSG-26355]
Action.c(165): Registering web_reg_find was successful  	[MsgId: MMSG-26390]
Action.c(168): web_submit_data("reservations.pl_2") started  	[MsgId: MMSG-26355]
Action.c(168): Resource "http://localhost:1080/WebTours/images/button_next.gif" is in the cache already and will not be downloaded again  	[MsgId: MMSG-26655]
Action.c(168): Registered web_reg_find successful for "Text=Flight Reservation" (count=1)  	[MsgId: MMSG-26364]
Action.c(168): web_submit_data("reservations.pl_2") was successful, 2745 body bytes, 255 header bytes, 12 chunking overhead bytes  	[MsgId: MMSG-26385]
Action.c(186): Notify: Transaction "choose_ticket" ended with a "Pass" status (Duration: 0,0395 Wasted Time: 0,0000).	[MsgId: MMSG-16871]
Action.c(188): lr_think_time: 5,00 seconds.	[MsgId: MMSG-15948]
Action.c(229): Notify: Transaction "click_itinerary" started.	[MsgId: MMSG-16999]
Action.c(231): web_reg_find started  	[MsgId: MMSG-26355]
Action.c(231): Registering web_reg_find was successful  	[MsgId: MMSG-26390]
Action.c(234): web_url("Itinerary Button") started  	[MsgId: MMSG-26355]
Action.c(234): Detected non-resource "http://localhost:1080/cgi-bin/nav.pl?page=menu&in=itinerary" in "http://localhost:1080/cgi-bin/welcome.pl?page=itinerary"  	[MsgId: MMSG-26574]
Action.c(234): Detected non-resource "http://localhost:1080/cgi-bin/itinerary.pl" in "http://localhost:1080/cgi-bin/welcome.pl?page=itinerary"  	[MsgId: MMSG-26574]
Action.c(234): Resource "http://localhost:1080/WebTours/images/flights.gif" is in the cache already and will not be downloaded again  	[MsgId: MMSG-26655]
Action.c(234): Found resource "http://localhost:1080/WebTours/images/in_itinerary.gif" in HTML "http://localhost:1080/cgi-bin/nav.pl?page=menu&in=itinerary"  	[MsgId: MMSG-26659]
Action.c(234): Resource "http://localhost:1080/WebTours/images/home.gif" is in the cache already and will not be downloaded again  	[MsgId: MMSG-26655]
Action.c(234): Resource "http://localhost:1080/WebTours/images/signoff.gif" is in the cache already and will not be downloaded again  	[MsgId: MMSG-26655]
Action.c(234): Found resource "http://localhost:1080/WebTours/images/cancelreservation.gif" in HTML "http://localhost:1080/cgi-bin/itinerary.pl"  	[MsgId: MMSG-26659]
Action.c(234): Found resource "http://localhost:1080/WebTours/images/cancelallreservations.gif" in HTML "http://localhost:1080/cgi-bin/itinerary.pl"  	[MsgId: MMSG-26659]
Action.c(234): Registered web_reg_find successful for "Text=font color="white"><B>Karabas Barabaskin
 's Flight Transaction Summary" (count=1)  	[MsgId: MMSG-26364]
Action.c(234): web_url("Itinerary Button") was successful, 688345 body bytes, 1621 header bytes, 1322 chunking overhead bytes  	[MsgId: MMSG-26385]
Action.c(244): Notify: Transaction "click_itinerary" ended with a "Pass" status (Duration: 0,1381 Wasted Time: 0,0010).	[MsgId: MMSG-16871]
Action.c(269): Notify: Transaction "UC3_Buy_Ticket" ended with a "Pass" status (Duration: 31,1693 Think Time: 30,0647 Wasted Time: 0,0015).	[MsgId: MMSG-16870]
Ending action Action.	[MsgId: MMSG-15918]
Ending Vuser...	[MsgId: MMSG-15966]
Starting action vuser_end.	[MsgId: MMSG-15919]
Ending action vuser_end.	[MsgId: MMSG-15918]
Vuser Terminated.	[MsgId: MMSG-15963]
Action.c(229): Notify: Transaction "click_itinerary" started.	[MsgId: MMSG-16999]
Action.c(231): web_reg_find started  	[MsgId: MMSG-26355]
Action.c(231): Registering web_reg_find was successful  	[MsgId: MMSG-26390]
Action.c(234): web_url("Itinerary Button") started  	[MsgId: MMSG-26355]
Action.c(234): Detected non-resource "http://localhost:1080/cgi-bin/nav.pl?page=menu&in=itinerary" in "http://localhost:1080/cgi-bin/welcome.pl?page=itinerary"  	[MsgId: MMSG-26574]
Action.c(234): Detected non-resource "http://localhost:1080/cgi-bin/itinerary.pl" in "http://localhost:1080/cgi-bin/welcome.pl?page=itinerary"  	[MsgId: MMSG-26574]
Action.c(234): Resource "http://localhost:1080/WebTours/images/flights.gif" is in the cache already and will not be downloaded again  	[MsgId: MMSG-26655]
Action.c(234): Found resource "http://localhost:1080/WebTours/images/in_itinerary.gif" in HTML "http://localhost:1080/cgi-bin/nav.pl?page=menu&in=itinerary"  	[MsgId: MMSG-26659]
Action.c(234): Resource "http://localhost:1080/WebTours/images/home.gif" is in the cache already and will not be downloaded again  	[MsgId: MMSG-26655]
Action.c(234): Resource "http://localhost:1080/WebTours/images/signoff.gif" is in the cache already and will not be downloaded again  	[MsgId: MMSG-26655]
Action.c(234): Found resource "http://localhost:1080/WebTours/images/cancelreservation.gif" in HTML "http://localhost:1080/cgi-bin/itinerary.pl"  	[MsgId: MMSG-26659]
Action.c(234): Found resource "http://localhost:1080/WebTours/images/cancelallreservations.gif" in HTML "http://localhost:1080/cgi-bin/itinerary.pl"  	[MsgId: MMSG-26659]
Action.c(234): Registered web_reg_find successful for "Text=font color="white"><B>Malvina Barabasova
 's Flight Transaction Summary" (count=1)  	[MsgId: MMSG-26364]
Action.c(234): web_url("Itinerary Button") was successful, 219973 body bytes, 1621 header bytes, 443 chunking overhead bytes  	[MsgId: MMSG-26385]
Action.c(244): Notify: Transaction "click_itinerary" ended with a "Pass" status (Duration: 0,1163 Wasted Time: 0,0003).	[MsgId: MMSG-16871]
Action.c(269): Notify: Transaction "UC3_Buy_Ticket" ended with a "Pass" status (Duration: 32,1148 Think Time: 30,0362 Wasted Time: 0,0010).	[MsgId: MMSG-16870]
Ending action Action.	[MsgId: MMSG-15918]
Ending Vuser...	[MsgId: MMSG-15966]
Starting action vuser_end.	[MsgId: MMSG-15919]
Ending action vuser_end.	[MsgId: MMSG-15918]
Vuser Terminated.	[MsgId: MMSG-15963]
Action.c(190): Notify: Transaction "payment" started.	[MsgId: MMSG-16999]
Action.c(192): web_reg_find started  	[MsgId: MMSG-26355]
Action.c(192): Registering web_reg_find was successful  	[MsgId: MMSG-26390]
Action.c(195): web_submit_data("reservations.pl_3") started  	[MsgId: MMSG-26355]
Action.c(195): Found resource "http://localhost:1080/WebTours/images/bookanother.gif" in HTML "http://localhost:1080/cgi-bin/reservations.pl"  	[MsgId: MMSG-26659]
Action.c(195): Registered web_reg_find successful for "Text=from Denver to London" (count=1)  	[MsgId: MMSG-26364]
Action.c(195): web_submit_data("reservations.pl_3") was successful, 3287 body bytes, 727 header bytes, 12 chunking overhead bytes  	[MsgId: MMSG-26385]
Action.c(225): Notify: Transaction "payment" ended with a "Pass" status (Duration: 0,0399 Wasted Time: 0,0000).	[MsgId: MMSG-16871]
Action.c(227): lr_think_time: 5,00 seconds.	[MsgId: MMSG-15948]
Action.c(229): Notify: Transaction "click_itinerary" started.	[MsgId: MMSG-16999]
Action.c(231): web_reg_find started  	[MsgId: MMSG-26355]
Action.c(231): Registering web_reg_find was successful  	[MsgId: MMSG-26390]
Action.c(234): web_url("Itinerary Button") started  	[MsgId: MMSG-26355]
Action.c(234): Detected non-resource "http://localhost:1080/cgi-bin/nav.pl?page=menu&in=itinerary" in "http://localhost:1080/cgi-bin/welcome.pl?page=itinerary"  	[MsgId: MMSG-26574]
Action.c(234): Detected non-resource "http://localhost:1080/cgi-bin/itinerary.pl" in "http://localhost:1080/cgi-bin/welcome.pl?page=itinerary"  	[MsgId: MMSG-26574]
Action.c(234): Resource "http://localhost:1080/WebTours/images/flights.gif" is in the cache already and will not be downloaded again  	[MsgId: MMSG-26655]
Action.c(234): Found resource "http://localhost:1080/WebTours/images/in_itinerary.gif" in HTML "http://localhost:1080/cgi-bin/nav.pl?page=menu&in=itinerary"  	[MsgId: MMSG-26659]
Action.c(234): Resource "http://localhost:1080/WebTours/images/home.gif" is in the cache already and will not be downloaded again  	[MsgId: MMSG-26655]
Action.c(234): Resource "http://localhost:1080/WebTours/images/signoff.gif" is in the cache already and will not be downloaded again  	[MsgId: MMSG-26655]
Action.c(234): Found resource "http://localhost:1080/WebTours/images/cancelreservation.gif" in HTML "http://localhost:1080/cgi-bin/itinerary.pl"  	[MsgId: MMSG-26659]
Action.c(234): Found resource "http://localhost:1080/WebTours/images/cancelallreservations.gif" in HTML "http://localhost:1080/cgi-bin/itinerary.pl"  	[MsgId: MMSG-26659]
Action.c(234): Registered web_reg_find successful for "Text=font color="white"><B>Malvina Barabasova
 's Flight Transaction Summary" (count=1)  	[MsgId: MMSG-26364]
Action.c(234): web_url("Itinerary Button") was successful, 221122 body bytes, 1621 header bytes, 443 chunking overhead bytes  	[MsgId: MMSG-26385]
Action.c(244): Notify: Transaction "click_itinerary" ended with a "Pass" status (Duration: 0,1163 Wasted Time: 0,0003).	[MsgId: MMSG-16871]
Action.c(269): Notify: Transaction "UC3_Buy_Ticket" ended with a "Pass" status (Duration: 31,3271 Think Time: 30,0354 Wasted Time: 0,0009).	[MsgId: MMSG-16870]
Ending action Action.	[MsgId: MMSG-15918]
Ending Vuser...	[MsgId: MMSG-15966]
Starting action vuser_end.	[MsgId: MMSG-15919]
Ending action vuser_end.	[MsgId: MMSG-15918]
Vuser Terminated.	[MsgId: MMSG-15963]
